-36.5333  97.39567245 0.00000000 3.55994177
-36.4667  97.41743023 0.00000000 3.55977980
-36.4000  97.39341089 0.00000000 3.56644251
-36.3333  97.24509105 0.00000000 3.58423406
-36.2667  97.32582497 0.00000000 3.60349111
-36.2000  97.41307368 0.00000000 3.61142790
-36.1333  97.28220639 0.00000000 3.61550708
-36.0667  97.25220671 0.00000000 3.61623567
-36.0000  97.32997088 0.00000000 3.63967238
-35.9333  97.37085377 0.00000000 3.63630404
-35.8667  97.27493608 0.00000000 3.65776654
-35.8000  97.17747530 0.00000000 3.64732319
-35.7333  97.31866003 0.00000000 3.65092662
-35.6667  97.37299680 0.00000000 3.64606959
-35.6000  97.37359216 0.00000000 3.64425651
-35.5333  97.25442995 0.00000000 3.62046827
-35.4667  97.22398664 0.00000000 3.63938731
-35.4000  97.31740745 0.00000000 3.65806384
-35.3333  97.29184877 0.00000000 3.65170788
-35.2667  97.27781960 0.00000000 3.64688153
-35.2000  97.21885035 0.00000000 3.66314828
-35.1333  97.33242427 0.00000000 3.64940213
-35.0667  97.35075799 0.00000000 3.64946498
-35.0000  97.28876191 0.00000000 3.61699206
-34.9333  97.28961709 0.00000000 3.62107789
-34.8667  97.36998379 0.00000000 3.59971852
-34.8000  97.33725624 0.00000000 3.58929499
-34.7333  97.28590143 0.00000000 3.57289060
-34.6667  97.37210222 0.00000000 3.57987166
-34.6000  97.42933729 0.00000000 3.57867382
-34.5333  97.39084894 0.00000000 3.55944933
-34.4667  97.37270936 0.00000000 3.54765272
-34.4000  97.35989720 0.00000000 3.55661747
-34.3333  97.41975497 0.00000000 3.54888611
-34.2667  97.39537750 0.00000000 3.55867576
-34.2000  97.36985757 0.00000000 3.57879243
-34.1333  97.38561534 0.00000000 3.57318619
-34.0667  97.37245180 0.00000000 3.55580181
-34.0000  97.39521523 0.00000000 3.54447518
-33.9333  97.33676752 0.00000000 3.53182317
-33.8667  97.45121834 0.00000000 3.52564671
-33.8000  97.47033048 0.00000000 3.53376633
-33.7333  97.36894641 0.00000000 3.52393906
-33.6667  97.39070051 0.00000000 3.55312350
-33.6000  97.42070021 0.00000000 3.56055927
-33.5333  97.34810787 0.00000000 3.54711547
-33.4667  97.37521701 0.00000000 3.55675448
-33.4000  97.41342158 0.00000000 3.56787741
-33.3333  97.43133198 0.00000000 3.54650237
-33.2667  97.38795415 0.00000000 3.56484751
-33.2000  97.28685867 0.00000000 3.55069676
-33.1333  97.38013545 0.00000000 3.54075223
-33.0667  97.36953674 0.00000000 3.52883026
-33.0000  97.44986762 0.00000000 3.54919767
-32.9333  97.36432906 0.00000000 3.54643266
-32.8667  97.42126991 0.00000000 3.53137245
-32.8000  97.41287754 0.00000000 3.53243178
-32.7333  97.51613176 0.00000000 3.54177887
-32.6667  97.39313843 0.00000000 3.53743314
-32.6000  97.43713124 0.00000000 3.53010472
-32.5333  97.38501177 0.00000000 3.54411547
-32.4667  97.40891293 0.00000000 3.55285297
-32.4000  97.36349688 0.00000000 3.53352576
-32.3333  97.37561467 0.00000000 3.54145563
-32.2667  97.43546557 0.00000000 3.53904356
-32.2000  97.31665253 0.00000000 3.52660825
-32.1333  97.42369242 0.00000000 3.54002699
-32.0667  97.48285470 0.00000000 3.53586331
-32.0000  97.34510524 0.00000000 3.53753396
-31.9333  97.32511020 0.00000000 3.53226069
-31.8667  97.41837495 0.00000000 3.53017174
-31.8000  97.45004652 0.00000000 3.51025057
-31.7333  97.43828006 0.00000000 3.50310209
-31.6667  97.43762853 0.00000000 3.51498965
-31.6000  97.36316400 0.00000000 3.51708265
-31.5333  97.41459473 0.00000000 3.52403489
-31.4667  97.43184403 0.00000000 3.53628092
-31.4000  97.37187161 0.00000000 3.52204612
-31.3333  97.39248976 0.00000000 3.53556533
-31.2667  97.42613645 0.00000000 3.53564137
-31.2000  97.39777013 0.00000000 3.51182664
-31.1333  97.44869552 0.00000000 3.52346145
-31.0667  97.40647947 0.00000000 3.51045184
-31.0000  97.39035278 0.00000000 3.50245115
-30.9333  97.48521510 0.00000000 3.50210111
-30.8667  97.56220890 0.00000000 3.49303357
-30.8000  97.40825428 0.00000000 3.49969845
-30.7333  97.37569351 0.00000000 3.49707539
-30.6667  97.46715967 0.00000000 3.48879141
-30.6000  97.48695527 0.00000000 3.49466979
-30.5333  97.39680129 0.00000000 3.48009770
-30.4667  97.51338412 0.00000000 3.48718414
-30.4000  97.42077389 0.00000000 3.46234036
-30.3333  97.46275083 0.00000000 3.47463542
-30.2667  97.49397023 0.00000000 3.46768573
-30.2000  97.38825545 0.00000000 3.46234059
-30.1333  97.43856155 0.00000000 3.43859748
-30.0667  97.58495808 0.00000000 3.42603766
-30.0000  97.54842912 0.00000000 3.42586740
-29.9333  97.45630508 0.00000000 3.43092512
-29.8667  97.53178264 0.00000000 3.41845028
-29.8000  97.49164408 0.00000000 3.42836662
-29.7333  97.54321016 0.00000000 3.44208585
-29.6667  97.51495796 0.00000000 3.43230834
-29.6000  97.48408015 0.00000000 3.45693037
-29.5333  97.42884588 0.00000000 3.47029738
-29.4667  97.48889611 0.00000000 3.45261524
-29.4000  97.46911147 0.00000000 3.49842259
-29.3333  97.39133928 0.00000000 3.48630326
-29.2667  97.42339160 0.00000000 3.47778317
-29.2000  97.52825406 0.00000000 3.50026608
-29.1333  97.43506051 0.00000000 3.47121858
-29.0667  97.40738979 0.00000000 3.47653781
-29.0000  97.45901296 0.00000000 3.47010162
-28.9333  97.46174771 0.00000000 3.47900316
-28.8667  97.47639824 0.00000000 3.47762064
-28.8000  97.43894796 0.00000000 3.46411806
-28.7333  97.44472907 0.00000000 3.47036223
-28.6667  97.49041358 0.00000000 3.48968995
-28.6000  97.44078663 0.00000000 3.48023426
-28.5333  97.46888957 0.00000000 3.47990524
-28.4667  97.44357813 0.00000000 3.49418584
-28.4000  97.43332123 0.00000000 3.49669195
-28.3333  97.41083707 0.00000000 3.48978501
-28.2667  97.41685178 0.00000000 3.48338760
-28.2000  97.41822103 0.00000000 3.49901644
-28.1333  97.40174944 0.00000000 3.49090832
-28.0667  97.43882526 0.00000000 3.49912274
-28.0000  97.50649710 0.00000000 3.49520631
-27.9333  97.31887045 0.00000000 3.51211019
-27.8667  97.42602863 0.00000000 3.51131400
-27.8000  97.45547270 0.00000000 3.51810495
-27.7333  97.38406805 0.00000000 3.50365075
-27.6667  97.39697144 0.00000000 3.51548424
-27.6000  97.44370714 0.00000000 3.50953128
-27.5333  97.41752975 0.00000000 3.52782948
-27.4667  97.42792793 0.00000000 3.52741166
-27.4000  97.35071964 0.00000000 3.54225358
-27.3333  97.40013392 0.00000000 3.53858215
-27.2667  97.42687625 0.00000000 3.52794513
-27.2000  97.37218045 0.00000000 3.55897226
-27.1333  97.36641789 0.00000000 3.56158876
-27.0667  97.37783766 0.00000000 3.56157619
-27.0000  97.39954152 0.00000000 3.57031101
-26.9333  97.37606719 0.00000000 3.58618254
-26.8667  97.32508062 0.00000000 3.61419138
-26.8000  97.27523250 0.00000000 3.61819236
-26.7333  97.43279032 0.00000000 3.60551309
-26.6667  97.32620403 0.00000000 3.61530500
-26.6000  97.26178301 0.00000000 3.63004060
-26.5333  97.30011190 0.00000000 3.61708504
-26.4667  97.36435227 0.00000000 3.61886022
-26.4000  97.37701649 0.00000000 3.62400715
-26.3333  97.32299431 0.00000000 3.59970426
-26.2667  97.31891442 0.00000000 3.59784778
-26.2000  97.41867920 0.00000000 3.58447355
-26.1333  97.32992020 0.00000000 3.58167506
-26.0667  97.39129069 0.00000000 3.57049006
-26.0000  97.51390904 0.00000000 3.56270948
-25.9333  97.35045882 0.00000000 3.56652249
-25.8667  97.34320785 0.00000000 3.56539843
-25.8000  97.33404008 0.00000000 3.55842459
-25.7333  97.40217959 0.00000000 3.56244169
-25.6667  97.35792968 0.00000000 3.57518438
-25.6000  97.37636904 0.00000000 3.57980488
-25.5333  97.31780116 0.00000000 3.56999912
-25.4667  97.37730501 0.00000000 3.58329267
-25.4000  97.34830938 0.00000000 3.58612710
-25.3333  97.30267702 0.00000000 3.59136379
-25.2667  97.36040367 0.00000000 3.58644794
-25.2000  97.39996564 0.00000000 3.57018234
-25.1333  97.32265062 0.00000000 3.57769360
-25.0667  97.48526184 0.00000000 3.55628801
-25.0000  97.42853317 0.00000000 3.53946697
-24.9333  97.34114640 0.00000000 3.55048988
-24.8667  97.39337783 0.00000000 3.52806685
-24.8000  97.42797072 0.00000000 3.52763691
-24.7333  97.38761887 0.00000000 3.50588736
-24.6667  97.51903869 0.00000000 3.50985571
-24.6000  97.42807789 0.00000000 3.49948217
-24.5333  97.48095216 0.00000000 3.48843404
-24.4667  97.45661465 0.00000000 3.46990597
-24.4000  97.49309062 0.00000000 3.45350767
-24.3333  97.48188841 0.00000000 3.45601505
-24.2667  97.48620953 0.00000000 3.45561986
-24.2000  97.54611780 0.00000000 3.44380262
-24.1333  97.44808315 0.00000000 3.45032453
-24.0667  97.54910487 0.00000000 3.44408504
-24.0000  97.55704710 0.00000000 3.45035184
-23.9333  97.41634293 0.00000000 3.44513739
-23.8667  97.50496657 0.00000000 3.46052361
-23.8000  97.45178648 0.00000000 3.44188593
-23.7333  97.49757891 0.00000000 3.43780078
-23.6667  97.51814562 0.00000000 3.46479668
-23.6000  97.55208807 0.00000000 3.46769939
-23.5333  97.43298788 0.00000000 3.46555419
-23.4667  97.47812343 0.00000000 3.46620649
-23.4000  97.53641727 0.00000000 3.46738997
-23.3333  97.43502945 0.00000000 3.47820696
-23.2667  97.47329293 0.00000000 3.47552887
-23.2000  97.46195120 0.00000000 3.49049099
-23.1333  97.43730552 0.00000000 3.51218778
-23.0667  97.45327938 0.00000000 3.50759624
-23.0000  97.47253440 0.00000000 3.53173414
-22.9333  97.43953663 0.00000000 3.50895012
-22.8667  97.39816541 0.00000000 3.53598622
-22.8000  97.40522229 0.00000000 3.53518329
-22.7333  97.42328320 0.00000000 3.53057059
-22.6667  97.41238942 0.00000000 3.52129763
-22.6000  97.49496305 0.00000000 3.51477772
-22.5333  97.46025208 0.00000000 3.52039547
-22.4667  97.38950269 0.00000000 3.51779519
-22.4000  97.49354547 0.00000000 3.50447203
-22.3333  97.48470181 0.00000000 3.51371460
-22.2667  97.41453675 0.00000000 3.49338816
-22.2000  97.50133316 0.00000000 3.49297219
-22.1333  97.48395804 0.00000000 3.49185465
-22.0667  97.49415698 0.00000000 3.49043767
-22.0000  97.44704506 0.00000000 3.47606088
-21.9333  97.52418432 0.00000000 3.49383945
-21.8667  97.47026268 0.00000000 3.47401801
-21.8000  97.50560420 0.00000000 3.49773086
-21.7333  97.35923599 0.00000000 3.51792984
-21.6667  97.42957389 0.00000000 3.50998402
-21.6000  97.47109837 0.00000000 3.49952931
-21.5333  97.42851246 0.00000000 3.52092682
-21.4667  97.46609269 0.00000000 3.53605616
-21.4000  97.45966914 0.00000000 3.53714592
-21.3333  97.33132112 0.00000000 3.55922235
-21.2667  97.40744370 0.00000000 3.56590414
-21.2000  97.41360814 0.00000000 3.57955376
-21.1333  97.44084271 0.00000000 3.57410407
-21.0667  97.41045147 0.00000000 3.59322505
-21.0000  97.31470847 0.00000000 3.60475819
-20.9333  97.40973816 0.00000000 3.59386515
-20.8667  97.40309520 0.00000000 3.60751292
-20.8000  97.41138293 0.00000000 3.63845967
-20.7333  97.32075093 0.00000000 3.61086536
-20.6667  97.40162963 0.00000000 3.62550278
-20.6000  97.32636896 0.00000000 3.64906318
-20.5333  97.31200886 0.00000000 3.64673274
-20.4667  97.39684352 0.00000000 3.63727383
-20.4000  97.36628037 0.00000000 3.65229751
-20.3333  97.24521432 0.00000000 3.65958200
-20.2667  97.33410710 0.00000000 3.66268001
-20.2000  97.33404256 0.00000000 3.63413182
-20.1333  97.35729550 0.00000000 3.64550918
-20.0667  97.36272630 0.00000000 3.65283552
-20.0000  97.29898458 0.00000000 3.66529763
-19.9333  97.36977928 0.00000000 3.64548536
-19.8667  97.36985760 0.00000000 3.68447992
-19.8000  97.23717395 0.00000000 3.66569433
-19.7333  97.30909717 0.00000000 3.66845531
-19.6667  97.38805546 0.00000000 3.67799540
-19.6000  97.23383898 0.00000000 3.66545947
-19.5333  97.34658613 0.00000000 3.67271528
-19.4667  97.32486376 0.00000000 3.68003419
-19.4000  97.36342183 0.00000000 3.67929600
-19.3333  97.23013298 0.00000000 3.66870780
-19.2667  97.21256762 0.00000000 3.70557893
-19.2000  97.36174183 0.00000000 3.69063140
-19.1333  97.33786036 0.00000000 3.68482844
-19.0667  97.26997992 0.00000000 3.68510401
-19.0000  97.23837046 0.00000000 3.69377934
-18.9333  97.29736664 0.00000000 3.66747092
-18.8667  97.35410308 0.00000000 3.69334396
-18.8000  97.30999149 0.00000000 3.69237136
-18.7333  97.22356114 0.00000000 3.67244007
-18.6667  97.36664346 0.00000000 3.69012041
-18.6000  97.33935631 0.00000000 3.67835284
-18.5333  97.28345111 0.00000000 3.67930487
-18.4667  97.26618581 0.00000000 3.69138501
-18.4000  97.27988855 0.00000000 3.69707214
-18.3333  97.27076897 0.00000000 3.71329495
-18.2667  97.31628976 0.00000000 3.74290098
-18.2000  97.20288326 0.00000000 3.73196781
-18.1333  97.21246171 0.00000000 3.72183313
-18.0667  97.25595884 0.00000000 3.73602092
-18.0000  97.25053276 0.00000000 3.74935217
-17.9333  97.25167894 0.00000000 3.74318079
-17.8667  97.31409392 0.00000000 3.74313391
-17.8000  97.23115029 0.00000000 3.73405939
-17.7333  97.16654441 0.00000000 3.74890273
-17.6667  97.23655392 0.00000000 3.76443322
-17.6000  97.25230040 0.00000000 3.75990005
-17.5333  97.29673954 0.00000000 3.75155890
-17.4667  97.25327241 0.00000000 3.75374085
-17.4000  97.26330927 0.00000000 3.74949378
-17.3333  97.25969285 0.00000000 3.73448731
-17.2667  97.23519882 0.00000000 3.73997427
-17.2000  97.31703427 0.00000000 3.73853955
-17.1333  97.32815715 0.00000000 3.74650359
-17.0667  97.32703314 0.00000000 3.71957338
-17.0000  97.26504135 0.00000000 3.73354000
-16.9333  97.26146562 0.00000000 3.70084495
-16.8667  97.35068425 0.00000000 3.70386421
-16.8000  97.32534146 0.00000000 3.67719846
-16.7333  97.33645926 0.00000000 3.65830755
-16.6667  97.40435865 0.00000000 3.68361343
-16.6000  97.36907845 0.00000000 3.67223923
-16.5333  97.31297504 0.00000000 3.65242253
-16.4667  97.36944359 0.00000000 3.64458235
-16.4000  97.36286322 0.00000000 3.65120377
-16.3333  97.34339785 0.00000000 3.64007818
-16.2667  97.40307027 0.00000000 3.64297858
-16.2000  97.34879359 0.00000000 3.64865168
-16.1333  97.34664907 0.00000000 3.66484567
-16.0667  97.40482815 0.00000000 3.64543596
-16.0000  97.33335310 0.00000000 3.65988786
-15.9333  97.31663258 0.00000000 3.66332671
-15.8667  97.30206751 0.00000000 3.67129853
-15.8000  97.36406054 0.00000000 3.68208355
-15.7333  97.40844980 0.00000000 3.66958394
-15.6667  97.35188831 0.00000000 3.67814927
-15.6000  97.30428250 0.00000000 3.68329119
-15.5333  97.34500803 0.00000000 3.69143521
-15.4667  97.30830856 0.00000000 3.67590565
-15.4000  97.41990492 0.00000000 3.67950605
-15.3333  97.35467131 0.00000000 3.68732854
-15.2667  97.34142326 0.00000000 3.69888252
-15.2000  97.33264456 0.00000000 3.68341007
-15.1333  97.34817604 0.00000000 3.67648249
-15.0667  97.29493692 0.00000000 3.69012039
-15.0000  97.35945385 0.00000000 3.66538187
-14.9333  97.42484556 0.00000000 3.65906506
-14.8667  97.35581976 0.00000000 3.65978224
-14.8000  97.36267773 0.00000000 3.66716774
-14.7333  97.35262973 0.00000000 3.65712595
-14.6667  97.35176414 0.00000000 3.67154373
-14.6000  97.37426497 0.00000000 3.65513109
-14.5333  97.39257905 0.00000000 3.65372355
-14.4667  97.33876351 0.00000000 3.64438692
-14.4000  97.48180479 0.00000000 3.64087501
-14.3333  97.39933703 0.00000000 3.65740224
-14.2667  97.38237092 0.00000000 3.65975027
-14.2000  97.34004776 0.00000000 3.63591117
-14.1333  97.38322444 0.00000000 3.64843525
-14.0667  97.43744646 0.00000000 3.63615514
-14.0000  97.44212187 0.00000000 3.65286568
-13.9333  97.31592797 0.00000000 3.64381492
-13.8667  97.43116497 0.00000000 3.62872084
-13.8000  97.41482869 0.00000000 3.62734753
-13.7333  97.46547970 0.00000000 3.62203363
-13.6667  97.38768631 0.00000000 3.62050637
-13.6000  97.38964057 0.00000000 3.62559346
-13.5333  97.42188335 0.00000000 3.62412978
-13.4667  97.49709842 0.00000000 3.63610193
-13.4000  97.50802383 0.00000000 3.62852867
-13.3333  97.41801354 0.00000000 3.61249922
-13.2667  97.36152171 0.00000000 3.61791149
-13.2000  97.42596680 0.00000000 3.62582652
-13.1333  97.44654309 0.00000000 3.63779403
-13.0667  97.40508530 0.00000000 3.65502705
-13.0000  97.34706093 0.00000000 3.67473425
-12.9333  97.38810968 0.00000000 3.65435289
-12.8667  97.44191259 0.00000000 3.66278702
-12.8000  97.43268092 0.00000000 3.63634833
-12.7333  97.39935456 0.00000000 3.63671303
-12.6667  97.42883262 0.00000000 3.63802413
-12.6000  97.47249001 0.00000000 3.62525832
-12.5333  97.38244439 0.00000000 3.62480986
-12.4667  97.39867912 0.00000000 3.63402322
-12.4000  97.52103836 0.00000000 3.64167987
-12.3333  97.40777754 0.00000000 3.65754368
-12.2667  97.31533319 0.00000000 3.66473545
-12.2000  97.40425731 0.00000000 3.68249057
-12.1333  97.42111543 0.00000000 3.68365532
-12.0667  97.33971870 0.00000000 3.68911985
-12.0000  97.40041761 0.00000000 3.70299470
-11.9333  97.34273499 0.00000000 3.70947829
-11.8667  97.46429425 0.00000000 3.69661434
-11.8000  97.39599608 0.00000000 3.70012529
-11.7333  97.34112455 0.00000000 3.67947010
-11.6667  97.38519107 0.00000000 3.69302863
-11.6000  97.33910358 0.00000000 3.70109762
-11.5333  97.33132700 0.00000000 3.71013157
-11.4667  97.34919132 0.00000000 3.72479438
-11.4000  97.41612852 0.00000000 3.73031421
-11.3333  97.36377716 0.00000000 3.70684319
-11.2667  97.33295263 0.00000000 3.71714352
-11.2000  97.39368874 0.00000000 3.73206578
-11.1333  97.35238160 0.00000000 3.71670999
-11.0667  97.35904186 0.00000000 3.72757603
-11.0000  97.34645610 0.00000000 3.72926640
-10.9333  97.40906533 0.00000000 3.72839647
-10.8667  97.40757199 0.00000000 3.73589066
-10.8000  97.32141502 0.00000000 3.70895433
-10.7333  97.34809601 0.00000000 3.73607039
-10.6667  97.33297619 0.00000000 3.72608389
-10.6000  97.37058890 0.00000000 3.72424767
-10.5333  97.39088367 0.00000000 3.71791298
-10.4667  97.31890493 0.00000000 3.73238583
-10.4000  97.38724259 0.00000000 3.71837955
-10.3333  97.43971934 0.00000000 3.72366121
-10.2667  97.39895973 0.00000000 3.70074443
-10.2000  97.38009780 0.00000000 3.72001801
-10.1333  97.32793794 0.00000000 3.70122359
-10.0667  97.46214367 0.00000000 3.71623855
-10.0000  97.38105096 0.00000000 3.70862652
 -9.9333  97.37453273 0.00000000 3.71219600
 -9.8667  97.45493899 0.00000000 3.72410090
 -9.8000  97.31842345 0.00000000 3.71197674
 -9.7333  97.36285379 0.00000000 3.70038267
 -9.6667  97.41193464 0.00000000 3.70905542
 -9.6000  97.40728638 0.00000000 3.70405507
 -9.5333  97.37225669 0.00000000 3.68425482
 -9.4667  97.45764045 0.00000000 3.68432741
 -9.4000  97.40829252 0.00000000 3.68648259
 -9.3333  97.41215563 0.00000000 3.67565779
 -9.2667  97.43345685 0.00000000 3.69523000
 -9.2000  97.42768341 0.00000000 3.69520477
 -9.1333  97.39012931 0.00000000 3.68193794
 -9.0667  97.50616367 0.00000000 3.65774274
 -9.0000  97.51080893 0.00000000 3.67002581
 -8.9333  97.46484708 0.00000000 3.66625464
 -8.8667  97.52588823 0.00000000 3.67581108
 -8.8000  97.40419141 0.00000000 3.67724982
 -8.7333  97.40197326 0.00000000 3.67411502
 -8.6667  97.53748998 0.00000000 3.68441569
 -8.6000  97.47748268 0.00000000 3.66972840
 -8.5333  97.47760144 0.00000000 3.66911139
 -8.4667  97.40348518 0.00000000 3.66736504
 -8.4000  97.50067109 0.00000000 3.67653899
 -8.3333  97.45970067 0.00000000 3.69212860
 -8.2667  97.39452811 0.00000000 3.67791316
 -8.2000  97.39746425 0.00000000 3.69146029
 -8.1333  97.46074782 0.00000000 3.69876484
 -8.0667  97.45411269 0.00000000 3.71105963
 -8.0000  97.41542064 0.00000000 3.71768887
 -7.9333  97.41772105 0.00000000 3.75057535
 -7.8667  97.41502242 0.00000000 3.74792159
 -7.8000  97.45148737 0.00000000 3.74434429
 -7.7333  97.33078234 0.00000000 3.72334188
 -7.6667  97.41085176 0.00000000 3.73902316
 -7.6000  97.36032091 0.00000000 3.75059375
 -7.5333  97.40622761 0.00000000 3.75445635
 -7.4667  97.39018518 0.00000000 3.75613634
 -7.4000  97.46392182 0.00000000 3.75741790
 -7.3333  97.36232012 0.00000000 3.75301873
 -7.2667  97.41911686 0.00000000 3.75349888
 -7.2000  97.42806766 0.00000000 3.74893373
 -7.1333  97.45304028 0.00000000 3.72558029
 -7.0667  97.43802600 0.00000000 3.71129470
 -7.0000  97.47035604 0.00000000 3.70630350
 -6.9333  97.51986857 0.00000000 3.68446986
 -6.8667  97.47691086 0.00000000 3.68146831
 -6.8000  97.47156602 0.00000000 3.67910764
 -6.7333  97.52791611 0.00000000 3.65045206
 -6.6667  97.53400216 0.00000000 3.65820832
 -6.6000  97.49901845 0.00000000 3.65633077
 -6.5333  97.50668203 0.00000000 3.65047021
 -6.4667  97.53542314 0.00000000 3.65073576
 -6.4000  97.57341812 0.00000000 3.64443962
 -6.3333  97.54211962 0.00000000 3.64720405
 -6.2667  97.50409974 0.00000000 3.61971511
 -6.2000  97.57801549 0.00000000 3.61753688
 -6.1333  97.65235835 0.00000000 3.61220724
 -6.0667  97.59086794 0.00000000 3.58852086
 -6.0000  97.56029293 0.00000000 3.58494394
 -5.9333  97.68913291 0.00000000 3.56603074
 -5.8667  97.64252705 0.00000000 3.57290456
 -5.8000  97.66547959 0.00000000 3.57283400
 -5.7333  97.63972548 0.00000000 3.56502822
 -5.6667  97.58649712 0.00000000 3.55020709
 -5.6000  97.62112763 0.00000000 3.54551015
 -5.5333  97.81053974 0.00000000 3.52464640
 -5.4667  97.68914859 0.00000000 3.51914393
 -5.4000  97.63514299 0.00000000 3.52201588
 -5.3333  97.75290247 0.00000000 3.50180476
 -5.2667  97.74685806 0.00000000 3.47533714
 -5.2000  97.72179469 0.00000000 3.47798767
 -5.1333  97.68176384 0.00000000 3.45120508
 -5.0667  97.79970800 0.00000000 3.45453922
 -5.0000  97.77166109 0.00000000 3.41947263
 -4.9333  97.78929360 0.00000000 3.38294323
 -4.8667  97.88486044 0.00000000 3.37174730
 -4.8000  97.94151012 0.00000000 3.33336111
 -4.7333  97.99406951 0.00000000 3.28920608
 -4.6667  97.91947574 0.00000000 3.22822003
 -4.6000  97.94525279 0.00000000 3.18085407
 -4.5333  98.12503014 0.00000000 3.13246175
 -4.4667  98.24451855 0.00000000 3.05936656
 -4.4000  98.15366779 0.00000000 3.01369723
 -4.3333  98.26156338 0.00000000 2.93683575
 -4.2667  98.29406123 0.00000000 2.88420713
 -4.2000  98.45328151 0.00000000 2.80144983
 -4.1333  98.51069573 0.00000000 2.72960854
 -4.0667  98.67317376 0.00000000 2.63583225
 -4.0000  98.62747221 0.00000000 2.55417214
 -3.9333  98.72743517 0.00000000 2.45920455
 -3.8667  98.94752418 0.00000000 2.36131024
 -3.8000  98.91889971 0.00004358 2.27269697
 -3.7333  99.09354169 0.00006663 2.17619957
 -3.6667  99.19388823 0.00004484 2.07900937
 -3.6000  99.30068342 0.00031386 1.97952414
 -3.5333  99.37922012 0.00069570 1.87093504
 -3.4667  99.51984419 0.00177076 1.78616892
 -3.4000  99.55152370 0.00389279 1.68372641
 -3.3333  99.61618869 0.00730791 1.57868626
 -3.2667  99.74034367 0.01712835 1.48234468
 -3.2000  99.88496119 0.04456869 1.35904155
 -3.1333  99.89626496 0.10021971 1.26622088
 -3.0667  99.96064192 0.21495896 1.16496929
 -3.0000  99.94947949 0.42420568 1.06455738
 -2.9333  99.68038519 0.77808850 0.95642095
 -2.8667  99.23879087 1.38103184 0.86191482
 -2.8000  98.69603493 2.29517779 0.78342422
 -2.7333  97.83456644 3.64921430 0.70956351
 -2.6667  96.48348577 5.50269804 0.64813282
 -2.6000  94.73548842 7.94841064 0.61180311
 -2.5333  92.43582891 11.05082437 0.62711409
 -2.4667  89.77814950 14.72398273 0.68624142
 -2.4000  86.60527461 18.90771792 0.81132512
 -2.3333  83.05694580 23.42246192 1.02375970
 -2.2667  79.40397047 28.13298027 1.36736224
 -2.2000  75.53508300 32.85373831 1.82761334
 -2.1333  71.43050121 37.20996016 2.45289852
 -2.0667  67.48074923 41.27995105 3.25788866
 -2.0000  63.36190502 44.81500034 4.25730796
 -1.9333  59.29603235 47.95860148 5.40544056
 -1.8667  55.05962063 50.60939845 6.72884865
 -1.8000  50.77334640 52.96229108 8.17322830
 -1.7333  46.30372208 55.23854860 9.69624804
 -1.6667  41.65595423 57.39785658 11.20453709
 -1.6000  36.92119931 59.80439899 12.61961617
 -1.5333  31.98591518 62.44571121 13.86619646
 -1.4667  27.09968170 65.44783343 14.90445486
 -1.4000  22.43534493 68.61007219 15.57888182
 -1.3333  17.95276415 72.20223465 15.93942617
 -1.2667  13.96469988 75.84827444 15.85120676
 -1.2000  10.45934655 79.61317928 15.37401211
 -1.1333  7.60051952 83.15878081 14.51980291
 -1.0667  5.30177504 86.59359129 13.28445853
 -1.0000  3.54026335 89.84487349 11.85620883
 -0.9333  2.28748180 92.73823781 10.19131327
 -0.8667  1.44111475 95.16804383 8.51774189
 -0.8000  0.85304534 97.38624747 6.85139344
 -0.7333  0.48046383 99.10259494 5.30840508
 -0.6667  0.26650042 100.41071175 3.95112032
 -0.6000  0.13915956 101.29972495 2.84412568
 -0.5333  0.07281285 101.83922980 1.96042764
 -0.4667  0.03624730 101.97940725 1.27920511
 -0.4000  0.01680860 101.87017941 0.80743866
 -0.3333  0.00833296 101.43582560 0.47169004
 -0.2667  0.00408660 100.90522364 0.26262730
 -0.2000  0.00201761 100.35594726 0.13749260
 -0.1333  0.00119681 99.81115142 0.07129714
 -0.0667  0.00068701 99.44334576 0.03883763
  0.0000  0.00071089 99.40437946 0.02664818
  0.0667  0.00077880 99.62618486 0.03136227
  0.1333  0.00126832 99.95764560 0.05472161
  0.2000  0.00186781 100.50077569 0.10425511
  0.2667  0.00351403 101.19198784 0.19877756
  0.3333  0.00643558 101.79716129 0.35599516
  0.4000  0.01322358 102.10993846 0.61242879
  0.4667  0.03004573 102.43352083 1.00860578
  0.5333  0.06386436 102.37440430 1.58020565
  0.6000  0.12173341 101.88979645 2.34183898
  0.6667  0.24024487 101.15681512 3.32509917
  0.7333  0.44178724 100.03577541 4.53296974
  0.8000  0.77980942 98.49683466 5.93310676
  0.8667  1.33128702 96.51829674 7.46426906
  0.9333  2.16615959 94.23811165 9.06880687
  1.0000  3.39026579 91.26659214 10.65743552
  1.0667  5.10602930 88.05758909 12.09641123
  1.1333  7.44469254 84.45303650 13.30437422
  1.2000  10.42819216 80.68889670 14.21452023
  1.2667  14.07612963 76.73102824 14.71053309
  1.3333  18.28851787 72.82292780 14.76902381
  1.4000  22.98899117 69.24104839 14.48282389
  1.4667  27.89002980 65.66227056 13.79292637
  1.5333  33.00860582 62.55908060 12.81636772
  1.6000  38.00825130 59.83679874 11.55562144
  1.6667  42.90782531 57.50265628 10.14536234
  1.7333  47.55786977 55.25340563 8.69357356
  1.8000  51.91659863 53.07453114 7.26747724
  1.8667  56.13287156 50.77896397 5.90829269
  1.9333  60.26059444 48.15055459 4.67480762
  2.0000  64.23419163 45.12674663 3.60673963
  2.0667  68.13873031 41.50083090 2.72160023
  2.1333  72.16695273 37.32169909 2.02955786
  2.2000  76.09388279 32.75659177 1.51048520
  2.2667  80.05010387 27.92261143 1.14407334
  2.3333  83.86121267 22.98551929 0.90348267
  2.4000  87.33950581 18.24985736 0.74592651
  2.4667  90.42664352 13.95899294 0.67493351
  2.5333  93.20591827 10.20962024 0.65697148
  2.6000  95.51064926 7.14586096 0.68614353
  2.6667  97.08927277 4.74124607 0.73706619
  2.7333  98.43013707 3.02886547 0.81311535
  2.8000  99.18215132 1.84225110 0.90920937
  2.8667  99.69243967 1.04446295 1.02212769
  2.9333  99.85049393 0.57367245 1.12465956
  3.0000  99.98620711 0.29835564 1.22813286
  3.0667  100.04735115 0.14665483 1.35193359
  3.1333  100.07346856 0.06725613 1.45660807
  3.2000  99.85824704 0.03080713 1.56842415
  3.2667  99.70966344 0.01273790 1.68898617
  3.3333  99.66483557 0.00531938 1.79510535
  3.4000  99.55089585 0.00189567 1.90697152
  3.4667  99.47731251 0.00090519 2.03252012
  3.5333  99.33895701 0.00027198 2.13675254
  3.6000  99.21418368 0.00011314 2.24916990
  3.6667  99.12689837 0.00004525 2.34889748
  3.7333  99.05474944 0.00000000 2.45803535
  3.8000  98.93348549 0.00000000 2.55264410
  3.8667  98.82835435 0.00000000 2.66303128
  3.9333  98.67663113 0.00000000 2.76323188
  4.0000  98.61884297 0.00000000 2.84365988
  4.0667  98.50394453 0.00000000 2.93193958
  4.1333  98.43788920 0.00000000 3.02026495
  4.2000  98.41077778 0.00000000 3.09514991
  4.2667  98.27328640 0.00000000 3.16394487
  4.3333  98.26723525 0.00000000 3.23799244
  4.4000  98.20537504 0.00000000 3.30529683
  4.4667  97.98199088 0.00000000 3.34823030
  4.5333  98.07395266 0.00000000 3.41272372
  4.6000  98.12596244 0.00000000 3.45325906
  4.6667  97.89271134 0.00000000 3.50278882
  4.7333  97.83596045 0.00000000 3.53568742
  4.8000  97.95794676 0.00000000 3.57956582
  4.8667  97.85683725 0.00000000 3.62708216
  4.9333  97.79204864 0.00000000 3.65977474
  5.0000  97.78564029 0.00000000 3.68762609
  5.0667  97.74977794 0.00000000 3.70986942
  5.1333  97.67364657 0.00000000 3.74605708
  5.2000  97.63194064 0.00000000 3.79553270
  5.2667  97.57774502 0.00000000 3.83271217
  5.3333  97.64209288 0.00000000 3.85914859
  5.4000  97.59637328 0.00000000 3.88284056
  5.4667  97.51317721 0.00000000 3.91771686
  5.5333  97.45896415 0.00000000 3.94717924
  5.6000  97.49902994 0.00000000 3.98469432
  5.6667  97.43505537 0.00000000 4.00361377
  5.7333  97.42342315 0.00000000 4.02626975
  5.8000  97.37119487 0.00000000 4.05561361
  5.8667  97.37187108 0.00000000 4.07875372
  5.9333  97.35267609 0.00000000 4.09436503
  6.0000  97.35592794 0.00000000 4.13274724
  6.0667  97.26181449 0.00000000 4.12797473
  6.1333  97.32915595 0.00000000 4.13435400
  6.2000  97.27967965 0.00000000 4.13638062
  6.2667  97.25336014 0.00000000 4.13022823
  6.3333  97.36185933 0.00000000 4.16124471
  6.4000  97.24592109 0.00000000 4.17521134
  6.4667  97.19946359 0.00000000 4.16809787
  6.5333  97.31851974 0.00000000 4.16136886
  6.6000  97.26720806 0.00000000 4.15856274
  6.6667  97.25231142 0.00000000 4.17288802
  6.7333  97.29301604 0.00000000 4.15049853
  6.8000  97.27459279 0.00000000 4.14954595
  6.8667  97.26346765 0.00000000 4.14876791
  6.9333  97.32209858 0.00000000 4.12905132
  7.0000  97.29630278 0.00000000 4.11082154
  7.0667  97.25289928 0.00000000 4.10923807
  7.1333  97.27863622 0.00000000 4.11340485
  7.2000  97.39232407 0.00000000 4.07258558
  7.2667  97.34701921 0.00000000 4.06340584
  7.3333  97.37448720 0.00000000 4.04374313
  7.4000  97.34634763 0.00000000 4.02585361
  7.4667  97.36555588 0.00000000 4.00383308
  7.5333  97.42860833 0.00000000 4.00984288
  7.6000  97.48465948 0.00000000 4.00455721
  7.6667  97.36683076 0.00000000 3.99104272
  7.7333  97.33860476 0.00000000 4.00944335
  7.8000  97.34865678 0.00000000 4.00650407
  7.8667  97.46072933 0.00000000 3.99512414
  7.9333  97.36367860 0.00000000 4.02399270
  8.0000  97.39354829 0.00000000 4.03474748
  8.0667  97.38129902 0.00000000 4.04336661
  8.1333  97.30874175 0.00000000 4.06048765
  8.2000  97.34229730 0.00000000 4.06006354
  8.2667  97.31731017 0.00000000 4.06880678
  8.3333  97.33098166 0.00000000 4.05489810
  8.4000  97.37560411 0.00000000 4.06011570
  8.4667  97.27767425 0.00000000 4.06188973
  8.5333  97.30165740 0.00000000 4.05887782
  8.6000  97.37298497 0.00000000 4.06309280
  8.6667  97.30336408 0.00000000 4.03969322
  8.7333  97.36497198 0.00000000 4.02574549
  8.8000  97.38097611 0.00000000 4.02393012
  8.8667  97.35787792 0.00000000 4.00970380
  8.9333  97.35442595 0.00000000 4.00520552
  9.0000  97.43134992 0.00000000 3.99692323
  9.0667  97.38329919 0.00000000 4.00296507
  9.1333  97.37711536 0.00000000 3.99293273
  9.2000  97.34565780 0.00000000 4.00090097
  9.2667  97.31902119 0.00000000 3.99772087
  9.3333  97.37473964 0.00000000 3.97397665
  9.4000  97.41737317 0.00000000 3.99519559
  9.4667  97.40072675 0.00000000 3.97002996
  9.5333  97.34959380 0.00000000 3.96045313
  9.6000  97.45049301 0.00000000 3.94705421
  9.6667  97.35751234 0.00000000 3.93506107
  9.7333  97.52571984 0.00000000 3.95144224
  9.8000  97.42580102 0.00000000 3.92780090
  9.8667  97.47465001 0.00000000 3.92469890
  9.9333  97.47504690 0.00000000 3.93386390
 10.0000  97.34735357 0.00000000 3.95486216
 10.0667  97.37200822 0.00000000 3.94108279
 10.1333  97.45015047 0.00000000 3.93694729
 10.2000  97.40197698 0.00000000 3.97610658
 10.2667  97.36697055 0.00000000 3.98733997
 10.3333  97.35323593 0.00000000 4.00062544
 10.4000  97.41818473 0.00000000 4.01901884
 10.4667  97.23562626 0.00000000 4.04366891
 10.5333  97.30761693 0.00000000 4.04086526
 10.6000  97.36356616 0.00000000 4.04420486
 10.6667  97.27062001 0.00000000 4.07157067
 10.7333  97.28964608 0.00000000 4.07728716
 10.8000  97.27515755 0.00000000 4.05595886
 10.8667  97.29846443 0.00000000 4.06810378
 10.9333  97.32922309 0.00000000 4.05179881
 11.0000  97.27702778 0.00000000 4.06792823
 11.0667  97.26992127 0.00000000 4.06339480
 11.1333  97.20064587 0.00000000 4.08071471
 11.2000  97.30908755 0.00000000 4.07107531
 11.2667  97.25825149 0.00000000 4.06496242
 11.3333  97.24369139 0.00000000 4.05782230
 11.4000  97.30829356 0.00000000 4.03521300
 11.4667  97.23156326 0.00000000 4.02827370
 11.5333  97.34463098 0.00000000 4.01957503
 11.6000  97.36139939 0.00000000 4.02135221
 11.6667  97.34122389 0.00000000 4.02236246
 11.7333  97.28846593 0.00000000 4.03464410
 11.8000  97.35895298 0.00000000 4.03311560
 11.8667  97.24480206 0.00000000 4.02328665
 11.9333  97.23788654 0.00000000 4.01380734
 12.0000  97.33919832 0.00000000 4.00323905
 12.0667  97.37457924 0.00000000 3.97280600
 12.1333  97.33219453 0.00000000 3.97581966
 12.2000  97.35480348 0.00000000 3.95765804
 12.2667  97.29982688 0.00000000 3.95642466
 12.3333  97.43224809 0.00000000 3.95392267
 12.4000  97.41464679 0.00000000 3.94601072
 12.4667  97.29874885 0.00000000 3.91985086
 12.5333  97.31908756 0.00000000 3.93675895
 12.6000  97.41153371 0.00000000 3.93068369
 12.6667  97.38923719 0.00000000 3.93171170
 12.7333  97.37505933 0.00000000 3.93265589
 12.8000  97.31504035 0.00000000 3.95039899
 12.8667  97.36132204 0.00000000 3.91197558
 12.9333  97.34119651 0.00000000 3.91831241
 13.0000  97.32346854 0.00000000 3.93086078
 13.0667  97.36786657 0.00000000 3.92692852
 13.1333  97.36748107 0.00000000 3.94558840
 13.2000  97.34068375 0.00000000 3.94341472
 13.2667  97.33180098 0.00000000 3.93449765
 13.3333  97.39475664 0.00000000 3.92576948
 13.4000  97.34371670 0.00000000 3.96556087
 13.4667  97.35174485 0.00000000 3.96164936
 13.5333  97.30638221 0.00000000 3.97140535
 13.6000  97.27559329 0.00000000 3.97146442
 13.6667  97.37082408 0.00000000 3.98374356
 13.7333  97.28666482 0.00000000 3.99334862
 13.8000  97.28812415 0.00000000 3.98961371
 13.8667  97.16067632 0.00000000 4.01074291
 13.9333  97.31135329 0.00000000 4.00517377
 14.0000  97.31356619 0.00000000 4.00094844
 14.0667  97.24405090 0.00000000 4.00416980
 14.1333  97.29704391 0.00000000 4.01252785
 14.2000  97.13716260 0.00000000 4.03044706
 14.2667  97.32354524 0.00000000 4.04603377
 14.3333  97.21286479 0.00000000 4.05340830
 14.4000  97.22231086 0.00000000 4.05770099
 14.4667  97.16679537 0.00000000 4.02996601
 14.5333  97.25531418 0.00000000 4.04242800
 14.6000  97.21444044 0.00000000 4.04069370
 14.6667  97.22463534 0.00000000 4.03432310
 14.7333  97.20163639 0.00000000 4.05877854
 14.8000  97.24557004 0.00000000 4.06148816
 14.8667  97.20722828 0.00000000 4.05557001
 14.9333  97.18363591 0.00000000 4.04669193
 15.0000  97.20624426 0.00000000 4.04736472
 15.0667  97.22928030 0.00000000 4.05045997
 15.1333  97.21742311 0.00000000 4.03272662
 15.2000  97.16088367 0.00000000 4.05226063
 15.2667  97.24464772 0.00000000 4.04069445
 15.3333  97.18652390 0.00000000 4.03296294
 15.4000  97.16565692 0.00000000 4.05527548
 15.4667  97.17502380 0.00000000 4.05636210
 15.5333  97.27166063 0.00000000 4.05712226
 15.6000  97.18220403 0.00000000 4.08084185
 15.6667  97.11327052 0.00000000 4.08647465
 15.7333  97.13365575 0.00000000 4.08479642
 15.8000  97.20856886 0.00000000 4.09329491
 15.8667  97.10781885 0.00000000 4.09001506
 15.9333  97.11750285 0.00000000 4.10945269
 16.0000  97.12643364 0.00000000 4.10645764
 16.0667  97.13634187 0.00000000 4.11875165
 16.1333  97.17261679 0.00000000 4.14193694
 16.2000  97.02792220 0.00000000 4.14170341
 16.2667  97.04643887 0.00000000 4.16940927
 16.3333  97.09347844 0.00000000 4.18719606
 16.4000  97.08851895 0.00000000 4.18350039
 16.4667  97.04752519 0.00000000 4.18167240
 16.5333  96.99531148 0.00000000 4.20019669
 16.6000  97.05921886 0.00000000 4.19915171
 16.6667  96.98328202 0.00000000 4.19358564
 16.7333  97.07116515 0.00000000 4.20437416
 16.8000  97.01545807 0.00000000 4.19794399
 16.8667  97.01877434 0.00000000 4.20237921
 16.9333  97.01740029 0.00000000 4.19746726
 17.0000  97.03137373 0.00000000 4.19107819
 17.0667  97.06530094 0.00000000 4.17119694
 17.1333  97.05488279 0.00000000 4.17505419
 17.2000  97.07257744 0.00000000 4.16750066
 17.2667  97.07056745 0.00000000 4.14261420
 17.3333  97.12092547 0.00000000 4.12359611
 17.4000  97.11257610 0.00000000 4.12019023
 17.4667  97.10457794 0.00000000 4.08755222
 17.5333  97.12646356 0.00000000 4.09101768
 17.6000  97.13365565 0.00000000 4.06395827
 17.6667  97.19757581 0.00000000 4.04423834
 17.7333  97.15194559 0.00000000 4.04183874
 17.8000  97.22241058 0.00000000 4.02673153
 17.8667  97.15676558 0.00000000 3.99234365
 17.9333  97.19729138 0.00000000 3.99998502
 18.0000  97.19705186 0.00000000 3.97804532
 18.0667  97.29201720 0.00000000 3.95747239
 18.1333  97.18597924 0.00000000 3.95176722
 18.2000  97.28435065 0.00000000 3.93776564
 18.2667  97.18520315 0.00000000 3.91251355
 18.3333  97.28373399 0.00000000 3.94160405
 18.4000  97.27832780 0.00000000 3.93784245
 18.4667  97.25264394 0.00000000 3.95137101
 18.5333  97.26216504 0.00000000 3.95128387
 18.6000  97.21328178 0.00000000 3.94970167
 18.6667  97.32633553 0.00000000 3.92018397
 18.7333  97.36526472 0.00000000 3.93027683
 18.8000  97.14436400 0.00000000 3.91340245
 18.8667  97.29295313 0.00000000 3.91006838
 18.9333  97.31017150 0.00000000 3.90369309
 19.0000  97.33502971 0.00000000 3.92170084
 19.0667  97.22082323 0.00000000 3.90246140
 19.1333  97.28634330 0.00000000 3.91573908
 19.2000  97.34154709 0.00000000 3.90685373
 19.2667  97.25290955 0.00000000 3.87908914
 19.3333  97.30898167 0.00000000 3.86380866
 19.4000  97.30162318 0.00000000 3.87012033
 19.4667  97.28981498 0.00000000 3.85073270
 19.5333  97.38489203 0.00000000 3.84820964
 19.6000  97.45680688 0.00000000 3.83529520
 19.6667  97.26848069 0.00000000 3.84231150
 19.7333  97.33975905 0.00000000 3.85533926
 19.8000  97.28292747 0.00000000 3.83857368
 19.8667  97.39556528 0.00000000 3.83184282
 19.9333  97.36286786 0.00000000 3.84398731
 20.0000  97.31593342 0.00000000 3.83477934
 20.0667  97.25297011 0.00000000 3.83963243
 20.1333  97.38603149 0.00000000 3.82739143
 20.2000  97.36045398 0.00000000 3.83103782
 20.2667  97.34149067 0.00000000 3.82162503
 20.3333  97.28944699 0.00000000 3.82347993
 20.4000  97.43017209 0.00000000 3.81463315
 20.4667  97.27117847 0.00000000 3.82119395
 20.5333  97.32420061 0.00000000 3.77314513
 20.6000  97.41974052 0.00000000 3.78228513
 20.6667  97.36168149 0.00000000 3.77124744
 20.7333  97.43843014 0.00000000 3.73276276
 20.8000  97.49447548 0.00000000 3.74608829
 20.8667  97.37509318 0.00000000 3.74604540
 20.9333  97.37534492 0.00000000 3.74590249
 21.0000  97.50190751 0.00000000 3.74395550
 21.0667  97.42415270 0.00000000 3.72892475
 21.1333  97.40006379 0.00000000 3.72567869
 21.2000  97.37660933 0.00000000 3.71819452
 21.2667  97.37178333 0.00000000 3.73707574
 21.3333  97.48443739 0.00000000 3.72414065
 21.4000  97.43242296 0.00000000 3.73668437
 21.4667  97.39698454 0.00000000 3.74426882
 21.5333  97.37375093 0.00000000 3.74864402
 21.6000  97.39731838 0.00000000 3.75342033
 21.6667  97.36736849 0.00000000 3.77107187
 21.7333  97.31536621 0.00000000 3.79479562
 21.8000  97.28990983 0.00000000 3.81294007
 21.8667  97.33284345 0.00000000 3.82563105
 21.9333  97.31895228 0.00000000 3.81829991
 22.0000  97.36352018 0.00000000 3.82900448
 22.0667  97.30127295 0.00000000 3.82962989
 22.1333  97.30076932 0.00000000 3.83225801
 22.2000  97.34020922 0.00000000 3.83718449
 22.2667  97.26108355 0.00000000 3.86809481
 22.3333  97.37064735 0.00000000 3.85452762
 22.4000  97.20467698 0.00000000 3.84716835
 22.4667  97.20780201 0.00000000 3.85223461
 22.5333  97.33990264 0.00000000 3.86252041
 22.6000  97.32617096 0.00000000 3.84973380
 22.6667  97.27553621 0.00000000 3.85316139
 22.7333  97.20043946 0.00000000 3.84626274
 22.8000  97.31384098 0.00000000 3.84716061
 22.8667  97.30931828 0.00000000 3.83270569
 22.9333  97.30697333 0.00000000 3.82175448
 23.0000  97.25837718 0.00000000 3.83341603
 23.0667  97.28136552 0.00000000 3.84059959
 23.1333  97.25449829 0.00000000 3.83997389
 23.2000  97.38874349 0.00000000 3.83558753
 23.2667  97.23739428 0.00000000 3.85275723
 23.3333  97.26521431 0.00000000 3.82868225
 23.4000  97.27790392 0.00000000 3.83893161
 23.4667  97.24679695 0.00000000 3.83837724
 23.5333  97.24298591 0.00000000 3.83154938
 23.6000  97.32038476 0.00000000 3.85383153
 23.6667  97.25503151 0.00000000 3.84912676
 23.7333  97.20329694 0.00000000 3.85382011
 23.8000  97.21396993 0.00000000 3.86386826
 23.8667  97.30775270 0.00000000 3.84648035
 23.9333  97.30167650 0.00000000 3.84872517
 24.0000  97.25721776 0.00000000 3.85172330
 24.0667  97.23995170 0.00000000 3.81949067
 24.1333  97.32894889 0.00000000 3.84604937
 24.2000  97.26122526 0.00000000 3.85734505
 24.2667  97.22976416 0.00000000 3.85121205
 24.3333  97.18389602 0.00000000 3.87298262
 24.4000  97.29180806 0.00000000 3.86031950
 24.4667  97.19954703 0.00000000 3.86911607
 24.5333  97.16188958 0.00000000 3.87713891
 24.6000  97.22310826 0.00000000 3.87169008
 24.6667  97.29179801 0.00000000 3.86595752
 24.7333  97.23816651 0.00000000 3.86519183
 24.8000  97.26733829 0.00000000 3.87250366
 24.8667  97.24218058 0.00000000 3.86905481
 24.9333  97.18617351 0.00000000 3.86559125
 25.0000  97.22782813 0.00000000 3.89655940
 25.0667  97.17395041 0.00000000 3.87508657
 25.1333  97.22719077 0.00000000 3.88622449
 25.2000  97.28124466 0.00000000 3.89234641
 25.2667  97.19861931 0.00000000 3.88431095
 25.3333  97.18014987 0.00000000 3.88525188
 25.4000  97.20590459 0.00000000 3.89921802
 25.4667  97.22340350 0.00000000 3.87902971
 25.5333  97.19088520 0.00000000 3.89561024
 25.6000  97.10361751 0.00000000 3.86423296
 25.6667  97.23118020 0.00000000 3.86734405
 25.7333  97.14914802 0.00000000 3.87636081
 25.8000  97.20566198 0.00000000 3.88721907
 25.8667  97.25482221 0.00000000 3.88561715
 25.9333  97.17909516 0.00000000 3.86873104
 26.0000  97.17822124 0.00000000 3.88044470
 26.0667  97.21901673 0.00000000 3.86152950
 26.1333  97.25162804 0.00000000 3.87082021
 26.2000  97.28182247 0.00000000 3.87247588
 26.2667  97.23537476 0.00000000 3.84580438
 26.3333  97.18097510 0.00000000 3.85103322
 26.4000  97.23170964 0.00000000 3.85205774
 26.4667  97.27284133 0.00000000 3.85888056
 26.5333  97.17071465 0.00000000 3.85252445
 26.6000  97.30189160 0.00000000 3.86427895
 26.6667  97.21812823 0.00000000 3.85584467
 26.7333  97.17838839 0.00000000 3.85779694
 26.8000  97.26487856 0.00000000 3.85266907
 26.8667  97.22016480 0.00000000 3.84547823
 26.9333  97.17391784 0.00000000 3.86051785
 27.0000  97.23089734 0.00000000 3.85481980
 27.0667  97.25306510 0.00000000 3.83236770
 27.1333  97.31627725 0.00000000 3.82837754
 27.2000  97.24549558 0.00000000 3.81604513
 27.2667  97.18967043 0.00000000 3.81656416
 27.3333  97.19982744 0.00000000 3.80537150
 27.4000  97.28704961 0.00000000 3.82009660
 27.4667  97.25074338 0.00000000 3.81516633
 27.5333  97.21627433 0.00000000 3.81004854
 27.6000  97.26190655 0.00000000 3.80473508
 27.6667  97.30679281 0.00000000 3.78524732
 27.7333  97.28133782 0.00000000 3.79478464
 27.8000  97.24243824 0.00000000 3.81027127
 27.8667  97.23213838 0.00000000 3.79294182
 27.9333  97.28079292 0.00000000 3.79621699
 28.0000  97.29266894 0.00000000 3.82262722
 28.0667  97.22102502 0.00000000 3.81733712
 28.1333  97.20094615 0.00000000 3.80485382
 28.2000  97.22611265 0.00000000 3.81429583
 28.2667  97.28687064 0.00000000 3.81739469
 28.3333  97.27624962 0.00000000 3.80752562
 28.4000  97.28783216 0.00000000 3.77970649
 28.4667  97.27941468 0.00000000 3.79410693
 28.5333  97.31811025 0.00000000 3.78961007
 28.6000  97.18107122 0.00000000 3.78157648
 28.6667  97.21471562 0.00000000 3.77565171
 28.7333  97.34531239 0.00000000 3.77441506
 28.8000  97.29384638 0.00000000 3.76679665
 28.8667  97.23670663 0.00000000 3.76845297
 28.9333  97.27056089 0.00000000 3.74591106
 29.0000  97.23219042 0.00000000 3.75791240
 29.0667  97.21561790 0.00000000 3.75043684
 29.1333  97.36385902 0.00000000 3.74896069
 29.2000  97.36049548 0.00000000 3.73052109
 29.2667  97.28651931 0.00000000 3.73295614
 29.3333  97.30189143 0.00000000 3.74962852
 29.4000  97.35246610 0.00000000 3.71961066
 29.4667  97.29772529 0.00000000 3.72118425
 29.5333  97.34214765 0.00000000 3.71768461
 29.6000  97.29833179 0.00000000 3.71467374
 29.6667  97.21835048 0.00000000 3.71200779
 29.7333  97.31716702 0.00000000 3.72162290
 29.8000  97.39890067 0.00000000 3.73999127
 29.8667  97.21931459 0.00000000 3.73846667
 29.9333  97.27698989 0.00000000 3.73530495
 30.0000  97.32713355 0.00000000 3.73792207
 30.0667  97.25266838 0.00000000 3.73567813
 30.1333  97.23755861 0.00000000 3.73633363
 30.2000  97.37943703 0.00000000 3.72223428
 30.2667  97.32859479 0.00000000 3.71687778
 30.3333  97.35617899 0.00000000 3.68619329
 30.4000  97.28761205 0.00000000 3.68142665
 30.4667  97.33186829 0.00000000 3.67400656
 30.5333  97.30540464 0.00000000 3.67123524
 30.6000  97.45352838 0.00000000 3.66165969
 30.6667  97.34358043 0.00000000 3.64884689
 30.7333  97.32624049 0.00000000 3.65819176
 30.8000  97.35593938 0.00000000 3.63953464
 30.8667  97.42907574 0.00000000 3.64995744
 30.9333  97.29781539 0.00000000 3.64399948
 31.0000  97.43075324 0.00000000 3.65520693
 31.0667  97.36463272 0.00000000 3.66387183
 31.1333  97.28905883 0.00000000 3.64625364
 31.2000  97.32370466 0.00000000 3.66839133
 31.2667  97.34093728 0.00000000 3.66625424
 31.3333  97.40236717 0.00000000 3.69944786
 31.4000  97.29684777 0.00000000 3.69499057
 31.4667  97.31998657 0.00000000 3.68468807
 31.5333  97.26026973 0.00000000 3.70827039
 31.6000  97.30049605 0.00000000 3.70275121
 31.6667  97.30607307 0.00000000 3.70372253
 31.7333  97.28789478 0.00000000 3.68241288
 31.8000  97.27726335 0.00000000 3.70650062
 31.8667  97.31973055 0.00000000 3.70861512
 31.9333  97.30326633 0.00000000 3.70748757
 32.0000  97.30664914 0.00000000 3.70873302
 32.0667  97.33605661 0.00000000 3.71833693
 32.1333  97.30380692 0.00000000 3.71466198
 32.2000  97.29297359 0.00000000 3.71532217
 32.2667  97.31372679 0.00000000 3.72595470
 32.3333  97.31459785 0.00000000 3.71635609
 32.4000  97.32593862 0.00000000 3.72521544
 32.4667  97.28343814 0.00000000 3.73043656
 32.5333  97.17707353 0.00000000 3.74080920
 32.6000  97.28709222 0.00000000 3.73778388
 32.6667  97.26788206 0.00000000 3.73120390
 32.7333  97.29271960 0.00000000 3.71675521
 32.8000  97.27722740 0.00000000 3.73451785
 32.8667  97.26080395 0.00000000 3.73536274
 32.9333  97.25372013 0.00000000 3.71745857
 33.0000  97.34688940 0.00000000 3.73238941
 33.0667  97.24187459 0.00000000 3.73644844
 33.1333  97.22707078 0.00000000 3.73275941
 33.2000  97.21807037 0.00000000 3.74655159
 33.2667  97.31727468 0.00000000 3.74593638
 33.3333  97.20736057 0.00000000 3.73907749
 33.4000  97.29200869 0.00000000 3.76684970
 33.4667  97.26866344 0.00000000 3.75499777
 33.5333  97.22731457 0.00000000 3.74875987
 33.6000  97.25985723 0.00000000 3.76196341
 33.6667  97.22080215 0.00000000 3.75041487
 33.7333  97.23584582 0.00000000 3.73848590
 33.8000  97.22213779 0.00000000 3.73406301
 33.8667  97.20855588 0.00000000 3.73365626
 33.9333  97.28058072 0.00000000 3.72575002
 34.0000  97.26992600 0.00000000 3.72794495
 34.0667  97.25119723 0.00000000 3.69350014
 34.1333  97.27757255 0.00000000 3.69497267
 34.2000  97.29396048 0.00000000 3.69704053
 34.2667  97.26202167 0.00000000 3.69113281
 34.3333  97.29770409 0.00000000 3.68438432
 34.4000  97.32999939 0.00000000 3.69727126
 34.4667  97.27759246 0.00000000 3.69735402
 34.5333  97.31148617 0.00000000 3.69027352
 34.6000  97.29610242 0.00000000 3.70127936
 34.6667  97.20457554 0.00000000 3.71616193
 34.7333  97.22919258 0.00000000 3.72652148
 34.8000  97.29191890 0.00000000 3.72634452
 34.8667  97.29867804 0.00000000 3.72839239
 34.9333  97.19977758 0.00000000 3.73664442
 35.0000  97.25953866 0.00000000 3.73888641
 35.0667  97.17399490 0.00000000 3.73472523
 35.1333  97.26640056 0.00000000 3.72543555
 35.2000  97.23762536 0.00000000 3.73193576
 35.2667  97.20760863 0.00000000 3.73292960
 35.3333  97.19609292 0.00000000 3.71826059
 35.4000  97.28718971 0.00000000 3.71722509
 35.4667  97.25725548 0.00000000 3.72364576
 35.5333  97.26575254 0.00000000 3.74812584
 35.6000  97.16661581 0.00000000 3.73280371
 35.6667  97.23193056 0.00000000 3.72971702
 35.7333  97.30513807 0.00000000 3.73109578
 35.8000  97.26064546 0.00000000 3.73124117
 35.8667  97.23824469 0.00000000 3.71567923
 35.9333  97.29403644 0.00000000 3.71032861
 36.0000  97.29171947 0.00000000 3.73051023
 36.0667  97.28781316 0.00000000 3.71671877
 36.1333  97.19952053 0.00000000 3.72191854
 36.2000  97.20722093 0.00000000 3.72264276
 36.2667  97.23174043 0.00000000 3.73337998
 36.3333  97.21882362 0.00000000 3.75105198
 36.4000  97.33579232 0.00000000 3.73901239
 36.4667  97.18413061 0.00000000 3.74306365
 36.5333  97.29643179 0.00000000 3.71831601
