  0.0000  82.82699585 80.00000000
100.0000  83.68361664 76.54258728
200.0000  83.46932220 76.92404938
300.0000  83.37607574 77.34671783
400.0000  83.22438049 77.42495728
500.0000  82.98732758 77.59889221
600.0000  82.12150574 79.30049133
700.0000  83.15184784 77.50619507
800.0000  82.59563446 78.44853973
900.0000  82.63222504 78.55828094
1000.0000  82.62042236 78.39579010
1100.0000  82.38246918 78.89749146
1200.0000  82.40471649 79.27468872
1300.0000  82.70312500 78.70608521
1400.0000  81.95427704 79.71785736
1500.0000  83.02127075 77.90818787
1600.0000  82.46029663 78.74438477
1700.0000  82.56412506 78.71001434
1800.0000  81.95000458 79.90288544
1900.0000  81.58272552 80.45937347
2000.0000  81.65032959 80.12127686
2100.0000  81.95606232 79.73657990
2200.0000  81.72520447 80.14243317
2300.0000  81.62994385 80.53675842
2400.0000  80.87014771 81.44329071
2500.0000  81.75521088 80.02249908
2600.0000  81.57398224 80.31307220
2700.0000  81.41105652 80.92387390
2800.0000  81.25555420 81.08715057
2900.0000  81.37915039 80.87474060
3000.0000  81.48434448 80.59455109
3100.0000  81.84501648 80.12959290
3200.0000  82.05865479 79.32946014
3300.0000  81.58465576 80.21915436
3400.0000  81.57923889 80.18655396
3500.0000  81.77928925 80.46714020
3600.0000  81.70724487 79.64918518
3700.0000  82.48940277 78.68852234
3800.0000  82.94200134 77.95587921
3900.0000  82.79507446 77.88422394
4000.0000  82.74374390 78.01147461
4100.0000  82.99472809 77.62039948
4200.0000  82.80625916 78.26890564
4300.0000  82.70895386 78.00606537
4400.0000  82.19145203 79.27761841
4500.0000  82.33837128 79.00138855
4600.0000  82.30531311 78.80988312
4700.0000  82.35816193 79.11737061
4800.0000  82.34359741 78.66646576
4900.0000  81.99944305 79.48488617
5000.0000  82.03727722 79.40115356
5100.0000  82.05142212 79.44100952
5200.0000  82.34854126 78.76493835
5300.0000  82.72789764 78.25918579
5400.0000  83.48121643 76.56951141
5500.0000  83.31086731 76.78191376
5600.0000  82.76135254 78.13318634
5700.0000  82.70186615 78.29156494
5800.0000  82.63256073 78.41639709
5900.0000  82.90511322 78.17096710
6000.0000  82.11058807 79.21003723
6100.0000  81.85604858 79.81075287
6200.0000  83.07159424 77.96762085
6300.0000  83.47772217 76.75944519
6400.0000  82.85325623 78.05986786
6500.0000  82.82402039 78.31854248
6600.0000  82.18970490 79.28121185
6700.0000  82.19364929 79.07218933
6800.0000  82.62351990 78.77050018
6900.0000  82.33576965 78.79654694
7000.0000  82.72597504 77.92657471
7100.0000  82.70909119 78.07150269
7200.0000  82.31224060 78.78391266
7300.0000  82.28516388 79.13076782
7400.0000  82.34370422 78.77701569
7500.0000  81.97991943 79.42828369
7600.0000  81.33639526 80.95714569
7700.0000  81.61006165 80.20034790
7800.0000  82.23343658 79.24776459
7900.0000  81.75651550 80.05932617
8000.0000  81.51580048 80.22001648
8100.0000  81.31761169 81.02775574
8200.0000  80.94768524 81.36879730
8300.0000  81.11769867 81.70861816
8400.0000  81.13398743 81.35147858
8500.0000  80.34683990 82.58634949
8600.0000  81.03423309 81.40361023
8700.0000  80.98919678 81.44268036
8800.0000  81.72924805 80.11656952
8900.0000  81.69838715 79.91553497
9000.0000  81.46080017 80.70492554
9100.0000  81.63234711 80.16521454
9200.0000  81.50348663 80.66799927
9300.0000  82.27093506 79.16207123
9400.0000  81.72055054 80.01486969
9500.0000  81.84471130 80.32655334
9600.0000  81.75278473 80.00197601
9700.0000  81.45524597 80.36965179
9800.0000  81.88178253 79.76154327
9900.0000  81.42173767 80.81417847
10000.0000  81.57863617 80.69686127
10100.0000  80.77418518 81.94749451
10200.0000  81.24022675 81.21635437
10300.0000  81.40731812 80.78500366
10400.0000  81.59333038 80.35170746
10500.0000  81.30092621 80.74581909
10600.0000  81.22029114 81.05062866
10700.0000  81.21659851 81.33429718
10800.0000  81.68876648 80.35813141
10900.0000  81.16215515 81.64031982
11000.0000  80.66854858 82.07317352
11100.0000  81.30004883 80.80712891
11200.0000  81.24205017 80.86342621
11300.0000  81.19194031 81.15254211
11400.0000  82.01775360 79.40042114
11500.0000  81.42855835 80.59989929
11600.0000  81.61659241 80.44826508
11700.0000  81.62451935 80.26647949
11800.0000  81.32994080 80.80323792
11900.0000  81.15913391 81.00102234
12000.0000  81.88780975 80.05181885
12100.0000  81.72569275 79.72399139
12200.0000  81.75034332 80.37563324
12300.0000  81.76566315 79.82018280
12400.0000  82.17392731 79.37580872
12500.0000  82.03853607 79.36380768
12600.0000  82.06962585 79.51635742
12700.0000  81.77075195 79.95790100
12800.0000  81.93487549 79.59950256
12900.0000  81.47543335 80.55148315
13000.0000  81.31944275 80.62432861
13100.0000  81.44262695 80.36766052
13200.0000  81.81631470 79.96983337
13300.0000  82.05490875 79.80419922
13400.0000  82.01779175 79.62814331
13500.0000  81.64424896 80.02887726
13600.0000  81.19289398 81.10029602
13700.0000  81.44981384 80.56339264
13800.0000  81.48239136 80.28038025
13900.0000  81.34432983 80.71360779
14000.0000  81.37924194 80.85816956
14100.0000  80.79990387 81.62329102
14200.0000  80.87168884 81.86842346
14300.0000  81.09645844 81.57881927
14400.0000  81.86522675 79.82738495
14500.0000  81.62934113 80.53039551
14600.0000  81.13471985 81.03516388
14700.0000  81.07506561 81.37583923
14800.0000  80.88417053 81.64527130
14900.0000  81.78666687 80.00920105
15000.0000  81.31850433 80.82792664
15100.0000  81.60493469 80.47515869
15200.0000  81.16980743 81.26351166
15300.0000  81.16699219 80.98812103
15400.0000  81.34835052 80.87666321
15500.0000  81.42228699 80.38900757
15600.0000  81.62071228 80.26733398
15700.0000  81.77733612 79.80981445
15800.0000  81.22859955 81.14994812
15900.0000  81.68036652 80.17144012
16000.0000  81.06177521 81.11716461
16100.0000  81.88185120 79.62313843
16200.0000  81.49013519 80.39004517
16300.0000  81.74720764 80.24127197
16400.0000  82.06612396 79.43119812
16500.0000  81.38595581 80.33619690
16600.0000  81.52507019 80.51850891
16700.0000  81.59775543 80.51361084
16800.0000  81.45066071 80.90179443
16900.0000  82.10137939 79.88932800
17000.0000  81.28472900 80.96713257
17100.0000  81.82701874 80.23509216
17200.0000  81.88795471 80.28112793
17300.0000  81.53598785 80.36135864
17400.0000  81.36048889 80.84292603
17500.0000  81.61605072 80.56936646
17600.0000  80.93579102 81.48686218
17700.0000  81.49542999 80.40298462
17800.0000  81.69004822 80.68618774
17900.0000  81.59475708 80.48751831
18000.0000  81.62551117 80.37544250
18100.0000  81.85247803 79.71163940
18200.0000  81.20392609 81.15065765
18300.0000  81.12519836 81.05203247
18400.0000  81.14917755 81.64994049
18500.0000  80.89168549 82.07356262
18600.0000  81.00901794 81.57833862
18700.0000  80.56601715 82.61543274
18800.0000  80.68253326 82.21660614
18900.0000  81.14958954 81.30405426
19000.0000  81.16287994 81.27450562
19100.0000  81.98825836 79.58825684
19200.0000  81.55577087 80.45456696
19300.0000  81.52790833 80.58951569
19400.0000  82.06210327 79.37622070
19500.0000  82.14069366 79.30434418
19600.0000  81.90071106 79.70264435
19700.0000  81.83314514 79.78268433
19800.0000  82.40570068 78.59387207
19900.0000  81.41418457 80.68621826
20000.0000  81.89380646 79.90377045
20100.0000  81.93539429 79.82167816
20200.0000  81.13231659 80.95394897
20300.0000  81.38069916 80.69421387
20400.0000  81.65412903 80.40495300
20500.0000  82.27304077 78.91893005
20600.0000  81.60859680 80.21772766
20700.0000  82.06452179 79.71151733
20800.0000  82.00679779 79.33019257
20900.0000  82.39790344 78.95261383
21000.0000  82.20819092 79.38389587
21100.0000  82.16287231 79.28080750
21200.0000  82.13298798 79.19660950
21300.0000  82.69176483 78.42612457
21400.0000  82.46567535 78.99055481
21500.0000  82.41214752 79.00414276
21600.0000  82.16247559 79.20443726
21700.0000  82.78034210 77.88039398
21800.0000  83.07213593 78.05128479
21900.0000  83.16436005 77.45517731
22000.0000  83.43232727 76.89611053
22100.0000  83.32373810 77.29615784
22200.0000  83.69087219 76.45771790
22300.0000  83.73388672 76.06811523
22400.0000  83.28491974 77.02239227
22500.0000  83.30169678 77.13653564
22600.0000  83.02624512 77.28421021
22700.0000  82.71316528 78.09513855
22800.0000  82.00736237 79.43072510
22900.0000  82.43402100 78.83976746
23000.0000  81.99044037 79.84774780
23100.0000  82.77164459 78.44738007
23200.0000  82.24983978 79.28158569
23300.0000  82.15579987 79.31981659
23400.0000  82.28355408 78.72508240
23500.0000  81.86407471 79.78378296
23600.0000  81.83091736 79.65586853
23700.0000  82.19409943 79.08518982
23800.0000  81.91561890 79.77909851
23900.0000  82.32516479 79.12764740
24000.0000  82.19688416 78.91671753
24100.0000  81.97546387 79.20426178
24200.0000  81.66638184 80.32978821
24300.0000  82.54767609 78.82501984
24400.0000  82.43476105 78.83448792
24500.0000  82.55448151 78.79569244
24600.0000  82.40456390 79.25231171
24700.0000  82.48683929 78.64034271
24800.0000  83.22445679 77.33071899
24900.0000  82.81174469 78.04956055
25000.0000  83.02182007 77.61458588
25100.0000  82.37333679 78.56527710
25200.0000  82.57028198 78.88228607
25300.0000  83.13628387 77.56207275
25400.0000  83.32510376 77.29077911
25500.0000  83.58658600 77.05622864
25600.0000  83.33366394 77.05470276
25700.0000  83.05558777 78.19657898
25800.0000  82.92971802 77.84369659
25900.0000  81.99196625 79.50778198
26000.0000  82.04284668 79.63145447
26100.0000  82.14314270 79.32692719
26200.0000  82.29884338 79.12514496
26300.0000  82.38833618 78.90412140
26400.0000  82.30731964 78.79418945
26500.0000  82.12647247 79.31239319
26600.0000  82.33520508 78.64685822
26700.0000  82.23171234 79.02146149
26800.0000  81.79248810 79.84497833
26900.0000  82.47981262 78.41979218
27000.0000  82.08464050 79.45011139
27100.0000  81.84371948 79.85042572
27200.0000  82.14523315 79.43948364
27300.0000  82.11348724 79.55002594
27400.0000  81.76906586 80.14581299
27500.0000  81.74292755 80.14686584
27600.0000  82.16891479 79.18811798
27700.0000  82.17733765 79.49322510
27800.0000  82.23706055 79.29211426
27900.0000  82.42297363 78.41935730
28000.0000  82.25730896 79.10323334
28100.0000  82.68511963 78.26826477
28200.0000  82.39562988 78.72743225
28300.0000  82.73680878 78.24574280
28400.0000  82.48318481 78.54026794
28500.0000  82.73983765 78.60225677
28600.0000  82.41260529 78.35659790
28700.0000  82.18321991 79.08830261
28800.0000  82.56183624 78.75492859
28900.0000  82.14923096 79.08776093
29000.0000  81.80786896 79.98049927
29100.0000  82.25437164 78.96200562
29200.0000  81.80587769 79.77442169
29300.0000  81.43717957 80.54085541
29400.0000  81.31996918 80.90095520
29500.0000  81.48385620 80.58137512
29600.0000  81.14086914 80.78804779
29700.0000  81.39173889 80.50340271
29800.0000  81.49074554 80.73887634
29900.0000  81.67942810 80.22122192
30000.0000  81.43250275 80.94483185
30100.0000  81.46968079 80.55049896
30200.0000  81.01687622 81.45206451
30300.0000  81.26858521 81.11723328
30400.0000  81.23187256 81.21250916
30500.0000  81.51919556 80.43359375
30600.0000  81.55251312 80.59039307
30700.0000  81.80081177 79.92664337
30800.0000  81.04267883 81.38761902
30900.0000  81.83028412 79.98429108
31000.0000  81.69978333 79.92144012
31100.0000  81.31976318 80.90991974
31200.0000  81.38527679 80.75814056
31300.0000  81.72883606 80.32836151
31400.0000  81.55853271 80.68544006
31500.0000  81.83692932 80.01524353
31600.0000  82.09674072 79.42925262
31700.0000  81.95632172 79.61913300
31800.0000  82.23526001 78.89344788
31900.0000  82.42191315 78.67915344
32000.0000  81.88201904 79.66366577
32100.0000  81.65251160 80.26647949
32200.0000  82.01850128 79.35048676
32300.0000  81.58776093 80.14217377
32400.0000  81.87603760 79.42328644
32500.0000  82.16304779 79.23935699
32600.0000  81.62590027 80.06883240
32700.0000  81.18491364 80.85272980
32800.0000  81.40592957 80.65590668
32900.0000  81.56137085 80.38390350
33000.0000  81.71786499 80.41046906
33100.0000  82.18479156 78.99520111
33200.0000  82.00263977 79.38797760
33300.0000  81.97065735 79.50311279
33400.0000  82.22637939 79.60295868
33500.0000  82.64365387 78.58636475
33600.0000  81.81848145 79.76756287
33700.0000  82.41847992 78.59844971
33800.0000  82.15111542 79.22357178
33900.0000  82.02999878 79.59715271
34000.0000  82.29206085 79.41164398
34100.0000  81.61608887 80.49225616
34200.0000  82.31683350 78.91510010
34300.0000  81.60332489 80.22869873
34400.0000  81.78675842 79.84503174
34500.0000  81.85912323 79.92778778
34600.0000  82.16194916 79.25116730
34700.0000  82.39783478 79.27623749
34800.0000  82.26277161 79.25219727
34900.0000  81.90577698 79.69830322
35000.0000  81.79114532 79.85305023
35100.0000  82.25669098 78.93447113
35200.0000  82.13063049 78.93965149
35300.0000  81.97923279 79.59279633
35400.0000  82.09952545 79.31343842
35500.0000  81.65645599 80.25173187
35600.0000  82.39257050 78.95732880
35700.0000  81.69972229 80.02984619
35800.0000  82.03015137 79.60899353
35900.0000  82.63769531 78.40019989
36000.0000  82.35312653 79.08880615
36100.0000  82.17273712 79.14395905
36200.0000  82.60883331 78.28979492
36300.0000  82.46559906 78.60255432
36400.0000  81.77310181 80.11704254
36500.0000  82.14199829 79.61543274
36600.0000  82.46411133 78.72857666
36700.0000  82.81848907 77.58877563
36800.0000  82.25525665 79.26004028
36900.0000  81.79380798 79.91147614
37000.0000  82.19231415 79.17311096
37100.0000  82.17817688 79.60091400
37200.0000  82.20497131 79.27278137
37300.0000  81.53354645 80.26499939
37400.0000  81.69579315 80.02729797
37500.0000  82.16492462 78.94273376
37600.0000  82.81592560 78.39345551
37700.0000  82.47376251 78.57631683
37800.0000  82.22708893 79.09915161
37900.0000  82.61150360 78.50952911
38000.0000  82.05979156 79.42677307
38100.0000  81.88590240 80.04555511
38200.0000  82.33088684 79.06370544
38300.0000  82.04057312 79.37319946
38400.0000  82.17430878 79.05007172
38500.0000  81.34703827 81.03836823
38600.0000  81.55508423 80.44387054
38700.0000  82.03778076 80.03735352
38800.0000  81.62234497 80.39549255
38900.0000  81.44783783 80.40866852
39000.0000  81.58909607 80.28507996
39100.0000  81.09861755 81.24604034
39200.0000  81.00790405 81.60238647
39300.0000  81.88166809 79.99762726
39400.0000  81.41395569 80.78057861
39500.0000  81.92225647 79.79853821
39600.0000  82.18722534 79.00795746
39700.0000  81.86840057 79.47215271
39800.0000  82.00582886 79.41905975
39900.0000  81.37014771 81.18078613
40000.0000  81.27148438 81.01606750
40100.0000  80.87126923 81.65730286
40200.0000  81.28636169 80.84428406
40300.0000  81.24348450 81.25503540
40400.0000  81.26856995 81.20077515
40500.0000  81.20944214 81.12699890
40600.0000  81.26658630 81.10781860
40700.0000  80.35469818 82.62715149
40800.0000  81.08920288 81.44720459
40900.0000  81.14916992 81.09374237
41000.0000  81.48789215 80.71075439
41100.0000  81.31283569 80.81430054
41200.0000  81.86127472 79.80815125
41300.0000  81.62238312 79.89510345
41400.0000  82.02981567 79.58889008
41500.0000  82.65308380 78.39910889
41600.0000  82.19111633 79.26296997
41700.0000  81.80548096 79.82205200
41800.0000  81.85183716 79.65752411
41900.0000  81.37255859 80.71798706
42000.0000  81.96235657 79.85152435
42100.0000  82.28260803 79.09936523
42200.0000  81.80418396 79.71631622
42300.0000  82.07896423 79.72917175
42400.0000  81.67503357 79.90812683
42500.0000  81.87499237 80.11460114
42600.0000  81.20674896 81.21498871
42700.0000  81.05857086 81.24443817
42800.0000  81.48128510 80.76216888
42900.0000  82.22812653 79.00045776
43000.0000  81.21917725 80.83471680
43100.0000  81.72145844 80.25988770
43200.0000  81.85359955 79.94902802
43300.0000  82.08757019 79.10117340
43400.0000  81.84815979 79.87025452
43500.0000  81.78704071 80.69145966
43600.0000  80.65135956 82.14654541
43700.0000  81.51630402 80.34439850
43800.0000  81.79086304 79.94254303
43900.0000  81.99687958 79.07395935
44000.0000  83.03260040 77.54322052
44100.0000  83.02077484 77.79463959
44200.0000  82.53660583 78.61883545
44300.0000  82.75557709 77.95351410
44400.0000  82.86045074 77.80762482
44500.0000  83.26096344 77.22558594
44600.0000  83.03678894 77.37992096
44700.0000  82.78134155 78.23838043
44800.0000  82.36643982 78.66281128
44900.0000  82.24005890 79.16289520
45000.0000  81.98622894 79.54747009
45100.0000  82.50588226 78.35954285
45200.0000  82.68980408 78.15142822
45300.0000  82.32341766 79.34489441
45400.0000  82.11557007 79.22640991
45500.0000  82.22180176 79.28589630
45600.0000  82.26232910 79.12123108
45700.0000  82.21920776 79.20898438
45800.0000  81.93455505 79.21594238
45900.0000  82.29646301 79.27965546
46000.0000  82.56534576 78.47129059
46100.0000  82.65124512 78.17200470
46200.0000  82.12072754 79.32033539
46300.0000  82.37420654 78.50100708
46400.0000  82.13491821 79.05966949
46500.0000  81.99691010 79.36948395
46600.0000  81.91700745 79.63240814
46700.0000  82.05684662 79.62818909
46800.0000  81.81323242 80.02206421
46900.0000  81.77669525 80.01156616
47000.0000  81.92210388 79.63883972
47100.0000  81.83671570 79.78621674
47200.0000  81.66985321 80.02510071
47300.0000  81.22605896 80.64831543
47400.0000  82.21748352 79.19116211
47500.0000  82.40827942 78.99935913
47600.0000  81.84315491 79.90215302
47700.0000  81.46672058 80.46061707
47800.0000  81.85871887 79.81505585
47900.0000  81.53985596 80.33908081
48000.0000  82.03990173 79.40348053
48100.0000  82.16415405 79.28140259
48200.0000  81.83607483 79.90390015
48300.0000  82.50572968 78.67312622
48400.0000  82.64244843 78.25271606
48500.0000  82.37618256 78.93643951
48600.0000  81.99715424 79.43710327
48700.0000  82.06618500 78.92085266
48800.0000  82.18043518 78.91789246
48900.0000  82.27452087 78.64235687
49000.0000  82.45677948 78.82119751
49100.0000  82.72448730 78.16990662
49200.0000  82.49693298 78.25513458
49300.0000  82.88048553 78.02846527
49400.0000  83.35540009 77.14138031
49500.0000  83.08679199 77.51567841
49600.0000  83.10391235 77.47539520
49700.0000  82.75541687 77.94348145
49800.0000  82.88034058 78.01070404
49900.0000  83.04091644 77.82125092
50000.0000  82.84474182 78.33135986
50100.0000  83.09935760 77.56156158
50200.0000  82.61067200 78.29763031
50300.0000  82.28892517 78.37714386
50400.0000  82.10128021 79.18769073
50500.0000  82.76607513 78.49108124
50600.0000  82.73334503 78.49842834
50700.0000  82.40267944 78.58141327
50800.0000  82.68875885 78.17288208
50900.0000  82.26619720 79.03337097
51000.0000  81.95532990 79.30759430
51100.0000  81.81759644 79.95451355
51200.0000  81.56420898 80.00372314
51300.0000  81.67583466 80.57997131
51400.0000  82.42544556 78.84295654
51500.0000  82.09552765 79.26344299
51600.0000  81.97414398 79.47396088
51700.0000  82.51816559 78.50601959
51800.0000  82.21080017 79.12078094
51900.0000  82.37209320 78.90840912
52000.0000  81.90982819 79.40759277
52100.0000  81.78410339 80.03678894
52200.0000  81.91242218 79.68052673
52300.0000  82.13585663 79.36736298
52400.0000  82.09835052 79.37417603
52500.0000  81.59333038 79.91110229
52600.0000  82.27061462 79.01081848
52700.0000  81.90193176 79.75729370
52800.0000  82.46413422 79.05715942
52900.0000  81.75830841 80.10108948
53000.0000  81.70135498 80.42497253
53100.0000  81.89380646 79.86231232
53200.0000  81.71205139 79.91636658
53300.0000  82.55332947 78.44216919
53400.0000  82.12687683 79.15583801
53500.0000  82.05588531 79.87007141
53600.0000  81.93732452 79.37802124
53700.0000  82.63265991 78.44079590
53800.0000  82.48164368 78.47853851
53900.0000  82.04338074 79.50545502
54000.0000  81.91206360 79.60404205
54100.0000  82.19955444 79.27729034
54200.0000  82.19551086 79.00698853
54300.0000  82.35925293 78.53564453
54400.0000  82.74987030 78.01496887
54500.0000  82.20578003 79.29948425
54600.0000  81.77483368 79.87104797
54700.0000  81.79084015 80.12786102
54800.0000  81.69272614 80.40083313
54900.0000  82.00125122 79.23188782
55000.0000  81.67411041 79.90708160
55100.0000  82.29627991 79.36751556
55200.0000  81.81870270 80.27378845
55300.0000  82.50868988 78.93593597
55400.0000  82.30204773 78.76889801
55500.0000  82.18354797 79.08808899
55600.0000  82.23536682 79.43758392
55700.0000  82.27367401 78.92650604
55800.0000  82.67477417 78.41078186
55900.0000  82.60260773 78.31701660
56000.0000  82.61177826 78.57717896
56100.0000  82.39102173 78.94177246
56200.0000  82.22827911 78.96634674
56300.0000  81.98791504 79.37458801
56400.0000  82.46073914 78.88358307
56500.0000  82.33646393 78.98245239
56600.0000  82.77331543 77.92984009
56700.0000  82.74253845 78.21537018
56800.0000  83.11163330 77.26139832
56900.0000  83.04528809 77.68635559
57000.0000  82.92003632 77.55120087
57100.0000  82.31029510 78.76755524
57200.0000  82.50642395 78.55922699
57300.0000  82.88567352 77.98007202
57400.0000  82.54200745 78.49816895
57500.0000  82.99490356 77.61372375
57600.0000  83.00810242 77.71319580
57700.0000  82.82775116 78.25530243
57800.0000  82.86836243 77.51255035
57900.0000  82.90634155 77.86711884
58000.0000  82.62404633 78.32807922
58100.0000  81.77944946 79.74806213
58200.0000  82.31254578 79.30818939
58300.0000  82.41535187 78.74101257
58400.0000  81.75301361 79.93988037
58500.0000  82.39929199 78.95567322
58600.0000  82.44271851 78.86476135
58700.0000  82.53005219 78.75675201
58800.0000  81.72161102 79.96252441
58900.0000  81.73484802 79.84720612
59000.0000  82.32215118 78.95774841
59100.0000  82.47933960 78.58987427
59200.0000  83.03050995 77.62594604
59300.0000  83.14413452 77.90533447
59400.0000  82.84305573 78.12528992
59500.0000  82.56705475 78.42581940
59600.0000  82.22988892 79.11438751
59700.0000  82.71820831 78.02040100
59800.0000  83.07780457 77.40180969
59900.0000  82.62528229 78.24131775
60000.0000  82.16954041 79.19593811
60100.0000  82.73837280 78.41502380
60200.0000  82.82182312 78.11145782
60300.0000  82.53012085 78.61685181
60400.0000  81.81148529 79.68486786
60500.0000  82.21703339 79.18762207
60600.0000  81.82240295 79.48040771
60700.0000  81.75396729 79.81823730
60800.0000  81.97639465 79.62007141
60900.0000  82.00184631 79.58469391
61000.0000  82.31918335 78.96856689
61100.0000  82.40725708 78.25057220
61200.0000  82.40992737 78.39541626
61300.0000  81.81435394 80.07240295
61400.0000  82.26210785 79.10398865
61500.0000  82.19791412 79.16220093
61600.0000  82.02101135 79.45483398
61700.0000  81.94771576 79.68000793
61800.0000  81.94769287 79.26680756
61900.0000  82.39607239 78.89538574
62000.0000  82.40360260 78.87341309
62100.0000  82.06526184 79.13486481
62200.0000  82.10765076 79.10221863
62300.0000  82.01895142 79.33403778
62400.0000  81.68910980 80.05889893
62500.0000  81.90761566 79.85121155
62600.0000  81.72461700 79.92550659
62700.0000  81.12893677 81.20021820
62800.0000  81.89709473 79.80831909
62900.0000  81.72698975 79.99890900
63000.0000  81.57009125 80.23677063
63100.0000  81.80393982 79.70351410
63200.0000  81.93180847 79.79801941
63300.0000  81.43265533 80.63043213
63400.0000  81.81369019 79.79380035
63500.0000  82.32865906 79.00643921
63600.0000  82.69859314 78.21115875
63700.0000  82.50995636 78.48449707
63800.0000  82.30079651 78.47800446
63900.0000  82.48420715 78.86363220
64000.0000  82.26764679 79.04324341
64100.0000  82.57284546 78.48957825
64200.0000  81.85536194 79.92468262
64300.0000  82.89144897 78.15493774
64400.0000  81.63448334 80.15575409
64500.0000  81.66174316 79.85080719
64600.0000  81.48593903 80.68350983
64700.0000  81.71398163 80.13766479
64800.0000  81.61128235 80.30844116
64900.0000  81.76421356 80.04150391
65000.0000  81.70474243 80.05508423
65100.0000  81.59697723 80.55458832
65200.0000  82.26771545 79.35994720
65300.0000  81.78846741 79.88211823
65400.0000  81.94371033 79.40585327
65500.0000  82.27925110 78.89045715
65600.0000  82.18825531 79.10145569
65700.0000  81.86006165 79.81008148
65800.0000  81.64672852 80.40772247
65900.0000  82.06244659 79.33998871
66000.0000  82.06399536 80.05283356
66100.0000  82.05010986 79.54264069
66200.0000  82.70906067 78.48026276
66300.0000  82.74987030 78.33372498
66400.0000  82.02526093 79.82056427
66500.0000  81.89019012 79.67606354
66600.0000  82.64688110 78.26562500
66700.0000  81.95481873 79.58659363
66800.0000  82.40622711 78.36379242
66900.0000  82.05926514 79.37220764
67000.0000  82.57400513 78.35814667
67100.0000  82.38505554 78.53781128
67200.0000  81.88618469 80.20468903
67300.0000  81.90375519 79.68623352
67400.0000  82.51325989 78.80281067
67500.0000  82.05180359 79.97486115
67600.0000  81.83241272 79.96260071
67700.0000  82.19770813 79.07900238
67800.0000  81.46553802 80.58990479
67900.0000  81.42722321 80.85404205
68000.0000  81.76677704 80.31398773
68100.0000  81.06697083 81.26359558
68200.0000  81.64028931 80.37658691
68300.0000  81.25665283 80.89431763
68400.0000  81.54953003 80.75287628
68500.0000  82.05514526 79.77503967
68600.0000  81.48903656 80.90966034
68700.0000  81.56729889 80.13210297
68800.0000  81.79691315 79.83071899
68900.0000  81.85858917 79.74289703
69000.0000  81.39655304 80.67707825
69100.0000  81.65283203 80.28645325
69200.0000  82.34779358 79.03323364
69300.0000  82.06768036 79.65546417
69400.0000  81.98428345 79.84593201
69500.0000  81.51194763 80.46313477
69600.0000  80.80478668 81.44211578
69700.0000  81.41463470 80.85638428
69800.0000  81.54755402 80.54006958
69900.0000  81.55411530 80.50349426
70000.0000  81.79046631 79.86375427
70100.0000  81.42478180 80.76800537
70200.0000  81.50526428 80.32545471
70300.0000  81.83518219 79.65467072
70400.0000  82.44749451 78.40544128
70500.0000  82.55313873 78.60887146
70600.0000  82.62785339 78.20323181
70700.0000  82.54858398 78.42850494
70800.0000  82.53845215 78.89583588
70900.0000  82.08583069 79.73443604
71000.0000  82.18844604 79.11238098
71100.0000  82.28475952 79.01500702
71200.0000  82.40644836 78.89889526
71300.0000  81.78974152 79.94081116
71400.0000  82.42095184 78.62898254
71500.0000  82.65989685 78.62892914
71600.0000  81.78211212 79.85240173
71700.0000  82.11180878 79.45757294
71800.0000  81.26565552 81.24293518
71900.0000  81.13495636 81.29753876
72000.0000  81.39131165 80.64895630
72100.0000  81.66168213 80.02066803
72200.0000  81.75411224 79.96991730
72300.0000  81.52835846 80.32486725
72400.0000  81.60846710 80.16745758
72500.0000  81.74347687 80.15106964
72600.0000  81.36692810 80.46159363
72700.0000  81.50315857 80.30658722
72800.0000  81.74282074 79.97161865
72900.0000  81.81476593 79.72517395
73000.0000  82.33427429 78.88466644
73100.0000  82.12663269 79.27047729
73200.0000  81.60332489 80.64876556
73300.0000  81.63238525 80.19694519
73400.0000  81.65309906 79.93772888
73500.0000  81.91270447 79.73507690
73600.0000  82.05099487 79.42210388
73700.0000  82.12266541 79.47293091
73800.0000  81.90473938 79.84169769
73900.0000  82.50586700 78.99352264
74000.0000  81.89466858 79.62685394
74100.0000  82.08874512 79.56976318
74200.0000  83.12508392 77.53481293
74300.0000  82.03495789 79.62686920
74400.0000  82.19717407 79.08033752
74500.0000  82.85981750 78.13833618
74600.0000  82.98744202 77.48175812
74700.0000  83.03681946 77.79822540
74800.0000  82.24745941 78.76290894
74900.0000  82.80950928 78.06407166
75000.0000  82.38372040 79.12336731
75100.0000  82.26232910 78.80119324
75200.0000  82.34405518 78.99590302
75300.0000  82.44317627 78.82492828
75400.0000  81.94022369 79.56007385
75500.0000  81.65416718 80.37228394
75600.0000  81.95224762 79.73876953
75700.0000  82.62339783 78.20498657
75800.0000  82.19316101 79.16767120
75900.0000  81.64744568 79.96180725
76000.0000  81.88049316 79.70454407
76100.0000  82.38982391 79.16906738
76200.0000  82.49131775 78.72630310
76300.0000  82.31909943 78.98307800
76400.0000  82.03993988 79.72853088
76500.0000  82.00438690 79.23303986
76600.0000  82.35955811 79.30728149
76700.0000  82.57652283 78.53369141
76800.0000  82.61712646 78.56546021
76900.0000  82.25876617 79.00224304
77000.0000  82.19726562 78.74742126
77100.0000  82.68655396 77.97135162
77200.0000  83.02447510 77.50187683
77300.0000  83.06015778 77.81278992
77400.0000  83.11392212 77.27530670
77500.0000  83.37364960 77.10928345
77600.0000  83.14787292 77.19898987
77700.0000  83.16853333 77.83245850
77800.0000  83.16418457 77.40109253
77900.0000  82.96495056 77.60166931
78000.0000  82.39831543 78.81343079
78100.0000  82.26152039 79.32131958
78200.0000  82.13401031 79.08064270
78300.0000  81.81106567 79.97666168
78400.0000  82.77885437 78.02311707
78500.0000  82.79988098 78.32234955
78600.0000  82.63925171 78.81341553
78700.0000  82.61431885 78.35107422
78800.0000  82.21950531 79.17515564
78900.0000  81.66268158 80.06050110
79000.0000  82.04680634 79.37261963
79100.0000  82.18870544 79.41780853
79200.0000  81.31709290 80.38542175
79300.0000  82.21584320 79.37177277
79400.0000  81.48997498 79.88751221
79500.0000  80.94943237 81.41020966
79600.0000  81.17620850 81.38272095
79700.0000  81.40631104 81.02664185
79800.0000  80.97515106 81.36372375
79900.0000  80.97075653 81.69495392
80000.0000  81.19972229 81.13604736
80100.0000  81.45849609 80.24432373
80200.0000  81.32269287 80.75000000
80300.0000  81.62422943 80.40222168
80400.0000  81.69036865 80.30915833
80500.0000  81.50891113 80.64731598
80600.0000  80.92934418 81.36565399
80700.0000  81.35232544 80.67532349
80800.0000  81.86485291 79.57173157
80900.0000  80.99922943 81.47342682
81000.0000  81.41670227 80.84359741
81100.0000  81.43774414 80.75744629
81200.0000  81.34285736 80.73286438
81300.0000  81.47918701 80.54274750
81400.0000  81.35328674 80.78182983
81500.0000  81.72457886 79.86966705
81600.0000  81.07940674 80.94454956
81700.0000  81.98699951 80.08197784
81800.0000  81.82429504 79.71690369
81900.0000  81.12422943 81.15912628
82000.0000  80.82386017 81.49857330
82100.0000  81.20588684 81.36814880
82200.0000  80.82066345 82.06378174
82300.0000  81.31317139 80.82473755
82400.0000  80.99430084 81.52465820
82500.0000  81.97602081 79.34019470
82600.0000  81.50875854 80.47306824
82700.0000  80.96781921 81.21346283
82800.0000  81.05128479 81.26208496
82900.0000  81.30776978 81.07425690
83000.0000  81.54301453 80.46020508
83100.0000  80.36894989 83.06140137
83200.0000  80.73035431 82.12461853
83300.0000  80.54273987 82.33502197
83400.0000  80.30375671 82.69512177
83500.0000  80.80918121 81.83829498
83600.0000  80.49690247 82.67001343
83700.0000  80.47176361 82.74611664
83800.0000  80.26434326 82.77113342
83900.0000  80.03647614 83.53890991
84000.0000  81.26858521 81.15685272
84100.0000  81.10701752 81.37793732
84200.0000  80.24794769 82.75978088
84300.0000  80.93321228 81.58541870
84400.0000  80.66912842 82.20046234
84500.0000  80.84133148 81.67539978
84600.0000  81.30977631 80.66215515
84700.0000  81.28976440 80.94317627
84800.0000  81.76993561 80.11495972
84900.0000  81.53692627 80.04838562
85000.0000  80.94432831 81.63752747
85100.0000  80.65242767 82.26349640
85200.0000  80.84107971 81.81839752
85300.0000  80.74650574 81.84030151
85400.0000  80.82507324 81.36531830
85500.0000  80.68466949 82.22281647
85600.0000  81.44082642 80.94657135
85700.0000  81.23318481 81.11312866
85800.0000  81.99756622 79.41414642
85900.0000  81.87541962 79.51979828
86000.0000  81.65077209 80.53356171
86100.0000  81.71451569 80.19637299
86200.0000  81.58013153 80.58044434
86300.0000  81.33383942 80.55146790
86400.0000  81.80260468 80.17959595
86500.0000  81.35568237 81.06047058
86600.0000  81.17295837 80.94481659
86700.0000  81.22755432 80.98594666
86800.0000  81.91041565 79.79143524
86900.0000  81.69463348 80.30268860
87000.0000  81.81453705 79.89263153
87100.0000  81.47866058 80.78688049
87200.0000  81.22329712 81.17683411
87300.0000  81.99247742 79.64469147
87400.0000  81.68325806 80.26534271
87500.0000  81.91018677 79.87208557
87600.0000  81.54372406 80.18054199
87700.0000  81.22203827 80.78281403
87800.0000  80.74140930 81.94062805
87900.0000  81.12282562 81.26644135
88000.0000  81.03816223 81.24576569
88100.0000  81.27481079 80.89789581
88200.0000  81.59309387 80.74249268
88300.0000  81.40059662 80.74818420
88400.0000  81.14233398 81.38619995
88500.0000  81.31839752 81.10444641
88600.0000  81.45980835 80.36839294
88700.0000  81.56635284 80.33181000
88800.0000  81.54209900 80.51342010
88900.0000  81.51173401 80.05123138
89000.0000  82.39337921 78.95336914
89100.0000  82.20802307 79.10346222
89200.0000  82.17082214 79.01157379
89300.0000  82.13127899 79.24446869
89400.0000  81.54048157 80.13607788
89500.0000  81.62563324 80.39494324
89600.0000  81.18584442 81.06678772
89700.0000  82.35188293 78.72870636
89800.0000  82.65792084 78.44084167
89900.0000  82.65969086 78.25995636
90000.0000  82.92924500 77.66142273
90100.0000  82.33783722 78.89965820
90200.0000  81.44751740 80.38199615
90300.0000  81.73020172 79.74518585
90400.0000  81.91375732 79.48658752
90500.0000  81.95983124 79.40118408
90600.0000  81.97968292 79.69790649
90700.0000  81.82489014 79.89592743
90800.0000  81.83183289 80.11776733
90900.0000  81.50402069 80.25669098
91000.0000  81.51809692 80.52191925
91100.0000  82.55802155 78.50485992
91200.0000  82.62246704 78.61313629
91300.0000  82.19959259 78.98197937
91400.0000  81.71064758 80.11216736
91500.0000  81.61968231 80.29972076
91600.0000  81.67507172 80.37944031
91700.0000  81.84162140 80.02203369
91800.0000  81.20005798 81.21191406
91900.0000  81.26719666 80.80864716
92000.0000  81.01776886 81.23622131
92100.0000  80.35987854 82.66426086
92200.0000  80.94559479 81.97647858
92300.0000  80.74493408 81.67502594
92400.0000  81.13364410 81.24431610
92500.0000  81.71224976 80.28070068
92600.0000  81.89715576 79.57192230
92700.0000  81.55903625 80.35772705
92800.0000  82.17719269 79.31812286
92900.0000  81.91527557 79.65214539
93000.0000  81.94975281 79.38481140
93100.0000  81.89187622 79.63875580
93200.0000  81.41834259 80.65748596
93300.0000  81.51162720 80.31361389
93400.0000  81.51736450 80.68521118
93500.0000  82.12380219 79.46295166
93600.0000  81.46244812 80.44273376
93700.0000  81.36672974 80.46166992
93800.0000  81.53286743 80.07072449
93900.0000  81.06179810 80.97734070
94000.0000  81.63402557 80.76088715
94100.0000  81.53121185 79.94608307
94200.0000  81.57502747 80.35144043
94300.0000  82.07389832 79.86780548
94400.0000  81.69979095 80.44288635
94500.0000  80.71119690 82.08972168
94600.0000  80.99560547 81.49768829
94700.0000  81.12876129 81.33105469
94800.0000  81.12588501 81.32362366
94900.0000  81.60517883 80.37649536
95000.0000  81.18462372 81.28979492
95100.0000  81.00048065 81.14817810
95200.0000  81.50283051 80.71997070
95300.0000  80.86925507 81.56874084
95400.0000  81.20025635 81.04415131
95500.0000  80.74710846 81.64454651
95600.0000  80.84503174 81.99218750
95700.0000  80.65049744 82.36883545
95800.0000  80.50370026 82.21363831
95900.0000  80.35623169 82.57231140
96000.0000  80.36967468 82.72335052
96100.0000  80.43877411 82.81288147
96200.0000  80.26412201 82.64766693
96300.0000  79.87213898 83.98947906
96400.0000  80.44173431 82.67565918
96500.0000  80.72151947 82.24723053
96600.0000  80.87327576 81.51631165
96700.0000  80.19329071 83.04808807
96800.0000  80.51020813 81.89345551
96900.0000  80.44338226 82.72750854
97000.0000  80.26070404 82.88168335
97100.0000  80.36888885 82.83041382
97200.0000  80.44804382 82.31673431
97300.0000  80.30045319 82.93830109
97400.0000  79.86103821 83.57962799
97500.0000  79.64649963 84.13034058
97600.0000  80.27525330 83.15522003
97700.0000  80.59678650 82.27054596
97800.0000  80.39431763 82.77057648
97900.0000  80.76209259 81.91279602
98000.0000  80.74932861 81.78841400
98100.0000  80.95805359 80.99586487
98200.0000  80.28251648 82.96891022
98300.0000  80.48751831 82.59983063
98400.0000  80.76758575 81.69665527
98500.0000  80.80436707 81.74975586
98600.0000  80.78707886 81.76072693
98700.0000  80.70378113 82.29877472
98800.0000  80.53791046 82.58103943
98900.0000  79.99867249 83.51088715
99000.0000  79.52934265 84.87815857
99100.0000  79.85719299 83.85122681
99200.0000  79.99467468 83.42721558
99300.0000  80.31935883 83.00998688
99400.0000  80.47888947 82.57671356
99500.0000  80.48329163 82.94661713
99600.0000  80.87375641 81.75337982
99700.0000  80.05064392 83.25506592
99800.0000  80.58929443 82.23888397
99900.0000  80.27638245 82.79120636
100000.0000  80.12136841 82.98385620
100100.0000  80.33466339 82.73936462
100200.0000  80.24519348 83.24133301
100300.0000  80.24352264 83.39192200
100400.0000  80.57540894 82.15516663
100500.0000  80.90264893 81.54777527
100600.0000  81.23490906 81.10086060
100700.0000  80.58045197 82.68035126
100800.0000  80.96311951 81.50348663
100900.0000  79.98968506 83.26732635
101000.0000  80.53208160 82.29994965
101100.0000  80.75376892 81.74362183
101200.0000  80.68023682 81.91706848
101300.0000  80.89791107 81.68379974
101400.0000  80.73609161 82.03087616
101500.0000  81.38887024 81.16142273
101600.0000  81.39726257 80.63747406
101700.0000  81.18954468 81.12072754
101800.0000  81.85471344 79.83135223
101900.0000  81.76365662 80.06385040
102000.0000  81.31732941 81.10449219
102100.0000  80.47232056 82.59899902
102200.0000  80.92599487 81.63108063
102300.0000  81.42370605 80.35311890
102400.0000  80.95577240 81.58969879
102500.0000  81.24267578 81.04014587
102600.0000  80.82690430 81.64408875
102700.0000  81.02896118 81.35944366
102800.0000  80.60703278 82.23500061
102900.0000  81.16006470 80.97387695
103000.0000  80.44509888 82.34152985
103100.0000  80.60757446 82.13225555
103200.0000  81.61738586 80.32151794
103300.0000  81.09112549 81.57058716
103400.0000  81.62356567 80.20024109
103500.0000  81.34999084 81.09259033
103600.0000  81.65840912 80.43793488
103700.0000  81.36246490 80.58112335
103800.0000  81.45415497 80.75537872
103900.0000  81.58738708 80.38307190
104000.0000  81.25712585 80.98260498
104100.0000  81.61228180 80.45119476
104200.0000  81.15527344 81.14035797
104300.0000  81.00273132 81.57048035
104400.0000  80.50271606 82.77777863
104500.0000  80.83009338 81.68186951
104600.0000  81.28163147 81.15996552
104700.0000  81.29097748 80.90007019
104800.0000  81.48624420 80.71015167
104900.0000  81.66542816 80.16351318
105000.0000  81.71982574 79.65209198
105100.0000  81.22915649 80.98721313
105200.0000  81.01538086 81.59466553
105300.0000  80.76190186 81.66792297
105400.0000  81.57710266 80.27436066
105500.0000  81.38973236 80.82886505
105600.0000  80.94326782 81.26771545
105700.0000  81.11324310 81.27918243
105800.0000  81.35985565 80.83404541
105900.0000  81.17539978 81.07108307
106000.0000  81.53678131 80.34666443
106100.0000  81.46126556 80.44876099
106200.0000  81.50132751 80.80570984
106300.0000  81.33991241 80.58769989
106400.0000  81.33128357 80.98036957
106500.0000  81.36668396 80.97357178
106600.0000  80.87423706 82.04720306
106700.0000  80.70143890 82.08789062
106800.0000  80.99188995 81.78279114
106900.0000  81.46504211 80.63831329
107000.0000  80.66896057 82.09964752
107100.0000  81.13964081 81.11146545
107200.0000  81.26540375 80.89150238
107300.0000  81.75100708 79.73065186
107400.0000  81.66703796 80.13311768
107500.0000  81.65667725 80.18643188
107600.0000  81.61635590 80.47277832
107700.0000  81.87385559 79.80879211
107800.0000  81.16050720 81.03359222
107900.0000  81.07933044 81.17030334
108000.0000  80.61890411 82.06068420
108100.0000  80.74224854 82.17919159
108200.0000  81.04536438 81.55819702
108300.0000  80.75195312 82.25665283
108400.0000  80.60576630 82.35325623
108500.0000  80.76186371 82.00384521
108600.0000  80.89748383 82.05747986
108700.0000  80.45310211 82.44754791
108800.0000  80.76111603 82.34364319
108900.0000  80.39376831 82.73827362
109000.0000  81.12602997 81.25758362
109100.0000  80.91373444 81.87885284
109200.0000  80.93536377 81.65126038
109300.0000  80.62252808 82.29078674
109400.0000  81.42539978 80.83110046
109500.0000  81.70441437 80.11775208
109600.0000  81.27062988 81.06806946
109700.0000  81.56747437 80.37660217
109800.0000  81.69208527 80.13246155
109900.0000  82.08426666 79.27296448
110000.0000  81.63305664 80.37232971
110100.0000  81.91455078 79.83201599
110200.0000  81.91844177 79.78808594
110300.0000  82.04751587 79.81915283
110400.0000  81.66179657 79.95635223
110500.0000  81.69277954 79.87873840
110600.0000  81.79431915 80.47676849
110700.0000  81.60694122 80.30476379
110800.0000  82.09982300 79.92150116
110900.0000  82.02742004 79.50821686
111000.0000  82.11007690 79.11558533
111100.0000  81.74034882 79.96943665
111200.0000  81.74504089 79.85116577
111300.0000  82.90829468 78.28848267
111400.0000  82.57366180 78.28602600
111500.0000  82.75756073 78.10793304
111600.0000  82.81108093 78.02957153
111700.0000  82.38514709 79.24323273
111800.0000  82.51043701 78.29644012
111900.0000  82.27001190 79.02854919
112000.0000  82.00213623 79.47109985
112100.0000  82.63949585 77.99578094
112200.0000  82.75573730 78.01763916
112300.0000  82.62977600 78.16632843
112400.0000  83.28013611 77.40391541
112500.0000  83.35157776 77.08955383
112600.0000  83.22257996 77.12392426
112700.0000  83.39601135 76.87685394
112800.0000  83.32454681 77.15788269
112900.0000  83.82941437 76.32098389
113000.0000  82.74958801 78.13323212
113100.0000  82.94528198 77.78615570
113200.0000  82.49419403 78.34095764
113300.0000  82.42848206 78.89601898
113400.0000  81.84742737 79.65290833
113500.0000  82.77043152 78.28546906
113600.0000  83.24319458 77.47726440
113700.0000  82.76589203 78.17900085
113800.0000  82.63167572 78.48512268
113900.0000  82.03072357 79.23856354
114000.0000  83.05616760 78.12700653
114100.0000  82.98521423 77.90755463
114200.0000  82.45182800 78.47795868
114300.0000  82.35587311 78.83682251
114400.0000  81.10632324 81.33278656
114500.0000  82.28761292 79.36611176
114600.0000  81.68025970 80.56072235
114700.0000  82.17016602 78.97526550
114800.0000  82.52967834 78.69835663
114900.0000  82.06238556 79.69481659
115000.0000  81.52320099 80.33158112
115100.0000  82.09884644 79.44804382
115200.0000  82.09259796 79.49842834
115300.0000  82.10727692 79.22741699
115400.0000  82.49217224 78.42192841
115500.0000  82.50247192 78.63710785
115600.0000  82.29755402 79.00950623
115700.0000  82.90461731 78.02206421
115800.0000  82.53462982 78.40589905
115900.0000  83.17473602 77.03759003
116000.0000  83.17988586 77.84410858
116100.0000  83.00373077 77.57704926
116200.0000  83.02872467 77.46855927
116300.0000  83.12239838 77.31693268
116400.0000  83.20928955 77.59674835
116500.0000  82.98915863 77.68733978
116600.0000  83.18682861 77.54077148
116700.0000  82.63537598 78.43506622
116800.0000  82.57465363 78.88356018
116900.0000  82.08819580 79.15325928
117000.0000  82.35614014 78.90030670
117100.0000  82.75397491 77.85910797
117200.0000  82.76148987 78.29911804
117300.0000  82.48042297 78.58205414
117400.0000  82.71955872 78.07419586
117500.0000  82.83690643 77.91619110
117600.0000  83.48777008 76.98595428
117700.0000  82.97538757 77.74179077
117800.0000  83.14094543 77.42535400
117900.0000  83.04335022 77.84494781
118000.0000  83.47454071 77.02534485
118100.0000  83.14194489 77.18860626
118200.0000  83.40033722 77.20364380
118300.0000  82.41355133 79.03075409
118400.0000  82.23838043 79.05902100
118500.0000  82.27693176 79.31237793
118600.0000  81.79385376 79.81679535
118700.0000  82.29340363 79.47188568
118800.0000  82.80551147 78.16453552
118900.0000  81.85963440 79.43567657
119000.0000  82.17743683 79.31119537
119100.0000  82.04178619 79.63208771
119200.0000  81.91014099 79.89727783
119300.0000  81.81690979 79.82530212
119400.0000  81.44538116 80.44915009
119500.0000  81.35856628 80.78826904
119600.0000  80.71626282 81.95079803
119700.0000  81.22731018 80.90694427
119800.0000  81.59390259 80.28213501
119900.0000  81.86049652 79.82994843
120000.0000  81.55859375 80.47222137
120100.0000  80.92780304 81.55157471
120200.0000  81.66515350 79.86922455
120300.0000  81.15592194 80.67274475
120400.0000  81.88439178 79.36860657
120500.0000  81.92843628 79.76341248
120600.0000  81.74929810 79.96520996
120700.0000  81.05712128 81.42642212
120800.0000  81.54885864 80.68870544
120900.0000  81.41285706 80.53531647
121000.0000  81.03811646 81.25405884
121100.0000  81.46091461 80.59097290
121200.0000  81.57423401 80.44067383
121300.0000  81.30760193 81.32400513
121400.0000  81.53067017 80.59317780
121500.0000  81.46587372 80.78360748
121600.0000  81.28373718 80.93270874
121700.0000  81.88542175 79.66858673
121800.0000  81.18602753 80.83449554
121900.0000  81.46037292 80.59301758
122000.0000  81.49272156 80.24964142
122100.0000  81.85989380 79.38959503
122200.0000  81.77246094 80.16133118
122300.0000  81.77572632 80.10252380
122400.0000  82.49510193 78.66662598
122500.0000  81.48789215 80.66850281
122600.0000  81.99511719 79.54659271
122700.0000  82.31499481 78.82243347
122800.0000  82.60513306 78.42474365
122900.0000  82.18430328 79.19508362
123000.0000  82.54862976 78.18058014
123100.0000  82.58152771 78.49008179
123200.0000  82.09243774 79.31942749
123300.0000  82.27732849 78.95367432
123400.0000  82.27461243 79.10425568
123500.0000  81.88008118 79.97861481
123600.0000  81.77853394 80.05052185
123700.0000  81.89338684 79.75313568
123800.0000  81.61512756 80.42755127
123900.0000  81.69700623 79.58496094
124000.0000  81.98283386 79.71450043
124100.0000  81.15725708 81.36605835
124200.0000  81.60770416 80.07816315
124300.0000  81.55538940 80.35060120
124400.0000  81.66573334 80.45867157
124500.0000  81.15469360 81.20167542
124600.0000  81.49947357 80.49900818
124700.0000  81.45045471 81.07154083
124800.0000  81.11171722 81.28221130
124900.0000  81.15635681 80.96843719
125000.0000  82.02853394 79.79689026
125100.0000  81.51268768 80.67749023
125200.0000  81.19935608 81.16233063
125300.0000  81.57559204 80.58047485
125400.0000  81.35099792 80.81567383
125500.0000  81.15034485 81.15792847
125600.0000  81.61398315 80.36808777
125700.0000  81.25819397 80.72331238
125800.0000  81.48437500 80.44978333
125900.0000  81.92671967 79.60174561
126000.0000  82.27486420 79.05257416
126100.0000  82.09739685 79.53214264
126200.0000  82.40402985 78.89329529
126300.0000  81.95428467 79.53305817
126400.0000  82.19071198 79.01431274
126500.0000  81.09566498 81.38472748
126600.0000  81.76013947 80.13925171
126700.0000  82.12988281 79.54969788
126800.0000  81.94374084 79.75527954
126900.0000  81.22987366 81.21078491
127000.0000  81.43952179 80.84735870
127100.0000  81.57299042 80.28253174
127200.0000  81.60583496 80.23075867
127300.0000  81.34629822 80.74188232
127400.0000  81.04091644 81.48838806
127500.0000  81.28050995 80.89270782
127600.0000  81.14811707 81.22211456
127700.0000  81.41757202 80.55227661
127800.0000  81.93809509 79.60701752
127900.0000  81.78407288 79.99567413
128000.0000  82.13000488 79.45560455
128100.0000  81.67181396 80.34201813
128200.0000  81.34787750 81.00964355
128300.0000  81.40770721 80.40825653
128400.0000  81.50453186 80.49610138
128500.0000  81.31616211 81.15875244
128600.0000  81.96471405 79.47074127
128700.0000  81.40880585 80.76065063
128800.0000  81.81234741 79.71414948
128900.0000  81.63459015 80.27484894
129000.0000  81.97491455 79.74839020
129100.0000  81.54061890 80.41481781
129200.0000  81.04029846 81.74122620
129300.0000  82.09380341 79.39148712
129400.0000  82.09492493 79.29143524
129500.0000  81.47179413 80.38438416
129600.0000  81.29501343 80.59750366
129700.0000  82.09814453 79.69671631
129800.0000  82.20765686 79.10690308
129900.0000  81.74281311 79.96481323
130000.0000  81.51904297 80.46945190
130100.0000  82.22729492 78.77284241
130200.0000  81.75854492 80.24338531
130300.0000  82.05203247 79.49002075
130400.0000  81.13254547 81.19552612
130500.0000  80.80130005 81.89282227
130600.0000  81.20758820 81.45364380
130700.0000  81.23828888 81.53556061
130800.0000  81.23851013 81.27635956
130900.0000  81.25670624 80.54333496
131000.0000  81.24064636 80.93325806
131100.0000  81.46252441 80.83982849
131200.0000  81.07219696 81.30561829
131300.0000  81.04220581 81.09574890
131400.0000  81.53463745 80.43221283
131500.0000  81.54176331 80.72958374
131600.0000  81.40793610 81.04158020
131700.0000  81.70211792 80.26958466
131800.0000  81.50940704 80.31264496
131900.0000  81.32070923 80.71972656
132000.0000  81.97459412 79.70419312
132100.0000  81.50122833 80.29066467
132200.0000  81.73143005 80.01250458
132300.0000  82.39691925 78.61102295
132400.0000  81.73426819 79.98110199
132500.0000  81.88819885 79.63944244
132600.0000  82.03765106 79.37894440
132700.0000  81.79777527 79.99622345
132800.0000  81.76611328 80.14929199
132900.0000  81.64932251 80.00151825
133000.0000  81.66191101 80.11214447
133100.0000  81.15600586 80.92295837
133200.0000  81.36962891 80.70401001
133300.0000  81.86129761 79.74394989
133400.0000  81.35832214 80.71072388
133500.0000  81.65920258 80.16497803
133600.0000  81.83531952 79.91656494
133700.0000  81.12661743 81.46101379
133800.0000  81.24461365 80.88680267
133900.0000  81.25970459 81.11009216
134000.0000  81.31638336 80.78228760
134100.0000  80.83300781 81.63463593
134200.0000  81.06138611 81.82440186
134300.0000  80.64102936 82.13276672
134400.0000  80.50292206 82.27089691
134500.0000  81.11640167 81.51654053
134600.0000  81.33604431 80.80450439
134700.0000  81.60067749 80.50323486
134800.0000  81.16851044 81.05915833
134900.0000  81.08644104 81.32542419
135000.0000  81.43833923 80.96223450
135100.0000  81.94251251 79.85243988
135200.0000  81.27037811 80.62332916
135300.0000  81.11891937 81.05218506
135400.0000  81.20261383 81.11486816
135500.0000  81.09339905 81.17034912
135600.0000  81.55381775 80.31826782
135700.0000  80.94504547 81.57847595
135800.0000  80.68789673 82.17491150
135900.0000  80.83601379 81.63039398
136000.0000  80.68388367 82.47115326
136100.0000  80.22308350 82.87860870
136200.0000  80.72101593 82.07770538
136300.0000  80.40374756 82.85732269
136400.0000  80.16059113 83.04251862
136500.0000  80.13415527 82.97077179
136600.0000  80.37876129 82.46907043
136700.0000  80.88201904 81.68618011
136800.0000  80.53874207 82.38234711
136900.0000  80.89733887 81.63880920
137000.0000  81.07061768 81.11430359
137100.0000  81.19658661 81.07758331
137200.0000  81.91827393 80.29504395
137300.0000  80.92488098 81.68554688
137400.0000  81.12837982 81.10619354
137500.0000  81.56035614 80.84380341
137600.0000  81.56896973 80.33496857
137700.0000  81.48064423 80.27906799
137800.0000  81.81031799 79.82499695
137900.0000  82.40823364 78.73108673
138000.0000  81.72982025 79.95500946
138100.0000  81.66419220 80.26844788
138200.0000  81.59046173 80.45475006
138300.0000  81.23207855 80.80952454
138400.0000  81.77413940 79.73910522
138500.0000  82.06294250 79.59679413
138600.0000  81.92816162 79.68136597
138700.0000  81.59112549 80.28091431
138800.0000  81.82150269 79.87577820
138900.0000  82.19101715 79.18385315
139000.0000  81.40570831 80.24994659
139100.0000  81.44958496 80.75646210
139200.0000  81.68560791 79.94882965
139300.0000  81.44924927 80.78293610
139400.0000  81.92055511 79.58853149
139500.0000  82.42987061 78.74722290
139600.0000  82.30683136 79.02297974
139700.0000  82.38601685 78.74299622
139800.0000  82.00186157 79.33795929
139900.0000  82.26100159 79.06192780
140000.0000  82.52330780 78.48923492
140100.0000  81.98009491 79.35309601
140200.0000  81.67091370 80.16788483
140300.0000  81.90080261 79.59090424
140400.0000  82.42832947 78.58208466
140500.0000  82.56234741 78.73989868
140600.0000  82.31137085 79.17217255
140700.0000  82.50975800 78.49958038
140800.0000  81.61523438 80.43212891
140900.0000  81.81797791 79.84318542
141000.0000  81.53065491 80.46508026
141100.0000  81.09836578 81.06230164
141200.0000  81.65710449 80.33679199
141300.0000  81.71509552 79.77030945
141400.0000  81.71958923 80.07241058
141500.0000  81.30097961 80.49724579
141600.0000  81.80030823 80.08078003
141700.0000  82.19009399 79.31164551
141800.0000  82.16584015 79.10382080
141900.0000  81.86232758 79.62081146
142000.0000  82.51678467 78.72723389
142100.0000  81.76882935 79.84322357
142200.0000  81.97002411 79.82661438
142300.0000  81.92607117 79.64598846
142400.0000  82.00747681 79.70067596
142500.0000  81.61412048 80.26145172
142600.0000  81.66335297 80.12992859
142700.0000  82.23373413 79.37380981
142800.0000  81.81481934 80.46807861
142900.0000  81.44068909 80.38990784
143000.0000  81.39831543 80.62931061
143100.0000  81.34474182 80.53595734
143200.0000  81.50467682 80.53739929
143300.0000  81.87416077 79.72527313
143400.0000  81.60366821 80.38379669
143500.0000  81.75559235 80.09434509
143600.0000  81.52687073 80.23913574
143700.0000  81.56977844 80.41580963
143800.0000  81.71241760 80.23017120
143900.0000  81.91546631 79.44833374
144000.0000  81.79763031 79.68553162
144100.0000  81.62768555 80.34618378
144200.0000  81.61882019 80.33604431
144300.0000  82.71586609 78.55123901
144400.0000  81.07659149 81.34460449
144500.0000  81.58461761 80.09289551
144600.0000  81.24845886 81.22465515
144700.0000  81.65222168 80.41685486
144800.0000  81.37409973 80.56381989
144900.0000  81.78897858 79.97181702
145000.0000  81.97717285 79.33085632
145100.0000  82.07072449 79.52623749
145200.0000  82.10953522 79.54665375
145300.0000  81.49603271 80.86219025
145400.0000  81.56617737 80.48892975
145500.0000  81.25584412 80.92193604
145600.0000  81.31378937 80.95467377
145700.0000  81.24549866 81.19123840
145800.0000  81.14315033 81.46830750
145900.0000  81.20911407 81.16734314
146000.0000  80.70743561 82.12429047
146100.0000  81.39575958 80.67798615
146200.0000  81.55180359 80.91558838
146300.0000  81.71099854 80.16610718
146400.0000  82.26531982 79.00612640
146500.0000  81.28090668 80.93017578
146600.0000  81.61526489 80.34089661
146700.0000  81.52469635 80.28451538
146800.0000  81.60452271 80.59253693
146900.0000  81.63790894 80.11672974
147000.0000  81.69699860 80.26394653
147100.0000  81.50407410 80.31757355
147200.0000  81.43861389 80.66368866
147300.0000  81.22332764 81.10751343
147400.0000  81.48059845 80.83059692
147500.0000  81.59484100 80.15806580
147600.0000  81.13105011 81.07535553
147700.0000  82.02523804 79.80912018
147800.0000  81.74302673 80.41284180
147900.0000  81.88065338 79.78800964
148000.0000  81.51988983 80.21049500
148100.0000  81.86056519 80.06613922
148200.0000  82.18753052 79.28453064
148300.0000  81.83990479 79.38296509
148400.0000  81.53604126 80.47810364
148500.0000  81.56208038 80.53523254
148600.0000  81.26699829 81.06232452
148700.0000  81.92498779 79.46549988
148800.0000  82.08776855 79.52160645
148900.0000  81.42773438 80.37414551
149000.0000  81.93161011 79.90872192
149100.0000  81.71233368 80.22887421
149200.0000  81.30114746 80.93611145
149300.0000  81.38245392 80.52198792
149400.0000  82.16702271 79.20491028
149500.0000  82.00989532 79.61017609
149600.0000  82.40443420 78.75780487
149700.0000  81.79598999 80.07012939
149800.0000  81.31761169 80.76168060
149900.0000  81.45001221 80.95500946
150000.0000  81.28426361 80.80551147
150100.0000  81.46070862 80.45322418
150200.0000  81.46624756 80.34130096
150300.0000  80.70571899 82.08377838
150400.0000  80.66005707 82.37067413
150500.0000  79.90942383 83.89464569
150600.0000  80.86849213 82.17904663
150700.0000  81.14491272 81.47724152
150800.0000  80.90240479 81.98540497
150900.0000  81.13142395 81.03793335
151000.0000  80.71465302 82.27557373
151100.0000  80.79820251 81.68022156
151200.0000  80.56939697 82.30239868
151300.0000  80.23848724 83.12216187
151400.0000  80.77581787 81.95155334
151500.0000  80.44940948 82.91877747
151600.0000  80.46492004 82.32536316
151700.0000  80.48878479 82.44220734
151800.0000  80.77388000 81.91629028
151900.0000  80.66772461 82.30288696
152000.0000  80.71814728 82.01065063
152100.0000  80.97259521 81.63107300
152200.0000  81.02758789 81.16503906
152300.0000  81.80886078 80.17710876
152400.0000  81.73350525 79.93070984
152500.0000  81.78115082 80.14354706
152600.0000  81.93006897 80.22785187
152700.0000  81.58843994 80.54476929
152800.0000  81.33309174 81.06487274
152900.0000  81.09751892 81.58029175
153000.0000  80.54054260 82.27372742
153100.0000  80.24064636 83.27880859
153200.0000  80.63934326 82.58688354
153300.0000  80.65903473 82.24507141
153400.0000  80.77629089 82.02453613
153500.0000  81.04263306 81.39301300
153600.0000  80.39875793 82.73417664
153700.0000  80.74468994 82.04883575
153800.0000  81.33201599 81.08804321
153900.0000  81.51980591 80.50407410
154000.0000  81.84646606 80.00354767
154100.0000  81.57039642 80.08041382
154200.0000  81.45165253 80.65374756
154300.0000  80.87876129 81.55035400
154400.0000  80.99739075 81.06678772
154500.0000  81.37328339 80.35778046
154600.0000  81.80650330 80.13400269
154700.0000  81.29813385 81.14531708
154800.0000  81.91404724 79.71505737
154900.0000  81.15019989 81.06095123
155000.0000  81.06296539 81.21943665
155100.0000  80.42023468 82.93067169
155200.0000  80.45714569 82.56413269
155300.0000  80.61646271 82.06315613
155400.0000  80.44859314 82.34726715
155500.0000  80.64728546 82.24640656
155600.0000  80.96817017 81.76044464
155700.0000  80.40871429 82.60219574
155800.0000  80.67765045 82.14687347
155900.0000  80.83111572 82.04176331
156000.0000  80.93838501 81.53641510
156100.0000  80.85349274 82.21443939
156200.0000  80.51766205 82.30671692
156300.0000  81.68560028 80.60008240
156400.0000  80.87990570 81.91149902
156500.0000  81.02046204 81.41371918
156600.0000  80.54727173 82.03108978
156700.0000  80.42959595 82.50987244
156800.0000  80.45343018 82.85321045
156900.0000  79.58680725 84.34944153
157000.0000  80.28517151 82.99164581
157100.0000  79.77688599 83.90578461
157200.0000  79.81867218 83.88784790
157300.0000  79.93719482 83.62937927
157400.0000  80.16685486 83.22075653
157500.0000  79.86844635 83.33306122
157600.0000  80.57396698 82.10787964
157700.0000  80.12837219 83.17809296
157800.0000  80.10097504 82.99525452
157900.0000  80.73965454 82.34257507
158000.0000  80.41686249 82.69181824
158100.0000  80.86920929 82.00325012
158200.0000  80.48825073 82.28122711
158300.0000  80.38626862 82.61223602
158400.0000  80.13238525 83.74670410
158500.0000  80.34350586 82.86006165
158600.0000  80.75507355 81.78473663
158700.0000  80.64686584 82.13561249
158800.0000  80.33631897 82.70745087
158900.0000  80.23493958 82.85353851
159000.0000  79.81692505 83.37442017
159100.0000  80.72377014 82.34799194
159200.0000  80.82412720 82.30879211
159300.0000  80.40870667 82.29042816
159400.0000  80.65608978 82.23502350
159500.0000  80.15182495 83.45435333
159600.0000  80.28349304 83.01115417
159700.0000  80.24161530 83.03962708
159800.0000  80.92927551 81.68045807
159900.0000  80.71121979 82.30797577
160000.0000  80.32172394 82.41123962
160100.0000  79.92560577 83.25844574
160200.0000  80.29307556 82.81861877
160300.0000  80.33819580 82.79541016
160400.0000  80.43231201 82.87271118
160500.0000  80.01338959 83.17557526
160600.0000  80.74919891 81.71870422
160700.0000  80.82497406 81.74068451
160800.0000  80.51559448 82.13164520
160900.0000  81.13713074 81.21120453
161000.0000  80.99009705 81.71945190
161100.0000  81.75813293 79.77420044
161200.0000  81.75667572 80.09811401
161300.0000  81.98380280 79.89281464
161400.0000  81.65863037 80.18572998
161500.0000  81.11335754 81.16430664
161600.0000  81.62876892 80.05016327
161700.0000  81.96034241 79.65065765
161800.0000  81.08199310 81.80567932
161900.0000  80.92338562 81.56021118
162000.0000  81.07440948 81.42526245
162100.0000  81.11376953 81.46167755
162200.0000  80.80195618 81.75032806
162300.0000  81.29771423 80.58432770
162400.0000  81.15378571 80.97983551
162500.0000  81.65084076 79.97701263
162600.0000  81.45056915 80.21499634
162700.0000  81.54136658 80.38778687
162800.0000  81.53522491 80.54497528
162900.0000  82.01119232 79.86396027
163000.0000  81.89477539 79.62494659
163100.0000  81.15859222 81.13419342
163200.0000  81.44043732 80.20146179
163300.0000  81.03697205 81.32976532
163400.0000  81.27528381 81.17825317
163500.0000  80.99948120 81.37328339
163600.0000  81.24028015 81.00325775
163700.0000  80.87538910 81.36308289
163800.0000  80.63597870 82.22257996
163900.0000  81.48809814 80.76547241
164000.0000  80.68231201 82.09450531
164100.0000  81.25444031 81.00872803
164200.0000  80.98503876 81.82283020
164300.0000  81.29075623 80.93605804
164400.0000  81.24163818 81.05227661
164500.0000  81.04148865 81.35591125
164600.0000  81.93721771 80.01927185
164700.0000  81.47305298 80.83129883
164800.0000  81.29807281 80.70057678
164900.0000  80.83710480 81.69043732
165000.0000  81.60712433 80.33636475
165100.0000  80.94807434 81.38922119
165200.0000  80.94482422 81.35016632
165300.0000  81.36966705 80.73500824
165400.0000  81.53217316 80.26490784
165500.0000  81.55335236 80.27539062
165600.0000  81.79269409 80.25517273
165700.0000  82.04811859 79.92707062
165800.0000  81.64935303 80.14324951
165900.0000  82.09980011 79.54209900
166000.0000  81.87582397 79.43695831
166100.0000  81.99415588 79.66307068
166200.0000  82.13761902 79.16896057
166300.0000  81.36814880 80.80505371
166400.0000  81.48108673 81.09211731
166500.0000  81.22943115 81.09698486
166600.0000  80.88278961 81.53495789
166700.0000  81.00442505 81.69627380
166800.0000  81.12203979 81.34268951
166900.0000  81.21483612 81.21994019
167000.0000  81.59378815 80.56898499
167100.0000  81.91860962 79.76421356
167200.0000  81.79981232 80.03868866
167300.0000  81.82353210 79.89067078
167400.0000  81.40937042 80.79513550
167500.0000  82.40087891 78.82868195
167600.0000  82.38629150 78.77854156
167700.0000  82.71678162 78.14067078
167800.0000  82.29996490 79.22335815
167900.0000  82.69122314 78.37798309
168000.0000  82.06164551 79.76933289
168100.0000  82.39594269 78.77836609
168200.0000  82.89282227 78.19595337
168300.0000  82.08451080 79.25592041
168400.0000  82.54253387 78.57246399
168500.0000  81.92230225 79.40494537
168600.0000  81.95553589 79.55053711
168700.0000  81.96777344 79.62622833
168800.0000  82.15529633 79.18719482
168900.0000  82.27711487 79.06716156
169000.0000  81.97351074 79.82563782
169100.0000  81.84733582 79.72289276
169200.0000  81.52366638 80.46084595
169300.0000  81.68918610 79.97100067
169400.0000  82.25964355 78.77700806
169500.0000  82.06407166 79.44673920
169600.0000  81.83422089 80.04332733
169700.0000  81.57588196 80.53041077
169800.0000  81.75532532 79.86273193
169900.0000  82.09137726 79.34652710
170000.0000  81.98237610 79.37608337
170100.0000  81.63420868 80.01551819
170200.0000  81.62482452 80.02539062
170300.0000  81.55715942 80.37580872
170400.0000  81.67420197 80.20607758
170500.0000  82.09120178 79.61483765
170600.0000  82.11333466 79.32041168
170700.0000  82.40922546 78.81480408
170800.0000  82.11000061 79.47978210
170900.0000  82.39318085 78.94236755
171000.0000  81.97648621 79.56909943
171100.0000  81.71540833 80.09649658
171200.0000  82.01126099 79.05183411
171300.0000  82.01270294 78.95826721
171400.0000  82.10578918 79.40727997
171500.0000  81.83531952 79.92126465
171600.0000  81.67813110 80.31589508
171700.0000  82.11344910 79.30834198
171800.0000  81.81044769 79.97177887
171900.0000  82.19676971 79.24050140
172000.0000  82.46734619 78.73152924
172100.0000  81.60290527 80.32494354
172200.0000  81.94908142 79.55418396
172300.0000  81.84414673 80.03648376
172400.0000  82.09477234 78.92688751
172500.0000  81.95742798 79.54051208
172600.0000  81.78111267 80.01208496
172700.0000  81.79864502 80.04777527
172800.0000  82.04608154 79.33206177
172900.0000  82.13522339 79.46315765
173000.0000  82.14297485 79.03516388
173100.0000  81.73066711 80.21726990
173200.0000  81.52912903 80.34754944
173300.0000  80.94696808 81.55719757
173400.0000  82.14157867 79.21236420
173500.0000  82.74089050 78.30166626
173600.0000  82.28306580 78.85901642
173700.0000  82.10120392 79.40260315
173800.0000  82.10221100 79.29351807
173900.0000  81.79077911 79.60416412
174000.0000  82.16047668 79.29148865
174100.0000  82.41484070 79.04873657
174200.0000  81.64196014 80.41020203
174300.0000  82.20085907 78.93182373
174400.0000  82.29750061 78.93643188
174500.0000  82.02925110 79.28050995
174600.0000  82.81060791 77.96302032
174700.0000  82.19003296 79.41351318
174800.0000  83.19129181 77.44205475
174900.0000  82.51387024 78.51802063
175000.0000  82.61059570 78.25262451
175100.0000  82.77596283 78.26467896
175200.0000  82.68931580 78.27243042
175300.0000  82.58296967 78.16923523
175400.0000  82.58906555 78.35435486
175500.0000  82.63771057 78.53562927
175600.0000  82.08724213 79.26509857
175700.0000  83.29448700 77.06394958
175800.0000  83.11460876 77.88989258
175900.0000  83.23104858 77.47768402
176000.0000  83.24642181 77.05551147
176100.0000  82.76437378 78.17636108
176200.0000  82.70961761 78.47475433
176300.0000  82.52040863 78.86698914
176400.0000  82.72139740 78.06533051
176500.0000  81.98960114 79.78684998
176600.0000  82.68425751 78.43791199
176700.0000  82.09385681 79.36564636
176800.0000  82.29122925 79.03150177
176900.0000  82.23400879 79.16389465
177000.0000  82.41390228 78.70546722
177100.0000  82.62564087 78.61122894
177200.0000  82.40456390 78.63513184
177300.0000  82.42178345 78.64928436
177400.0000  81.24176788 80.78075409
177500.0000  81.63265228 80.04754639
177600.0000  81.44912720 80.71119690
177700.0000  81.93763733 79.69647980
177800.0000  81.93467712 79.70601654
177900.0000  81.42762756 81.04058838
178000.0000  81.71264648 80.30373383
178100.0000  81.72438812 79.94110870
178200.0000  81.82154846 80.22944641
178300.0000  81.61044312 80.43486023
178400.0000  81.39400482 80.80651093
178500.0000  81.46572113 80.54969025
178600.0000  81.72123718 80.12775421
178700.0000  81.76901245 80.33744812
178800.0000  81.61299133 80.21568298
178900.0000  81.53836060 80.09072113
179000.0000  81.59096527 80.53599548
179100.0000  81.00596619 81.20883942
179200.0000  81.52008057 80.48992920
179300.0000  82.53543091 78.57884979
179400.0000  81.66091919 80.00135803
179500.0000  82.37496948 78.52698517
179600.0000  82.43683624 78.76438141
179700.0000  81.70483398 80.08494568
179800.0000  82.13166809 79.19821930
179900.0000  81.39816284 80.87851715
180000.0000  81.84745026 79.76214600
180100.0000  82.04220581 79.50318909
180200.0000  81.52085114 80.29893494
180300.0000  81.79505920 80.22911072
180400.0000  81.88461304 79.66549683
180500.0000  82.29016113 78.77718353
180600.0000  82.33650970 78.52557373
180700.0000  82.48520660 78.85905457
180800.0000  81.70947266 80.50065613
180900.0000  81.84711456 79.88491821
181000.0000  81.66893005 80.28694916
181100.0000  82.13074493 79.35795593
181200.0000  81.95257568 79.71014404
181300.0000  82.24358368 79.11213684
181400.0000  82.19075012 78.95280457
181500.0000  82.11607361 79.22480011
181600.0000  82.14104462 79.10047150
181700.0000  81.63101959 79.89788818
181800.0000  81.55387878 80.28412628
181900.0000  81.20034027 81.02873993
182000.0000  82.14047241 79.20657349
182100.0000  82.19412994 79.33380890
182200.0000  82.68000793 77.97402191
182300.0000  82.64562988 78.33840942
182400.0000  81.77715302 79.64062500
182500.0000  82.13058472 79.21051788
182600.0000  81.24571991 80.53602600
182700.0000  81.39206696 80.29915619
182800.0000  81.70312500 80.35801697
182900.0000  81.72478485 79.83737183
183000.0000  81.30219269 80.65505219
183100.0000  81.80434418 80.08426666
183200.0000  81.43748474 80.44598389
183300.0000  81.53332520 80.37825775
183400.0000  81.92701721 79.52823639
183500.0000  81.71922302 79.86781311
183600.0000  81.66535950 80.12726593
183700.0000  81.78869629 79.65316772
183800.0000  81.13697052 80.97505188
183900.0000  81.24002075 80.83171844
184000.0000  80.86165619 81.69895935
184100.0000  80.67372131 82.30647278
184200.0000  80.70618439 82.11090851
184300.0000  80.67394257 81.81499481
184400.0000  80.71122742 81.93619537
184500.0000  81.31526947 80.52275085
184600.0000  81.70510864 79.99535370
184700.0000  81.78604126 80.19557190
184800.0000  81.14912415 81.12286377
184900.0000  81.49802399 80.29046631
185000.0000  81.09678650 80.97946930
185100.0000  81.40731812 80.84585571
185200.0000  81.07003021 81.52807617
185300.0000  81.46302795 80.49690247
185400.0000  81.97821045 79.48995972
185500.0000  81.59073639 80.29551697
185600.0000  81.37572479 80.99938202
185700.0000  81.99741364 79.34895325
185800.0000  81.36452484 80.87402344
185900.0000  81.20079041 80.82780457
186000.0000  81.60561371 80.35019684
186100.0000  81.85478973 79.64478302
186200.0000  81.71295929 80.22904968
186300.0000  81.21527100 81.01338196
186400.0000  81.21806335 80.48764038
186500.0000  81.45519257 80.57597351
186600.0000  81.07456970 81.45079041
186700.0000  81.33797455 80.63340759
186800.0000  80.89822388 81.46666718
186900.0000  81.67951965 80.23520660
187000.0000  81.19010925 81.43901062
187100.0000  82.19592285 79.11611938
187200.0000  82.47368622 78.61200714
187300.0000  82.09439087 79.62590790
187400.0000  81.65283203 80.02658844
187500.0000  82.22113800 79.14991760
187600.0000  81.85207367 79.70459747
187700.0000  82.02522278 79.41823578
187800.0000  81.83544159 80.07930756
187900.0000  81.61027527 80.08259583
188000.0000  81.65788269 80.27481079
188100.0000  80.76524353 81.87368774
188200.0000  81.07382965 81.52561951
188300.0000  81.13430023 81.15766907
188400.0000  81.61633301 80.39871216
188500.0000  81.62976074 79.86951447
188600.0000  80.98953247 81.17787170
188700.0000  80.98227692 81.67013550
188800.0000  80.76519775 81.93035126
188900.0000  80.96644592 81.64996338
189000.0000  80.87881470 81.40824890
189100.0000  81.36383057 80.74917603
189200.0000  81.56510162 80.51013947
189300.0000  81.39407349 80.44145203
189400.0000  81.99751282 79.60220337
189500.0000  81.85150909 79.78224182
189600.0000  81.63706970 80.29814148
189700.0000  80.85298157 81.29377747
189800.0000  81.21878052 80.93444061
189900.0000  81.16577911 81.20953369
190000.0000  81.30761719 80.55637360
190100.0000  81.89431763 80.06816101
190200.0000  81.42607880 80.85991669
190300.0000  80.81156921 81.90051270
190400.0000  81.11256409 81.43997955
190500.0000  81.11692810 80.99841309
190600.0000  80.93550110 81.33329773
190700.0000  81.42935944 80.86905670
190800.0000  81.22077942 80.72775269
190900.0000  81.22552490 81.17199707
191000.0000  81.47412109 80.83659363
191100.0000  81.43294525 80.74890137
191200.0000  81.41204834 80.27287292
191300.0000  81.31285095 80.79165649
191400.0000  81.18936157 81.13204956
191500.0000  81.43875885 80.24708557
191600.0000  81.48315430 80.80224609
191700.0000  81.95338440 79.80682373
191800.0000  81.79844666 79.66490173
191900.0000  81.52252960 80.08789062
192000.0000  80.97245789 81.37625122
192100.0000  80.68141174 82.09201813
192200.0000  81.08468628 81.65566254
192300.0000  81.36466980 81.05197144
192400.0000  81.44671631 80.47013092
192500.0000  81.44335938 81.08949280
192600.0000  80.92007446 81.31907654
192700.0000  80.24209595 82.81772614
192800.0000  81.06406403 81.53002930
192900.0000  81.14645386 81.19431305
193000.0000  81.18574524 81.16817474
193100.0000  80.94921875 81.42260742
193200.0000  81.11980438 81.23505402
193300.0000  80.53121948 82.27698517
193400.0000  81.20608521 81.11107635
193500.0000  81.90406799 79.72959900
193600.0000  81.26869965 80.80857086
193700.0000  81.40183258 80.86703491
193800.0000  81.69264221 80.01038361
193900.0000  82.13555908 79.17392731
194000.0000  81.97544098 79.68400574
194100.0000  82.00554657 79.51329041
194200.0000  81.89475250 79.36428833
194300.0000  82.04719543 79.43962860
194400.0000  81.60236359 80.52061462
194500.0000  81.38820648 80.56819153
194600.0000  81.66658020 80.04898071
194700.0000  81.54396820 80.04203033
194800.0000  81.67583466 79.98747253
194900.0000  81.50733185 80.57221985
195000.0000  81.69231415 80.56960297
195100.0000  81.39097595 80.77403259
195200.0000  81.74835205 80.34277344
195300.0000  80.75393677 81.90844727
195400.0000  81.17930603 81.15044403
195500.0000  81.25578308 81.34869385
195600.0000  80.80664825 82.00158691
195700.0000  80.56411743 82.16917419
195800.0000  80.52031708 82.54862976
195900.0000  80.84497070 81.47715759
196000.0000  80.23049927 83.04455566
196100.0000  79.71789551 83.87096405
196200.0000  80.23932648 83.41081238
196300.0000  80.48548889 82.39533234
196400.0000  80.55136108 82.25234985
196500.0000  80.61862946 82.26266479
196600.0000  80.62664032 82.28938293
196700.0000  81.24694061 80.89237213
196800.0000  80.24031067 83.07128143
196900.0000  80.25760651 82.83188629
197000.0000  80.91549683 81.79439545
197100.0000  80.28054810 82.95455170
197200.0000  80.42267609 82.73716736
197300.0000  80.50389099 82.47962189
197400.0000  79.75360870 83.48948669
197500.0000  80.24383545 82.98577881
197600.0000  80.07328796 83.16357422
197700.0000  79.83370972 84.16527557
197800.0000  80.16338348 83.55014801
197900.0000  80.45185852 82.74346924
198000.0000  79.77131653 84.04712677
198100.0000  80.52554321 82.16960907
198200.0000  80.20359802 83.20305634
198300.0000  80.23670197 83.09823608
198400.0000  80.63892365 81.95867920
198500.0000  80.15130615 83.29786682
198600.0000  80.66381836 81.84523773
198700.0000  80.54272461 82.27504730
198800.0000  80.09243011 83.30906677
198900.0000  80.33016205 82.73129272
199000.0000  79.89090729 83.44613647
199100.0000  80.06140137 83.40356445
199200.0000  80.35660553 83.05001831
199300.0000  80.72104645 82.17134094
199400.0000  80.51934052 82.64068604
199500.0000  80.74077606 81.76919556
199600.0000  80.63816071 82.21228790
199700.0000  80.98753357 81.40840149
199800.0000  81.00399017 80.98580933
199900.0000  80.40235901 82.42037964
200000.0000  80.91365051 81.91908264
200100.0000  80.76391602 81.75652313
200200.0000  80.73956299 82.09212494
200300.0000  81.10700989 81.53346252
200400.0000  80.56191254 82.61114502
200500.0000  80.37293243 83.11489105
200600.0000  80.91709900 81.45658875
200700.0000  81.12204742 81.37664795
200800.0000  81.00315857 81.59770203
200900.0000  80.62488556 82.18122864
201000.0000  80.87055206 81.99757385
201100.0000  80.72438049 81.79584503
201200.0000  81.33865356 80.54084778
201300.0000  81.23572540 81.15378571
201400.0000  81.33770752 81.04865265
201500.0000  81.44772339 80.43153381
201600.0000  81.53132629 80.43448639
201700.0000  81.44622803 80.49404907
201800.0000  81.57731628 80.47531891
201900.0000  81.53482056 80.44445038
202000.0000  81.54231262 80.68808746
202100.0000  81.27790833 80.78726196
202200.0000  81.64309692 80.47225189
202300.0000  81.37416840 80.60682678
202400.0000  81.93899536 79.52091980
202500.0000  81.27686310 81.14537048
202600.0000  81.47702026 80.86634827
202700.0000  81.47758484 80.68329620
202800.0000  81.77200317 80.15580750
202900.0000  81.25468445 81.21789551
203000.0000  81.53802490 80.85633850
203100.0000  81.88134766 79.62668610
203200.0000  82.01475525 79.52226257
203300.0000  82.28156281 78.92897034
203400.0000  81.88523102 79.55731964
203500.0000  81.53437805 80.08411407
203600.0000  81.89923096 79.55458832
203700.0000  81.56484985 80.39616394
203800.0000  82.10298157 79.39143372
203900.0000  81.47361755 80.15081787
204000.0000  81.97762299 79.96772003
204100.0000  82.17758942 79.35135651
204200.0000  82.35432434 78.95339203
204300.0000  81.91122437 79.82945251
204400.0000  81.44604492 80.50398254
204500.0000  81.38624573 80.81778717
204600.0000  81.25508118 80.93177795
204700.0000  81.18019104 81.36501312
204800.0000  81.00319672 81.49674988
204900.0000  81.23503113 81.26003265
205000.0000  80.95038605 81.61441803
205100.0000  80.99192810 81.21825409
205200.0000  81.22456360 81.71676636
205300.0000  81.66199493 80.34672546
205400.0000  81.61897278 79.97129822
205500.0000  81.47597504 80.56112671
205600.0000  82.25375366 79.39874268
205700.0000  82.12329102 79.22802734
205800.0000  81.76095581 80.01412964
205900.0000  82.19044495 78.76416779
206000.0000  81.34353638 80.56777191
206100.0000  82.31141663 79.05762482
206200.0000  82.21693420 79.24398804
206300.0000  82.83288574 77.87112427
206400.0000  82.04399872 79.74687195
206500.0000  82.06378937 79.26169586
206600.0000  81.86492157 79.44338989
206700.0000  81.97290039 79.56386566
206800.0000  82.04624939 79.39139557
206900.0000  82.22985077 79.05178833
207000.0000  82.71183777 78.13531494
207100.0000  81.98159790 79.45914459
207200.0000  81.93037415 79.63265991
207300.0000  81.96224976 79.29969788
207400.0000  82.67248535 78.02934265
207500.0000  82.39323425 78.90106201
207600.0000  81.79985809 80.01778412
207700.0000  82.11040497 79.20300293
207800.0000  82.09938049 79.29563904
207900.0000  81.75273132 79.88465118
208000.0000  82.40811157 78.73509216
208100.0000  82.78436279 78.25472260
208200.0000  82.23760986 79.62120819
208300.0000  82.50688171 78.70282745
208400.0000  81.58850861 80.10105133
208500.0000  81.48894501 80.15803528
208600.0000  81.97836304 79.69521332
208700.0000  82.00054932 79.39929199
208800.0000  82.05806732 78.97537231
208900.0000  81.94702148 80.06773376
209000.0000  81.77313995 79.56254578
209100.0000  81.89582062 79.84700775
209200.0000  81.69024658 79.59380341
209300.0000  82.13142395 79.36081696
209400.0000  81.85337067 80.00548553
209500.0000  81.44524384 80.60484314
209600.0000  81.17729187 80.72973633
209700.0000  81.01414490 81.72542572
209800.0000  81.48243713 80.67198944
209900.0000  81.42635345 80.54119110
210000.0000  80.87001801 81.97817993
210100.0000  81.11773682 81.29071045
210200.0000  81.11886597 81.39289093
210300.0000  80.80477905 81.77231598
210400.0000  80.90244293 81.88629150
210500.0000  80.93296814 81.51281738
210600.0000  81.13182068 80.86205292
210700.0000  80.68791199 81.88605499
210800.0000  80.70183563 81.95735931
210900.0000  81.03486633 81.43359375
211000.0000  81.43825531 80.63505554
211100.0000  81.15350342 81.47660828
211200.0000  81.37257385 80.74761963
211300.0000  80.91078186 81.52085114
211400.0000  81.15856171 81.12956238
211500.0000  80.97416687 81.92542267
211600.0000  80.88571167 81.51877594
211700.0000  80.51519775 82.51092529
211800.0000  80.54042816 81.96568298
211900.0000  80.68955231 82.39342499
212000.0000  81.25062561 81.23178101
212100.0000  81.40231323 80.77843475
212200.0000  81.40717316 80.44815063
212300.0000  81.77715302 80.24647522
212400.0000  81.14955139 81.05109406
212500.0000  80.91345215 81.62260437
212600.0000  80.05259705 82.79078674
212700.0000  80.34278107 82.73249817
212800.0000  80.46585083 82.40319061
212900.0000  80.38064575 82.22095490
213000.0000  80.35572052 82.80207825
213100.0000  80.29502869 82.69441223
213200.0000  80.72689056 82.04613495
213300.0000  80.19938660 82.96659851
213400.0000  80.33423615 82.90910339
213500.0000  80.01953888 83.24626923
213600.0000  80.68955231 81.73730469
213700.0000  81.01172638 81.44158173
213800.0000  80.59890747 82.05477905
213900.0000  80.83413696 81.73078918
214000.0000  81.61452484 80.22423553
214100.0000  81.19904327 80.98484802
214200.0000  81.46755981 80.59310913
214300.0000  81.07285309 81.37978363
214400.0000  80.96725464 81.43746948
214500.0000  80.73116302 82.12919617
214600.0000  81.07640076 81.38766479
214700.0000  81.17263794 81.23870087
214800.0000  81.75440979 80.24285889
214900.0000  81.20619965 80.72518158
215000.0000  81.57637787 80.37232208
215100.0000  81.07157898 81.38880920
215200.0000  80.70610046 81.96591187
215300.0000  81.08312988 81.32248688
215400.0000  80.89469910 81.64214325
215500.0000  81.50550079 80.61318970
215600.0000  81.17401886 81.45745850
215700.0000  81.22429657 81.08079529
215800.0000  81.43746185 80.50737000
215900.0000  81.26918793 80.57406616
216000.0000  81.20505524 81.26223755
216100.0000  81.30067444 81.30028534
216200.0000  81.45722198 80.58360291
216300.0000  81.25865173 81.46902466
216400.0000  81.36275482 80.50021362
216500.0000  80.93441772 81.58358765
216600.0000  81.22463226 80.93972778
216700.0000  80.74916840 82.14976501
216800.0000  81.52291870 80.90452576
216900.0000  80.83757019 82.23755646
217000.0000  81.27148438 81.18994141
217100.0000  80.94541931 81.85906219
217200.0000  80.95841980 81.71330261
217300.0000  81.18132019 81.11881256
217400.0000  81.26830292 81.05792236
217500.0000  81.19198608 81.03720093
217600.0000  81.04638672 81.47544861
217700.0000  81.29314423 80.77727509
217800.0000  81.17637634 81.24067688
217900.0000  80.34751892 82.87066650
218000.0000  80.75674438 82.17231750
218100.0000  81.21435547 81.02665710
218200.0000  81.45213318 80.66366577
218300.0000  81.41889954 80.67381287
218400.0000  80.67649078 82.11795044
218500.0000  80.18775940 83.40336609
218600.0000  80.50696564 82.54871368
218700.0000  80.29417419 82.56378174
218800.0000  80.22179413 82.86827850
218900.0000  80.47569275 82.65079498
219000.0000  80.72670746 82.23621368
219100.0000  81.25800323 80.76303101
219200.0000  81.24577332 80.88318634
219300.0000  81.24243164 80.89916229
219400.0000  81.32152557 81.15698242
219500.0000  81.64729309 80.18380737
219600.0000  81.08474731 81.26631927
219700.0000  80.94281006 81.73107910
219800.0000  80.66763306 82.47979736
219900.0000  80.59200287 82.23600769
220000.0000  80.86243439 81.89476776
220100.0000  80.99208069 81.27543640
220200.0000  80.72861481 82.54737091
220300.0000  80.85156250 82.19248962
220400.0000  80.77360535 81.87850189
220500.0000  80.73509216 81.83270264
220600.0000  80.81739807 81.78738403
220700.0000  80.65857697 81.99451447
220800.0000  80.59915161 82.28552246
220900.0000  80.98282623 81.65423584
221000.0000  81.05261993 81.53762054
221100.0000  80.97073364 81.66757202
221200.0000  80.73141479 81.80656433
221300.0000  80.75164795 82.22888947
221400.0000  80.33156586 82.71744537
221500.0000  79.88442230 83.70545197
221600.0000  80.60649872 82.58530426
221700.0000  79.95531464 83.70835876
221800.0000  79.62088013 84.44931793
221900.0000  79.38769531 84.39544678
222000.0000  79.97468567 84.02050781
222100.0000  79.99041748 83.60769653
222200.0000  80.61008453 82.59284973
222300.0000  80.44573975 82.82556152
222400.0000  80.70346832 81.81578064
222500.0000  80.63395691 82.04662323
222600.0000  80.95005035 81.55623627
222700.0000  81.00465393 81.33438110
222800.0000  81.12480164 81.45899963
222900.0000  80.61531067 82.38765717
223000.0000  80.02561951 83.16148376
223100.0000  80.10799408 83.34036255
223200.0000  79.72697449 84.19291687
223300.0000  80.25348663 82.95983124
223400.0000  80.24256897 83.14598846
223500.0000  80.37126160 82.78421021
223600.0000  80.13529968 82.73620605
223700.0000  80.77398682 82.05192566
223800.0000  80.75935364 82.09438324
223900.0000  80.20030975 83.16143036
224000.0000  79.91802979 83.62373352
224100.0000  80.37135315 82.72340393
224200.0000  80.13167572 83.37556458
224300.0000  80.46810913 82.58374023
224400.0000  80.75446320 81.87297058
224500.0000  80.56145477 82.08068848
224600.0000  80.94346619 81.68276978
224700.0000  80.48059082 82.09317017
224800.0000  81.13043213 81.53408051
224900.0000  81.19789124 81.31413269
225000.0000  81.13108826 81.49932098
225100.0000  80.72218323 82.38816833
225200.0000  80.86796570 81.82218933
225300.0000  80.74362183 81.96221924
225400.0000  81.60310364 80.36090088
225500.0000  80.96319580 81.66339874
225600.0000  81.81500244 79.99239349
225700.0000  81.84344482 80.38901520
225800.0000  81.11266327 81.11779785
225900.0000  81.66172028 80.53617859
226000.0000  81.08070374 81.47685242
226100.0000  81.49423218 80.53596497
226200.0000  80.99909973 81.68534851
226300.0000  81.27036285 80.63533783
226400.0000  82.34501648 79.04034424
226500.0000  82.23951721 79.06421661
226600.0000  82.25756836 79.11039734
226700.0000  81.84397888 80.20805359
226800.0000  82.23130798 79.58090973
226900.0000  81.68522644 79.99410248
227000.0000  81.85715485 79.75923920
227100.0000  82.08573151 79.50629425
227200.0000  81.75433350 79.89188385
227300.0000  81.38111877 80.79390717
227400.0000  80.62272644 82.05054474
227500.0000  80.61801910 82.04942322
227600.0000  80.99640656 81.19124603
227700.0000  81.02261353 81.67514801
227800.0000  81.45011139 80.76510620
227900.0000  80.72071838 82.07172394
228000.0000  80.54400635 82.62280273
228100.0000  80.80480957 81.93090820
228200.0000  80.43788147 82.59307861
228300.0000  80.67149353 82.22454834
228400.0000  80.34211731 82.56201172
228500.0000  80.52128601 82.29010773
228600.0000  81.24991608 81.46312714
228700.0000  81.24183655 80.88485718
228800.0000  81.19663239 80.85628510
228900.0000  81.02394104 81.43830109
229000.0000  81.03929138 81.35570526
229100.0000  81.59016418 80.32241821
229200.0000  82.03368378 79.73550415
229300.0000  81.47566986 80.40792847
229400.0000  81.52851105 80.69584656
229500.0000  81.33023071 80.89183044
229600.0000  81.67311096 80.38246155
229700.0000  81.93336487 79.62799072
229800.0000  81.88313293 79.93763733
229900.0000  82.13003540 79.71983337
230000.0000  82.05392456 79.60910034
230100.0000  82.41366577 78.89060211
230200.0000  82.18067932 79.29057312
230300.0000  81.87781525 79.67964172
230400.0000  81.91671753 79.89812469
230500.0000  81.08718872 81.37223053
230600.0000  81.27064514 80.95215607
230700.0000  81.87958527 79.87844849
230800.0000  81.59765625 80.23501587
230900.0000  82.37051392 78.78038788
231000.0000  82.02751923 79.48200226
231100.0000  82.05010223 79.13000488
231200.0000  81.54336548 80.48728943
231300.0000  81.56837463 80.52303314
231400.0000  81.63325500 80.27650452
231500.0000  81.88538361 79.69297028
231600.0000  81.91787720 80.12747192
231700.0000  82.32472229 79.06874847
231800.0000  81.77642822 79.81730652
231900.0000  81.85978699 79.72699738
232000.0000  81.81364441 79.77709961
232100.0000  81.71832275 80.34236908
232200.0000  81.77049255 79.76152039
232300.0000  82.02337646 79.46811676
232400.0000  81.67881012 79.96924591
232500.0000  82.04048157 79.47096252
232600.0000  82.59510803 78.16221619
232700.0000  81.49407196 80.49720001
232800.0000  81.41340637 80.64630127
232900.0000  81.64157867 80.22932434
233000.0000  81.85873413 79.89863586
233100.0000  81.82029724 79.96061707
233200.0000  81.09112549 81.34710693
233300.0000  81.70505524 80.30313110
233400.0000  82.13591766 79.48515320
233500.0000  81.63521576 80.20176697
233600.0000  81.71645355 80.07072449
233700.0000  81.54663849 80.29242706
233800.0000  81.33261108 80.71647644
233900.0000  81.44844818 80.54052734
234000.0000  81.48430634 80.28705597
234100.0000  81.31735229 80.81427002
234200.0000  81.72534180 79.84885406
234300.0000  81.75486755 80.08360291
234400.0000  81.87944031 79.83167267
234500.0000  81.30252075 81.17396545
234600.0000  81.60449982 80.51380920
234700.0000  81.43341827 80.51101685
234800.0000  81.08038330 81.08905029
234900.0000  81.33818817 80.89997101
235000.0000  81.56312561 80.45317078
235100.0000  81.50740814 80.78193665
235200.0000  81.69841766 80.51750183
235300.0000  81.83877563 80.01545715
235400.0000  81.36154175 80.90380859
235500.0000  81.20890808 81.54675293
235600.0000  81.29005432 81.14739990
235700.0000  80.97097778 81.42059326
235800.0000  81.49185181 80.39445496
235900.0000  81.23658752 81.08374023
236000.0000  81.71184540 80.16303253
236100.0000  80.85644531 81.93535614
236200.0000  81.39229584 80.66725922
236300.0000  81.58683014 80.55339050
236400.0000  81.11054993 81.30942535
236500.0000  80.96466064 81.72032166
236600.0000  81.61747742 80.52825165
236700.0000  82.03134155 79.59793854
236800.0000  82.72766876 78.47953796
236900.0000  81.67796326 80.11719513
237000.0000  82.19827271 79.08425140
237100.0000  81.91802216 79.73722076
237200.0000  81.41890717 80.51219940
237300.0000  81.20300293 80.90122223
237400.0000  81.42881775 80.46717834
237500.0000  82.70571899 78.24010468
237600.0000  81.87416077 79.65350342
237700.0000  82.28850555 79.32755280
237800.0000  81.93260193 79.99655914
237900.0000  82.56402588 78.53173065
238000.0000  82.37344360 78.91579437
238100.0000  81.75765228 79.90086365
238200.0000  81.82377625 79.85710144
238300.0000  82.33187866 78.79386139
238400.0000  83.17050171 77.86739349
238500.0000  82.35141754 78.69462585
238600.0000  82.70811462 78.15148163
238700.0000  82.36402893 79.22169495
238800.0000  82.03790283 79.76401520
238900.0000  81.73836517 79.82115936
239000.0000  81.67038727 80.45493317
239100.0000  81.55860901 80.56670380
239200.0000  81.80207062 79.83694458
239300.0000  82.01689148 79.35157013
239400.0000  82.61512756 78.76831818
239500.0000  82.17334747 78.99654388
239600.0000  82.40303040 78.63727570
239700.0000  82.12738800 79.20479584
239800.0000  82.20762634 79.10035706
239900.0000  82.83201599 77.86482239
240000.0000  82.75849152 78.35098267
240100.0000  82.95603943 77.54584503
240200.0000  82.96446228 77.80702209
240300.0000  83.37744141 77.02933502
240400.0000  83.45730591 77.09452057
240500.0000  83.48453522 76.83612061
240600.0000  82.66099548 78.12924194
240700.0000  83.13193512 77.19422150
240800.0000  82.96753693 77.34339905
240900.0000  83.12741089 77.41377258
241000.0000  82.81394196 78.10655212
241100.0000  83.21447754 77.02236938
241200.0000  83.44115448 77.05311584
241300.0000  83.60649872 76.52154541
241400.0000  83.15313721 77.65461731
241500.0000  83.43626404 77.35626984
241600.0000  82.87525177 77.78159332
241700.0000  82.70254517 78.33864594
241800.0000  82.14423370 79.50708771
241900.0000  82.33367157 78.89228058
242000.0000  81.92641449 79.73773956
242100.0000  82.08686829 79.02429199
242200.0000  82.43968201 78.53038025
242300.0000  82.57424927 78.89395905
242400.0000  82.66403198 78.29603577
242500.0000  82.58367920 78.35090637
242600.0000  82.90985107 77.91596985
242700.0000  82.75248718 78.14683533
242800.0000  82.64972687 78.20712280
242900.0000  83.03626251 77.71020508
243000.0000  83.08573914 77.59974670
243100.0000  82.99216461 77.91616821
243200.0000  82.65286255 78.54744720
243300.0000  82.17897034 79.04187012
243400.0000  81.80128479 79.88471222
243500.0000  82.18323517 79.34159088
243600.0000  82.14790344 79.35655212
243700.0000  82.06716919 79.55198669
243800.0000  81.96966553 79.59535217
243900.0000  82.46142578 78.75251007
244000.0000  82.62912750 78.63397217
244100.0000  82.67390442 78.35556793
244200.0000  81.91704559 79.85210419
244300.0000  81.60851288 80.35778046
244400.0000  82.19165802 79.33758545
