  0.0000  80.95999908 257.29998779
100.0000  79.53804779 259.18301392
200.0000  79.35722351 259.79003906
300.0000  79.34395599 259.91683960
400.0000  79.75755310 257.40930176
500.0000  80.16532135 254.85025024
600.0000  79.33868408 259.95562744
700.0000  81.04038239 249.54891968
800.0000  80.73725891 251.19233704
900.0000  81.06200409 248.68005371
1000.0000  81.02699280 249.04527283
1100.0000  81.04914856 249.20663452
1200.0000  81.35575867 247.18949890
1300.0000  81.54484558 246.26304626
1400.0000  81.43461609 247.15776062
1500.0000  80.39442444 252.65795898
1600.0000  81.11213684 248.54063416
1700.0000  81.10787201 249.18374634
1800.0000  81.41639709 246.95428467
1900.0000  81.24705505 247.72280884
2000.0000  80.86029816 249.80999756
2100.0000  81.41714478 246.98361206
2200.0000  81.28041077 247.53131104
2300.0000  81.54759216 246.01303101
2400.0000  81.35559082 247.07192993
2500.0000  81.70408630 245.08262634
2600.0000  82.74612427 239.04385376
2700.0000  82.03718567 243.21023560
2800.0000  81.32238770 247.65441895
2900.0000  81.56051636 246.14974976
3000.0000  81.02645111 249.29222107
3100.0000  81.04102325 248.92808533
3200.0000  81.35098267 247.29663086
3300.0000  81.54343414 245.81221008
3400.0000  81.17156219 247.70129395
3500.0000  81.14292145 248.18824768
3600.0000  81.00288391 249.56956482
3700.0000  81.29836273 247.75740051
3800.0000  81.03959656 249.26744080
3900.0000  80.92732239 249.16496277
4000.0000  80.91619873 250.69029236
4100.0000  80.89051056 249.83517456
4200.0000  80.73928833 251.40258789
4300.0000  80.64384460 251.37200928
4400.0000  80.85540771 250.22798157
4500.0000  80.88253784 249.71261597
4600.0000  81.07884216 248.53887939
4700.0000  80.96351624 248.97579956
4800.0000  80.30093384 253.96258545
4900.0000  80.27042389 253.74771118
5000.0000  80.12058258 254.68457031
5100.0000  80.22152710 254.00064087
5200.0000  80.40550995 252.22796631
5300.0000  80.32229614 254.01400757
5400.0000  80.52535248 252.12954712
5500.0000  79.96015930 255.40626526
5600.0000  79.50724792 258.92956543
5700.0000  79.49570465 258.68142700
5800.0000  79.79106140 257.01498413
5900.0000  79.20423889 260.97375488
6000.0000  79.47024536 259.71527100
6100.0000  79.41308594 259.04388428
6200.0000  80.45317078 252.76228333
6300.0000  80.14215088 255.12307739
6400.0000  79.70221710 257.62670898
6500.0000  80.11756897 254.72729492
6600.0000  80.67615509 251.54447937
6700.0000  79.92253113 255.97648621
6800.0000  79.61593628 257.63970947
6900.0000  80.11863708 254.51080322
7000.0000  80.29853058 253.39230347
7100.0000  80.31375885 253.79031372
7200.0000  80.50192261 252.58592224
7300.0000  80.97545624 250.07556152
7400.0000  80.32421112 253.11872864
7500.0000  80.48037720 252.88430786
7600.0000  80.29434204 253.91430664
7700.0000  80.21519470 253.85144043
7800.0000  80.28176880 253.33406067
7900.0000  80.18966675 254.25128174
8000.0000  80.35578918 253.20062256
8100.0000  80.00038147 255.60729980
8200.0000  80.21874237 254.81559753
8300.0000  80.42835236 253.34855652
8400.0000  80.10839844 254.11135864
8500.0000  80.03573608 255.38702393
8600.0000  80.21992493 253.33311462
8700.0000  80.28587341 253.84515381
8800.0000  80.54367828 252.61929321
8900.0000  80.45617676 252.61222839
9000.0000  80.73159027 250.85217285
9100.0000  79.95663452 255.78468323
9200.0000  80.30442810 254.05078125
9300.0000  79.91905975 255.35865784
9400.0000  80.05081177 255.13883972
9500.0000  80.64625549 251.80630493
9600.0000  80.97325134 249.63159180
9700.0000  80.68452454 251.32812500
9800.0000  80.97253418 248.91616821
9900.0000  80.66413879 251.94313049
10000.0000  80.44300842 252.71926880
10100.0000  80.56352234 252.25801086
10200.0000  80.84382629 250.29666138
10300.0000  80.70295715 251.33679199
10400.0000  81.05183411 248.62152100
10500.0000  80.39680481 253.13473511
10600.0000  80.67343903 252.10617065
10700.0000  80.61226654 252.24279785
10800.0000  80.78347778 250.80520630
10900.0000  80.83152771 250.75155640
11000.0000  81.11019897 248.82730103
11100.0000  81.45602417 246.34024048
11200.0000  81.81243896 244.23764038
11300.0000  81.34604645 246.72334290
11400.0000  81.07099915 248.76376343
11500.0000  80.40447235 252.50808716
11600.0000  80.36414337 253.17642212
11700.0000  80.40828705 252.31101990
11800.0000  80.23837280 253.88771057
11900.0000  79.75373840 257.04760742
12000.0000  79.94371796 256.20663452
12100.0000  79.93255615 256.32543945
12200.0000  79.97422028 255.90919495
12300.0000  79.92758179 255.46878052
12400.0000  80.39445496 253.38432312
12500.0000  80.02773285 255.38427734
12600.0000  80.03567505 254.67727661
12700.0000  80.19588470 254.27258301
12800.0000  79.73118591 257.45419312
12900.0000  79.49744415 258.59182739
13000.0000  79.99206543 255.02206421
13100.0000  79.30779266 260.20526123
13200.0000  79.77108765 257.41406250
13300.0000  80.23434448 254.23913574
13400.0000  80.10242462 255.23475647
13500.0000  79.63635254 258.48941040
13600.0000  79.52671814 258.50878906
13700.0000  79.69808960 257.11590576
13800.0000  79.56544495 257.83453369
13900.0000  79.93617249 256.18475342
14000.0000  79.90583801 256.75369263
14100.0000  79.10716248 261.17492676
14200.0000  79.38578033 259.38345337
14300.0000  79.15866089 260.85003662
14400.0000  79.15856171 260.93136597
14500.0000  79.45902252 258.84442139
14600.0000  79.56710815 258.87487793
14700.0000  79.19728851 261.27612305
14800.0000  79.42206573 259.61453247
14900.0000  78.69950867 264.85766602
15000.0000  78.68737030 264.19818115
15100.0000  78.74125671 264.04101562
15200.0000  78.74987793 263.29861450
15300.0000  78.78686523 263.56683350
15400.0000  78.45053864 265.78778076
15500.0000  78.46202850 265.58081055
15600.0000  78.48728943 266.14581299
15700.0000  78.82633972 262.44085693
15800.0000  78.94159698 261.82223511
15900.0000  78.83623505 263.12478638
16000.0000  79.15496826 260.79321289
16100.0000  78.59558105 264.29284668
16200.0000  79.20385742 260.65597534
16300.0000  78.96519470 262.33905029
16400.0000  79.11753082 261.34622192
16500.0000  79.60809326 258.20019531
16600.0000  78.96392822 262.28002930
16700.0000  79.05618286 261.32000732
16800.0000  79.40574646 259.72561646
16900.0000  79.60703278 258.46615601
17000.0000  79.59206390 258.51116943
17100.0000  79.43659973 259.61877441
17200.0000  78.91930389 262.26568604
17300.0000  79.93306732 256.02249146
17400.0000  80.09235382 254.81301880
17500.0000  79.93955994 255.20477295
17600.0000  79.56606293 257.73468018
17700.0000  79.50933838 258.19839478
17800.0000  79.65172577 257.16134644
17900.0000  79.73542786 257.89089966
18000.0000  79.52168274 258.36337280
18100.0000  80.05793762 255.58586121
18200.0000  80.06691742 255.72247314
18300.0000  80.20883179 254.18685913
18400.0000  79.67623901 257.89401245
18500.0000  80.10224152 254.85902405
18600.0000  79.70381927 257.28607178
18700.0000  80.36158752 253.40048218
18800.0000  79.73471832 257.50891113
18900.0000  79.72879028 257.59860229
19000.0000  78.84456635 263.27603149
19100.0000  79.29054260 259.97744751
19200.0000  79.67251587 257.35565186
19300.0000  79.69469452 257.72106934
19400.0000  79.34101868 259.81787109
19500.0000  79.85050964 256.21557617
19600.0000  79.80244446 256.90515137
19700.0000  79.66978455 257.97222900
19800.0000  79.63003540 257.66973877
19900.0000  79.63870239 257.62182617
20000.0000  79.24671936 260.32849121
20100.0000  79.44946289 259.43676758
20200.0000  79.05867004 261.52960205
20300.0000  78.92928314 262.00265503
20400.0000  79.48122406 258.33642578
20500.0000  79.69179535 256.90283203
20600.0000  79.43878174 259.71963501
20700.0000  79.56285858 258.75045776
20800.0000  80.06753540 255.14639282
20900.0000  79.61418915 258.48822021
21000.0000  80.19023132 254.20259094
21100.0000  80.07958984 254.18296814
21200.0000  79.81034851 257.11703491
21300.0000  80.21781921 254.48742676
21400.0000  79.37667084 259.45422363
21500.0000  79.79650879 256.95568848
21600.0000  79.83001709 257.21737671
21700.0000  80.27432251 253.45037842
21800.0000  79.81464386 256.81756592
21900.0000  79.80101776 256.60153198
22000.0000  79.62841034 257.98974609
22100.0000  78.93137360 262.22198486
22200.0000  79.27048492 259.73239136
22300.0000  79.46731567 259.44561768
22400.0000  79.66508484 257.29489136
22500.0000  79.77863312 257.28982544
22600.0000  79.63627625 258.04495239
22700.0000  80.24333954 253.32534790
22800.0000  80.53824615 251.81927490
22900.0000  81.13488007 248.20211792
23000.0000  81.00372314 249.16627502
23100.0000  80.23347473 254.28341675
23200.0000  80.47424316 252.12524414
23300.0000  80.86563110 249.90185547
23400.0000  80.51983643 251.88870239
23500.0000  80.73119354 251.19020081
23600.0000  80.72724152 251.22439575
23700.0000  80.10207367 255.17488098
23800.0000  80.35990906 253.35411072
23900.0000  80.71260071 250.96841431
24000.0000  80.37495422 254.40896606
24100.0000  80.53906250 251.86099243
24200.0000  80.29937744 253.49655151
24300.0000  80.68525696 250.95558167
24400.0000  80.13953400 254.89602661
24500.0000  79.76846313 256.96597290
24600.0000  80.27854156 253.72224426
24700.0000  80.85780334 250.26269531
24800.0000  80.44238281 252.69708252
24900.0000  80.36724091 253.43984985
25000.0000  80.36279297 252.99293518
25100.0000  80.37703705 253.22735596
25200.0000  80.58971405 252.59034729
25300.0000  80.33634186 253.49098206
25400.0000  80.49224091 253.11624146
25500.0000  81.02032471 248.99208069
25600.0000  80.62008667 251.45230103
25700.0000  80.75599670 250.45790100
25800.0000  80.84910583 250.01802063
25900.0000  81.09782410 248.27133179
26000.0000  80.89382935 250.52909851
26100.0000  80.84045410 250.30087280
26200.0000  80.94647217 250.20053101
26300.0000  80.35278320 253.00784302
26400.0000  80.95631409 249.89916992
26500.0000  80.75573730 250.84931946
26600.0000  80.87710571 250.00230408
26700.0000  80.76589966 250.28332520
26800.0000  80.34798431 253.53314209
26900.0000  80.62734985 250.97093201
27000.0000  80.55220795 251.90315247
27100.0000  80.34874725 253.47698975
27200.0000  79.83141327 257.26898193
27300.0000  80.02729797 255.66007996
27400.0000  80.47004700 253.02194214
27500.0000  80.48561859 252.63526917
27600.0000  80.41756439 253.97698975
27700.0000  80.38095093 252.71669006
27800.0000  80.47156525 253.10394287
27900.0000  80.91461182 249.89866638
28000.0000  80.87493896 250.10519409
28100.0000  80.90322876 250.00924683
28200.0000  80.68206024 251.04774475
28300.0000  81.11640167 248.29684448
28400.0000  80.56668091 252.05137634
28500.0000  80.97370911 249.55377197
28600.0000  81.30072784 247.41136169
28700.0000  80.59166718 252.71923828
28800.0000  80.12251282 254.54556274
28900.0000  79.72254944 257.51611328
29000.0000  79.88153076 256.74050903
29100.0000  79.48342896 258.20156860
29200.0000  79.71217346 256.73745728
29300.0000  79.62215424 257.87487793
29400.0000  80.15762329 254.76441956
29500.0000  80.36042786 253.13702393
29600.0000  80.75547791 251.03422546
29700.0000  80.38305664 253.66783142
29800.0000  81.49081421 246.90945435
29900.0000  81.08325195 248.71026611
30000.0000  80.72407532 251.36361694
30100.0000  80.71661377 250.73547363
30200.0000  81.13224792 248.53150940
30300.0000  80.95862579 249.17311096
30400.0000  81.05574036 248.75192261
30500.0000  80.85773468 250.08781433
30600.0000  80.48332214 252.60202026
30700.0000  79.66156769 257.47525024
30800.0000  79.64254761 258.03076172
30900.0000  80.31124878 253.42752075
31000.0000  80.17375183 255.00384521
31100.0000  80.02255249 254.57809448
31200.0000  80.43193817 252.38150024
31300.0000  80.18971252 253.87326050
31400.0000  79.83961487 255.92298889
31500.0000  79.57551575 257.89743042
31600.0000  80.09286499 255.35333252
31700.0000  80.27163696 254.11500549
31800.0000  80.05096436 255.25526428
31900.0000  79.88430023 256.20211792
32000.0000  80.36606598 253.27635193
32100.0000  80.34594727 252.97180176
32200.0000  80.13739014 255.17095947
32300.0000  80.32130432 253.69595337
32400.0000  80.36299133 253.51296997
32500.0000  80.36129761 253.06913757
32600.0000  79.97974396 255.70960999
32700.0000  80.35507202 252.77624512
32800.0000  81.10083771 248.73751831
32900.0000  80.91636658 249.29229736
33000.0000  81.07727814 249.00788879
33100.0000  81.04393768 248.54148865
33200.0000  81.21585846 247.88389587
33300.0000  80.97601318 249.56866455
33400.0000  80.57522583 251.82431030
33500.0000  80.57928467 252.50451660
33600.0000  80.17889404 254.21289062
33700.0000  79.90593719 255.62911987
33800.0000  80.19573212 254.27078247
33900.0000  80.68329620 250.91455078
34000.0000  81.10771179 248.77667236
34100.0000  81.59979248 245.46615601
34200.0000  81.12658691 248.56015015
34300.0000  80.27281189 253.78323364
34400.0000  81.02143860 249.36254883
34500.0000  80.68836212 251.01513672
34600.0000  80.60626221 250.83695984
34700.0000  81.05923462 249.16662598
34800.0000  80.81336212 250.46690369
34900.0000  80.63612366 251.32482910
35000.0000  80.57661438 251.15547180
35100.0000  80.31121826 253.43681335
35200.0000  79.92974091 256.48519897
35300.0000  80.01792145 255.22489929
35400.0000  79.54963684 258.03884888
35500.0000  79.96505737 255.10972595
35600.0000  79.72660828 256.97418213
35700.0000  80.47496796 252.45170593
35800.0000  80.12149811 254.46595764
35900.0000  80.62397766 251.43765259
36000.0000  80.24173737 253.16836548
36100.0000  80.20404816 254.78805542
36200.0000  79.69260406 257.30624390
36300.0000  79.41763306 258.85763550
36400.0000  79.26954651 260.63076782
36500.0000  79.56797791 258.15255737
36600.0000  80.50446320 252.40911865
36700.0000  80.12660217 254.61447144
36800.0000  80.61165619 251.61923218
36900.0000  80.39537048 253.03756714
37000.0000  80.18110657 254.31344604
37100.0000  80.40813446 253.46458435
37200.0000  80.31468201 253.63455200
37300.0000  80.84945679 250.17976379
37400.0000  80.46336365 252.51757812
37500.0000  80.96017456 249.82972717
37600.0000  80.30647278 253.53996277
37700.0000  80.06579590 255.06300354
37800.0000  80.23335266 254.25849915
37900.0000  80.32214355 253.35830688
38000.0000  80.33755493 252.65222168
38100.0000  80.34313965 252.77236938
38200.0000  80.76739502 250.94799805
38300.0000  80.52250671 252.75363159
38400.0000  80.20706177 254.42709351
38500.0000  80.20349121 254.20343018
38600.0000  80.45227814 252.57809448
38700.0000  80.81046295 250.12252808
38800.0000  81.13608551 248.31758118
38900.0000  80.40939331 252.44474792
39000.0000  80.84977722 250.55740356
39100.0000  81.22882843 247.48945618
39200.0000  81.57139587 245.85244751
39300.0000  81.72195435 244.24578857
39400.0000  80.90518188 249.76564026
39500.0000  80.96241760 249.34861755
39600.0000  80.68365479 251.29116821
39700.0000  80.20887756 254.58143616
39800.0000  80.32579041 252.68499756
39900.0000  80.18054199 254.34155273
40000.0000  80.55281830 252.17120361
40100.0000  80.27477264 253.94792175
40200.0000  79.45408630 258.89028931
40300.0000  79.83468628 256.18511963
40400.0000  80.27207184 253.84535217
40500.0000  79.59858704 257.69873047
40600.0000  79.83336639 256.41772461
40700.0000  80.40319824 252.62741089
40800.0000  79.80503082 256.96243286
40900.0000  80.20715332 253.52209473
41000.0000  80.42317200 252.59971619
41100.0000  80.10870361 255.21267700
41200.0000  80.05589294 255.10073853
41300.0000  80.12749481 254.25718689
41400.0000  80.02243042 255.81213379
41500.0000  80.69229889 250.71183777
41600.0000  80.45828247 252.57312012
41700.0000  80.64746857 252.02206421
41800.0000  80.62081909 251.71203613
41900.0000  80.12095642 254.59286499
42000.0000  80.63103485 251.42884827
42100.0000  79.81290436 256.46771240
42200.0000  80.27439117 253.68629456
42300.0000  79.83383942 256.32696533
42400.0000  79.54702759 257.91839600
42500.0000  80.27537537 254.02246094
42600.0000  80.37921143 253.04605103
42700.0000  80.70527649 250.92770386
42800.0000  81.20976257 247.52398682
42900.0000  80.16768646 254.24426270
43000.0000  80.44194031 252.91487122
43100.0000  80.26725006 253.74147034
43200.0000  80.28572083 253.42958069
43300.0000  80.24372101 253.74443054
43400.0000  79.85559845 255.93054199
43500.0000  79.92376709 255.78457642
43600.0000  80.01541138 255.43678284
43700.0000  80.51609802 252.38598633
43800.0000  80.27831268 253.28875732
43900.0000  80.27008820 253.50219727
44000.0000  80.28206635 254.24969482
44100.0000  79.67341614 257.31961060
44200.0000  79.53308105 258.10949707
44300.0000  79.59686279 258.48779297
44400.0000  79.58474731 258.16311646
44500.0000  79.25202179 260.68487549
44600.0000  79.12122345 261.47436523
44700.0000  79.87628937 256.43133545
44800.0000  79.84774780 256.12295532
44900.0000  79.80883026 256.35662842
45000.0000  80.22210693 253.72358704
45100.0000  80.09461975 254.61167908
45200.0000  80.16711426 253.98429871
45300.0000  80.11615753 254.18428040
45400.0000  80.74610901 251.04052734
45500.0000  80.84107971 249.48991394
45600.0000  80.77856445 250.53616333
45700.0000  80.44309998 251.90046692
45800.0000  80.61473846 251.59416199
45900.0000  80.55987549 251.87803650
46000.0000  80.12649536 254.24499512
46100.0000  80.62391663 251.63092041
46200.0000  81.31451416 247.32893372
46300.0000  80.79022217 251.06854248
46400.0000  80.25022888 254.04864502
46500.0000  80.21296692 254.00027466
46600.0000  80.03124237 255.32423401
46700.0000  80.05015564 255.14585876
46800.0000  80.71273041 250.78666687
46900.0000  80.85684204 249.86550903
47000.0000  80.75572205 250.80810547
47100.0000  80.18471527 253.60617065
47200.0000  80.24714661 254.55291748
47300.0000  79.54097748 257.98941040
47400.0000  80.03205872 255.52908325
47500.0000  80.17585754 254.34431458
47600.0000  80.75291443 250.75082397
47700.0000  80.37647247 253.08264160
47800.0000  80.28356934 254.52102661
47900.0000  80.31446838 253.69665527
48000.0000  80.09251404 255.30195618
48100.0000  80.03706360 254.79957581
48200.0000  80.10146332 254.77830505
48300.0000  80.64963531 251.41168213
48400.0000  80.45890808 252.47363281
48500.0000  79.80780792 256.68026733
48600.0000  79.84633636 256.50903320
48700.0000  79.65356445 257.76995850
48800.0000  79.82140350 256.62695312
48900.0000  79.92376709 255.90943909
49000.0000  79.88520813 256.03375244
49100.0000  79.47287750 258.37469482
49200.0000  79.84473419 256.76171875
49300.0000  79.54761505 258.96258545
49400.0000  80.06786346 255.83551025
49500.0000  79.40382385 258.93942261
49600.0000  80.06021118 254.92977905
49700.0000  79.62406158 257.82528687
49800.0000  80.09041595 254.76408386
49900.0000  79.89060974 256.39056396
50000.0000  79.72594452 257.81561279
50100.0000  80.20443726 254.21203613
50200.0000  80.31002045 254.01873779
50300.0000  80.14709473 254.73716736
50400.0000  80.06610107 255.25228882
50500.0000  80.08204651 255.06211853
50600.0000  80.64640045 251.51193237
50700.0000  80.23212433 254.11628723
50800.0000  80.00889587 255.99441528
50900.0000  80.45929718 252.84359741
51000.0000  80.34475708 253.83724976
51100.0000  81.08124542 249.28860474
51200.0000  80.55420685 252.38604736
51300.0000  80.56985474 251.63229370
51400.0000  80.46682739 252.88165283
51500.0000  80.27764893 253.32373047
51600.0000  80.56994629 252.22213745
51700.0000  80.21278381 254.10348511
51800.0000  80.30529022 253.44474792
51900.0000  80.53854370 251.93524170
52000.0000  80.26290894 254.13435364
52100.0000  80.31938171 254.03555298
52200.0000  80.41102600 252.23762512
52300.0000  80.32676697 253.13732910
52400.0000  79.75653076 258.05398560
52500.0000  80.59951782 251.66404724
52600.0000  80.47873688 252.71726990
52700.0000  80.12162018 254.74281311
52800.0000  80.23696136 253.83038330
52900.0000  80.19756317 254.48905945
53000.0000  80.38568115 252.79574585
53100.0000  80.48188019 252.78550720
53200.0000  80.03765869 255.93426514
53300.0000  80.59797668 251.96450806
53400.0000  80.97819519 249.70388794
53500.0000  80.41909027 252.85575867
53600.0000  80.76264954 250.78712463
53700.0000  80.02678680 255.31793213
53800.0000  80.51299286 252.75241089
53900.0000  80.22377777 253.37649536
54000.0000  80.56149292 251.30383301
54100.0000  80.65277100 251.82897949
54200.0000  79.94178772 255.93505859
54300.0000  79.68582916 257.63110352
54400.0000  79.50859070 258.91268921
54500.0000  79.50067139 258.84844971
54600.0000  79.86772156 256.01571655
54700.0000  80.25394440 253.98742676
54800.0000  79.76493073 257.50476074
54900.0000  80.20533752 254.44079590
55000.0000  80.53284454 251.97242737
55100.0000  80.71879578 251.44972229
55200.0000  79.90348816 255.90721130
55300.0000  80.25096130 253.88000488
55400.0000  80.14644623 254.53628540
55500.0000  80.68343353 251.95527649
55600.0000  80.58250427 252.47210693
55700.0000  80.05730438 254.67074585
55800.0000  80.07225037 255.36059570
55900.0000  79.55600739 258.08917236
56000.0000  80.28799438 254.07057190
56100.0000  79.42841339 258.97265625
56200.0000  79.87837219 255.98402405
56300.0000  80.48111725 252.66426086
56400.0000  80.11023712 255.27803040
56500.0000  80.19750977 253.99926758
56600.0000  81.21768951 248.26828003
56700.0000  80.79338074 250.97650146
56800.0000  81.17721558 248.67445374
56900.0000  80.27175903 253.55537415
57000.0000  80.93566132 249.58145142
57100.0000  80.19920349 254.49903870
57200.0000  80.60289001 252.25463867
57300.0000  80.47605896 252.62310791
57400.0000  80.30162048 253.72250366
57500.0000  80.37150574 253.12471008
57600.0000  80.40360260 253.77258301
57700.0000  79.46224213 258.80990601
57800.0000  80.06576538 255.09533691
57900.0000  79.91561127 256.27423096
58000.0000  80.45793152 252.39274597
58100.0000  80.21324921 254.65864563
58200.0000  80.12036133 255.12197876
58300.0000  80.02828979 255.50854492
58400.0000  80.17021179 254.46266174
58500.0000  80.03780365 255.47802734
58600.0000  79.90700531 255.78599548
58700.0000  79.73676300 257.10675049
58800.0000  79.79106140 256.66629028
58900.0000  80.08963776 254.92539978
59000.0000  80.04438782 255.90399170
59100.0000  80.09243011 255.17639160
59200.0000  79.90040588 256.71673584
59300.0000  80.76030731 251.22930908
59400.0000  79.48812103 259.27587891
59500.0000  80.00386047 255.68070984
59600.0000  79.85174561 256.63330078
59700.0000  79.63376617 258.20135498
59800.0000  79.75109863 257.57400513
59900.0000  79.37753296 259.00546265
60000.0000  79.33187866 260.25750732
60100.0000  79.19098663 260.98538208
60200.0000  79.83105469 257.11581421
60300.0000  79.67207336 257.49447632
60400.0000  79.49494171 259.07647705
60500.0000  79.54909515 258.70230103
60600.0000  79.17224884 260.70858765
60700.0000  79.42079926 259.32116699
60800.0000  79.47243500 258.80697632
60900.0000  79.32031250 259.28381348
61000.0000  79.29409790 260.56008911
61100.0000  79.59236908 258.10836792
61200.0000  79.04067230 262.38842773
61300.0000  78.98117828 261.64065552
61400.0000  79.22101593 260.34570312
61500.0000  79.13506317 260.57397461
61600.0000  79.55908966 258.24761963
61700.0000  79.05795288 261.71636963
61800.0000  79.63240051 258.07019043
61900.0000  79.45233154 259.39505005
62000.0000  79.82061768 257.26016235
62100.0000  79.49415588 258.75701904
62200.0000  80.02117157 255.63125610
62300.0000  79.99733734 255.93383789
62400.0000  79.47993469 258.65118408
62500.0000  79.17202759 260.92694092
62600.0000  79.04578400 260.97625732
62700.0000  79.48014832 259.04919434
62800.0000  79.75702667 256.99468994
62900.0000  79.76687622 257.33767700
63000.0000  79.87451935 256.08367920
63100.0000  80.19301605 254.95227051
63200.0000  79.95013428 256.35665894
63300.0000  80.47458649 253.00056458
63400.0000  80.42382050 253.28378296
63500.0000  80.42135620 252.98739624
63600.0000  79.90805054 256.56643677
63700.0000  80.33930969 252.98809814
63800.0000  80.33535004 253.11968994
63900.0000  80.22595215 254.13958740
64000.0000  79.68743134 257.22653198
64100.0000  80.13833618 254.33738708
64200.0000  79.67558289 257.89639282
64300.0000  79.75441742 257.03076172
64400.0000  80.46076965 252.37487793
64500.0000  80.05448914 255.27078247
64600.0000  79.77972412 256.16766357
64700.0000  79.87279510 256.21951294
64800.0000  80.24451447 254.27381897
64900.0000  79.90007019 255.68244934
65000.0000  80.18813324 253.90261841
65100.0000  79.64018250 257.66812134
65200.0000  79.73538208 257.00054932
65300.0000  79.41978455 259.12356567
65400.0000  79.55561066 258.30096436
65500.0000  79.16770172 261.29785156
65600.0000  79.31019592 260.37402344
65700.0000  79.50142670 258.51934814
65800.0000  79.72444153 257.45062256
65900.0000  80.05216980 255.26638794
66000.0000  79.79524231 257.13241577
66100.0000  79.72908783 256.63571167
66200.0000  80.20880890 254.24415588
66300.0000  80.17288971 254.88751221
66400.0000  79.75392151 257.57199097
66500.0000  79.96176910 255.46653748
66600.0000  80.23587036 253.94548035
66700.0000  80.21293640 254.06652832
66800.0000  79.80596924 256.92462158
66900.0000  80.26584625 253.47174072
67000.0000  80.61848450 251.52284241
67100.0000  80.17668152 254.61434937
67200.0000  81.10218811 248.13922119
67300.0000  80.68942261 251.55187988
67400.0000  80.20295715 254.79371643
67500.0000  80.15571594 254.02587891
67600.0000  80.28405762 254.24084473
67700.0000  79.90388489 255.92489624
67800.0000  79.87519073 255.67872620
67900.0000  80.04787445 255.82141113
68000.0000  79.87805939 256.25604248
68100.0000  79.41636658 259.33377075
68200.0000  79.42498779 259.08825684
68300.0000  79.79329681 256.55566406
68400.0000  79.31276703 259.96228027
68500.0000  79.29351044 260.25070190
68600.0000  79.70207214 257.81481934
68700.0000  79.13516998 260.81939697
68800.0000  79.54766083 259.17578125
68900.0000  79.39067078 259.75924683
69000.0000  79.34150696 259.81399536
69100.0000  78.95016479 262.48141479
69200.0000  79.16853333 260.66500854
69300.0000  79.16770172 260.72412109
69400.0000  79.10707092 261.66668701
69500.0000  79.08602905 261.89379883
69600.0000  79.09796906 262.02108765
69700.0000  79.36659241 259.55072021
69800.0000  79.01811981 261.69689941
69900.0000  79.42625427 259.81301880
70000.0000  79.31510925 260.53289795
70100.0000  78.99150848 261.92782593
70200.0000  79.15610504 260.78869629
70300.0000  79.19762421 260.51177979
70400.0000  79.54054260 258.15344238
70500.0000  78.98194885 262.02737427
70600.0000  79.43402100 259.16870117
70700.0000  79.36688232 259.28668213
70800.0000  79.93096161 256.63476562
70900.0000  79.87533569 256.37347412
71000.0000  80.10531616 254.56942749
71100.0000  79.82255554 256.52563477
71200.0000  78.86268616 262.36447144
71300.0000  79.30335236 260.14349365
71400.0000  79.99895477 256.11788940
71500.0000  79.09880829 261.80294800
71600.0000  79.42414856 259.74365234
71700.0000  79.57533264 258.61486816
71800.0000  79.70019531 257.47573853
71900.0000  79.24664307 260.61590576
72000.0000  80.15353394 254.63861084
72100.0000  79.85539246 257.01580811
72200.0000  80.02346039 255.79486084
72300.0000  79.91515350 255.72177124
72400.0000  79.77602386 256.73678589
72500.0000  79.61587524 258.33032227
72600.0000  80.24101257 254.12069702
72700.0000  79.58619690 257.73217773
72800.0000  79.95530701 256.54611206
72900.0000  79.73915100 257.02767944
73000.0000  79.40566254 259.70425415
73100.0000  79.49610138 258.52175903
73200.0000  79.46360779 259.07647705
73300.0000  80.18653107 254.51727295
73400.0000  80.21312714 254.55929565
73500.0000  80.34152985 252.97453308
73600.0000  80.04219818 254.78634644
73700.0000  80.38526917 252.92359924
73800.0000  80.59113312 251.86065674
73900.0000  80.56687927 252.09724426
74000.0000  80.53470612 251.92144775
74100.0000  80.72559357 251.26823425
74200.0000  81.09424591 249.18228149
74300.0000  80.78372955 250.66697693
74400.0000  81.28505707 248.04119873
74500.0000  80.69973755 251.38169861
74600.0000  80.76412201 250.98675537
74700.0000  80.62400055 251.89151001
74800.0000  80.50765228 252.75567627
74900.0000  80.07369232 255.45565796
75000.0000  80.25084686 253.95597839
75100.0000  80.44789124 253.04167175
75200.0000  80.47500610 251.74084473
75300.0000  80.27870178 254.11589050
75400.0000  79.68520355 257.87228394
75500.0000  80.37041473 253.04324341
75600.0000  80.58827209 252.27789307
75700.0000  80.15075684 254.12687683
75800.0000  80.81204224 249.99723816
75900.0000  80.55258942 251.88681030
76000.0000  79.73104095 256.68746948
76100.0000  79.79390717 256.53201294
76200.0000  79.75882721 257.11657715
76300.0000  79.44811249 259.10556030
76400.0000  79.70368195 257.50372314
76500.0000  79.47009277 258.61029053
76600.0000  79.55823517 258.49938965
76700.0000  79.92932892 255.95838928
76800.0000  79.50406647 258.08953857
76900.0000  79.41821289 259.46752930
77000.0000  79.50880432 258.89953613
77100.0000  79.15819550 260.47924805
77200.0000  79.65100098 257.46286011
77300.0000  79.24080658 260.29315186
77400.0000  79.35671997 259.92681885
77500.0000  79.80203247 257.38964844
77600.0000  80.55926514 252.04772949
77700.0000  80.58669281 252.25737000
77800.0000  80.27390289 253.55279541
77900.0000  79.73002625 257.25424194
78000.0000  80.12416077 254.33470154
78100.0000  80.07748413 255.17056274
78200.0000  79.97347260 255.17036438
78300.0000  79.63387299 257.43014526
78400.0000  80.04353333 255.09188843
78500.0000  79.56932831 258.81842041
78600.0000  80.41360474 253.09634399
78700.0000  80.05005646 255.18211365
78800.0000  79.47042084 258.69235229
78900.0000  79.68708801 258.01486206
79000.0000  79.53377533 259.01150513
79100.0000  80.22269440 253.48178101
79200.0000  80.34519196 253.36734009
79300.0000  80.32875061 253.06181335
79400.0000  80.06222534 254.92056274
79500.0000  80.86119080 250.31018066
79600.0000  80.59510803 252.21337891
79700.0000  80.79576111 250.00814819
79800.0000  79.88153839 256.30627441
79900.0000  80.42077637 252.61741638
80000.0000  80.02864075 255.15985107
80100.0000  80.30304718 253.66842651
80200.0000  80.37181091 252.88275146
80300.0000  79.80152893 256.68328857
80400.0000  79.72377014 257.22131348
80500.0000  79.76194763 257.64910889
80600.0000  79.54440308 258.55990601
80700.0000  80.08106995 254.51202393
80800.0000  79.56353760 258.96328735
80900.0000  80.15975952 255.18891907
81000.0000  80.00999451 255.97424316
81100.0000  80.01983643 255.31015015
81200.0000  80.43067932 252.91352844
81300.0000  80.82968903 250.81666565
81400.0000  81.10586548 248.94868469
81500.0000  81.22773743 247.66821289
81600.0000  80.55860901 252.05288696
81700.0000  80.96042633 249.76824951
81800.0000  80.60598755 252.31060791
81900.0000  80.34008026 253.07562256
82000.0000  80.48655701 251.94302368
82100.0000  80.48411560 252.40974426
82200.0000  80.40946198 253.49717712
82300.0000  80.16618347 254.25415039
82400.0000  80.05889130 254.40872192
82500.0000  79.40030670 258.90771484
82600.0000  79.62361145 257.55676270
82700.0000  79.82791138 256.31137085
82800.0000  79.90654755 255.88615417
82900.0000  79.63098145 258.07916260
83000.0000  79.72549438 257.35876465
83100.0000  79.71281433 257.50115967
83200.0000  79.77996826 256.30316162
83300.0000  80.24858093 253.78732300
83400.0000  79.72840881 257.21960449
83500.0000  80.03688812 255.34942627
83600.0000  79.58982086 258.09347534
83700.0000  79.85525513 256.25399780
83800.0000  80.07536316 254.96818542
83900.0000  80.44856262 252.61102295
84000.0000  80.15381622 254.28930664
84100.0000  80.09413147 254.48214722
84200.0000  79.76383209 256.85391235
84300.0000  80.30345154 253.93968201
84400.0000  80.42273712 252.62710571
84500.0000  80.35538483 253.22595215
84600.0000  80.49422455 252.76333618
84700.0000  80.54618073 251.90283203
84800.0000  80.51268005 252.38238525
84900.0000  80.21356201 254.57504272
85000.0000  80.21032715 254.13708496
85100.0000  79.87055969 255.98849487
85200.0000  80.34656525 253.73414612
85300.0000  80.06320190 254.78710938
85400.0000  79.76869202 256.68276978
85500.0000  79.95821381 255.94815063
85600.0000  79.86557770 256.75909424
85700.0000  80.01143646 255.71386719
85800.0000  80.25096130 253.36581421
85900.0000  80.49423981 253.00965881
86000.0000  79.87258911 256.51266479
86100.0000  80.03054810 255.59465027
86200.0000  80.00199127 255.15168762
86300.0000  79.90399933 256.22662354
86400.0000  79.58184814 258.03936768
86500.0000  79.07288361 261.63488770
86600.0000  78.81068420 262.77111816
86700.0000  78.97717285 262.10046387
86800.0000  79.29029846 259.78421021
86900.0000  80.21520996 254.16674805
87000.0000  80.01015472 255.41627502
87100.0000  79.50392151 259.00225830
87200.0000  79.87822723 256.15847778
87300.0000  79.63224030 257.55181885
87400.0000  79.15930176 261.34045410
87500.0000  79.35273743 260.18011475
87600.0000  79.59887695 257.87265015
87700.0000  80.37306213 252.93972778
87800.0000  80.22190857 254.12359619
87900.0000  79.61402130 257.53628540
88000.0000  79.30113220 259.04272461
88100.0000  80.38693237 253.73323059
88200.0000  79.67577362 257.08428955
88300.0000  79.35278320 259.58703613
88400.0000  78.72608948 263.91043091
88500.0000  79.39310455 260.20288086
88600.0000  78.93605804 262.45092773
88700.0000  78.77205658 264.15661621
88800.0000  79.83574677 256.56994629
88900.0000  80.14450073 254.19183350
89000.0000  79.76335144 257.01553345
89100.0000  79.11949921 261.46337891
89200.0000  79.63578033 257.45089722
89300.0000  79.78994751 256.92858887
89400.0000  79.63278961 258.74108887
89500.0000  79.40501404 259.10565186
89600.0000  78.88939667 261.91415405
89700.0000  79.14385986 261.01440430
89800.0000  79.48930359 258.91888428
89900.0000  79.14669800 260.95095825
90000.0000  79.08223724 261.34432983
90100.0000  79.07060242 261.26263428
90200.0000  79.04692078 261.90573120
90300.0000  78.58361053 265.46063232
90400.0000  78.61687469 264.42315674
90500.0000  79.03639221 261.88284302
90600.0000  79.08497620 261.30932617
90700.0000  79.18493652 260.43560791
90800.0000  79.26735687 260.29025269
90900.0000  79.21171570 260.43432617
91000.0000  79.67203522 257.51611328
91100.0000  79.77725983 257.18511963
91200.0000  79.57638550 258.53268433
91300.0000  79.49528503 259.25775146
91400.0000  79.81433105 257.05560303
91500.0000  79.98976898 255.46246338
91600.0000  80.12314606 254.45944214
91700.0000  80.04767609 255.41563416
91800.0000  79.88213348 256.30859375
91900.0000  79.46472931 258.79309082
92000.0000  80.17878723 254.45585632
92100.0000  79.64266205 257.76364136
92200.0000  79.84585571 256.44931030
92300.0000  80.38775635 253.14353943
92400.0000  80.28438568 253.24316406
92500.0000  80.57537079 251.79597473
92600.0000  80.17041016 254.16107178
92700.0000  80.06702423 254.77316284
92800.0000  79.74650574 256.82196045
92900.0000  80.59077454 252.14277649
93000.0000  80.82236481 250.55876160
93100.0000  80.14183044 255.18469238
93200.0000  79.40474701 259.22253418
93300.0000  79.68723297 257.90240479
93400.0000  79.42729187 259.25033569
93500.0000  80.48945618 252.54394531
93600.0000  80.40510559 253.35379028
93700.0000  80.17550659 254.44268799
93800.0000  80.42075348 252.95687866
93900.0000  80.32706451 253.43019104
94000.0000  80.06191254 255.50753784
94100.0000  80.10980225 254.29342651
94200.0000  80.14294434 254.29455566
94300.0000  80.34199524 253.58663940
94400.0000  80.36311340 253.58201599
94500.0000  79.80250549 257.18115234
94600.0000  79.70877075 257.44299316
94700.0000  80.31756592 253.36056519
94800.0000  80.14904785 254.31399536
94900.0000  80.23538208 253.53442383
95000.0000  80.52857971 252.22685242
95100.0000  80.15585327 254.56637573
95200.0000  79.55634308 258.48529053
95300.0000  79.84156799 256.51211548
95400.0000  79.44106293 258.59002686
95500.0000  79.53741455 258.73196411
95600.0000  79.88678741 256.62527466
95700.0000  79.24507904 260.45809937
95800.0000  78.93042755 262.27993774
95900.0000  78.75395966 263.53451538
96000.0000  79.03308105 261.46185303
96100.0000  78.48214722 265.06600952
96200.0000  78.67591095 264.11380005
96300.0000  78.61401367 264.48147583
96400.0000  78.43270874 265.49560547
96500.0000  78.81428528 264.07214355
96600.0000  78.42694092 265.72943115
96700.0000  78.44062042 265.38412476
96800.0000  78.18582916 266.96258545
96900.0000  78.38523102 265.86361694
97000.0000  78.90272522 262.48080444
97100.0000  78.71321869 264.15277100
97200.0000  77.90994263 269.49465942
97300.0000  78.34609222 265.73205566
97400.0000  78.43499756 265.92791748
97500.0000  78.46222687 265.96591187
97600.0000  78.70352936 264.70880127
97700.0000  78.42416382 265.59411621
97800.0000  78.66261292 265.07174683
97900.0000  78.99268341 262.33044434
98000.0000  78.86217499 262.51293945
98100.0000  78.80001068 264.14456177
98200.0000  78.52091980 265.92059326
98300.0000  78.86592865 263.51397705
98400.0000  78.73800659 264.12103271
98500.0000  78.94072723 262.47927856
98600.0000  78.49808502 265.16931152
98700.0000  78.64514160 264.89999390
98800.0000  78.15009308 267.17785645
98900.0000  78.21724701 267.65444946
99000.0000  77.69520569 270.93179321
99100.0000  78.39730072 265.62228394
99200.0000  78.60636902 264.63513184
99300.0000  78.27347565 266.77142334
99400.0000  77.79959106 269.75524902
99500.0000  77.93155670 268.68814087
99600.0000  77.99703979 268.75311279
99700.0000  78.57803345 265.50927734
99800.0000  78.31284332 266.92889404
99900.0000  78.88116455 261.51470947
100000.0000  79.00531769 262.17919922
100100.0000  78.10303497 267.72189331
100200.0000  78.76640320 263.52035522
100300.0000  78.61302185 264.96310425
100400.0000  79.26424408 260.68960571
100500.0000  79.62937164 258.38568115
100600.0000  79.28384399 261.14916992
100700.0000  78.66078186 264.68359375
100800.0000  78.70349884 263.79400635
100900.0000  78.40201569 265.63519287
101000.0000  77.98856354 268.52719116
101100.0000  77.46083069 272.39532471
101200.0000  77.88984680 269.23873901
101300.0000  78.20817566 267.39263916
101400.0000  78.60668182 265.30880737
101500.0000  78.38019562 266.42062378
101600.0000  77.84135437 269.93222046
101700.0000  78.41239166 265.85510254
101800.0000  78.92742157 262.62051392
101900.0000  78.77722168 263.81304932
102000.0000  78.05731964 268.08633423
102100.0000  78.77379608 263.67892456
102200.0000  78.68533325 264.25140381
102300.0000  78.34626770 266.59091187
102400.0000  78.39034271 265.91864014
102500.0000  78.27099609 266.52554321
102600.0000  78.55021667 265.17977905
102700.0000  78.34564209 266.67031860
102800.0000  78.05954742 267.79006958
102900.0000  78.29903412 267.01428223
103000.0000  77.63289642 271.10891724
103100.0000  77.69911957 270.67227173
103200.0000  78.32362366 266.58871460
103300.0000  78.69749451 262.79119873
103400.0000  78.56528473 265.10589600
103500.0000  79.15638733 261.13729858
103600.0000  79.08735657 261.91198730
103700.0000  78.96591949 262.82342529
103800.0000  78.55864716 264.72601318
103900.0000  78.55104828 264.33447266
104000.0000  78.66960144 263.32189941
104100.0000  79.20503998 259.82891846
104200.0000  79.86491394 256.20077515
104300.0000  79.75577545 256.64175415
104400.0000  79.49971008 259.05789185
104500.0000  79.63616180 257.72268677
104600.0000  79.43138123 259.50442505
104700.0000  79.98298645 255.58776855
104800.0000  79.82071686 256.58673096
104900.0000  79.94466400 255.70503235
105000.0000  79.62055206 257.91094971
105100.0000  79.32888031 259.91815186
105200.0000  79.60095978 258.48339844
105300.0000  79.98201752 255.31448364
105400.0000  79.69721985 257.41625977
105500.0000  79.96058655 255.82960510
105600.0000  80.16807556 254.96162415
105700.0000  80.06298065 255.39135742
105800.0000  80.28121185 253.20869446
105900.0000  80.04043579 256.07147217
106000.0000  79.61626434 258.20492554
106100.0000  79.76435089 257.51797485
106200.0000  80.02661133 255.40739441
106300.0000  79.61088562 258.07809448
106400.0000  79.72728729 257.41894531
106500.0000  78.84726715 263.41067505
106600.0000  79.03500366 261.36346436
106700.0000  79.51702118 258.91748047
106800.0000  79.59430695 258.51675415
106900.0000  79.16350555 260.97521973
107000.0000  79.17029572 260.96511841
107100.0000  79.63484192 257.67956543
107200.0000  79.08223724 260.76034546
107300.0000  79.34095001 259.41604614
107400.0000  79.46201324 259.21252441
107500.0000  78.97472382 261.52539062
107600.0000  79.35411072 259.53738403
107700.0000  79.59378815 257.65570068
107800.0000  79.78035736 256.70870972
107900.0000  79.89663696 256.12603760
108000.0000  79.82815552 256.28930664
108100.0000  79.54311371 258.97985840
108200.0000  79.31646729 259.89459229
108300.0000  79.32280731 260.09625244
108400.0000  79.95983887 255.93319702
108500.0000  79.43955994 259.21032715
108600.0000  79.45939636 258.73574829
108700.0000  79.49665833 258.43283081
108800.0000  79.61543274 257.54791260
108900.0000  79.36681366 259.73931885
109000.0000  79.02819824 262.04595947
109100.0000  78.90095520 262.57626343
109200.0000  79.73772430 256.57968140
109300.0000  79.64938354 257.52459717
109400.0000  80.16990662 254.76306152
109500.0000  79.72063446 257.38909912
109600.0000  79.86987305 256.24786377
109700.0000  80.33844757 253.82841492
109800.0000  80.70123291 250.86744690
109900.0000  80.28835297 253.55374146
110000.0000  80.05030823 255.23109436
110100.0000  80.09794617 254.63157654
110200.0000  80.25698853 254.49186707
110300.0000  80.00125885 255.64593506
110400.0000  80.49525452 252.52775574
110500.0000  80.24617004 253.88919067
110600.0000  80.35259247 253.33700562
110700.0000  80.79082489 250.36367798
110800.0000  80.49640656 253.11712646
110900.0000  80.64665985 251.12046814
111000.0000  80.40342712 253.08061218
111100.0000  80.41785431 253.13905334
111200.0000  79.74127197 257.00463867
111300.0000  80.21725464 254.15864563
111400.0000  80.03332520 255.46896362
111500.0000  79.74438477 256.70916748
111600.0000  79.81481934 256.71627808
111700.0000  79.93457031 256.19924927
111800.0000  79.71920776 256.85949707
111900.0000  80.25732422 253.62440491
112000.0000  80.12776184 254.16862488
112100.0000  79.31613159 260.03106689
112200.0000  79.79842377 256.49560547
112300.0000  79.16058350 260.79418945
112400.0000  78.89129639 262.20977783
112500.0000  79.57484436 257.85870361
112600.0000  79.62415314 259.01913452
112700.0000  79.66568756 257.83694458
112800.0000  79.85002136 256.25247192
112900.0000  79.59407043 257.99179077
113000.0000  79.40476990 258.60418701
113100.0000  80.50334930 252.16638184
113200.0000  80.17444611 254.08827209
113300.0000  79.85684204 255.91723633
113400.0000  80.65220642 252.42864990
113500.0000  79.89241791 256.45581055
113600.0000  79.67301941 258.22546387
113700.0000  78.89185333 263.11505127
113800.0000  80.00556183 255.80018616
113900.0000  80.24609375 254.34095764
