# List of simulations # List of simulations for: dibucaine 
# Path: /media/nenciric/Ricky2020/simulations/ 
# Created on: 2021-12-03 
 
#     1 - System 
#     2 - Start time [ns] 
#     3 - End time [ns] 
#     4 - Time step [ps]  
#     5 - Total length [ns] 
#     6 - Temperature  
#     7 - Binding equilibrated after [ps] 
#     8 - Trajectory size [MB] 
 
dibucaine_POPC_CHARMM_298K_Cl_countra_104mM_8800waters                        0.0      284.5      100.0      284.5      298.0      50000        551 
dibucaine_POPC_CHARMM_298K_Cl_countra_123mM                                   0.0      114.0      100.0      114.0      298.0      50000        680 
dibucaine_POPC_CHARMM_298K_Cl_countra_130mM_8800waters                        0.0      244.5      100.0      244.5      298.0      50000        484 
dibucaine_POPC_CHARMM_298K_Cl_countra_13mM_8800waters                         0.0      305.9      100.0      305.9      298.0      50000        578 
dibucaine_POPC_CHARMM_298K_Cl_countra_156mM_8800waters                        0.0      581.0      100.0      581.0      298.0      50000       1132 
dibucaine_POPC_CHARMM_298K_Cl_countra_15mM_177600waters                       0.0      241.3      100.0      241.3      298.0          0       4908 
dibucaine_POPC_CHARMM_298K_Cl_countra_182mM_8800waters                        0.0      586.6      100.0      586.6      298.0     100000       1132 
dibucaine_POPC_CHARMM_298K_Cl_countra_208mM_8800waters                        0.0      285.4      100.0      285.4      298.0     150000        566 
dibucaine_POPC_CHARMM_298K_Cl_countra_234mM_8800waters                        0.0      292.8      100.0      292.8      298.0      50000        589 
dibucaine_POPC_CHARMM_298K_Cl_countra_260mM_8800waters                        0.0      287.2      100.0      287.2      298.0      50000        580 
dibucaine_POPC_CHARMM_298K_Cl_countra_26mM_8800waters                         0.0      295.4      100.0      295.4      298.0      50000        564 
dibucaine_POPC_CHARMM_298K_Cl_countra_286mM_8800waters                        0.0      211.3      100.0      211.3      298.0      50000        442 
dibucaine_POPC_CHARMM_298K_Cl_countra_312mM_8800waters                        0.0      138.2      100.0      138.2      298.0      20000        283 
dibucaine_POPC_CHARMM_298K_Cl_countra_52mM_8800waters                         0.0      288.0      100.0      288.0      298.0     100000        535 
dibucaine_POPC_CHARMM_298K_Cl_countra_78mM_8800waters                         0.0      251.2      100.0      251.2      298.0      50000        470 
