# List of simulations for: dibucaine 
# Path: /media/nenciric/Ricky2020/simulations/ 
# Create on: 2021-12-15 
 
#     1 - System 
#     2 - Start time [ns] 
#     3 - End time [ns] 
#     4 - Saving frequency [ps]  
#     5-13 - alpha1 , error alpha1, alpha2 , error alpha2, beta1 , error beta1, beta2 , error beta2,  
#     14-15 - Box - Z,  APL 
 
dibucaine_POPC_CHARMM_298K_Cl_countra_104mM_8800waters                            50.0      284.4        100  7.94  0.66   
dibucaine_POPC_CHARMM_298K_Cl_countra_123mM                                       50.0      113.9        100  25.74  0.64   
dibucaine_POPC_CHARMM_298K_Cl_countra_130mM_8800waters                            50.0      244.4        100  8.04  0.67   
dibucaine_POPC_CHARMM_298K_Cl_countra_13mM_8800waters                             50.0      305.8        100  7.95  0.64   
dibucaine_POPC_CHARMM_298K_Cl_countra_156mM_8800waters                            50.0      580.9        100  7.85  0.67   
dibucaine_POPC_CHARMM_298K_Cl_countra_15mM_177600waters                            0.0      241.2        100  76.59  0.72   
dibucaine_POPC_CHARMM_298K_Cl_countra_182mM_8800waters                           100.0      586.5        100  7.65  0.68   
dibucaine_POPC_CHARMM_298K_Cl_countra_208mM_8800waters                           150.0      285.3        100  7.77  0.69   
dibucaine_POPC_CHARMM_298K_Cl_countra_234mM_8800waters                            50.0      292.7        100  7.81  0.70   
dibucaine_POPC_CHARMM_298K_Cl_countra_260mM_8800waters                            50.0      287.1        100  7.75  0.70   
dibucaine_POPC_CHARMM_298K_Cl_countra_26mM_8800waters                             50.0      295.3        100  8.05  0.64   
dibucaine_POPC_CHARMM_298K_Cl_countra_286mM_8800waters                            50.0      211.2        100  7.91  0.71   
dibucaine_POPC_CHARMM_298K_Cl_countra_312mM_8800waters                            20.0      138.1        100  7.71  0.71   
dibucaine_POPC_CHARMM_298K_Cl_countra_52mM_8800waters                            100.0      287.9        100  7.69  0.65   
dibucaine_POPC_CHARMM_298K_Cl_countra_78mM_8800waters                             50.0      251.1        100  7.69  0.66  