# List of simulations for: dibucaine 
# Path: /media/nenciric/Ricky2020/simulations/ 
# Create on: 2021-12-13 
 
#     1 - System 
#     2 - Saving frequency [ps]  
#     3 - Total length [ns] 
#     4 - Binding equilibrated after [ns]  
#     5 - Temperature [K] 
#     6 - Composition 
 
dibucaine_POPC_CHARMM_298K_Cl_countra_104mM_8800waters                             100  284.5   50 298.0  POPC:    200, dibucaine:     16,  TIP3:   9059,   CLA:     16, 
dibucaine_POPC_CHARMM_298K_Cl_countra_123mM                                        100  114.0   50 298.0  POPC:    200, dibucaine:    100,  TIP3:  45000,   CLA:    100, 
dibucaine_POPC_CHARMM_298K_Cl_countra_130mM_8800waters                             100  244.5   50 298.0  POPC:    200, dibucaine:     20,  TIP3:   9372,   CLA:     20, 
dibucaine_POPC_CHARMM_298K_Cl_countra_13mM_8800waters                              100  305.9   50 298.0  POPC:    200, dibucaine:      2,  TIP3:   8873,   CLA:      2, 
dibucaine_POPC_CHARMM_298K_Cl_countra_156mM_8800waters                             100  581.0   50 298.0  POPC:    200, dibucaine:     24,  TIP3:   8996,   CLA:     24, 
dibucaine_POPC_CHARMM_298K_Cl_countra_15mM_177600waters                            100  241.3    0 298.0  POPC:    200, dibucaine:     48,   CLA:     48,  TIP3: 177600, 
dibucaine_POPC_CHARMM_298K_Cl_countra_182mM_8800waters                             100  586.6  100 298.0  POPC:    200, dibucaine:     28,  TIP3:   8731,   CLA:     28, 
dibucaine_POPC_CHARMM_298K_Cl_countra_208mM_8800waters                             100  285.4  150 298.0  POPC:    200, dibucaine:     32,  TIP3:   9160,   CLA:     32, 
dibucaine_POPC_CHARMM_298K_Cl_countra_234mM_8800waters                             100  292.8   50 298.0  POPC:    200, dibucaine:     36,  TIP3:   9350,   CLA:     36, 
dibucaine_POPC_CHARMM_298K_Cl_countra_260mM_8800waters                             100  287.2   50 298.0  POPC:    200, dibucaine:     40,  TIP3:   9347,   CLA:     40, 
dibucaine_POPC_CHARMM_298K_Cl_countra_26mM_8800waters                              100  295.4   50 298.0  POPC:    200, dibucaine:      4,  TIP3:   9022,   CLA:      4, 
dibucaine_POPC_CHARMM_298K_Cl_countra_286mM_8800waters                             100  211.3   50 298.0  POPC:    200, dibucaine:     44,  TIP3:   9787,   CLA:     44, 
dibucaine_POPC_CHARMM_298K_Cl_countra_312mM_8800waters                             100  138.2   20 298.0  POPC:    200, dibucaine:     48,  TIP3:   9356,   CLA:     48, 
dibucaine_POPC_CHARMM_298K_Cl_countra_52mM_8800waters                              100  288.0  100 298.0  POPC:    200, dibucaine:      8,  TIP3:   8455,   CLA:      8, 
dibucaine_POPC_CHARMM_298K_Cl_countra_78mM_8800waters                              100  251.2   50 298.0  POPC:    200, dibucaine:     12,  TIP3:   8506,   CLA:     12, 
