# List of simulations for: dibucaine 
# Path: /media/nenciric/Ricky2020/simulations/ 
# Create on: 2021-12-15 
 
#     1 - System 
#     2 - Start time [ns] 
#     3 - End time [ns] 
#     4 - Saving frequency [ps]  
#     5-13 - alpha1 , error alpha1, alpha2 , error alpha2, beta1 , error beta1, beta2 , error beta2,  
#     14-15 - Box - Z,  APL 
 
dibucaine_POPC_CHARMM_298K_Cl_countra_104mM_8800waters                            50.0      284.4        100  0.01580  0.00152   0.01978  0.00147  -0.07705  0.00123  -0.07938  0.00139   7.94  0.66   
dibucaine_POPC_CHARMM_298K_Cl_countra_123mM                                       50.0      113.9        100  0.01683  0.00195   0.01722  0.00181  -0.04312  0.00152  -0.04708  0.00151   25.74  0.64   
dibucaine_POPC_CHARMM_298K_Cl_countra_130mM_8800waters                            50.0      244.4        100  0.01459  0.00163   0.01447  0.00167  -0.07898  0.00153  -0.07795  0.00150   8.04  0.67   
dibucaine_POPC_CHARMM_298K_Cl_countra_13mM_8800waters                             50.0      305.8        100  0.02793  0.00153   0.02621  0.00145  -0.06676  0.00112  -0.06606  0.00117   7.95  0.64   
dibucaine_POPC_CHARMM_298K_Cl_countra_156mM_8800waters                            50.0      580.9        100  0.01368  0.00113   0.01638  0.00109  -0.09226  0.00104  -0.09097  0.00102   7.85  0.67   
dibucaine_POPC_CHARMM_298K_Cl_countra_15mM_177600waters                            0.0      241.2        100 -0.01299  0.00205   0.00016  0.00211  -0.12153  0.00179  -0.12066  0.00180   76.59  0.72   
dibucaine_POPC_CHARMM_298K_Cl_countra_182mM_8800waters                           100.0      586.5        100  0.00927  0.00113   0.00988  0.00118  -0.08807  0.00095  -0.08800  0.00095   7.65  0.68   
dibucaine_POPC_CHARMM_298K_Cl_countra_208mM_8800waters                           150.0      285.3        100  0.00220  0.00119   0.00376  0.00124  -0.05152  0.00104  -0.05151  0.00108   7.77  0.69   
dibucaine_POPC_CHARMM_298K_Cl_countra_234mM_8800waters                            50.0      292.7        100  0.00133  0.00164   0.00669  0.00217  -0.09109  0.00150  -0.09122  0.00155   7.81  0.70   
dibucaine_POPC_CHARMM_298K_Cl_countra_260mM_8800waters                            50.0      287.1        100 -0.00069  0.00171   0.00305  0.00161  -0.09536  0.00126  -0.09297  0.00134   7.75  0.70   
dibucaine_POPC_CHARMM_298K_Cl_countra_26mM_8800waters                             50.0      295.3        100  0.02678  0.00146   0.02627  0.00142  -0.06617  0.00119  -0.06757  0.00140   8.05  0.64   
dibucaine_POPC_CHARMM_298K_Cl_countra_286mM_8800waters                            50.0      211.2        100 -0.00183  0.00193   0.00145  0.00190  -0.08928  0.00145  -0.08970  0.00149   7.91  0.71   
dibucaine_POPC_CHARMM_298K_Cl_countra_312mM_8800waters                            20.0      138.1        100 -0.00394  0.00254  -0.00531  0.00246  -0.10167  0.00195  -0.10146  0.00197   7.71  0.71   
dibucaine_POPC_CHARMM_298K_Cl_countra_52mM_8800waters                            100.0      287.9        100  0.01908  0.00133   0.01805  0.00142  -0.05541  0.00112  -0.05523  0.00116   7.69  0.65   
dibucaine_POPC_CHARMM_298K_Cl_countra_78mM_8800waters                             50.0      251.1        100  0.02056  0.00165   0.02171  0.00157  -0.07077  0.00133  -0.07189  0.00152   7.69  0.66  