-36.5333  91.81664529 5.90105331 3.95828017
-36.4667  91.84809349 5.86581881 3.93418046
-36.4000  92.03103343 5.82896814 3.92889570
-36.3333  92.01245503 5.76701365 3.94745863
-36.2667  92.01613424 5.75975707 3.92463162
-36.2000  92.01670531 5.70111407 3.91843351
-36.1333  92.17973328 5.66778513 3.92099436
-36.0667  92.14757235 5.63157282 3.88989476
-36.0000  92.18342976 5.60388166 3.91238185
-35.9333  92.31410123 5.56805509 3.87876691
-35.8667  92.32444120 5.54926883 3.88868060
-35.8000  92.25745092 5.52045859 3.86901293
-35.7333  92.22671063 5.48613968 3.86219437
-35.6667  92.30039454 5.49599275 3.87802713
-35.6000  92.33985838 5.45953606 3.87663923
-35.5333  92.29020417 5.44295157 3.86063583
-35.4667  92.30763215 5.45196043 3.86036999
-35.4000  92.34747917 5.43413305 3.87950081
-35.3333  92.24664998 5.43604285 3.86222806
-35.2667  92.29815487 5.43977043 3.85169205
-35.2000  92.27627136 5.45087785 3.83943941
-35.1333  92.29612907 5.46332388 3.82821993
-35.0667  92.23056953 5.48518274 3.84241910
-35.0000  92.20260511 5.53303478 3.82997269
-34.9333  92.13948828 5.53399930 3.81814854
-34.8667  92.21874727 5.52382555 3.80894157
-34.8000  92.13056525 5.56948191 3.81476757
-34.7333  92.10196599 5.57034381 3.82497066
-34.6667  92.14312609 5.59501572 3.82210640
-34.6000  92.11389424 5.62507854 3.82270882
-34.5333  92.08259465 5.64167333 3.81833513
-34.4667  92.00783471 5.66219646 3.81336979
-34.4000  92.06646696 5.67982835 3.80523467
-34.3333  91.99581118 5.71884230 3.79038188
-34.2667  91.96392028 5.75629814 3.79041601
-34.2000  92.02897312 5.78089050 3.78290036
-34.1333  91.86356629 5.83863110 3.77562246
-34.0667  91.84945676 5.90827756 3.78904921
-34.0000  91.77998716 5.94846392 3.78763584
-33.9333  91.74091961 6.02415330 3.79139576
-33.8667  91.75706382 6.08129061 3.78832919
-33.8000  91.68005666 6.18607607 3.80208072
-33.7333  91.57624416 6.25533852 3.81774440
-33.6667  91.47742527 6.31678785 3.82795773
-33.6000  91.43548032 6.36813358 3.85639265
-33.5333  91.30247099 6.46573576 3.87243470
-33.4667  91.33173676 6.50638061 3.88963159
-33.4000  91.21444946 6.56679885 3.92718665
-33.3333  91.07699935 6.61100193 3.94132007
-33.2667  91.05473350 6.66380607 3.96326224
-33.2000  91.08895907 6.71167572 3.99652995
-33.1333  90.92380816 6.72071409 4.02451855
-33.0667  90.83638865 6.80214480 4.05537324
-33.0000  90.72461853 6.82202202 4.08164218
-32.9333  90.73951715 6.83489051 4.10917883
-32.8667  90.69560864 6.88546365 4.12861640
-32.8000  90.60428314 6.91254728 4.13707886
-32.7333  90.53226612 6.94881853 4.17763646
-32.6667  90.52591875 6.97322458 4.16640018
-32.6000  90.51615402 6.99085864 4.15149942
-32.5333  90.50727513 7.02354188 4.15143117
-32.4667  90.46988199 7.03646779 4.13346609
-32.4000  90.44492294 7.06372945 4.11338568
-32.3333  90.46761324 7.07805281 4.10324355
-32.2667  90.49599986 7.09848276 4.04865106
-32.2000  90.49718504 7.08581904 4.04076086
-32.1333  90.53080776 7.12700653 3.97752701
-32.0667  90.45683971 7.11553965 3.94829310
-32.0000  90.54408846 7.12019914 3.90998900
-31.9333  90.61577749 7.12664261 3.87299927
-31.8667  90.61204839 7.11563620 3.85068005
-31.8000  90.65583025 7.08097280 3.82153922
-31.7333  90.64445719 7.09020479 3.78506262
-31.6667  90.75047287 7.08497005 3.77987157
-31.6000  90.78042321 7.05395103 3.77197123
-31.5333  90.68760258 7.06115628 3.77053008
-31.4667  90.71888452 7.03962208 3.76132706
-31.4000  90.75272257 7.04814059 3.76362163
-31.3333  90.78465491 7.03591340 3.76793018
-31.2667  90.79765830 7.02451407 3.75833864
-31.2000  90.80688495 7.05187806 3.77387538
-31.1333  90.78209128 7.05700462 3.77603645
-31.0667  90.69409969 7.06288640 3.78048178
-31.0000  90.79509195 7.04827000 3.78937712
-30.9333  90.74339718 7.07883815 3.79993139
-30.8667  90.73828936 7.07895799 3.83727824
-30.8000  90.73937685 7.08872624 3.84053843
-30.7333  90.62021969 7.10189377 3.84942934
-30.6667  90.63379292 7.10265055 3.88614895
-30.6000  90.62803863 7.11441686 3.89693722
-30.5333  90.67467391 7.07016427 3.92401084
-30.4667  90.64115017 7.08093959 3.93073956
-30.4000  90.69274864 7.06955421 3.95796598
-30.3333  90.61793657 7.03856762 3.98830258
-30.2667  90.59967222 7.01811139 3.99987353
-30.2000  90.65653140 7.01789239 4.00507015
-30.1333  90.65063254 6.97785071 4.01201702
-30.0667  90.75557896 6.97543338 4.02263767
-30.0000  90.74428167 6.96923036 4.00557689
-29.9333  90.68332143 6.95928876 4.01615608
-29.8667  90.70930875 6.96700920 3.99036527
-29.8000  90.91312709 6.96773959 3.98179482
-29.7333  90.85273383 6.95958836 3.95337762
-29.6667  90.83498168 6.99424162 3.95057385
-29.6000  90.84129909 6.98597240 3.91012366
-29.5333  90.92030933 6.99000305 3.91759806
-29.4667  90.95695898 7.00960068 3.88631071
-29.4000  90.92656701 6.99950882 3.88481872
-29.3333  90.83900924 6.99224634 3.89579684
-29.2667  90.91742870 6.98542601 3.88180716
-29.2000  90.99829226 6.95545858 3.88448270
-29.1333  90.91115509 6.91687350 3.89235490
-29.0667  90.90924500 6.88464098 3.90488557
-29.0000  90.89146173 6.86956860 3.93404951
-28.9333  90.97463809 6.82290787 3.94195353
-28.8667  90.82920477 6.82334344 3.93227209
-28.8000  90.83884214 6.78695512 3.93637692
-28.7333  90.84297626 6.77574762 3.95035375
-28.6667  90.88413860 6.77751609 3.95260005
-28.6000  90.81514378 6.75502122 3.95406328
-28.5333  90.80473033 6.76971342 3.94651505
-28.4667  90.82755314 6.81006497 3.94114573
-28.4000  90.80138771 6.76048815 3.93509394
-28.3333  90.81510145 6.79359585 3.90355620
-28.2667  90.80083727 6.80174782 3.87544592
-28.2000  90.83180111 6.80448405 3.86153109
-28.1333  90.93291791 6.82893834 3.82322576
-28.0667  90.93235089 6.81938936 3.79477901
-28.0000  90.91522986 6.84317983 3.77551794
-27.9333  90.89831863 6.84382780 3.75997345
-27.8667  90.99052006 6.83157761 3.75806563
-27.8000  91.00025498 6.84825936 3.74269905
-27.7333  91.02267974 6.82071905 3.73414766
-27.6667  90.94466652 6.81252261 3.74906801
-27.6000  91.09943138 6.83065564 3.75132916
-27.5333  91.02657583 6.81707811 3.74435270
-27.4667  91.04075447 6.81594067 3.74764739
-27.4000  91.01435096 6.83462757 3.74079580
-27.3333  91.00037790 6.83746969 3.76576443
-27.2667  91.03770262 6.83874081 3.75863459
-27.2000  91.07735857 6.88155788 3.76066670
-27.1333  90.99090191 6.87249357 3.75870451
-27.0667  91.03728025 6.90674038 3.79217288
-27.0000  90.97371640 6.91303069 3.79966214
-26.9333  90.99310618 6.89846843 3.82173273
-26.8667  91.06655569 6.91636435 3.85309906
-26.8000  90.93712233 6.93025266 3.86601168
-26.7333  90.88249640 6.94317989 3.90090230
-26.6667  90.83377964 6.95676862 3.92187725
-26.6000  90.79267198 6.96437381 3.95794957
-26.5333  90.81966845 6.97815910 3.97463437
-26.4667  90.81804760 6.96412686 3.98514806
-26.4000  90.63107540 7.00047145 4.01538763
-26.3333  90.66735344 7.00451091 4.04050543
-26.2667  90.65743842 6.98024933 4.06222013
-26.2000  90.64925753 6.98319050 4.07953094
-26.1333  90.61969747 6.97138639 4.09094085
-26.0667  90.60191262 6.98398686 4.09510563
-26.0000  90.67982604 6.95284903 4.08302706
-25.9333  90.63081694 6.94053465 4.06628192
-25.8667  90.60112677 6.94825257 4.06042994
-25.8000  90.68249612 6.96246803 4.07327848
-25.7333  90.73863147 6.93440340 4.04024788
-25.6667  90.71479878 6.92266863 4.00837501
-25.6000  90.72834331 6.92672080 3.99859454
-25.5333  90.77249639 6.92547896 3.97671404
-25.4667  90.86420960 6.91333509 3.94960823
-25.4000  90.71172786 6.86608612 3.93189023
-25.3333  90.91235604 6.84169925 3.91122566
-25.2667  90.87741460 6.79514241 3.86796099
-25.2000  90.98563728 6.75389852 3.86749323
-25.1333  90.98541522 6.71092507 3.86264822
-25.0667  91.01751258 6.64156744 3.85118074
-25.0000  91.11638024 6.58100010 3.82422428
-24.9333  91.22282196 6.56470281 3.81100347
-24.8667  91.16464513 6.49287301 3.80668133
-24.8000  91.18474747 6.48840743 3.79624493
-24.7333  91.19647926 6.45619373 3.78999039
-24.6667  91.19286806 6.42997536 3.80053264
-24.6000  91.19695832 6.42797497 3.81965491
-24.5333  91.25940127 6.39832723 3.82055312
-24.4667  91.26713748 6.38647512 3.82220166
-24.4000  91.16420666 6.36627815 3.87078793
-24.3333  91.26469551 6.34990283 3.87064431
-24.2667  91.27322111 6.32556936 3.90291636
-24.2000  91.27142793 6.31958258 3.92342527
-24.1333  91.26052740 6.25731846 3.94951016
-24.0667  91.24364143 6.22737360 3.98289339
-24.0000  91.29045909 6.17633365 4.00857980
-23.9333  91.35246055 6.12383841 4.01873786
-23.8667  91.48349026 6.07528623 4.03940388
-23.8000  91.42711593 5.98809937 4.04647024
-23.7333  91.51186525 5.94886304 4.05176174
-23.6667  91.67663304 5.87532492 4.04550034
-23.6000  91.58390104 5.83143966 4.04429778
-23.5333  91.71211297 5.76985946 4.05389880
-23.4667  91.84675672 5.68155180 4.06066496
-23.4000  91.92737436 5.59518282 4.06292783
-23.3333  91.98643694 5.53319125 4.06356007
-23.2667  92.07778055 5.44357262 4.05773877
-23.2000  92.22988510 5.34996923 4.04817018
-23.1333  92.19583438 5.24383615 4.02208922
-23.0667  92.41495003 5.15113224 4.00455863
-23.0000  92.46311960 5.01828226 4.00912907
-22.9333  92.65760653 4.89663581 3.99472617
-22.8667  92.73116202 4.76911368 3.98521553
-22.8000  92.86548380 4.64474287 3.96847493
-22.7333  92.97771532 4.52327332 3.94848931
-22.6667  93.15803823 4.39561206 3.93818080
-22.6000  93.26516782 4.26504411 3.92290166
-22.5333  93.41040352 4.14794008 3.90662178
-22.4667  93.49654117 4.00167202 3.88181429
-22.4000  93.60397258 3.89668452 3.86179598
-22.3333  93.72346068 3.79043423 3.84181131
-22.2667  93.93969639 3.65931422 3.82392087
-22.2000  93.99812040 3.54971149 3.83707491
-22.1333  94.04200965 3.45396990 3.82787947
-22.0667  94.14623859 3.34046106 3.80013202
-22.0000  94.38387550 3.24358268 3.80358561
-21.9333  94.36469677 3.13263053 3.81702385
-21.8667  94.53493455 3.02147697 3.82106655
-21.8000  94.55357735 2.92687158 3.83383248
-21.7333  94.62245086 2.82040795 3.84726752
-21.6667  94.69970956 2.71263696 3.88296190
-21.6000  94.82348389 2.61905294 3.85788374
-21.5333  94.80175204 2.52901058 3.88113375
-21.4667  94.97205616 2.44157829 3.89175473
-21.4000  95.02000934 2.34943315 3.93847833
-21.3333  95.14907934 2.25548285 3.93548036
-21.2667  95.13689588 2.17762531 3.93289211
-21.2000  95.21233182 2.08550817 3.94852967
-21.1333  95.35358329 2.01294546 3.94053958
-21.0667  95.37565362 1.92298668 3.95811375
-21.0000  95.42286897 1.84288442 3.96238299
-20.9333  95.45085429 1.76055787 3.98120194
-20.8667  95.65813038 1.68857701 3.96888202
-20.8000  95.64951227 1.60022486 3.99110888
-20.7333  95.68265324 1.51801919 3.99741950
-20.6667  95.86908385 1.43487688 3.99122794
-20.6000  95.92881240 1.35492077 4.00527437
-20.5333  95.95076782 1.28747895 4.00456165
-20.4667  96.06018124 1.21083099 4.01116957
-20.4000  96.11876072 1.14244650 4.00992181
-20.3333  96.17763023 1.06962799 4.00840626
-20.2667  96.25772209 1.00329933 3.97121500
-20.2000  96.36940624 0.93085081 3.98445448
-20.1333  96.33930634 0.85913734 3.95313588
-20.0667  96.49212182 0.80179751 3.95751125
-20.0000  96.57976448 0.73094653 3.94350971
-19.9333  96.61667686 0.65467124 3.93128614
-19.8667  96.73084807 0.59706522 3.92596472
-19.8000  96.77188750 0.54140627 3.91349879
-19.7333  96.80226341 0.48085458 3.89275695
-19.6667  96.91824599 0.43552112 3.88997976
-19.6000  97.00704481 0.39063314 3.88797660
-19.5333  96.84489208 0.34083352 3.88029641
-19.4667  96.94337076 0.30317448 3.86782293
-19.4000  97.08886029 0.26120661 3.87557365
-19.3333  97.13860640 0.21892511 3.86281012
-19.2667  97.11271400 0.18334932 3.84756008
-19.2000  97.13002577 0.14687649 3.83682695
-19.1333  97.10726043 0.11820182 3.83174974
-19.0667  97.30225966 0.08726294 3.84705187
-19.0000  97.20515807 0.06682398 3.83477107
-18.9333  97.25375641 0.04655949 3.82122113
-18.8667  97.29921962 0.03271356 3.81718535
-18.8000  97.32343174 0.02197492 3.80446218
-18.7333  97.31030941 0.01355324 3.80555171
-18.6667  97.23774626 0.00858581 3.79483645
-18.6000  97.35277477 0.00533446 3.77992176
-18.5333  97.28588297 0.00299154 3.78051389
-18.4667  97.31915755 0.00164573 3.80350942
-18.4000  97.28873160 0.00097393 3.78632614
-18.3333  97.36034878 0.00038931 3.79208639
-18.2667  97.23957342 0.00008664 3.79400096
-18.2000  97.32833553 0.00002163 3.78143488
-18.1333  97.31396784 0.00000000 3.79183595
-18.0667  97.33598350 0.00000000 3.77617614
-18.0000  97.38179347 0.00000000 3.77532611
-17.9333  97.30722017 0.00000000 3.77529161
-17.8667  97.31241526 0.00000000 3.76065458
-17.8000  97.28901229 0.00000000 3.75507354
-17.7333  97.40845768 0.00000000 3.75954248
-17.6667  97.33107763 0.00000000 3.75211598
-17.6000  97.33645583 0.00000000 3.73796196
-17.5333  97.35486687 0.00000000 3.73626856
-17.4667  97.31834522 0.00000000 3.74302596
-17.4000  97.30646280 0.00000000 3.75227018
-17.3333  97.39500756 0.00000000 3.76211485
-17.2667  97.27479546 0.00000000 3.78014463
-17.2000  97.34147435 0.00000000 3.77852228
-17.1333  97.27300591 0.00000000 3.79428825
-17.0667  97.29475177 0.00000000 3.79210548
-17.0000  97.32951603 0.00000000 3.79889873
-16.9333  97.31011753 0.00000000 3.78518796
-16.8667  97.31822134 0.00000000 3.79350995
-16.8000  97.27547271 0.00000000 3.79506569
-16.7333  97.28200666 0.00000000 3.80824010
-16.6667  97.37095963 0.00000000 3.78708412
-16.6000  97.28296872 0.00000000 3.80154556
-16.5333  97.33475088 0.00000000 3.79757073
-16.4667  97.21934274 0.00000000 3.78991862
-16.4000  97.29537099 0.00000000 3.77065470
-16.3333  97.35400900 0.00000000 3.75462825
-16.2667  97.33688605 0.00000000 3.75714210
-16.2000  97.25939732 0.00000000 3.74598854
-16.1333  97.30239448 0.00000000 3.75306663
-16.0667  97.35047388 0.00000000 3.75160141
-16.0000  97.31750215 0.00000000 3.74829933
-15.9333  97.39254019 0.00000000 3.75117934
-15.8667  97.35455300 0.00000000 3.73768461
-15.8000  97.35659876 0.00000000 3.72554403
-15.7333  97.28935945 0.00000000 3.73430241
-15.6667  97.37014206 0.00000000 3.73837209
-15.6000  97.33681234 0.00000000 3.72633931
-15.5333  97.32258211 0.00000000 3.74781138
-15.4667  97.40212702 0.00000000 3.74487798
-15.4000  97.30901818 0.00000000 3.71541430
-15.3333  97.41340568 0.00000000 3.70230209
-15.2667  97.38421248 0.00000000 3.69320388
-15.2000  97.44098708 0.00000000 3.67841741
-15.1333  97.37421455 0.00000000 3.66228993
-15.0667  97.41259737 0.00000000 3.64229899
-15.0000  97.36095905 0.00000000 3.64812943
-14.9333  97.44975523 0.00000000 3.65304680
-14.8667  97.41484149 0.00000000 3.65368221
-14.8000  97.45098913 0.00000000 3.64333989
-14.7333  97.40043559 0.00000000 3.65229401
-14.6667  97.44846775 0.00000000 3.63642722
-14.6000  97.37424679 0.00000000 3.65290221
-14.5333  97.41038257 0.00000000 3.64966566
-14.4667  97.47051168 0.00000000 3.65428214
-14.4000  97.43993062 0.00000000 3.66229088
-14.3333  97.41767436 0.00000000 3.68108294
-14.2667  97.39656517 0.00000000 3.67880366
-14.2000  97.32214250 0.00000000 3.69229321
-14.1333  97.36307631 0.00000000 3.69286837
-14.0667  97.48919245 0.00000000 3.69245354
-14.0000  97.38771184 0.00000000 3.69039055
-13.9333  97.32108911 0.00000000 3.69591621
-13.8667  97.44615763 0.00000000 3.66606327
-13.8000  97.41979168 0.00000000 3.68248098
-13.7333  97.32516122 0.00000000 3.67062582
-13.6667  97.44620220 0.00000000 3.67074607
-13.6000  97.38675113 0.00000000 3.67777172
-13.5333  97.42704395 0.00000000 3.65775810
-13.4667  97.32621447 0.00000000 3.65888696
-13.4000  97.44299885 0.00000000 3.66383855
-13.3333  97.44753062 0.00000000 3.64450651
-13.2667  97.48333136 0.00000000 3.62738338
-13.2000  97.37925432 0.00000000 3.64990437
-13.1333  97.44835934 0.00000000 3.62171174
-13.0667  97.45191861 0.00000000 3.64890469
-13.0000  97.47842044 0.00000000 3.62208069
-12.9333  97.41460361 0.00000000 3.62804532
-12.8667  97.37386664 0.00000000 3.61130489
-12.8000  97.52126437 0.00000000 3.60861435
-12.7333  97.47544635 0.00000000 3.60819858
-12.6667  97.40940638 0.00000000 3.62080332
-12.6000  97.43635031 0.00000000 3.59266293
-12.5333  97.50027959 0.00000000 3.58969229
-12.4667  97.46653581 0.00000000 3.58836296
-12.4000  97.50898052 0.00000000 3.56829165
-12.3333  97.44507858 0.00000000 3.57796017
-12.2667  97.54081215 0.00000000 3.56166434
-12.2000  97.55402735 0.00000000 3.55494087
-12.1333  97.52674470 0.00000000 3.53087278
-12.0667  97.50044713 0.00000000 3.49741531
-12.0000  97.47689595 0.00000000 3.49288255
-11.9333  97.64865709 0.00000000 3.48763417
-11.8667  97.63500978 0.00000000 3.47761336
-11.8000  97.53723231 0.00000000 3.46392021
-11.7333  97.57593072 0.00000000 3.46868453
-11.6667  97.58610962 0.00000000 3.46600600
-11.6000  97.59656330 0.00000000 3.46723124
-11.5333  97.59545152 0.00000000 3.46826277
-11.4667  97.53699696 0.00000000 3.48279714
-11.4000  97.63470214 0.00000000 3.50069853
-11.3333  97.57568343 0.00000000 3.48492510
-11.2667  97.55697673 0.00000000 3.50100601
-11.2000  97.53884744 0.00000000 3.50549149
-11.1333  97.61835920 0.00000000 3.50774918
-11.0667  97.51803669 0.00000000 3.50821741
-11.0000  97.54862813 0.00000000 3.50463190
-10.9333  97.39755979 0.00000000 3.49537479
-10.8667  97.60563507 0.00000000 3.50369186
-10.8000  97.65867861 0.00000000 3.48849869
-10.7333  97.51440101 0.00000000 3.48760479
-10.6667  97.57389258 0.00000000 3.51217878
-10.6000  97.56524244 0.00000000 3.51844228
-10.5333  97.48923921 0.00000000 3.53755930
-10.4667  97.54001290 0.00000000 3.54693146
-10.4000  97.52876855 0.00000000 3.54924613
-10.3333  97.46017616 0.00000000 3.54679487
-10.2667  97.49508421 0.00000000 3.54513693
-10.2000  97.54171487 0.00000000 3.54921286
-10.1333  97.39692301 0.00000000 3.55644990
-10.0667  97.52262318 0.00000000 3.54885730
-10.0000  97.51602035 0.00000000 3.55302902
 -9.9333  97.51698225 0.00000000 3.56638377
 -9.8667  97.49053966 0.00000000 3.56320983
 -9.8000  97.45206846 0.00000000 3.57249737
 -9.7333  97.42134344 0.00000000 3.56773746
 -9.6667  97.56554028 0.00000000 3.58654195
 -9.6000  97.49775288 0.00000000 3.58125569
 -9.5333  97.42285563 0.00000000 3.60700646
 -9.4667  97.42469051 0.00000000 3.59176085
 -9.4000  97.45840230 0.00000000 3.58241755
 -9.3333  97.53253184 0.00000000 3.60070952
 -9.2667  97.56254624 0.00000000 3.58984063
 -9.2000  97.46477500 0.00000000 3.57918193
 -9.1333  97.41457260 0.00000000 3.56329423
 -9.0667  97.51053512 0.00000000 3.56106530
 -9.0000  97.50350125 0.00000000 3.55589781
 -8.9333  97.51034892 0.00000000 3.55425960
 -8.8667  97.46109317 0.00000000 3.55240746
 -8.8000  97.55321967 0.00000000 3.52976225
 -8.7333  97.51761617 0.00000000 3.52597988
 -8.6667  97.58296670 0.00000000 3.51482057
 -8.6000  97.51317787 0.00000000 3.53123362
 -8.5333  97.40545824 0.00000000 3.52821112
 -8.4667  97.58989732 0.00000000 3.50750797
 -8.4000  97.56377855 0.00000000 3.52272411
 -8.3333  97.54663146 0.00000000 3.50242462
 -8.2667  97.51794836 0.00000000 3.49269165
 -8.2000  97.53515099 0.00000000 3.50291746
 -8.1333  97.55488418 0.00000000 3.48774195
 -8.0667  97.47898015 0.00000000 3.48822102
 -8.0000  97.61667349 0.00000000 3.47287391
 -7.9333  97.61423351 0.00000000 3.46625975
 -7.8667  97.64667287 0.00000000 3.47247588
 -7.8000  97.60649418 0.00000000 3.45265238
 -7.7333  97.50461648 0.00000000 3.46383523
 -7.6667  97.65438233 0.00000000 3.47272060
 -7.6000  97.59464170 0.00000000 3.46202255
 -7.5333  97.60216796 0.00000000 3.46439910
 -7.4667  97.61482393 0.00000000 3.46918540
 -7.4000  97.52483856 0.00000000 3.45166326
 -7.3333  97.60459279 0.00000000 3.45581309
 -7.2667  97.59390598 0.00000000 3.45484065
 -7.2000  97.58469897 0.00000000 3.44756182
 -7.1333  97.63523510 0.00000000 3.45760054
 -7.0667  97.63738934 0.00000000 3.44589012
 -7.0000  97.52600231 0.00000000 3.47127532
 -6.9333  97.65001586 0.00000000 3.46519399
 -6.8667  97.62458534 0.00000000 3.46598903
 -6.8000  97.59424513 0.00000000 3.45596449
 -6.7333  97.61978738 0.00000000 3.46011369
 -6.6667  97.60396247 0.00000000 3.45259371
 -6.6000  97.65051015 0.00000000 3.44557527
 -6.5333  97.55929398 0.00000000 3.46271981
 -6.4667  97.55061568 0.00000000 3.43538314
 -6.4000  97.60531816 0.00000000 3.45246274
 -6.3333  97.65212169 0.00000000 3.43574971
 -6.2667  97.66343448 0.00000000 3.43766963
 -6.2000  97.61245977 0.00000000 3.42737729
 -6.1333  97.54026847 0.00000000 3.42742162
 -6.0667  97.68646110 0.00000000 3.42134170
 -6.0000  97.70200896 0.00000000 3.42597319
 -5.9333  97.60917280 0.00000000 3.40274860
 -5.8667  97.65023835 0.00000000 3.40081957
 -5.8000  97.68142322 0.00000000 3.41283504
 -5.7333  97.75270881 0.00000000 3.39024156
 -5.6667  97.64272187 0.00000000 3.39406260
 -5.6000  97.60472784 0.00000000 3.40216563
 -5.5333  97.71383768 0.00000000 3.40672751
 -5.4667  97.60634855 0.00000000 3.41043351
 -5.4000  97.61474134 0.00000000 3.39816800
 -5.3333  97.66411688 0.00000000 3.40866591
 -5.2667  97.71638015 0.00000000 3.39484318
 -5.2000  97.59685281 0.00000000 3.41478061
 -5.1333  97.57186977 0.00000000 3.38943433
 -5.0667  97.65633571 0.00000000 3.40183839
 -5.0000  97.80323559 0.00000000 3.43131886
 -4.9333  97.60390505 0.00000000 3.42848327
 -4.8667  97.57050266 0.00000000 3.44350136
 -4.8000  97.60379900 0.00000000 3.43650047
 -4.7333  97.62428558 0.00000000 3.43990887
 -4.6667  97.64507980 0.00000000 3.42644924
 -4.6000  97.62810837 0.00000000 3.44612181
 -4.5333  97.61197779 0.00000000 3.42297692
 -4.4667  97.64502129 0.00000000 3.41545453
 -4.4000  97.67397097 0.00000000 3.40375305
 -4.3333  97.62658564 0.00000000 3.39665403
 -4.2667  97.67254421 0.00000000 3.40936468
 -4.2000  97.58138387 0.00000000 3.41543451
 -4.1333  97.66624418 0.00000000 3.40427213
 -4.0667  97.59585774 0.00000000 3.42840766
 -4.0000  97.61416627 0.00000000 3.43427210
 -3.9333  97.65782950 0.00000000 3.42937226
 -3.8667  97.64617612 0.00000000 3.43625397
 -3.8000  97.62062075 0.00000000 3.43707334
 -3.7333  97.55100075 0.00000000 3.43966603
 -3.6667  97.54826801 0.00000000 3.43291150
 -3.6000  97.73250485 0.00000000 3.42544041
 -3.5333  97.62250705 0.00000000 3.45480868
 -3.4667  97.59602121 0.00000000 3.43310857
 -3.4000  97.59695990 0.00000000 3.45817449
 -3.3333  97.61877222 0.00000000 3.45897590
 -3.2667  97.53686915 0.00000000 3.45593644
 -3.2000  97.52310378 0.00000000 3.47499706
 -3.1333  97.55420862 0.00000000 3.47257796
 -3.0667  97.57829984 0.00000000 3.47764393
 -3.0000  97.60310268 0.00000000 3.49558575
 -2.9333  97.55488083 0.00000000 3.51593080
 -2.8667  97.57173436 0.00000000 3.53162395
 -2.8000  97.64691221 0.00000000 3.52485857
 -2.7333  97.45541213 0.00000000 3.52428387
 -2.6667  97.52449568 0.00000000 3.52274667
 -2.6000  97.60364381 0.00000000 3.50079752
 -2.5333  97.58505217 0.00000000 3.50563812
 -2.4667  97.55773203 0.00000000 3.49192262
 -2.4000  97.59555587 0.00002269 3.49123435
 -2.3333  97.55971595 0.00006806 3.49500580
 -2.2667  97.57832807 0.00002269 3.49096463
 -2.2000  97.55857928 0.00025306 3.48749412
 -2.1333  97.61681329 0.00078435 3.49648012
 -2.0667  97.52528941 0.00191060 3.50232882
 -2.0000  97.46844828 0.00450234 3.51038942
 -1.9333  97.54131839 0.00828813 3.51541284
 -1.8667  97.61778724 0.01469607 3.51591451
 -1.8000  97.57635347 0.02341531 3.49495223
 -1.7333  97.51682166 0.03653240 3.50321033
 -1.6667  97.52509758 0.05678566 3.48540617
 -1.6000  97.52554934 0.07946137 3.46953877
 -1.5333  97.44977529 0.11331807 3.47251844
 -1.4667  97.59203616 0.14772671 3.46662982
 -1.4000  97.50425755 0.19162902 3.43648556
 -1.3333  97.37238388 0.24401704 3.42198425
 -1.2667  97.47066022 0.29251908 3.42180297
 -1.2000  97.45749886 0.35263973 3.40346668
 -1.1333  97.29972596 0.40795596 3.39734385
 -1.0667  97.25201240 0.47627738 3.40634434
 -1.0000  97.31193013 0.53698968 3.39196243
 -0.9333  97.21552234 0.60189725 3.38394945
 -0.8667  97.07718079 0.67655736 3.39467555
 -0.8000  97.06358725 0.75020409 3.42012178
 -0.7333  97.03083173 0.82437850 3.41462517
 -0.6667  96.92497843 0.91698765 3.43467234
 -0.6000  96.88464279 0.99874423 3.43523337
 -0.5333  96.67370367 1.10530088 3.44685404
 -0.4667  96.61915547 1.21356259 3.44618971
 -0.4000  96.42973323 1.32603062 3.46205603
 -0.3333  96.32294918 1.44327357 3.47365093
 -0.2667  96.25162987 1.58950110 3.49231213
 -0.2000  96.12822376 1.72841296 3.51300170
 -0.1333  95.94414472 1.87155475 3.51830043
 -0.0667  95.77427803 2.02544287 3.52652273
  0.0000  95.60658660 2.17867266 3.53821205
  0.0667  95.52395485 2.33606152 3.55624429
  0.1333  95.31333602 2.51120648 3.54737972
  0.2000  95.22613054 2.67348900 3.57545636
  0.2667  94.97194466 2.84870551 3.57869726
  0.3333  94.84451283 3.02624258 3.57831121
  0.4000  94.55290484 3.22915010 3.58570551
  0.4667  94.48156971 3.38572699 3.59512167
  0.5333  94.34888932 3.56284768 3.58247308
  0.6000  94.09888887 3.74567226 3.59479190
  0.6667  93.81727701 3.91572199 3.60805559
  0.7333  93.77781714 4.09571776 3.60085333
  0.8000  93.57571960 4.27527232 3.59144979
  0.8667  93.44191914 4.44669894 3.61025324
  0.9333  93.20600951 4.59860162 3.61702781
  1.0000  93.06773019 4.78758323 3.60670207
  1.0667  92.79526323 4.97825057 3.59776245
  1.1333  92.62431924 5.18209145 3.61736656
  1.2000  92.46176126 5.39377588 3.59884757
  1.2667  92.21614717 5.60445327 3.59649623
  1.3333  92.04320611 5.81742873 3.58875867
  1.4000  91.80058998 6.03656457 3.59298957
  1.4667  91.62526638 6.23793896 3.59202701
  1.5333  91.40270869 6.47024451 3.59057869
  1.6000  91.21001029 6.71812075 3.58337286
  1.6667  91.06532418 6.90629581 3.57575824
  1.7333  90.81981422 7.10932448 3.58073074
  1.8000  90.67404146 7.32419836 3.58170280
  1.8667  90.41086074 7.48646691 3.61587571
  1.9333  90.25983392 7.65339566 3.61073187
  2.0000  90.08976746 7.82436598 3.62941314
  2.0667  89.88719858 7.95444543 3.66113655
  2.1333  89.86312622 8.07499370 3.68758425
  2.2000  89.59993248 8.21367148 3.71870282
  2.2667  89.46204297 8.32414749 3.72377824
  2.3333  89.19099476 8.44096961 3.76631902
  2.4000  89.15553272 8.55849209 3.78876832
  2.4667  89.02542834 8.65811123 3.79791737
  2.5333  88.93416095 8.77727622 3.82632016
  2.6000  88.73615493 8.90386288 3.84007110
  2.6667  88.67387189 9.01842797 3.84368438
  2.7333  88.56053596 9.14004862 3.84636324
  2.8000  88.41621092 9.24029218 3.83466046
  2.8667  88.42970001 9.34899435 3.82424205
  2.9333  88.43454319 9.43243528 3.80167715
  3.0000  88.26725186 9.53225658 3.80776980
  3.0667  88.29235160 9.58775377 3.79610560
  3.1333  88.25400247 9.60570031 3.79267837
  3.2000  88.17549641 9.64731958 3.79555094
  3.2667  88.24333838 9.67558619 3.79078270
  3.3333  88.19212310 9.66572412 3.79280466
  3.4000  88.15529129 9.68493868 3.79789660
  3.4667  88.28371745 9.66230451 3.79926449
  3.5333  88.25809730 9.65967538 3.82151854
  3.6000  88.22334348 9.59462234 3.82030656
  3.6667  88.24328412 9.57608520 3.82843730
  3.7333  88.26624852 9.56101602 3.84118746
  3.8000  88.38743753 9.46100007 3.85493195
  3.8667  88.40751658 9.44346736 3.84048582
  3.9333  88.40345118 9.41792330 3.85175128
  4.0000  88.50020388 9.31836870 3.85291210
  4.0667  88.54760360 9.24680133 3.86043490
  4.1333  88.62087649 9.21786176 3.85794082
  4.2000  88.68426344 9.11206592 3.86604802
  4.2667  88.69697609 9.03414862 3.86736569
  4.3333  88.84802298 8.95692933 3.86151102
  4.4000  88.95358394 8.86862316 3.86077043
  4.4667  89.04325237 8.81222988 3.85230705
  4.5333  89.12625044 8.72772490 3.84104148
  4.6000  89.20891023 8.63884388 3.83965407
  4.6667  89.24214308 8.55297430 3.81489520
  4.7333  89.44327903 8.48729614 3.81034430
  4.8000  89.54544082 8.38048070 3.76230036
  4.8667  89.57332440 8.25061321 3.75947273
  4.9333  89.71151114 8.18256199 3.74918139
  5.0000  89.92727009 8.06211813 3.75612035
  5.0667  89.92556785 7.91542122 3.74643126
  5.1333  90.05313421 7.81774824 3.74635350
  5.2000  90.19342564 7.68659404 3.72614460
  5.2667  90.30792108 7.58312687 3.73827301
  5.3333  90.44757973 7.47650069 3.73928688
  5.4000  90.55194102 7.37985918 3.71834052
  5.4667  90.66745304 7.27273159 3.72140366
  5.5333  90.80587121 7.19806259 3.75615643
  5.6000  90.82111901 7.08911046 3.73164755
  5.6667  90.87083840 7.00700396 3.73666965
  5.7333  91.04462659 6.94385662 3.73056433
  5.8000  91.01891326 6.88046636 3.72446349
  5.8667  91.14075780 6.79560705 3.71696767
  5.9333  91.25416909 6.74008413 3.72062913
  6.0000  91.26568706 6.67993331 3.73585935
  6.0667  91.36286280 6.61505343 3.73862232
  6.1333  91.42609917 6.53923426 3.75143593
  6.2000  91.46411518 6.47099151 3.75959532
  6.2667  91.41945400 6.41060405 3.77097124
  6.3333  91.52640458 6.35289256 3.77542369
  6.4000  91.51059414 6.28871413 3.78408451
  6.4667  91.62163644 6.21377805 3.78069402
  6.5333  91.72381864 6.16344765 3.78059485
  6.6000  91.74569014 6.11019539 3.75649468
  6.6667  91.78020814 6.04529863 3.76838521
  6.7333  91.78791928 5.98150000 3.76384328
  6.8000  91.85579838 5.94982483 3.74961346
  6.8667  91.85909024 5.88687244 3.75429014
  6.9333  91.95191775 5.84426445 3.76097980
  7.0000  92.01624501 5.78740594 3.76172675
  7.0667  91.96833897 5.73419935 3.75493545
  7.1333  92.08614260 5.71233942 3.77794124
  7.2000  92.07688366 5.67049343 3.77807260
  7.2667  92.05083626 5.66532518 3.76218670
  7.3333  92.19154979 5.64797497 3.74926721
  7.4000  92.10145707 5.64302464 3.74762249
  7.4667  92.17973439 5.65505890 3.72013607
  7.5333  92.20195020 5.64396664 3.72123765
  7.6000  92.15527708 5.64792753 3.68675157
  7.6667  92.19141729 5.66692349 3.68632139
  7.7333  92.32315599 5.69795959 3.68227239
  7.8000  92.17911737 5.69754256 3.67437124
  7.8667  92.23458031 5.70670276 3.66406668
  7.9333  92.22354781 5.71581778 3.66324441
  8.0000  92.27050177 5.70940219 3.65952169
  8.0667  92.15401315 5.69582986 3.67856793
  8.1333  92.20036348 5.69024591 3.68567666
  8.2000  92.19527516 5.70222970 3.70580593
  8.2667  92.05745863 5.68640440 3.71778784
  8.3333  92.04313310 5.69789906 3.73935576
  8.4000  92.03640349 5.73605123 3.77114861
  8.4667  92.04051012 5.72674568 3.78901257
  8.5333  91.94430270 5.76299144 3.80325188
  8.6000  91.88320899 5.79787928 3.80906411
  8.6667  91.80239473 5.83263871 3.83387547
  8.7333  91.80683255 5.86884908 3.83377077
  8.8000  91.75580916 5.93248400 3.81172156
  8.8667  91.68530152 5.97000771 3.83867592
  8.9333  91.70650931 6.01250764 3.83165919
  9.0000  91.62892710 6.05937922 3.83504254
  9.0667  91.66310333 6.10749356 3.82975250
  9.1333  91.58684367 6.14146861 3.79208595
  9.2000  91.57638635 6.17469235 3.81260943
  9.2667  91.54256449 6.20236701 3.79341201
  9.3333  91.67105440 6.21259483 3.78758510
  9.4000  91.55950075 6.21842260 3.78240322
  9.4667  91.55641922 6.21014777 3.78340827
  9.5333  91.53273262 6.22683035 3.76659454
  9.6000  91.65085851 6.21139899 3.78191415
  9.6667  91.58373118 6.20373870 3.77131757
  9.7333  91.53278998 6.20153678 3.76159508
  9.8000  91.53667898 6.17437420 3.76032407
  9.8667  91.55607081 6.18384067 3.74936584
  9.9333  91.52598222 6.18765737 3.76632484
 10.0000  91.53414811 6.21244492 3.76577075
 10.0667  91.62066227 6.17352444 3.76450863
 10.1333  91.56353633 6.18151604 3.77101249
 10.2000  91.62241673 6.18164274 3.74160946
 10.2667  91.57198503 6.18990232 3.75725054
 10.3333  91.54876491 6.20882548 3.73929756
 10.4000  91.54487534 6.20021504 3.74567770
 10.4667  91.52403774 6.18619255 3.77800401
 10.5333  91.63943874 6.19828378 3.75957731
 10.6000  91.58506417 6.19698179 3.78066866
 10.6667  91.48063484 6.18390047 3.81738771
 10.7333  91.58101923 6.19806614 3.81137941
 10.8000  91.54219265 6.17817409 3.82425673
 10.8667  91.44385393 6.17225976 3.85049123
 10.9333  91.47658353 6.15952267 3.87462188
 11.0000  91.46839692 6.14259080 3.90633913
 11.0667  91.55747451 6.10733994 3.90147979
 11.1333  91.50786800 6.12321606 3.94315612
 11.2000  91.47614069 6.09731174 3.91624949
 11.2667  91.47088198 6.08290849 3.92783724
 11.3333  91.51252607 6.09195884 3.93942362
 11.4000  91.56399303 6.09260217 3.94100694
 11.4667  91.53473663 6.06710588 3.93569899
 11.5333  91.54490375 6.05256813 3.91486852
 11.6000  91.61307154 6.06650020 3.91915515
 11.6667  91.60674908 6.06077319 3.90880618
 11.7333  91.61607572 6.07701705 3.90481709
 11.8000  91.67298039 6.07668323 3.87075406
 11.8667  91.70983692 6.06723875 3.87767048
 11.9333  91.68202888 6.12115800 3.86023329
 12.0000  91.70794473 6.10802002 3.85129888
 12.0667  91.70772855 6.13906881 3.84214363
 12.1333  91.64584225 6.12987112 3.83111942
 12.2000  91.66404856 6.13554796 3.82050587
 12.2667  91.65357363 6.15201712 3.81638024
 12.3333  91.70111178 6.17231266 3.81791501
 12.4000  91.66914885 6.16846928 3.83353348
 12.4667  91.58021649 6.20895905 3.83896025
 12.5333  91.65499352 6.24649680 3.85413624
 12.6000  91.49277634 6.27220843 3.86060085
 12.6667  91.44930658 6.33845541 3.88984840
 12.7333  91.37932774 6.40069409 3.89540966
 12.8000  91.34499110 6.44594123 3.88389924
 12.8667  91.35013381 6.50218600 3.90289573
 12.9333  91.10753454 6.56674994 3.91182297
 13.0000  91.14766597 6.62520597 3.92199968
 13.0667  91.09800326 6.62703734 3.91948682
 13.1333  91.09381624 6.68825715 3.94835589
 13.2000  90.94604036 6.75791346 3.96070938
 13.2667  90.90342311 6.73617913 3.98614132
 13.3333  90.96036577 6.78108222 3.99312484
 13.4000  90.82069072 6.79641639 4.01611191
 13.4667  90.67028727 6.81064696 4.02367143
 13.5333  90.70988396 6.84920598 4.03229610
 13.6000  90.75185093 6.83692877 4.03199425
 13.6667  90.60052241 6.87315165 4.02080431
 13.7333  90.55721948 6.88818431 3.99584089
 13.8000  90.64768625 6.91512325 3.98376016
 13.8667  90.73696910 6.90662220 3.95398231
 13.9333  90.65436415 6.92682462 3.92670688
 14.0000  90.62076981 6.95658166 3.89889464
 14.0667  90.58437396 6.92485557 3.86024683
 14.1333  90.69501048 6.93450263 3.84636955
 14.2000  90.73901850 6.92072523 3.81738797
 14.2667  90.78441886 6.89830026 3.78313392
 14.3333  90.91344061 6.83528633 3.77848615
 14.4000  90.82221986 6.83169145 3.75274014
 14.4667  90.92267861 6.78431868 3.73417604
 14.5333  91.06046740 6.74551017 3.70844513
 14.6000  91.04502229 6.71041363 3.69775046
 14.6667  91.14090186 6.65781708 3.66468472
 14.7333  91.19248150 6.57963594 3.63277967
 14.8000  91.28382983 6.56132546 3.63821959
 14.8667  91.29359894 6.51208701 3.61437739
 14.9333  91.39905833 6.46721620 3.60450382
 15.0000  91.44458455 6.42594348 3.59241928
 15.0667  91.41261897 6.42102717 3.60742825
 15.1333  91.54172966 6.35872675 3.61898682
 15.2000  91.56162881 6.36082451 3.64711816
 15.2667  91.53985572 6.33745733 3.64683753
 15.3333  91.57482150 6.28972911 3.67149629
 15.4000  91.66627837 6.22365654 3.69174922
 15.4667  91.71719186 6.21087897 3.69751294
 15.5333  91.67037300 6.17096863 3.73130853
 15.6000  91.69050867 6.11658845 3.72326842
 15.6667  91.76346118 6.09260625 3.74006016
 15.7333  91.79010395 6.06357259 3.78653128
 15.8000  91.85411503 6.01144921 3.77233120
 15.8667  91.82465675 5.96310775 3.80653166
 15.9333  91.94563798 5.92446581 3.84388366
 16.0000  91.84961937 5.88855802 3.84839785
 16.0667  91.98407519 5.82424466 3.88615886
 16.1333  91.95803628 5.80112051 3.88999612
 16.2000  92.01647656 5.74012796 3.92130091
 16.2667  91.96891061 5.66789330 3.90309614
 16.3333  92.15021053 5.65362142 3.93672086
 16.4000  92.21481082 5.61663447 3.91587500
 16.4667  92.17940358 5.55993350 3.92152423
 16.5333  92.18551097 5.54655094 3.91508802
 16.6000  92.37504093 5.52687603 3.89429537
 16.6667  92.32563385 5.50377543 3.89828742
 16.7333  92.33940279 5.49991952 3.87075992
 16.8000  92.41535061 5.46514718 3.82630857
 16.8667  92.41275196 5.45680017 3.81489916
 16.9333  92.54238027 5.47268527 3.79061709
 17.0000  92.53652822 5.43401568 3.75817309
 17.0667  92.43589660 5.47307734 3.72760599
 17.1333  92.50898590 5.45925218 3.73755553
 17.2000  92.55049173 5.43882899 3.70891793
 17.2667  92.50516090 5.41409765 3.70261641
 17.3333  92.46099791 5.41178870 3.71625956
 17.4000  92.46995267 5.37390692 3.68571852
 17.4667  92.49020295 5.35390038 3.69921031
 17.5333  92.44100929 5.35146275 3.69293827
 17.6000  92.43852117 5.34089620 3.70069889
 17.6667  92.39802867 5.33722622 3.69250390
 17.7333  92.42373774 5.34979665 3.70916989
 17.8000  92.27243920 5.36188966 3.69659572
 17.8667  92.25000822 5.44484455 3.71419440
 17.9333  92.27570018 5.47546762 3.70736681
 18.0000  92.19163854 5.53055270 3.71221871
 18.0667  92.12146477 5.59555120 3.70676416
 18.1333  92.10289234 5.68499930 3.68931038
 18.2000  91.99870846 5.72622952 3.67308253
 18.2667  91.96949711 5.80083448 3.66247714
 18.3333  91.99066518 5.86763970 3.66150417
 18.4000  91.92230215 5.93341178 3.65810773
 18.4667  91.74889992 5.97631429 3.66267943
 18.5333  91.76763682 6.03467578 3.69015951
 18.6000  91.70465752 6.07509591 3.70542476
 18.6667  91.73616469 6.12440210 3.72581322
 18.7333  91.66899971 6.14114127 3.74227598
 18.8000  91.55510517 6.18363613 3.76439024
 18.8667  91.59231671 6.17026928 3.79340177
 18.9333  91.48805781 6.19607278 3.82686714
 19.0000  91.49199906 6.21286750 3.85889807
 19.0667  91.48624096 6.22072424 3.88764770
 19.1333  91.39724828 6.23133916 3.93746364
 19.2000  91.36254306 6.26271435 3.94885305
 19.2667  91.31318611 6.29352843 3.93740681
 19.3333  91.27454320 6.30492243 3.99330476
 19.4000  91.21654056 6.34678716 3.99625902
 19.4667  91.31340551 6.34499917 3.97273051
 19.5333  91.28039992 6.35788073 4.00048236
 19.6000  91.23278572 6.40329388 3.98464314
 19.6667  91.23502251 6.39515273 3.97813836
 19.7333  91.20454716 6.39108806 3.97915530
 19.8000  91.25174977 6.41668485 3.97130711
 19.8667  91.33416010 6.38017132 3.94243574
 19.9333  91.39213536 6.35265357 3.95012569
 20.0000  91.34502858 6.35064715 3.91906184
 20.0667  91.30102683 6.33944992 3.90412726
 20.1333  91.42511047 6.28545474 3.91578613
 20.2000  91.49526501 6.29019483 3.90492692
 20.2667  91.42458431 6.26748879 3.87410360
 20.3333  91.46617700 6.22248520 3.88005589
 20.4000  91.50284082 6.21126146 3.86847944
 20.4667  91.64782368 6.20627741 3.85315725
 20.5333  91.59301718 6.15883754 3.86043446
 20.6000  91.58721996 6.15536463 3.85761790
 20.6667  91.62472858 6.14862655 3.84373751
 20.7333  91.60824562 6.13428275 3.82790649
 20.8000  91.67054551 6.12219221 3.82566672
 20.8667  91.66568517 6.13391748 3.79592262
 20.9333  91.67953963 6.11784235 3.77240005
 21.0000  91.77641173 6.11596000 3.77778093
 21.0667  91.72861893 6.12985588 3.77266182
 21.1333  91.72407707 6.15551465 3.75734395
 21.2000  91.59339573 6.18316574 3.77419113
 21.2667  91.66467029 6.18858479 3.77307520
 21.3333  91.61989784 6.22474664 3.77412412
 21.4000  91.58972033 6.26757357 3.79593050
 21.4667  91.57664383 6.25712874 3.78637558
 21.5333  91.47116663 6.26906433 3.79046190
 21.6000  91.54158647 6.26674208 3.80045695
 21.6667  91.51599637 6.28195057 3.80604766
 21.7333  91.43555894 6.28100044 3.81132853
 21.8000  91.57817456 6.28367806 3.81897277
 21.8667  91.43597668 6.30555345 3.83835958
 21.9333  91.42976595 6.32503869 3.84751147
 22.0000  91.37920297 6.34161476 3.89033965
 22.0667  91.36570377 6.39363659 3.88459452
 22.1333  91.36092866 6.38586857 3.92760310
 22.2000  91.18861249 6.42181748 3.94847134
 22.2667  91.15266348 6.46440300 3.94819450
 22.3333  91.27330893 6.45381975 3.96901161
 22.4000  91.20482811 6.51083982 3.99082268
 22.4667  91.04766146 6.52865885 3.97944706
 22.5333  91.16222702 6.54819549 4.00147357
 22.6000  91.00811237 6.55580485 3.99864306
 22.6667  91.18184909 6.54118710 4.02717774
 22.7333  91.01831014 6.56769631 4.02925351
 22.8000  91.02344101 6.54444188 4.03202427
 22.8667  91.11378489 6.55686231 4.02589896
 22.9333  91.10359006 6.55116186 4.00834096
 23.0000  91.09571724 6.52108559 3.98835513
 23.0667  91.05256402 6.50379198 3.96439945
 23.1333  91.16609202 6.50271959 3.95657546
 23.2000  91.22987497 6.47044733 3.93318229
 23.2667  91.17417189 6.43519480 3.90203472
 23.3333  91.28346487 6.43435619 3.88030920
 23.4000  91.23323944 6.40411841 3.84592619
 23.4667  91.29496024 6.36767948 3.85429081
 23.5333  91.29231487 6.35289129 3.82194270
 23.6000  91.31885544 6.35706585 3.81875534
 23.6667  91.37889974 6.31923415 3.80513704
 23.7333  91.43026431 6.32925514 3.79941088
 23.8000  91.40468302 6.34932429 3.76699024
 23.8667  91.47204902 6.35469204 3.77427022
 23.9333  91.39617250 6.36485219 3.75898607
 24.0000  91.48404023 6.38738520 3.76888687
 24.0667  91.39105746 6.40435029 3.77268110
 24.1333  91.39039376 6.41539438 3.77158137
 24.2000  91.41796668 6.44771053 3.76764568
 24.2667  91.39233908 6.47010615 3.79454447
 24.3333  91.39984052 6.50082140 3.77303768
 24.4000  91.41205080 6.49698653 3.80408068
 24.4667  91.25776071 6.54507556 3.82719361
 24.5333  91.33672833 6.55822487 3.86652292
 24.6000  91.25587861 6.56426191 3.87925195
 24.6667  91.18701106 6.56460291 3.91650612
 24.7333  91.22855639 6.59690402 3.93620956
 24.8000  91.13976491 6.58703640 3.97161242
 24.8667  91.09217703 6.58503605 3.99265185
 24.9333  91.09362623 6.57311529 4.03388038
 25.0000  91.03451880 6.60788052 4.01582975
 25.0667  91.00081313 6.62089593 4.01860250
 25.1333  91.02322712 6.61085485 4.04767411
 25.2000  90.98805612 6.66069718 4.04688449
 25.2667  90.88221888 6.67430189 4.08253139
 25.3333  91.00759846 6.68293816 4.06606877
 25.4000  90.86152746 6.70968705 4.06826151
 25.4667  90.84100838 6.73315861 4.09053772
 25.5333  90.93684656 6.72769089 4.06851667
 25.6000  90.91112716 6.75703408 4.05785152
 25.6667  90.91962529 6.74518446 4.04687793
 25.7333  90.84254467 6.76576935 4.02403765
 25.8000  90.84963989 6.77917810 3.99163550
 25.8667  90.96242171 6.76733952 3.99387464
 25.9333  90.94744972 6.76215168 3.98994946
 26.0000  90.96891953 6.76750605 3.95599697
 26.0667  90.91946990 6.74206406 3.94014626
 26.1333  90.94180374 6.72953618 3.93335999
 26.2000  91.01923150 6.72237108 3.89455002
 26.2667  91.06028152 6.73147832 3.87428371
 26.3333  91.04902446 6.69643232 3.87067940
 26.4000  91.01511374 6.70287158 3.84526186
 26.4667  91.09594972 6.69413232 3.83775741
 26.5333  91.04362312 6.69740227 3.81388574
 26.6000  90.95478359 6.70217216 3.80725996
 26.6667  90.93948617 6.73561320 3.82059096
 26.7333  91.07997524 6.76191442 3.82185696
 26.8000  90.95716574 6.79532263 3.81979734
 26.8667  90.98274013 6.83582973 3.82182465
 26.9333  90.87660318 6.88488151 3.83449989
 27.0000  90.89958687 6.91388489 3.83982214
 27.0667  90.78133079 6.98889238 3.84985520
 27.1333  90.74964894 7.02625299 3.85940959
 27.2000  90.65620192 7.08595046 3.85432282
 27.2667  90.60634489 7.09975001 3.89076822
 27.3333  90.64260893 7.15054937 3.93181274
 27.4000  90.61961996 7.17550275 3.96566079
 27.4667  90.41885185 7.19897342 3.99419106
 27.5333  90.40527777 7.25760491 4.02914265
 27.6000  90.38531002 7.26330144 4.06565219
 27.6667  90.34660658 7.28959162 4.09828073
 27.7333  90.34726834 7.30628703 4.11730102
 27.8000  90.20014476 7.32897341 4.14147964
 27.8667  90.11911613 7.32985025 4.17560838
 27.9333  90.17562316 7.33572441 4.16734410
 28.0000  90.19872061 7.36934146 4.18646678
 28.0667  90.16357587 7.39597203 4.18157448
 28.1333  90.14544920 7.40608208 4.16847033
 28.2000  90.05351993 7.41746409 4.17001743
 28.2667  90.09671086 7.47185368 4.14978128
 28.3333  90.18216942 7.46013791 4.14908634
 28.4000  90.16219599 7.46430862 4.13709803
 28.4667  90.05507817 7.47030809 4.10409962
 28.5333  90.18484024 7.50272747 4.08414262
 28.6000  90.24056147 7.48121597 4.06702736
 28.6667  90.25190928 7.44906124 4.03023532
 28.7333  90.27395419 7.40626788 4.00564153
 28.8000  90.30644251 7.35638049 3.99156393
 28.8667  90.39569933 7.29572942 3.99384325
 28.9333  90.48445008 7.24601949 3.97818250
 29.0000  90.50354776 7.19511279 3.95493860
 29.0667  90.56186262 7.11541944 3.95568068
 29.1333  90.63882258 7.04582882 3.92734303
 29.2000  90.71025403 7.00913224 3.90786913
 29.2667  90.73462106 6.94912961 3.89867307
 29.3333  90.75092258 6.91020227 3.88256247
 29.4000  90.80678307 6.85967017 3.85966611
 29.4667  90.91147714 6.82595832 3.85405352
 29.5333  90.93644810 6.81561151 3.81268306
 29.6000  90.93048519 6.76731762 3.81637345
 29.6667  90.95565619 6.73691376 3.78577793
 29.7333  91.14827339 6.72313943 3.80489952
 29.8000  91.04848708 6.68892173 3.81436024
 29.8667  91.05705129 6.67411916 3.79343158
 29.9333  91.12304120 6.65157158 3.80489301
 30.0000  91.16477301 6.59225548 3.81218142
 30.0667  91.14757463 6.56309277 3.77758951
 30.1333  91.31141643 6.52671565 3.79076544
 30.2000  91.34652760 6.44299819 3.79815458
 30.2667  91.38954106 6.40060463 3.80594865
 30.3333  91.42446690 6.32376074 3.81559804
 30.4000  91.47737191 6.28218211 3.84946585
 30.4667  91.48966564 6.22385057 3.83449690
 30.5333  91.52448230 6.16747850 3.86783985
 30.6000  91.57259770 6.11262451 3.88556600
 30.6667  91.56808003 6.06736393 3.88955305
 30.7333  91.70402666 6.02960799 3.89828355
 30.8000  91.64936462 5.99844516 3.90328573
 30.8667  91.76480862 5.95777579 3.88522129
 30.9333  91.89536432 5.91052712 3.87464775
 31.0000  91.89590893 5.84991301 3.89369158
 31.0667  91.91635187 5.79840377 3.87477259
 31.1333  92.11577693 5.77851302 3.87265189
 31.2000  92.07812361 5.70630202 3.89087994
 31.2667  92.06568800 5.63313947 3.87763749
 31.3333  92.25206074 5.59110740 3.88580588
 31.4000  92.39239086 5.51970985 3.90379956
 31.4667  92.24993633 5.45548782 3.91811309
 31.5333  92.34653825 5.42859449 3.88903430
 31.6000  92.40479315 5.36456468 3.90779795
 31.6667  92.41593978 5.28882270 3.91542058
 31.7333  92.49959495 5.27056718 3.90919212
 31.8000  92.41505051 5.21686824 3.93262461
 31.8667  92.56490692 5.18214061 3.93241362
 31.9333  92.60901546 5.16135695 3.91658995
 32.0000  92.56429178 5.12686123 3.90853552
 32.0667  92.56379694 5.14183933 3.92670054
 32.1333  92.58132731 5.13727336 3.91708983
 32.2000  92.53319290 5.14154075 3.91773372
 32.2667  92.54171749 5.15910397 3.92901217
 32.3333  92.57096880 5.16894300 3.92599305
 32.4000  92.57190316 5.18476106 3.90709067
 32.4667  92.43334352 5.24637603 3.90193170
 32.5333  92.45170214 5.28870414 3.92931789
 32.6000  92.43290180 5.31866215 3.90776654
 32.6667  92.39810294 5.39415179 3.93333468
 32.7333  92.22290585 5.41639910 3.95447726
 32.8000  92.16908148 5.47004550 3.97773932
 32.8667  92.06740708 5.52589022 3.99847865
 32.9333  92.02933566 5.57622516 4.02291117
 33.0000  91.87073459 5.63875270 4.03121057
 33.0667  91.90325492 5.70192335 4.03897894
 33.1333  91.89085880 5.74944955 4.05356310
 33.2000  91.68034445 5.80831054 4.06049838
 33.2667  91.50367518 5.91755863 4.05735864
 33.3333  91.63808939 5.99612275 4.07179308
 33.4000  91.52060250 6.08142245 4.06840586
 33.4667  91.27112389 6.18542517 4.03485849
 33.5333  91.30638829 6.31252665 4.04078626
 33.6000  91.27391603 6.36040476 4.02878978
 33.6667  91.17310070 6.47305790 4.01917357
 33.7333  91.10043086 6.54816678 4.00981659
 33.8000  90.96999638 6.64053723 3.99178857
 33.8667  90.92294341 6.71378160 3.99991228
 33.9333  90.82200001 6.77975745 4.00748021
 34.0000  90.85471900 6.85308211 3.99521540
 34.0667  90.67453481 6.91542620 4.01649742
 34.1333  90.62738693 6.97133991 4.04024118
 34.2000  90.57510932 7.00701920 4.02686647
 34.2667  90.48308184 7.06626439 4.03664286
 34.3333  90.48663467 7.10746370 4.04768261
 34.4000  90.39770046 7.14296100 4.03036634
 34.4667  90.29931757 7.23499788 4.02765523
 34.5333  90.33509295 7.27276708 4.02666331
 34.6000  90.24047432 7.33649749 3.99956171
 34.6667  90.27066816 7.40421126 3.98129279
 34.7333  90.27727631 7.41495354 3.96313274
 34.8000  90.18655343 7.47876904 3.95476218
 34.8667  90.12859025 7.50760761 3.90585810
 34.9333  90.07884108 7.55031219 3.91706652
 35.0000  90.09226136 7.60838039 3.91739753
 35.0667  90.02362196 7.65912077 3.91105082
 35.1333  90.09617451 7.69843666 3.90472724
 35.2000  89.97055660 7.70886123 3.92548328
 35.2667  89.88003162 7.74625964 3.91569308
 35.3333  89.95810847 7.77908594 3.94460822
 35.4000  89.92062257 7.77995918 3.94014655
 35.4667  89.86317407 7.79265907 3.95716744
 35.5333  89.90576359 7.79540536 3.99118923
 35.6000  89.86012642 7.80273186 4.01820564
 35.6667  89.72969474 7.78490316 4.02649666
 35.7333  89.86856368 7.76295166 4.04903868
 35.8000  89.83875444 7.76421641 4.05584179
 35.8667  89.86179018 7.76575179 4.06044574
 35.9333  89.88100639 7.72950837 4.06735551
 36.0000  89.82552770 7.67660335 4.07795141
 36.0667  89.94566939 7.67489876 4.09654230
 36.1333  89.87037506 7.64958477 4.10299982
 36.2000  89.96130989 7.57546344 4.12442320
 36.2667  89.98529289 7.54662268 4.10622744
 36.3333  90.08936229 7.49579848 4.12480571
 36.4000  90.06023459 7.42901415 4.10556549
 36.4667  90.17887929 7.35689483 4.10394749
 36.5333  90.25862706 7.28336220 4.08112625
