# List of simulations for: etidocaine 
# Path: /media/nenciric/Ricky2020/simulations/ 
# Create on: 2021-12-15 
 
#     1 - System 
#     2 - Start time [ns] 
#     3 - End time [ns] 
#     4 - Saving frequency [ps]  
#     5-13 - alpha1 , error alpha1, alpha2 , error alpha2, beta1 , error beta1, beta2 , error beta2,  
#     14-15 - Box - Z,  APL 
 
etidocaine_POPC_CHARMM_298K_Cl_countra_280mM_19900waters_paramchem_1302            0.0     2000.0        100  11.42  0.77   
etidocaine_POPC_CHARMM_298K_Cl_countra_280mM_19900waters_paramchem_ECC           500.0     1609.2        100  10.69  0.83   
etidocaine_POPC_CHARMM_298K_Cl_countra_280mM_19900waters_paramchem_ECC_overbind       50.0      881.3        100  10.71  0.83   
etidocaine_POPC_CHARMM_298K_Cl_countra_280mM_19900waters_paramchem_overbind      500.0     2123.2        100  11.55  0.76   
etidocaine_POPC_CHARMM_298K_Cl_countra_280mM_5200waters                          200.0     1693.4        100  6.02  0.68   
etidocaine_POPC_CHARMM_298K_Cl_countra_280mM_5200waters_paramchem                200.0      664.7        100  6.03  0.68   
etidocaine_POPC_CHARMM_298K_Cl_countra_30mM_8800waters                           200.0      299.2        100  7.98  0.64   
etidocaine_POPC_CHARMM_298K_Cl_countra_420mM_19900waters                         500.0     1212.2        100  12.21  0.74   
etidocaine_POPC_CHARMM_298K_Cl_countra_420mM_19900waters_1212                      0.0     2000.0        100  12.28  0.74   
etidocaine_POPC_CHARMM_298K_Cl_countra_420mM_19900waters_overbind               1000.0     2057.8        100  12.16  0.75   
etidocaine_POPC_CHARMM_298K_Cl_countra_140mM_177600waters                    Trouble eqil time: 414000, total time: 414000.0 
 
etidocaine_POPC_CHARMM_298K_Cl_countra_280mM_19900waters_paramchem           Trouble eqil time: 1323000, total time: 1302300.0 
 
etidocaine_POPC_CHARMM_298K_Cl_countra_420mM_19900waters_paramchem               800.0     1256.8        100  11.48  0.79   
etidocaine_POPC_CHARMM_298K_Cl_countra_140mM_177600waters_413                      0.0      363.5        500  80.98  0.71   
etidocaine_POPC_CHARMM_298K_Cl_countra_140mM_19900waters_paramchem_ECC           200.0     1132.3        100  12.22  0.71   
etidocaine_POPC_CHARMM_298K_Cl_countra_140mM_20000waters                         800.0     1523.8        100  12.56  0.69   
etidocaine_POPC_CHARMM_298K_Cl_countra_140mM_20000waters_2                         0.0     1221.7        100  12.66  0.68   
etidocaine_POPC_CHARMM_298K_Cl_countra_140mM_20000waters_2746                      0.0     2000.0        100  12.53  0.69   
etidocaine_POPC_CHARMM_298K_Cl_countra_140mM_20000waters_overbind               1000.0     2183.2        100  12.63  0.68   
etidocaine_POPC_CHARMM_298K_Cl_countra_140mM_20000waters_paramchem               500.0     1313.9        100  12.07  0.72   
etidocaine_POPC_CHARMM_298K_Cl_countra_140mM_20000waters_paramchem_1314            0.0     2000.0        100  12.06  0.72   
etidocaine_POPC_CHARMM_298K_Cl_countra_140mM_20000waters_paramchem_overbind     1300.0     2167.5        100  12.10  0.71   
etidocaine_POPC_CHARMM_298K_Cl_countra_140mM_5200waters                          200.0      712.9        100  6.15  0.66   
etidocaine_POPC_CHARMM_298K_Cl_countra_140mM_5200waters_paramchem                  0.0      667.6        100  6.15  0.66   
etidocaine_POPC_CHARMM_298K_Cl_countra_140mM_5985waters                          400.0     1123.1        100  6.47  0.67   
etidocaine_POPC_CHARMM_298K_Cl_countra_140mM_7581waters                          550.0      987.5        100  7.11  0.67   
etidocaine_POPC_CHARMM_298K_Cl_countra_140mM_9975waters                          200.0     1754.3        100  8.17  0.68   
etidocaine_POPC_CHARMM_298K_Cl_countra_1968mM_11252waters_paramchem          Trouble eqil time: ?, total time: 669500.0 
 
etidocaine_POPC_CHARMM_298K_Cl_countra_280mM_19900waters                         900.0     2785.9        100  12.30  0.72   
etidocaine_POPC_CHARMM_298K_Cl_countra_280mM_19900waters_2785                      0.0     2000.0        100  12.35  0.71   
etidocaine_POPC_CHARMM_298K_Cl_countra_280mM_19900waters_overbind                500.0     2113.9        100  12.22  0.72   
etidocaine_POPC_CHARMM_298K_Cl_countra_420mM_19900waters_paramchem_1257      Trouble eqil time: ?wrong_tpr?, total time: 2000100.0 
 
etidocaine_POPC_CHARMM_298K_Cl_countra_420mM_19900waters_paramchem_overbind      500.0     2083.4        100  11.50  0.79   
etidocaine_POPC_CHARMM_298K_Cl_countra_420mM_5200waters                          200.0      684.1        100  5.92  0.71   
etidocaine_POPC_CHARMM_298K_Cl_countra_420mM_5200waters_paramchem                 50.0      656.8        100  5.90  0.71   
etidocaine_POPC_CHARMM_298K_Cl_countra_560mM_5200waters                          100.0      646.8        100  5.80  0.73   
etidocaine_POPC_CHARMM_298K_Cl_countra_70mM_19900waters                          200.0     1838.3        100  12.67  0.67   
etidocaine_POPC_CHARMM_298K_Cl_countra_70mM_19900waters_paramchem               1100.0     1596.8        100  12.42  0.68   
etidocaine_POPC_CHARMM_298K_Cl_countra_70mM_19900waters_paramchem_ECC            200.0     1859.4        100  13.02  0.65  