# List of simulations for: etidocaine 
# Path: /media/nenciric/Ricky2020/simulations/ 
# Create on: 2021-12-10 
 
#     1 - System 
#     2 - Start time [ns] 
#     3 - End time [ns] 
#     4 - Saving frequency [ps]  
#     5-13 - alpha1 , error alpha1, alpha2 , error alpha2, beta1 , error beta1, beta2 , error beta2,  
#     14-15 - Box - Z,  APL 
 
etidocaine_POPC_CHARMM_298K_Cl_countra_280mM_19900waters_paramchem_1302            0.0     2000.0        100 -0.03431  0.00075  -0.02556  0.00076  -0.12974  0.00051  -0.12625  0.00051   8.00  0.67   
etidocaine_POPC_CHARMM_298K_Cl_countra_280mM_19900waters_paramchem_ECC           500.0     1609.2        100 -0.04901  0.00052  -0.04359  0.00053  -0.06954  0.00039  -0.06533  0.00042   8.00  0.67   
etidocaine_POPC_CHARMM_298K_Cl_countra_280mM_19900waters_paramchem_ECC_overbind       50.0      881.3        100 -0.06515  0.00085  -0.06001  0.00093  -0.09617  0.00065  -0.08925  0.00070   8.00  0.67   
etidocaine_POPC_CHARMM_298K_Cl_countra_280mM_19900waters_paramchem_overbind      500.0     2123.2        100 -0.02396  0.00069  -0.01867  0.00059  -0.09844  0.00046  -0.09555  0.00043   8.00  0.67   
etidocaine_POPC_CHARMM_298K_Cl_countra_280mM_5200waters                          200.0     1693.4        100  0.00835  0.00071   0.01191  0.00072  -0.08799  0.00057  -0.08703  0.00058   8.00  0.67   
etidocaine_POPC_CHARMM_298K_Cl_countra_280mM_5200waters_paramchem                200.0      664.7        100  0.00469  0.00098   0.00690  0.00099  -0.07230  0.00079  -0.07256  0.00079   8.00  0.67   
etidocaine_POPC_CHARMM_298K_Cl_countra_30mM_8800waters                           200.0      299.2        100  0.00961  0.00092   0.01103  0.00093  -0.02609  0.00086  -0.02662  0.00085   8.00  0.67   
etidocaine_POPC_CHARMM_298K_Cl_countra_420mM_19900waters                         500.0     1212.2        100 -0.01000  0.00080  -0.00751  0.00099  -0.07085  0.00070  -0.06843  0.00065   8.00  0.67   
etidocaine_POPC_CHARMM_298K_Cl_countra_420mM_19900waters_1212                      0.0     2000.0        100 -0.01582  0.00080  -0.00676  0.00099  -0.11865  0.00073  -0.11699  0.00069   8.00  0.67   
etidocaine_POPC_CHARMM_298K_Cl_countra_420mM_19900waters_overbind               1000.0     2057.8        100 -0.01007  0.00069  -0.00604  0.00063  -0.06220  0.00049  -0.06166  0.00047   8.00  0.67  
etidocaine_POPC_CHARMM_298K_Cl_countra_140mM_177600waters                    Trouble 

 
etidocaine_POPC_CHARMM_298K_Cl_countra_280mM_19900waters_paramchem           Trouble  
etidocaine_POPC_CHARMM_298K_Cl_countra_420mM_19900waters_paramchem               800.0     1256.8        100 -0.01542  0.00055  -0.01287  0.00055  -0.04837  0.00038  -0.04720  0.00038   8.00  0.67   
etidocaine_POPC_CHARMM_298K_Cl_countra_140mM_177600waters_413                      0.0      363.5        500 -0.00390  0.00205   0.01011  0.00200  -0.10878  0.00149  -0.10630  0.00152   8.00  0.67  etidocaine_POPC_CHARMM_298K_Cl_countra_140mM_19900waters_paramchem_ECC       Trouble  
etidocaine_POPC_CHARMM_298K_Cl_countra_140mM_20000waters                         800.0     1523.8        100  0.00280  0.00058   0.00674  0.00060  -0.04839  0.00047  -0.04871  0.00046   8.00  0.67   
etidocaine_POPC_CHARMM_298K_Cl_countra_140mM_20000waters_2                         0.0     1221.7        100  0.00974  0.00099   0.01414  0.00096  -0.10153  0.00077  -0.09966  0.00073   8.00  0.67   
etidocaine_POPC_CHARMM_298K_Cl_countra_140mM_20000waters_2746                      0.0     2000.0        100  0.00629  0.00075   0.01240  0.00079  -0.10214  0.00061  -0.10295  0.00059   8.00  0.67   
etidocaine_POPC_CHARMM_298K_Cl_countra_140mM_20000waters_overbind               1000.0     2183.2        100  0.00480  0.00055   0.00843  0.00049  -0.05404  0.00046  -0.05494  0.00046   8.00  0.67   
etidocaine_POPC_CHARMM_298K_Cl_countra_140mM_20000waters_paramchem               500.0     1313.9        100 -0.00594  0.00068  -0.00234  0.00067  -0.07111  0.00054  -0.06964  0.00060   8.00  0.67   
etidocaine_POPC_CHARMM_298K_Cl_countra_140mM_20000waters_paramchem_1314            0.0     2000.0        100 -0.01106  0.00083  -0.00373  0.00078  -0.11553  0.00059  -0.11379  0.00056   8.00  0.67   
etidocaine_POPC_CHARMM_298K_Cl_countra_140mM_20000waters_paramchem_overbind     1300.0     2167.5        100 -0.00315  0.00041  -0.00058  0.00044  -0.04500  0.00031  -0.04500  0.00029   8.00  0.67   
etidocaine_POPC_CHARMM_298K_Cl_countra_140mM_5200waters                          200.0      712.9        100  0.01618  0.00095   0.01738  0.00102  -0.06557  0.00084  -0.06423  0.00084   8.00  0.67   
etidocaine_POPC_CHARMM_298K_Cl_countra_140mM_5200waters_paramchem                  0.0      667.6        100  0.02045  0.00129   0.02254  0.00112  -0.09166  0.00098  -0.08979  0.00108   8.00  0.67   
etidocaine_POPC_CHARMM_298K_Cl_countra_140mM_5985waters                          400.0     1123.1        100  0.01332  0.00083   0.01448  0.00073  -0.05856  0.00057  -0.05869  0.00065   8.00  0.67   
etidocaine_POPC_CHARMM_298K_Cl_countra_140mM_7581waters                          550.0      987.5        100  0.00669  0.00071   0.00878  0.00070  -0.04313  0.00052  -0.04250  0.00059   8.00  0.67   
etidocaine_POPC_CHARMM_298K_Cl_countra_140mM_9975waters                          200.0     1754.3        100  0.01069  0.00071   0.01372  0.00075  -0.08701  0.00056  -0.08738  0.00058   8.00  0.67   
etidocaine_POPC_CHARMM_298K_Cl_countra_1968mM_11252waters_paramchem          Trouble  
etidocaine_POPC_CHARMM_298K_Cl_countra_280mM_19900waters                         900.0     2785.9        100 -0.00356  0.00054   0.00127  0.00060  -0.07572  0.00046  -0.07505  0.00043   8.00  0.67   
etidocaine_POPC_CHARMM_298K_Cl_countra_280mM_19900waters_2785                      0.0     2000.0        100 -0.00382  0.00086   0.00186  0.00082  -0.11089  0.00069  -0.11096  0.00067   8.00  0.67   
etidocaine_POPC_CHARMM_298K_Cl_countra_280mM_19900waters_overbind                500.0     2113.9        100 -0.00695  0.00070  -0.00112  0.00078  -0.08722  0.00061  -0.08547  0.00054   8.00  0.67   
etidocaine_POPC_CHARMM_298K_Cl_countra_420mM_19900waters_paramchem_1257      Trouble  
etidocaine_POPC_CHARMM_298K_Cl_countra_420mM_19900waters_paramchem_overbind      500.0     2083.4        100 -0.03237  0.00064  -0.02619  0.00065  -0.10132  0.00041  -0.09883  0.00050   8.00  0.67   
etidocaine_POPC_CHARMM_298K_Cl_countra_420mM_5200waters                          200.0      684.1        100 -0.00269  0.00123   0.00312  0.00115  -0.07848  0.00092  -0.07687  0.00094   8.00  0.67   
etidocaine_POPC_CHARMM_298K_Cl_countra_420mM_5200waters_paramchem                 50.0      656.8        100 -0.00807  0.00118  -0.00175  0.00120  -0.10558  0.00085  -0.10322  0.00092   8.00  0.67   
etidocaine_POPC_CHARMM_298K_Cl_countra_560mM_5200waters                          100.0      646.8        100 -0.01220  0.00147  -0.00538  0.00146  -0.09773  0.00104  -0.09674  0.00114   8.00  0.67   
etidocaine_POPC_CHARMM_298K_Cl_countra_70mM_19900waters                          200.0     1838.3        100  0.01337  0.00073   0.01961  0.00068  -0.08508  0.00067  -0.08528  0.00062   8.00  0.67   
etidocaine_POPC_CHARMM_298K_Cl_countra_70mM_19900waters_paramchem               1100.0     1596.8        100  0.00239  0.00044   0.00402  0.00038  -0.03188  0.00035  -0.03138  0.00036   8.00  0.67   
etidocaine_POPC_CHARMM_298K_Cl_countra_70mM_19900waters_paramchem_ECC            200.0     1859.4        100 -0.00757  0.00067  -0.00248  0.00060  -0.07240  0.00046  -0.06897  0.00045   8.00  0.67  