# List of simulations for: etidocaine 
# Path: /media/nenciric/Ricky2020/simulations/ 
# Create on: 2021-12-13 
 
#     1 - System 
#     2 - Saving frequency [ps]  
#     3 - Total length [ns] 
#     4 - Binding equilibrated after [ns]  
#     5 - Temperature [K] 
#     6 - Composition 
 
etidocaine_POPC_CHARMM_298K_Cl_countra_280mM_19900waters_paramchem_1302            100 2000.1    0 298.0  POPC:    200,   ETI:    100,  TIP3:  19800,   CLA:    100, 
etidocaine_POPC_CHARMM_298K_Cl_countra_280mM_19900waters_paramchem_ECC             100 1609.3  500 298.0  POPC:    200,   ETI:    100,  TIP3:  19800, Cl_2s:    100, 
etidocaine_POPC_CHARMM_298K_Cl_countra_280mM_19900waters_paramchem_ECC_overbind    100  881.4   50 298.0  POPC:    200,   ETI:    100,  TIP3:  19800, Cl_2s:    100, 
etidocaine_POPC_CHARMM_298K_Cl_countra_280mM_19900waters_paramchem_overbind        100 2123.3  500 298.0  POPC:    200,   ETI:    100,  TIP3:  19800,   CLA:    100, 
etidocaine_POPC_CHARMM_298K_Cl_countra_280mM_5200waters                            100 1693.5  200 298.0  POPC:    200, etidocaine:     26,  TIP3:   5174,   CLA:     26, 
etidocaine_POPC_CHARMM_298K_Cl_countra_280mM_5200waters_paramchem                  100  664.8  200 298.0  POPC:    200,   ETI:     26,  TIP3:   5174,   CLA:     26, 
etidocaine_POPC_CHARMM_298K_Cl_countra_30mM_8800waters                             100  299.3  200 298.0  POPC:    200, etidocaine:      2,  TIP3:   8873,   CLA:      2, 
etidocaine_POPC_CHARMM_298K_Cl_countra_420mM_19900waters                           100 1212.3  500 298.0  POPC:    200, etidocaine:    150,  TIP3:  19872,   CLA:    150, 
etidocaine_POPC_CHARMM_298K_Cl_countra_420mM_19900waters_1212                      100 2000.1    0 298.0  POPC:    200, etidocaine:    150,  TIP3:  19872,   CLA:    150, 
etidocaine_POPC_CHARMM_298K_Cl_countra_420mM_19900waters_overbind                  100 2057.9 1000 298.0  POPC:    200, etidocaine:    150,  TIP3:  19872,   CLA:    150, 
etidocaine_POPC_CHARMM_298K_Cl_countra_140mM_177600waters                          100  414.0  414 298.0  POPC:    200, etidocaine:    444,  TIP3: 177600,   CLA:    444, 
etidocaine_POPC_CHARMM_298K_Cl_countra_280mM_19900waters_paramchem                 100 1302.3 1323 298.0  POPC:    200,   ETI:    100,  TIP3:  19800,   CLA:    100, 
etidocaine_POPC_CHARMM_298K_Cl_countra_420mM_19900waters_paramchem                 100 1256.9  800 298.0  POPC:    200,   ETI:    150,  TIP3:  19872,   CLA:    150, 
etidocaine_POPC_CHARMM_298K_Cl_countra_140mM_177600waters_413                      500  364.0    0 298.0  POPC:    200, etidocaine:    444,  TIP3: 177600,   CLA:    444, 
etidocaine_POPC_CHARMM_298K_Cl_countra_140mM_19900waters_paramchem_ECC             100 1132.4  200 298.0  POPC:    200,   ETI:     50,  TIP3:  20000, Cl_2s:     50, 
etidocaine_POPC_CHARMM_298K_Cl_countra_140mM_20000waters                           100 1523.9  800 298.0  POPC:    200, etidocaine:     50,  TIP3:  20000,   CLA:     50, 
etidocaine_POPC_CHARMM_298K_Cl_countra_140mM_20000waters_2                         100 1221.8    0 298.0  POPC:    200, etidocaine:     50,  TIP3:  20000,   CLA:     50, 
etidocaine_POPC_CHARMM_298K_Cl_countra_140mM_20000waters_2746                      100 2000.1    0 298.0  POPC:    200, etidocaine:     50,  TIP3:  20000,   CLA:     50, 
etidocaine_POPC_CHARMM_298K_Cl_countra_140mM_20000waters_overbind                  100 2183.3 1000 298.0  POPC:    200, etidocaine:     50,  TIP3:  20000,   CLA:     50, 
etidocaine_POPC_CHARMM_298K_Cl_countra_140mM_20000waters_paramchem                 100 1314.0  500 298.0  POPC:    200,   ETI:     50,  TIP3:  20000,   CLA:     50, 
etidocaine_POPC_CHARMM_298K_Cl_countra_140mM_20000waters_paramchem_1314            100 2000.1    0 298.0  POPC:    200,   ETI:     50,  TIP3:  20000,   CLA:     50, 
etidocaine_POPC_CHARMM_298K_Cl_countra_140mM_20000waters_paramchem_overbind        100 2167.6 1300 298.0  POPC:    200,   ETI:     50,  TIP3:  20000,   CLA:     50, 
etidocaine_POPC_CHARMM_298K_Cl_countra_140mM_5200waters                            100  713.0  200 298.0  POPC:    200, etidocaine:     13,  TIP3:   5187,   CLA:     13, 
etidocaine_POPC_CHARMM_298K_Cl_countra_140mM_5200waters_paramchem                  100  667.7    0 298.0  POPC:    200,   ETI:     13,  TIP3:   5187,   CLA:     13, 
etidocaine_POPC_CHARMM_298K_Cl_countra_140mM_5985waters                            100 1123.2  400 298.0  POPC:    200, etidocaine:     15,  TIP3:   5970,   CLA:     15, 
etidocaine_POPC_CHARMM_298K_Cl_countra_140mM_7581waters                            100  987.6  550 298.0  POPC:    200, etidocaine:     19,  TIP3:   7562,   CLA:     19, 
etidocaine_POPC_CHARMM_298K_Cl_countra_140mM_9975waters                            100 1754.4  200 298.0  POPC:    200, etidocaine:     25,  TIP3:   9950,   CLA:     25, 
etidocaine_POPC_CHARMM_298K_Cl_countra_1968mM_11252waters_paramchem                100  669.5    ? 298.0  POPC:    200,   ETI:    400,  TIP3:  11252,   CLA:    400, 
etidocaine_POPC_CHARMM_298K_Cl_countra_280mM_19900waters                           100 2786.0  900 298.0  POPC:    200, etidocaine:    100,  TIP3:  19800,   CLA:    100, 
etidocaine_POPC_CHARMM_298K_Cl_countra_280mM_19900waters_2785                      100 2000.1    0 298.0  POPC:    200, etidocaine:    100,  TIP3:  19800,   CLA:    100, 
etidocaine_POPC_CHARMM_298K_Cl_countra_280mM_19900waters_overbind                  100 2114.0  500 298.0  POPC:    200, etidocaine:    100,  TIP3:  19800,   CLA:    100, 
etidocaine_POPC_CHARMM_298K_Cl_countra_420mM_19900waters_paramchem_1257            100 2000.1 ?wrong_tpr? 298.0  POPC:    200,   ETI:    150,  TIP3:  19872,   CLA:    150, 
etidocaine_POPC_CHARMM_298K_Cl_countra_420mM_19900waters_paramchem_overbind        100 2083.5  500 298.0  POPC:    200,   ETI:    150,  TIP3:  19872,   CLA:    150, 
etidocaine_POPC_CHARMM_298K_Cl_countra_420mM_5200waters                            100  684.2  200 298.0  POPC:    200, etidocaine:     39,  TIP3:   5200,   CLA:     39, 
etidocaine_POPC_CHARMM_298K_Cl_countra_420mM_5200waters_paramchem                  100  656.9   50 298.0  POPC:    200,   ETI:     39,  TIP3:   5200,   CLA:     39, 
etidocaine_POPC_CHARMM_298K_Cl_countra_560mM_5200waters                            100  646.9  100 298.0  POPC:    200, etidocaine:     52,  TIP3:   5200,   CLA:     52, 
etidocaine_POPC_CHARMM_298K_Cl_countra_70mM_19900waters                            100 1838.4  200 298.0  POPC:    200, etidocaine:     25,  TIP3:  19900,   CLA:     25, 
etidocaine_POPC_CHARMM_298K_Cl_countra_70mM_19900waters_paramchem                  100 1596.9 1100 298.0  POPC:    200,   ETI:     25,  TIP3:  19900,   CLA:     25, 
etidocaine_POPC_CHARMM_298K_Cl_countra_70mM_19900waters_paramchem_ECC              100 1859.5  200 298.0  POPC:    200,   ETI:     25,  TIP3:  19900, Cl_2s:     25, 
