# List of simulations for: etidocaine 
# Path: /media/nenciric/Ricky2020/simulations/ 
# Created on: 2021-12-03 
 
#     1 - System 
#     2 - Start time [ns] 
#     3 - End time [ns] 
#     4 - Time step [ps]  
#     5 - Total length [ns] 
#     6 - Temperature  
#     7 - Binding equilibrated after [ps] 
#     8 - Trajectory size [MB] 
 
etidocaine_POPC_CHARMM_298K_Cl_countra_280mM_19900waters_paramchem_1302        0.0     2000.1      100.0     2000.1      298.0          0       6470 
etidocaine_POPC_CHARMM_298K_Cl_countra_280mM_19900waters_paramchem_ECC        0.0     1609.3      100.0     1609.3      298.0      500000       5205 
etidocaine_POPC_CHARMM_298K_Cl_countra_280mM_19900waters_paramchem_ECC_overbind        0.0      881.4      100.0      881.4      298.0      50000       2852 
etidocaine_POPC_CHARMM_298K_Cl_countra_280mM_19900waters_paramchem_overbind        0.0     2123.3      100.0     2123.3      298.0     500000       6870 
etidocaine_POPC_CHARMM_298K_Cl_countra_280mM_5200waters                       0.0     1693.5      100.0     1693.5      298.0     200000       2627 
etidocaine_POPC_CHARMM_298K_Cl_countra_280mM_5200waters_paramchem             0.0      664.8      100.0      664.8      298.0     200000       1031 
etidocaine_POPC_CHARMM_298K_Cl_countra_30mM_8800waters                        0.0      299.3      100.0      299.3      298.0     200000        565 
etidocaine_POPC_CHARMM_298K_Cl_countra_420mM_19900waters                      0.0     1212.3      100.0     1212.3      298.0     500000       4046 
etidocaine_POPC_CHARMM_298K_Cl_countra_420mM_19900waters_1212                 0.0     2000.1      100.0     2000.1      298.0          0       6675 
etidocaine_POPC_CHARMM_298K_Cl_countra_420mM_19900waters_overbind             0.0     2057.9      100.0     2057.9      298.0    1000000       6868 
etidocaine_POPC_CHARMM_298K_Cl_countra_140mM_177600waters                     0.0      414.0      100.0      414.0      298.0     414000       8734 
etidocaine_POPC_CHARMM_298K_Cl_countra_280mM_19900waters_paramchem            0.0     1302.3      100.0     1302.3      298.0    1323000       4213 
etidocaine_POPC_CHARMM_298K_Cl_countra_420mM_19900waters_paramchem            0.0     1256.9      100.0     1256.9      298.0     800000       4195 
etidocaine_POPC_CHARMM_298K_Cl_countra_140mM_177600waters_413                 0.0      364.0      500.0      364.0      298.0          0       1536 
etidocaine_POPC_CHARMM_298K_Cl_countra_140mM_19900waters_paramchem_ECC        0.0     1132.4      100.0     1132.4      298.0     200000       3579 
etidocaine_POPC_CHARMM_298K_Cl_countra_140mM_20000waters                      0.0     1523.9      100.0     1523.9      298.0     800000       4817 
etidocaine_POPC_CHARMM_298K_Cl_countra_140mM_20000waters_2                    0.0     1221.8      100.0     1221.8      298.0          0       3862 
etidocaine_POPC_CHARMM_298K_Cl_countra_140mM_20000waters_2746                 0.0     2000.1      100.0     2000.1      298.0          0       6322 
etidocaine_POPC_CHARMM_298K_Cl_countra_140mM_20000waters_overbind             0.0     2183.3      100.0     2183.3      298.0    1000000       6902 
etidocaine_POPC_CHARMM_298K_Cl_countra_140mM_20000waters_paramchem            0.0     1314.0      100.0     1314.0      298.0     500000       4153 
etidocaine_POPC_CHARMM_298K_Cl_countra_140mM_20000waters_paramchem_1314        0.0     2000.1      100.0     2000.1      298.0          0       6322 
etidocaine_POPC_CHARMM_298K_Cl_countra_140mM_20000waters_paramchem_overbind        0.0     2167.6      100.0     2167.6      298.0    1300000       6853 
etidocaine_POPC_CHARMM_298K_Cl_countra_140mM_5200waters                       0.0      713.0      100.0      713.0      298.0     200000       1090 
etidocaine_POPC_CHARMM_298K_Cl_countra_140mM_5200waters_paramchem             0.0      667.7      100.0      667.7      298.0          0       1021 
etidocaine_POPC_CHARMM_298K_Cl_countra_140mM_5985waters                       0.0     1123.2      100.0     1123.2      298.0     400000       1811 
etidocaine_POPC_CHARMM_298K_Cl_countra_140mM_7581waters                       0.0      987.6      100.0      987.6      298.0     550000       1763 
etidocaine_POPC_CHARMM_298K_Cl_countra_140mM_9975waters                       0.0     1754.4      100.0     1754.4      298.0     200000       3616 
etidocaine_POPC_CHARMM_298K_Cl_countra_1968mM_11252waters_paramchem           0.0      669.5      100.0      669.5      298.0          ?       1949 
etidocaine_POPC_CHARMM_298K_Cl_countra_280mM_19900waters                      0.0     2786.0      100.0     2786.0      298.0     900000       9012 
etidocaine_POPC_CHARMM_298K_Cl_countra_280mM_19900waters_2785                 0.0     2000.1      100.0     2000.1      298.0          0       6470 
etidocaine_POPC_CHARMM_298K_Cl_countra_280mM_19900waters_overbind             0.0     2114.0      100.0     2114.0      298.0     500000       6839 
etidocaine_POPC_CHARMM_298K_Cl_countra_420mM_19900waters_paramchem_1257        0.0     2000.1      100.0     2000.1      298.0 ?wrong_tpr?       6675 
etidocaine_POPC_CHARMM_298K_Cl_countra_420mM_19900waters_paramchem_overbind        0.0     2083.5      100.0     2083.5      298.0     500000       6955 
etidocaine_POPC_CHARMM_298K_Cl_countra_420mM_5200waters                       0.0      684.2      100.0      684.2      298.0     200000       1080 
etidocaine_POPC_CHARMM_298K_Cl_countra_420mM_5200waters_paramchem             0.0      656.9      100.0      656.9      298.0      50000       1037 
etidocaine_POPC_CHARMM_298K_Cl_countra_560mM_5200waters                       0.0      646.9      100.0      646.9      298.0     100000       1037 
etidocaine_POPC_CHARMM_298K_Cl_countra_70mM_19900waters                       0.0     1838.4      100.0     1838.4      298.0     200000       5705 
etidocaine_POPC_CHARMM_298K_Cl_countra_70mM_19900waters_paramchem             0.0     1596.9      100.0     1596.9      298.0    1100000       4955 
etidocaine_POPC_CHARMM_298K_Cl_countra_70mM_19900waters_paramchem_ECC         0.0     1859.5      100.0     1859.5      298.0     200000       5770 
