# List of simulations for: SMS 
# Path: /media/nenciric/Ricky2020/simulations/ 
# Create on: 2021-12-15 
 
#     1 - System 
#     2 - Start time [ns] 
#     3 - End time [ns] 
#     4 - Saving frequency [ps]  
#     5-13 - alpha1 , error alpha1, alpha2 , error alpha2, beta1 , error beta1, beta2 , error beta2,  
#     14-15 - Box - Z,  APL 
 
SMS_based_PEP1_POPC_298K_Cl_countra_80mM_16000waters                             250.0      768.8        100  0.01504  0.00110   0.01283  0.00111  -0.06348  0.00090  -0.06270  0.00086   11.36  0.66   
SMS_based_PEP2_298K_200POPC_CHARMM36                                             100.0      800.1        100  0.02511  0.00090   0.02766  0.00097  -0.07118  0.00084  -0.07305  0.00087   9.90  0.64   
SMS_based_PEP3_298K_200POPC_CHARMM36                                             300.0      802.2        100  0.01419  0.00091   0.01311  0.00094  -0.05692  0.00087  -0.05819  0.00090   9.70  0.65   
SMS_POPC_CHARMM_298K_Cl_countra_12mM_9200waters                                  100.0      284.0        100  0.01890  0.00139   0.02156  0.00133  -0.05283  0.00117  -0.05298  0.00119   8.12  0.64   
SMS_POPC_CHARMM_298K_Cl_countra_24mM_9200waters                                  140.0      291.1        100  0.01648  0.00137   0.01484  0.00139  -0.04400  0.00121  -0.04275  0.00122   7.99  0.65   
SMS_POPC_CHARMM_298K_Cl_countra_33mM_10200waters                                  50.0      277.0        100  0.01923  0.00171   0.02543  0.00171  -0.06973  0.00152  -0.07133  0.00144   8.50  0.65   
SMS_POPC_CHARMM_298K_Cl_countra_40mM_25000waters                             Trouble eqil time: 166900, total time: 166900.0 
SMS_POPC_CHARMM_298K_Cl_countra_40mM_25000waters_167                         Trouble eqil time: 2000000, total time: 2000100.0 
 
SMS_POPC_CHARMM_298K_Cl_countra_41mM_20000waters_overbind                          0.0     1365.4        100  0.00844  0.00119   0.01099  0.00124  -0.10436  0.00126  -0.10417  0.00104   12.22  0.70   
SMS_POPC_CHARMM_298K_Cl_countra_46mM_9600waters                                  150.0      270.8        100  0.00847  0.00163   0.01083  0.00135  -0.04083  0.00119  -0.04028  0.00134   8.14  0.67   
SMS_POPC_CHARMM_298K_Cl_countra_58mM_9600waters                                  100.0      548.5        100  0.01716  0.00166   0.01432  0.00149  -0.07888  0.00145  -0.07699  0.00145   8.04  0.67   
SMS_based_PEP1_POPC_298K_Cl_countra_40mM                                         700.0      916.8        100  0.00546  0.00051   0.00501  0.00054  -0.02113  0.00047  -0.02163  0.00043   9.20  0.65   
SMS_POPC_CHARMM_298K_Cl_countra_70mM_9600waters                                  190.0      360.5        100  0.00674  0.00143   0.01027  0.00168  -0.04520  0.00141  -0.04666  0.00125   7.66  0.69   
SMS_POPC_CHARMM_298K_Cl_countra_82mM_9600waters                                  350.0      754.1        100  0.00505  0.00093   0.00990  0.00114  -0.05491  0.00086  -0.05326  0.00080   8.06  0.70   
SMS_POPC_CHARMM_298K_Cl_countra_94mM_9600waters                              Trouble eqil time: ?, total time: 281400.0 
 
SMS_based_PEP1_POPC_298K_Cl_countra_20mM                                         390.0      490.9        100  0.00523  0.00053   0.00614  0.00061  -0.01784  0.00049  -0.01801  0.00054   9.01  0.65  