# List of simulations for: TPP 
# Path: /media/nenciric/Ricky2020/simulations/ 
# Create on: 2021-12-03 
 
#     1 - System 
#     2 - Start time [ns] 
#     3 - End time [ns] 
#     4 - Time step [ps]  
#     5 - Total length [ns] 
#     6 - Temperature  
#     7 - Binding equilibrated after [ps] 
#     8 - Trajectory size [MB] 
 
TPP_POPC_CHARMM36_298K_214mM_5200waters                                       0.0      323.0      100.0      323.0      298.0     130000        498 
TPP_POPC_CHARMM36_298K_100mM_11000waters                                      0.0      563.2      100.0      563.2      298.0     400000       1220 
TPP_POPC_CHARMM36_298K_107mM_5200waters                                       0.0      672.3      100.0      672.3      298.0          0       1024 
TPP_POPC_CHARMM36_298K_140mM_20000waters                                      0.0     2283.3      100.0     2283.3      298.0     200000       7218 
TPP_POPC_CHARMM36_298K_140mM_20000waters_ECC                                  0.0     1039.9      100.0     1039.9      298.0     160000       3287 
TPP_POPC_CHARMM36_298K_140mM_20000waters_paramchem_B3LYP_ESP_charges          0.0     2000.1      100.0     2000.1      298.0     200000       6323 
TPP_POPC_CHARMM36_298K_140mM_20000waters_paramchem_B3LYP_ESP_charges_ECC        0.0     2000.1      100.0     2000.1      298.0     200000       6322 
TPP_POPC_CHARMM36_298K_140mM_20000waters_paramchem_charges_Clarke             0.0     1472.1      100.0     1472.1      298.0     400000       4654 
TPP_POPC_CHARMM36_298K_140mM_20000waters_paramchem_charges_Clarke_ECC         0.0     1442.3      100.0     1442.3      298.0     400000       4559 
TPP_POPC_CHARMM36_298K_140mM_20000waters_swiss_charges_Clarke                 0.0        0.0          0        0.0      298.0          ?          0 
TPP_POPC_CHARMM36_298K_280mM_20000waters                                      0.0     2194.3      100.0     2194.3      298.0     500000       7145 
TPP_POPC_CHARMM36_298K_280mM_20000waters_ECC                                  0.0     1007.6      100.0     1007.6      298.0     250000       3280 
TPP_POPC_CHARMM36_298K_280mM_20000waters_paramchem_B3LYP_ESP_charges          0.0     2000.1      100.0     2000.1      298.0     400000       6513 
TPP_POPC_CHARMM36_298K_280mM_20000waters_paramchem_B3LYP_ESP_charges_ECC        0.0     2000.1      100.0     2000.1      298.0     200000       6512 
TPP_POPC_CHARMM36_298K_280mM_20000waters_paramchem_charges_Clarke             0.0     1410.0      100.0     1410.0      298.0     200000       4592 
TPP_POPC_CHARMM36_298K_280mM_20000waters_paramchem_charges_Clarke_ECC         0.0     1372.0      100.0     1372.0      298.0     400000       4467 
TPP_POPC_CHARMM36_298K_420mM_20000waters                                      0.0     2000.1      100.0     2000.1      298.0     500000       6704 
TPP_POPC_CHARMM36_298K_420mM_20000waters_ECC                                  0.0      994.1      100.0      994.1      298.0          ?       3331 
TPP_POPC_CHARMM36_298K_420mM_20000waters_paramchem_B3LYP_ESP_charges          0.0     1679.5      100.0     1679.5      298.0     400000       5629 
TPP_POPC_CHARMM36_298K_420mM_20000waters_paramchem_B3LYP_ESP_charges_ECC        0.0     2000.1      100.0     2000.1      298.0     500000       6702 
TPP_POPC_CHARMM36_298K_420mM_20000waters_paramchem_charges_Clarke             0.0     1490.8      100.0     1490.8      298.0     600000       4997 
TPP_POPC_CHARMM36_298K_420mM_20000waters_paramchem_charges_Clarke_ECC         0.0     1158.5      100.0     1158.5      298.0     500000       3882 
