# List of simulations for: TPP 
# Path: /media/nenciric/Ricky2020/simulations/ 
# Create on: 2021-12-13 
 
#     1 - System 
#     2 - Saving frequency [ps]  
#     3 - Total length [ns] 
#     4 - Binding equilibrated after [ns]  
#     5 - Temperature [K] 
#     6 - Composition 
 
TPP_POPC_CHARMM36_298K_214mM_5200waters                                            100  323.0  130 298.0  POPC:    200,   TPA:     20,   SOL:   5220, 
TPP_POPC_CHARMM36_298K_100mM_11000waters                                           100  563.2  400 298.0  POPC:    200,   TPA:     20,  TIP3:  11041,   CLA:     20, 
TPP_POPC_CHARMM36_298K_107mM_5200waters                                            100  672.3    0 298.0  POPC:    200,   TPA:     10,   SOL:   5210, 
TPP_POPC_CHARMM36_298K_140mM_20000waters                                           100 2283.3  200 298.0  POPC:    200,   TPA:     50,  TIP3:  20000,   CLA:     50, 
TPP_POPC_CHARMM36_298K_140mM_20000waters_ECC                                       100 1039.9  160 298.0  POPC:    200, TPP_ECC:     50,  TIP3:  20000, Cl_2s:     50, 
TPP_POPC_CHARMM36_298K_140mM_20000waters_paramchem_B3LYP_ESP_charges               100 2000.1  200 298.0  POPC:    200,   TPP:     50,  TIP3:  20000,   CLA:     50, 
TPP_POPC_CHARMM36_298K_140mM_20000waters_paramchem_B3LYP_ESP_charges_ECC           100 2000.1  200 298.0  POPC:    200, TPP_ECC:     50,  TIP3:  20000, Cl_2s:     50, 
TPP_POPC_CHARMM36_298K_140mM_20000waters_paramchem_charges_Clarke                  100 1472.1  400 298.0  POPC:    200,   TPP:     50,  TIP3:  20000,   CLA:     50, 
TPP_POPC_CHARMM36_298K_140mM_20000waters_paramchem_charges_Clarke_ECC              100 1442.3  400 298.0  POPC:    200, TPP_ECC:     50,  TIP3:  20000, Cl_2s:     50, 
TPP_POPC_CHARMM36_298K_140mM_20000waters_swiss_charges_Clarke                        0    0.0    ? 298.0  POPC:    200,   TPP:     50,  TIP3:  20000,   CLA:     50, 
TPP_POPC_CHARMM36_298K_280mM_20000waters                                           100 2194.3  500 298.0  POPC:    200,   TPA:    100,  TIP3:  20000,   CLA:    100, 
TPP_POPC_CHARMM36_298K_280mM_20000waters_ECC                                       100 1007.6  250 298.0  POPC:    200, TPP_ECC:    100,  TIP3:  20000, Cl_2s:    100, 
TPP_POPC_CHARMM36_298K_280mM_20000waters_paramchem_B3LYP_ESP_charges               100 2000.1  400 298.0  POPC:    200,   TPP:    100,  TIP3:  20000,   CLA:    100, 
TPP_POPC_CHARMM36_298K_280mM_20000waters_paramchem_B3LYP_ESP_charges_ECC           100 2000.1  200 298.0  POPC:    200, TPP_ECC:    100,  TIP3:  20000, Cl_2s:    100, 
TPP_POPC_CHARMM36_298K_280mM_20000waters_paramchem_charges_Clarke                  100 1410.0  200 298.0  POPC:    200,   TPP:    100,  TIP3:  20000,   CLA:    100, 
TPP_POPC_CHARMM36_298K_280mM_20000waters_paramchem_charges_Clarke_ECC              100 1372.0  400 298.0  POPC:    200, TPP_ECC:    100,  TIP3:  20000, Cl_2s:    100, 
TPP_POPC_CHARMM36_298K_420mM_20000waters                                           100 2000.1  500 298.0  POPC:    200,   TPA:    150,  TIP3:  20000,   CLA:    150, 
TPP_POPC_CHARMM36_298K_420mM_20000waters_ECC                                       100  994.1    ? 298.0  POPC:    200, TPP_ECC:    150,  TIP3:  20000, Cl_2s:    150, 
TPP_POPC_CHARMM36_298K_420mM_20000waters_paramchem_B3LYP_ESP_charges               100 1679.5  400 298.0  POPC:    200,   TPP:    150,  TIP3:  20000,   CLA:    150, 
TPP_POPC_CHARMM36_298K_420mM_20000waters_paramchem_B3LYP_ESP_charges_ECC           100 2000.1  500 298.0  POPC:    200, TPP_ECC:    150,  TIP3:  20000, Cl_2s:    150, 
TPP_POPC_CHARMM36_298K_420mM_20000waters_paramchem_charges_Clarke                  100 1490.8  600 298.0  POPC:    200,   TPP:    150,  TIP3:  20000,   CLA:    150, 
TPP_POPC_CHARMM36_298K_420mM_20000waters_paramchem_charges_Clarke_ECC              100 1158.5  500 298.0  POPC:    200, TPP_ECC:    150,  TIP3:  20000, Cl_2s:    150, 
