# List of simulations for: TPP 
# Path: /media/nenciric/Ricky2020/simulations/ 
# Create on: 2021-12-15 
 
#     1 - System 
#     2 - Start time [ns] 
#     3 - End time [ns] 
#     4 - Saving frequency [ps]  
#     5-13 - alpha1 , error alpha1, alpha2 , error alpha2, beta1 , error beta1, beta2 , error beta2,  
#     14-15 - Box - Z,  APL 
 
TPP_POPC_CHARMM36_298K_214mM_5200waters                                          130.0      322.9        100  6.17  0.67   
TPP_POPC_CHARMM36_298K_100mM_11000waters                                         400.0      563.1        100  8.89  0.66   
TPP_POPC_CHARMM36_298K_107mM_5200waters                                            0.0      672.2        100  6.19  0.65   
TPP_POPC_CHARMM36_298K_140mM_20000waters                                         200.0     2283.2        100  12.89  0.67   
TPP_POPC_CHARMM36_298K_140mM_20000waters_ECC                                     160.0     1039.8        100  12.28  0.71   
TPP_POPC_CHARMM36_298K_140mM_20000waters_paramchem_B3LYP_ESP_charges             200.0     2000.0        100  13.26  0.65   
TPP_POPC_CHARMM36_298K_140mM_20000waters_paramchem_B3LYP_ESP_charges_ECC         200.0     2000.0        100  12.10  0.72   
TPP_POPC_CHARMM36_298K_140mM_20000waters_paramchem_charges_Clarke                400.0     1472.0        100  13.58  0.64   
TPP_POPC_CHARMM36_298K_140mM_20000waters_paramchem_charges_Clarke_ECC            400.0     1442.2        100  12.39  0.70   
TPP_POPC_CHARMM36_298K_140mM_20000waters_swiss_charges_Clarke                Trouble eqil time: ?, total time: 0 
 
TPP_POPC_CHARMM36_298K_280mM_20000waters                                         500.0     2194.2        100  13.08  0.68   
TPP_POPC_CHARMM36_298K_280mM_20000waters_ECC                                     250.0     1007.5        100  11.76  0.76   
TPP_POPC_CHARMM36_298K_280mM_20000waters_paramchem_B3LYP_ESP_charges             400.0     2000.0        100  13.58  0.66   
TPP_POPC_CHARMM36_298K_280mM_20000waters_paramchem_B3LYP_ESP_charges_ECC         200.0     2000.0        100  12.03  0.75   
TPP_POPC_CHARMM36_298K_280mM_20000waters_paramchem_charges_Clarke                200.0     1409.9        100  13.89  0.64   
TPP_POPC_CHARMM36_298K_280mM_20000waters_paramchem_charges_Clarke_ECC            400.0     1371.9        100  12.58  0.71   
TPP_POPC_CHARMM36_298K_420mM_20000waters                                         500.0     2000.0        100  13.08  0.70   
TPP_POPC_CHARMM36_298K_420mM_20000waters_ECC                                 Trouble eqil time: ?, total time: 994100.0 
 
TPP_POPC_CHARMM36_298K_420mM_20000waters_paramchem_B3LYP_ESP_charges             400.0     1679.4        100  13.76  0.67   
TPP_POPC_CHARMM36_298K_420mM_20000waters_paramchem_B3LYP_ESP_charges_ECC         500.0     2000.0        100  12.23  0.76   
TPP_POPC_CHARMM36_298K_420mM_20000waters_paramchem_charges_Clarke                600.0     1490.7        100  14.17  0.65   
TPP_POPC_CHARMM36_298K_420mM_20000waters_paramchem_charges_Clarke_ECC            500.0     1158.4        100  12.79  0.72  