# List of simulations for: TPP 
# Path: /media/nenciric/Ricky2020/simulations/ 
# Create on: 2021-12-10 
 
#     1 - System 
#     2 - Start time [ns] 
#     3 - End time [ns] 
#     4 - Saving frequency [ps]  
#     5-13 - alpha1 , error alpha1, alpha2 , error alpha2, beta1 , error beta1, beta2 , error beta2,  
#     14-15 - Box - Z,  APL 
 
TPP_POPC_CHARMM36_298K_214mM_5200waters                                          130.0      322.9        100  0.01239  0.00123   0.01718  0.00127  -0.05736  0.00126  -0.05631  0.00129   8.00  0.67   
TPP_POPC_CHARMM36_298K_100mM_11000waters                                         400.0      563.1        100  0.00778  0.00066   0.00819  0.00068  -0.02669  0.00052  -0.02613  0.00055   8.00  0.67   
TPP_POPC_CHARMM36_298K_107mM_5200waters                                            0.0      672.2        100  0.02521  0.00106   0.02874  0.00102  -0.08877  0.00112  -0.09133  0.00113   8.00  0.67   
TPP_POPC_CHARMM36_298K_140mM_20000waters                                         200.0     2283.2        100  0.01563  0.00067   0.02103  0.00059  -0.09186  0.00062  -0.09301  0.00058   8.00  0.67   
TPP_POPC_CHARMM36_298K_140mM_20000waters_ECC                                     160.0     1039.8        100 -0.01993  0.00072  -0.01425  0.00081  -0.08437  0.00065  -0.08076  0.00065   8.00  0.67   
TPP_POPC_CHARMM36_298K_140mM_20000waters_paramchem_B3LYP_ESP_charges             200.0     2000.0        100  0.02541  0.00059   0.02747  0.00056  -0.07585  0.00052  -0.07688  0.00055   8.00  0.67   
TPP_POPC_CHARMM36_298K_140mM_20000waters_paramchem_B3LYP_ESP_charges_ECC         200.0     2000.0        100 -0.02007  0.00051  -0.01291  0.00058  -0.08291  0.00041  -0.07984  0.00042   8.00  0.67   
TPP_POPC_CHARMM36_298K_140mM_20000waters_paramchem_charges_Clarke                400.0     1472.0        100  0.02377  0.00063   0.02511  0.00060  -0.05681  0.00053  -0.05803  0.00053   8.00  0.67   
TPP_POPC_CHARMM36_298K_140mM_20000waters_paramchem_charges_Clarke_ECC            400.0     1442.2        100 -0.01316  0.00053  -0.00764  0.00058  -0.06768  0.00048  -0.06416  0.00048   8.00  0.67   
TPP_POPC_CHARMM36_298K_140mM_20000waters_swiss_charges_Clarke                Trouble  No simulation
TPP_POPC_CHARMM36_298K_280mM_20000waters                                         500.0     2194.2        100  0.00865  0.00060   0.01569  0.00065  -0.08164  0.00060  -0.08334  0.00061   8.00  0.67   
TPP_POPC_CHARMM36_298K_280mM_20000waters_ECC                                     250.0     1007.5        100 -0.03600  0.00080  -0.02755  0.00085  -0.08501  0.00060  -0.08171  0.00073   8.00  0.67   
TPP_POPC_CHARMM36_298K_280mM_20000waters_paramchem_B3LYP_ESP_charges             400.0     2000.0        100  0.02150  0.00054   0.02425  0.00053  -0.06785  0.00049  -0.06896  0.00050   8.00  0.67   
TPP_POPC_CHARMM36_298K_280mM_20000waters_paramchem_B3LYP_ESP_charges_ECC         200.0     2000.0        100 -0.02810  0.00052  -0.01948  0.00054  -0.08691  0.00044  -0.08320  0.00044   8.00  0.67  
 
TPP_POPC_CHARMM36_298K_280mM_20000waters_paramchem_charges_Clarke                200.0     1409.9        100  0.02852  0.00066   0.02723  0.00069  -0.06877  0.00060  -0.06945  0.00059   8.00  0.67   
TPP_POPC_CHARMM36_298K_280mM_20000waters_paramchem_charges_Clarke_ECC            400.0     1371.9        100 -0.01558  0.00054  -0.01009  0.00064  -0.06674  0.00047  -0.06362  0.00048   8.00  0.67   
TPP_POPC_CHARMM36_298K_420mM_20000waters                                         500.0     2000.0        100  0.00353  0.00098   0.00877  0.00105  -0.08524  0.00161  -0.08602  0.00147   8.00  0.67   
TPP_POPC_CHARMM36_298K_420mM_20000waters_ECC                                 Trouble  Not equil
TPP_POPC_CHARMM36_298K_420mM_20000waters_paramchem_B3LYP_ESP_charges             400.0     1679.4        100  0.01944  0.00085   0.02122  0.00097  -0.06485  0.00154  -0.06516  0.00141   8.00  0.67   
TPP_POPC_CHARMM36_298K_420mM_20000waters_paramchem_B3LYP_ESP_charges_ECC         500.0     2000.0        100 -0.02377  0.00090  -0.01868  0.00073  -0.06935  0.00150  -0.06606  0.00162   8.00  0.67   
TPP_POPC_CHARMM36_298K_420mM_20000waters_paramchem_charges_Clarke                600.0     1490.7        100  0.01831  0.00065   0.01965  0.00063  -0.04727  0.00083  -0.04744  0.00095   8.00  0.67   
TPP_POPC_CHARMM36_298K_420mM_20000waters_paramchem_charges_Clarke_ECC            500.0     1158.4        100 -0.01174  0.00070  -0.00931  0.00076  -0.05199  0.00107  -0.04943  0.00091   8.00  0.67  
