# Density profile calculated from 'etidocaine_POPC_CHARMM_298K_Cl_countra_140mM_20000waters_skip10_b2700_e4700.xtc'
# Density profile of 'resname ETI'
# Density centered around 'resname POPC'

# Beginning time: 2700.0 ns 
# End time: 4700.0 ns 
# Time Step: 1.0 ns 

# Analyzed by R Nencini, ricky.nencini@helsinki.fi / nencini.ricky@gmail.com 
# Analyzed on '2021-11-29'

 -5.5767  2.76926496
 -5.4455  2.74005949
 -5.3143  2.71269771
 -5.1831  2.68938101
 -5.0518  2.64534305
 -4.9206  2.63199415
 -4.7894  2.53293262
 -4.6582  2.49684628
 -4.5270  2.43522581
 -4.3958  2.37983114
 -4.2645  2.31074801
 -4.1333  2.22376096
 -4.0021  2.15154577
 -3.8709  2.05967744
 -3.7397  1.93626104
 -3.6085  1.80919480
 -3.4772  1.68518415
 -3.3460  1.55284759
 -3.2148  1.44645366
 -3.0836  1.31318389
 -2.9524  1.17738091
 -2.8212  1.08696404
 -2.6899  1.04359327
 -2.5587  1.10199583
 -2.4275  1.30545988
 -2.2963  1.75571077
 -2.1651  2.55902241
 -2.0339  3.70589093
 -1.9026  5.12550123
 -1.7714  6.62425685
 -1.6402  8.01508138
 -1.5090  8.90231139
 -1.3778  9.00397500
 -1.2466  8.35042665
 -1.1153  6.90454940
 -0.9841  5.05769615
 -0.8529  3.31389260
 -0.7217  1.86349616
 -0.5905  0.91000848
 -0.4593  0.38252421
 -0.3280  0.12972736
 -0.1968  0.03757072
 -0.0656  0.00803732
  0.0656  0.00426106
  0.1968  0.02461669
  0.3280  0.09394986
  0.4593  0.28832131
  0.5905  0.74596216
  0.7217  1.56521222
  0.8529  2.80625730
  0.9841  4.43494914
  1.1153  6.16321066
  1.2466  7.58853448
  1.3778  8.28364499
  1.5090  8.25007891
  1.6402  7.47635811
  1.7714  6.31826605
  1.9026  4.96131443
  2.0339  3.68370237
  2.1651  2.61634851
  2.2963  1.91232786
  2.4275  1.49131661
  2.5587  1.28699966
  2.6899  1.22298240
  2.8212  1.24705287
  2.9524  1.32930764
  3.0836  1.44591568
  3.2148  1.56462729
  3.3460  1.68498597
  3.4772  1.84688888
  3.6085  1.94944860
  3.7397  2.04481344
  3.8709  2.18503668
  4.0021  2.26191226
  4.1333  2.34155110
  4.2645  2.39374392
  4.3958  2.45250086
  4.5270  2.49110544
  4.6582  2.53134956
  4.7894  2.60987894
  4.9206  2.65721418
  5.0518  2.74026824
  5.1831  2.80412641
  5.3143  2.86312337
  5.4455  2.89593867
  5.5767  2.90412487
