-36.2000  92.07077088 5.70958837 3.92138259
-36.0000  92.21475708 5.60111025 3.89362919
-35.8000  92.26977539 5.51863805 3.87334049
-35.6000  92.31022093 5.46607914 3.87175982
-35.4000  92.30066283 5.44076368 3.86738126
-35.2000  92.28997112 5.45133856 3.83976110
-35.0000  92.19067784 5.51741934 3.83018796
-34.8000  92.15084738 5.55455042 3.81623453
-34.6000  92.11300583 5.62058920 3.82104219
-34.4000  92.02351366 5.68695570 3.80298816
-34.2000  91.95196259 5.79196177 3.78299442
-34.0000  91.78989675 5.96027641 3.78933773
-33.8000  91.67165339 6.17424242 3.80274080
-33.6000  91.40489607 6.38357566 3.85223918
-33.4000  91.20776227 6.56136319 3.91939419
-33.2000  91.02239309 6.69883528 3.99478462
-33.0000  90.76662733 6.81958246 4.08202809
-32.8000  90.61092519 6.91565394 4.14779267
-32.6000  90.51649843 6.99588448 4.15647262
-32.4000  90.46106275 7.05936312 4.11669829
-32.2000  90.50761838 7.10382230 4.02229139
-32.0000  90.53905974 7.12074095 3.91043411
-31.8000  90.63736041 7.09560460 3.81907926
-31.6000  90.73958767 7.06669245 3.77412487
-31.4000  90.75207774 7.04124813 3.76429951
-31.2000  90.79538806 7.04444281 3.76940250
-31.0000  90.74437314 7.06333152 3.78994458
-30.8000  90.69935080 7.08985933 3.84240061
-30.6000  90.64539744 7.09574389 3.90237303
-30.4000  90.65047665 7.06304325 3.95903268
-30.2000  90.63551585 7.00459539 4.00560128
-30.0000  90.72802941 6.96798416 4.01481996
-29.8000  90.82503787 6.96477905 3.97518674
-29.6000  90.86558945 6.99007236 3.92606167
-29.4000  90.90744271 7.00045195 3.88899734
-29.2000  90.94187627 6.95258603 3.88620740
-29.0000  90.92547012 6.85912842 3.92698517
-28.8000  90.83683134 6.79525945 3.93966023
-28.6000  90.83493981 6.76741691 3.95106682
-28.4000  90.81459788 6.78804965 3.92659861
-28.2000  90.85485939 6.81172340 3.85340095
-28.0000  90.91557296 6.83546566 3.77674191
-27.8000  91.00443411 6.83351867 3.74497831
-27.6000  91.02375195 6.82008545 3.74825013
-27.4000  91.01835291 6.82934598 3.75140973
-27.2000  91.03493608 6.86426409 3.75932057
-27.0000  91.00167540 6.90607984 3.80453720
-26.8000  90.96202226 6.92993230 3.87335262
-26.6000  90.81549536 6.96641879 3.95145740
-26.4000  90.70551446 6.98967297 4.01367310
-26.2000  90.64181869 6.97828293 4.07757947
-26.0000  90.63790853 6.95912351 4.08148522
-25.8000  90.67390754 6.94837467 4.05794844
-25.6000  90.73860553 6.92497118 3.99456120
-25.4000  90.82966257 6.87367671 3.93093054
-25.2000  90.94928963 6.75331447 3.86602685
-25.0000  91.11928178 6.59581700 3.82881013
-24.8000  91.18145949 6.47915806 3.79762419
-24.6000  91.21663058 6.41884278 3.81359480
-24.4000  91.23215340 6.36750644 3.85454472
-24.2000  91.26831429 6.30083107 3.92529127
-24.0000  91.29567506 6.17586313 4.00341845
-23.8000  91.47379337 6.00402270 4.04584902
-23.6000  91.65766211 5.82558694 4.04791370
-23.4000  91.92023333 5.60327063 4.06238440
-23.2000  92.16786361 5.34583826 4.04266614
-23.0000  92.51198140 5.02208392 4.00284138
-22.8000  92.85773395 4.64558961 3.96733409
-22.6000  93.27819121 4.26957767 3.92259041
-22.4000  93.60804917 3.89627119 3.86179251
-22.2000  93.99338521 3.55437196 3.82963964
-22.0000  94.29835217 3.23889143 3.80692170
-21.8000  94.56971206 2.92282554 3.83404044
-21.6000  94.77519592 2.62028373 3.87397828
-21.4000  95.04738076 2.34885296 3.92194128
-21.2000  95.23422198 2.09199043 3.94063190
-21.0000  95.41659378 1.84218604 3.96726937
-20.8000  95.66274809 1.60219475 3.98575199
-20.6000  95.91646420 1.35909220 4.00038455
-20.4000  96.11914139 1.14096849 4.00981740
-20.2000  96.32207489 0.93109583 3.96960949
-20.0000  96.56294137 0.72918148 3.94411698
-19.8000  96.76780284 0.53973230 3.91069561
-19.6000  96.92373431 0.38899593 3.88612107
-19.4000  97.05702932 0.26109489 3.86872856
-19.2000  97.11666361 0.14948305 3.83872708
-19.0000  97.25374343 0.06688214 3.83432595
-18.8000  97.31054962 0.02274724 3.80906624
-18.6000  97.29262312 0.00563727 3.78509797
-18.4000  97.32272010 0.00100299 3.79396672
-18.2000  97.29402521 0.00003609 3.78911971
-18.0000  97.34180528 0.00000000 3.77559095
-17.8000  97.33604975 0.00000000 3.75838650
-17.6000  97.34109393 0.00000000 3.74215279
-17.4000  97.34014110 0.00000000 3.75244797
-17.2000  97.29629738 0.00000000 3.78431838
-17.0000  97.31136751 0.00000000 3.79208675
-16.8000  97.29167937 0.00000000 3.79890109
-16.6000  97.32989843 0.00000000 3.79540738
-16.4000  97.28956275 0.00000000 3.77174141
-16.2000  97.29969451 0.00000000 3.75206576
-16.0000  97.35329243 0.00000000 3.75034519
-15.8000  97.33326553 0.00000000 3.73252541
-15.6000  97.34356282 0.00000000 3.73752953
-15.4000  97.37491735 0.00000000 3.72085005
-15.2000  97.39977404 0.00000000 3.67799306
-15.0000  97.40757870 0.00000000 3.64778767
-14.8000  97.42205423 0.00000000 3.64977942
-14.6000  97.41109006 0.00000000 3.64636849
-14.4000  97.44270540 0.00000000 3.66586322
-14.2000  97.36080598 0.00000000 3.68796636
-14.0000  97.39895555 0.00000000 3.69290509
-13.8000  97.39700397 0.00000000 3.67307946
-13.6000  97.42024536 0.00000000 3.66876622
-13.4000  97.40553961 0.00000000 3.65572147
-13.2000  97.43704095 0.00000000 3.63306604
-13.0000  97.44825199 0.00000000 3.63296594
-12.8000  97.45665649 0.00000000 3.60936549
-12.6000  97.44874002 0.00000000 3.60105270
-12.4000  97.47346948 0.00000000 3.57819757
-12.2000  97.54081534 0.00000000 3.54918103
-12.0000  97.54175722 0.00000000 3.49261484
-11.8000  97.58247641 0.00000000 3.47007264
-11.6000  97.59300055 0.00000000 3.46717410
-11.4000  97.58263068 0.00000000 3.48948828
-11.2000  97.57168450 0.00000000 3.50476380
-11.0000  97.48766480 0.00000000 3.50271176
-10.8000  97.59272491 0.00000000 3.49327981
-10.6000  97.54286182 0.00000000 3.52272667
-10.4000  97.50954290 0.00000000 3.54762803
-10.2000  97.47829182 0.00000000 3.55031124
-10.0000  97.51840560 0.00000000 3.55606042
 -9.8000  97.45445477 0.00000000 3.56781458
 -9.6000  97.49555956 0.00000000 3.59158664
 -9.4000  97.47181397 0.00000000 3.59165872
 -9.2000  97.48087094 0.00000000 3.57741644
 -9.0000  97.50805292 0.00000000 3.55708943
 -8.8000  97.51044042 0.00000000 3.53606454
 -8.6000  97.50040899 0.00000000 3.52474776
 -8.4000  97.56676885 0.00000000 3.51084890
 -8.2000  97.53635191 0.00000000 3.49448773
 -8.0000  97.56977508 0.00000000 3.47575455
 -7.8000  97.58590965 0.00000000 3.46298063
 -7.6000  97.61694125 0.00000000 3.46638778
 -7.4000  97.58153063 0.00000000 3.45891027
 -7.2000  97.60485974 0.00000000 3.45333371
 -7.0000  97.60409795 0.00000000 3.46079430
 -6.8000  97.61291701 0.00000000 3.46069582
 -6.6000  97.60463165 0.00000000 3.45360011
 -6.4000  97.60268328 0.00000000 3.44123593
 -6.2000  97.60563611 0.00000000 3.43079304
 -6.0000  97.66564616 0.00000000 3.41669543
 -5.8000  97.69460122 0.00000000 3.40127620
 -5.6000  97.65406319 0.00000000 3.40100759
 -5.4000  97.62858695 0.00000000 3.40575587
 -5.2000  97.62813116 0.00000000 3.39967128
 -5.0000  97.68755015 0.00000000 3.42056153
 -4.8000  97.59964438 0.00000000 3.43996267
 -4.6000  97.62846109 0.00000000 3.43185671
 -4.4000  97.64870264 0.00000000 3.40531718
 -4.2000  97.63993127 0.00000000 3.40966060
 -4.0000  97.62246890 0.00000000 3.43068402
 -3.8000  97.60608393 0.00000000 3.43764962
 -3.6000  97.63447221 0.00000000 3.43774985
 -3.4000  97.60394463 0.00000000 3.45006414
 -3.2000  97.53806060 0.00000000 3.46784460
 -3.0000  97.57855171 0.00000000 3.49637214
 -2.8000  97.55831840 0.00000000 3.52694411
 -2.6000  97.57096070 0.00000000 3.50974282
 -2.4000  97.57123382 0.00003025 3.49270564
 -2.2000  97.58433013 0.00035336 3.49163163
 -2.0000  97.51152162 0.00490035 3.50938412
 -1.8000  97.57074809 0.02488126 3.50467001
 -1.6000  97.50020242 0.08318837 3.47584341
 -1.4000  97.48949889 0.19445759 3.44169279
 -1.2000  97.40924152 0.35103826 3.40754520
 -1.0000  97.25949205 0.53838810 3.39408531
 -0.8000  97.05764428 0.75037998 3.40979996
 -0.6000  96.82778138 1.00701863 3.43892745
 -0.4000  96.45724548 1.32761455 3.46066159
 -0.2000  96.10785308 1.72983799 3.50784950
  0.0000  95.63460236 2.18004396 3.54031160
  0.2000  95.17092115 2.67780033 3.56718509
  0.4000  94.62623576 3.21377596 3.58640910
  0.6000  94.08845996 3.74138233 3.59510681
  0.8000  93.59842339 4.27258546 3.60082985
  1.0000  93.02274960 4.78808494 3.60715674
  1.2000  92.43434335 5.39344020 3.60422911
  1.4000  91.82304265 6.03072892 3.59128798
  1.6000  91.22605728 6.69821103 3.58322213
  1.8000  90.63465927 7.30664043 3.59277721
  2.0000  90.07906087 7.81068301 3.63374568
  2.2000  89.64180115 8.20428593 3.71001434
  2.4000  89.12386416 8.55254783 3.78435726
  2.6000  88.78141663 8.89987754 3.83668436
  2.8000  88.46885068 9.24311905 3.83511856
  3.0000  88.33137638 9.51741415 3.80182085
  3.2000  88.22403715 9.64289121 3.79298929
  3.4000  88.21062890 9.67106685 3.79666977
  3.6000  88.24132295 9.61006537 3.82338394
  3.8000  88.35401161 9.48846402 3.84558710
  4.0000  88.48368939 9.32767565 3.85501755
  4.2000  88.66738936 9.12146325 3.86379265
  4.4000  88.94821824 8.87917092 3.85819622
  4.6000  89.19263022 8.63984114 3.83182660
  4.8000  89.52059412 8.37280324 3.77742423
  5.0000  89.85495697 8.05331517 3.75058502
  5.2000  90.18450950 7.69600963 3.73692327
  5.4000  90.55576870 7.37622184 3.72633693
  5.6000  90.83269185 7.09801433 3.74146838
  5.8000  91.06780142 6.87333998 3.72397675
  6.0000  91.29470695 6.67831980 3.73177061
  6.2000  91.43634340 6.47380397 3.76060020
  6.4000  91.55309462 6.28494191 3.78009720
  6.6000  91.74972494 6.10629082 3.76848397
  6.8000  91.83434169 5.93944422 3.75590846
  7.0000  91.97894275 5.78856441 3.75919884
  7.2000  92.07116122 5.68286017 3.77277861
  7.4000  92.15753501 5.64858220 3.73899323
  7.6000  92.18274020 5.65296839 3.69809686
  7.8000  92.24559261 5.70071320 3.67356941
  8.0000  92.21616904 5.70703126 3.66711145
  8.2000  92.15121556 5.69298968 3.70308315
  8.4000  92.03986406 5.72021731 3.76657288
  8.6000  91.87667361 5.79784362 3.81532281
  8.8000  91.74921333 5.92378039 3.82807764
  9.0000  91.66630521 6.05974946 3.83215141
  9.2000  91.56840983 6.17285744 3.79936924
  9.4000  91.59572575 6.21381740 3.78446568
  9.6000  91.58912887 6.21386459 3.77327539
  9.8000  91.54190077 6.18669378 3.75708732
 10.0000  91.56013360 6.19114265 3.76552003
 10.2000  91.58622798 6.18431005 3.75662405
 10.4000  91.53908397 6.19858767 3.75434858
 10.6000  91.56836495 6.19290780 3.78588538
 10.8000  91.52224976 6.18296542 3.82870900
 11.0000  91.50076059 6.13636693 3.89413943
 11.2000  91.48532202 6.10109451 3.92909595
 11.4000  91.53678762 6.08399876 3.93873156
 11.6000  91.58837841 6.05983010 3.91423963
 11.8000  91.66623361 6.07378413 3.88440673
 12.0000  91.69915319 6.12266284 3.85122566
 12.2000  91.65492987 6.13910099 3.82263930
 12.4000  91.64978895 6.18331974 3.83016519
 12.6000  91.53243881 6.28566202 3.86819533
 12.8000  91.35775298 6.44971585 3.89403861
 13.0000  91.11763897 6.60634025 3.91779914
 13.2000  90.98174727 6.72739019 3.96507649
 13.4000  90.81682876 6.79604853 4.01096921
 13.6000  90.68740056 6.85305978 4.02837215
 13.8000  90.64703681 6.90338894 3.97785362
 14.0000  90.61988395 6.93603845 3.89527570
 14.2000  90.73987457 6.91784821 3.81561590
 14.4000  90.88591652 6.81709882 3.75515600
 14.6000  91.08214860 6.70455923 3.69030143
 14.8000  91.25637721 6.55103721 3.62843622
 15.0000  91.41882020 6.43808697 3.60145064
 15.2000  91.54826557 6.35231152 3.63766206
 15.4000  91.65255271 6.24142154 3.68691972
 15.6000  91.70803449 6.12672969 3.73153095
 15.8000  91.82273180 6.01270127 3.78847942
 16.0000  91.92645431 5.87905380 3.85945053
 16.2000  91.98160223 5.73641628 3.90483450
 16.4000  92.18119084 5.61006313 3.92467735
 16.6000  92.29528499 5.52584509 3.90259351
 16.8000  92.38902011 5.47384466 3.83730044
 17.0000  92.50508527 5.45992609 3.75882104
 17.2000  92.52190826 5.43739294 3.71633373
 17.4000  92.47343524 5.37986533 3.70042528
 17.6000  92.42580181 5.34332803 3.69533674
 17.8000  92.31529912 5.38537731 3.70664516
 18.0000  92.19621822 5.53385717 3.70880583
 18.2000  92.02422219 5.73735443 3.67496396
 18.4000  91.88700001 5.92578859 3.66075653
 18.6000  91.73602902 6.07810196 3.70714027
 18.8000  91.60535329 6.16490293 3.76665908
 19.0000  91.48868755 6.21000826 3.85783407
 19.2000  91.35811623 6.26243771 3.94122642
 19.4000  91.26804106 6.33225173 3.98746858
 19.6000  91.24920825 6.38542052 3.98772409
 19.8000  91.26357265 6.39606338 3.96430009
 20.0000  91.34596075 6.34757555 3.92442348
 20.2000  91.44847217 6.28104662 3.89829442
 20.4000  91.53895218 6.21329658 3.86723080
 20.6000  91.60156093 6.15429110 3.85390046
 20.8000  91.64834110 6.13013081 3.81653557
 21.0000  91.72792770 6.12124148 3.77428819
 21.2000  91.66093476 6.17579250 3.76818149
 21.4000  91.59543734 6.24975680 3.78549157
 21.6000  91.50954345 6.27258566 3.79897400
 21.8000  91.48330276 6.29007732 3.82288696
 22.0000  91.39138225 6.35347415 3.87415590
 22.2000  91.23427066 6.42413295 3.94145232
 22.4000  91.17514026 6.49765492 3.97971635
 22.6000  91.11750741 6.54838093 4.00909731
 22.8000  91.05167662 6.55632642 4.02906032
 23.0000  91.08397508 6.52542871 3.98703866
 23.2000  91.18998820 6.46940842 3.93060487
 23.4000  91.27074558 6.40202183 3.86016757
 23.6000  91.33011141 6.34304901 3.81531488
 23.8000  91.43544611 6.34454436 3.78020261
 24.0000  91.42359415 6.38549110 3.76684378
 24.2000  91.40033478 6.44440303 3.77792363
 24.4000  91.35687724 6.51424279 3.80140823
 24.6000  91.25983601 6.56235572 3.88748567
 24.8000  91.15317354 6.58974182 3.96678802
 25.0000  91.04306858 6.60053257 4.02278577
 25.2000  90.96438183 6.64866997 4.05902994
 25.4000  90.90352966 6.70853511 4.07491911
 25.6000  90.92252910 6.74330314 4.05777085
 25.8000  90.88499214 6.77079999 4.00316775
 26.0000  90.94500792 6.75720293 3.96205318
 26.2000  91.00723880 6.72784775 3.90072304
 26.4000  91.05323353 6.69775952 3.85124079
 26.6000  90.97971869 6.71172921 3.81390490
 26.8000  91.00614531 6.79771147 3.82117419
 27.0000  90.85243528 6.92919705 3.84139988
 27.2000  90.67102216 7.07071872 3.86815967
 27.4000  90.56033882 7.17494095 3.96388083
 27.6000  90.37917164 7.27016599 4.06436618
 27.8000  90.22203237 7.32177120 4.14480323
 28.0000  90.17907717 7.36694500 4.17844712
 28.2000  90.09880026 7.43179995 4.16276364
 28.4000  90.13337239 7.46491820 4.13008038
 28.6000  90.22570961 7.47766823 4.06045254
 28.8000  90.32522865 7.35286774 3.99702470
 29.0000  90.51657716 7.18544209 3.96294819
 29.2000  90.69457887 7.00136356 3.91126583
 29.4000  90.82308282 6.86529152 3.86546382
 29.6000  90.94102516 6.77326636 3.80491570
 29.8000  91.08440796 6.69539344 3.80425308
 30.0000  91.14507654 6.60230661 3.79822053
 30.2000  91.34942557 6.45677283 3.79827460
 30.4000  91.46358191 6.27666352 3.83320166
 30.6000  91.55541758 6.11575660 3.88099433
 30.8000  91.70571650 5.99527631 3.89558164
 31.0000  91.90253153 5.85294797 3.88103761
 31.2000  92.08666492 5.70598484 3.88038978
 31.4000  92.29787044 5.52216010 3.90256520
 31.6000  92.38951597 5.36060221 3.90411402
 31.8000  92.49286038 5.22319201 3.92472164
 32.0000  92.57909927 5.14334510 3.91728944
 32.2000  92.55202494 5.14598010 3.92128623
 32.4000  92.52540620 5.20002670 3.91165675
 32.6000  92.42763366 5.33383936 3.92345147
 32.8000  92.15313393 5.47077827 3.97693494
 33.0000  91.93448157 5.63890779 4.03101126
 33.2000  91.69163578 5.82516552 4.05714761
 33.4000  91.47641569 6.08765679 4.05833745
 33.6000  91.25146990 6.38199644 4.02959100
 33.8000  90.99765305 6.63416187 4.00052757
 34.0000  90.78362405 6.84933301 4.00638326
 34.2000  90.56222248 7.01496341 4.03460569
 34.4000  90.39407122 7.16180753 4.03520479
 34.6000  90.28236390 7.33782528 4.00252103
 34.8000  90.19736456 7.46711006 3.94125762
 35.0000  90.06472198 7.60593779 3.91515066
 35.2000  89.98249512 7.71785251 3.91533772
 35.4000  89.91388932 7.78381459 3.94727055
 35.6000  89.83202206 7.79448555 4.01197857
 35.8000  89.85611728 7.76428506 4.05509404
 36.0000  89.88400210 7.69363978 4.08060915
 36.2000  89.93909838 7.59066084 4.11124622
