-29.8000  97.22144838 0.00000000 3.48836396
-29.6000  97.26014745 0.00000000 3.45921073
-29.4000  97.25854514 0.00000000 3.43477406
-29.2000  97.31901284 0.00000000 3.41613414
-29.0000  97.33880589 0.00000000 3.40562809
-28.8000  97.32310281 0.00000000 3.40361233
-28.6000  97.31037378 0.00000000 3.38681936
-28.4000  97.33337115 0.00000000 3.41158930
-28.2000  97.25172628 0.00000000 3.44581171
-28.0000  97.25027460 0.00000000 3.46016832
-27.8000  97.32036509 0.00000000 3.45108877
-27.6000  97.24249653 0.00000000 3.42014941
-27.4000  97.36742253 0.00000000 3.39024360
-27.2000  97.30284838 0.00000000 3.37276534
-27.0000  97.35382738 0.00000000 3.38032953
-26.8000  97.30897905 0.00000000 3.40542686
-26.6000  97.26376938 0.00000000 3.42851489
-26.4000  97.32915085 0.00000000 3.42868347
-26.2000  97.25900443 0.00000000 3.43797546
-26.0000  97.32723670 0.00000000 3.46536980
-25.8000  97.25038803 0.00000000 3.47342540
-25.6000  97.20644990 0.00000000 3.50572815
-25.4000  97.20057639 0.00000000 3.49996545
-25.2000  97.23389632 0.00000000 3.50887290
-25.0000  97.21333223 0.00000000 3.50660275
-24.8000  97.18977370 0.00000000 3.53055673
-24.6000  97.14837711 0.00000000 3.52653815
-24.4000  97.20812076 0.00000000 3.51739517
-24.2000  97.22019330 0.00000000 3.51087690
-24.0000  97.19310564 0.00000000 3.50361344
-23.8000  97.24170724 0.00000000 3.47193429
-23.6000  97.27717602 0.00000000 3.45988822
-23.4000  97.26879847 0.00000000 3.47881016
-23.2000  97.29446326 0.00000000 3.46302718
-23.0000  97.32303423 0.00000000 3.44230818
-22.8000  97.28108086 0.00000000 3.41815892
-22.6000  97.33529819 0.00000000 3.42353023
-22.4000  97.39326659 0.00000000 3.36415305
-22.2000  97.45653703 0.00000000 3.31499968
-22.0000  97.44161657 0.00000000 3.24538902
-21.8000  97.58412539 0.00000000 3.19251231
-21.6000  97.62460370 0.00000000 3.14793542
-21.4000  97.62354983 0.00000000 3.10626660
-21.2000  97.68156051 0.00000000 3.09302187
-21.0000  97.62515317 0.00000000 3.10723070
-20.8000  97.64786085 0.00000000 3.14994441
-20.6000  97.59586255 0.00000000 3.18614240
-20.4000  97.55013461 0.00000000 3.23707273
-20.2000  97.50425719 0.00000000 3.28278582
-20.0000  97.45029680 0.00000000 3.33726867
-19.8000  97.38227766 0.00000000 3.37462468
-19.6000  97.35281586 0.00000000 3.40455505
-19.4000  97.35902995 0.00000000 3.40417411
-19.2000  97.38592119 0.00000000 3.40136992
-19.0000  97.33010618 0.00000000 3.40397558
-18.8000  97.40595696 0.00000000 3.39090306
-18.6000  97.38827629 0.00000000 3.39383359
-18.4000  97.40917629 0.00000000 3.39807164
-18.2000  97.39784689 0.00000000 3.38211475
-18.0000  97.39285897 0.00000000 3.39952304
-17.8000  97.37229127 0.00000000 3.41229552
-17.6000  97.40870707 0.00000000 3.38900913
-17.4000  97.40371535 0.00000000 3.37875110
-17.2000  97.51806356 0.00000000 3.32658546
-17.0000  97.49051257 0.00000000 3.27108342
-16.8000  97.62918795 0.00000000 3.19994464
-16.6000  97.68832137 0.00000000 3.13168403
-16.4000  97.72917069 0.00000000 3.07939063
-16.2000  97.80277844 0.00000000 3.04624557
-16.0000  97.79691479 0.00000000 3.02107859
-15.8000  97.83270505 0.00000000 3.02097910
-15.6000  97.78530190 0.00000000 3.01618797
-15.4000  97.79336351 0.00000000 3.04534198
-15.2000  97.76565268 0.00000000 3.05106944
-15.0000  97.79076693 0.00000000 3.07301180
-14.8000  97.71622887 0.00000000 3.11584159
-14.6000  97.68366079 0.00000000 3.13335414
-14.4000  97.67476439 0.00000000 3.15625830
-14.2000  97.68251220 0.00000000 3.17902519
-14.0000  97.71295018 0.00000000 3.16985301
-13.8000  97.70431784 0.00000000 3.12816016
-13.6000  97.82750775 0.00000000 3.07706806
-13.4000  97.79853249 0.00000000 3.04806314
-13.2000  97.82381302 0.00000000 3.02918537
-13.0000  97.82537100 0.00000000 3.03535637
-12.8000  97.76521819 0.00000000 3.07207977
-12.6000  97.78357740 0.00000000 3.10730653
-12.4000  97.73321432 0.00000000 3.13333320
-12.2000  97.80845169 0.00000000 3.11789925
-12.0000  97.77824795 0.00000000 3.13662034
-11.8000  97.70915574 0.00000000 3.16858964
-11.6000  97.69603150 0.00000000 3.18047175
-11.4000  97.64858153 0.00000000 3.20449656
-11.2000  97.66966830 0.00000000 3.24218818
-11.0000  97.62290489 0.00000000 3.27190545
-10.8000  97.61093935 0.00000000 3.30643411
-10.6000  97.48251246 0.00000000 3.38330904
-10.4000  97.44247307 0.00000000 3.46657139
-10.2000  97.39600375 0.00000000 3.50542614
-10.0000  97.41610096 0.00000000 3.51805115
 -9.8000  97.40219830 0.00000000 3.50112416
 -9.6000  97.47477986 0.00000000 3.48577941
 -9.4000  97.42115450 0.00000000 3.48882116
 -9.2000  97.42853846 0.00000000 3.49618415
 -9.0000  97.53851334 0.00000000 3.45196955
 -8.8000  97.51103686 0.00000000 3.39025036
 -8.6000  97.66784767 0.00000000 3.29319378
 -8.4000  97.74089065 0.00000000 3.20230476
 -8.2000  97.80519173 0.00000000 3.14557052
 -8.0000  97.88435430 0.00000000 3.08717271
 -7.8000  97.92542388 0.00000000 3.03934599
 -7.6000  97.97051885 0.00000000 2.96448069
 -7.4000  98.07716294 0.00000000 2.88983839
 -7.2000  98.15001024 0.00000000 2.83097482
 -7.0000  98.14182035 0.00000000 2.76933850
 -6.8000  98.27239295 0.00000000 2.68084437
 -6.6000  98.40878790 0.00000000 2.58980221
 -6.4000  98.41051441 0.00000000 2.50013208
 -6.2000  98.55617809 0.00000000 2.42692358
 -6.0000  98.65858697 0.00000000 2.32593446
 -5.8000  98.76782215 0.00000000 2.23417105
 -5.6000  98.83769638 0.00000000 2.11318764
 -5.4000  98.98664890 0.00000000 1.96693928
 -5.2000  99.12371135 0.00000000 1.82152120
 -5.0000  99.30515816 0.00000000 1.67534859
 -4.8000  99.42617149 0.00000000 1.50685627
 -4.6000  99.60849064 0.00000000 1.35768162
 -4.4000  99.69243316 0.00000000 1.21230583
 -4.2000  99.85435175 0.00000000 1.06850395
 -4.0000  99.96523963 0.00000000 0.93832383
 -3.8000  100.01049326 0.00000000 0.82719791
 -3.6000  100.08063395 0.00006922 0.71173243
 -3.4000  100.14056284 0.00194237 0.60806733
 -3.2000  100.11422081 0.02472091 0.52409963
 -3.0000  99.94891945 0.18823862 0.48166474
 -2.8000  99.14840343 0.96547147 0.51127726
 -2.6000  96.86674953 3.39763903 0.69547607
 -2.4000  91.66015494 8.88399825 1.34218223
 -2.2000  82.84614335 17.89148748 3.01166912
 -2.0000  70.59341201 28.56336849 6.68988017
 -1.8000  56.55738555 37.61003849 13.09071235
 -1.6000  41.86972214 44.14633512 21.23173137
 -1.4000  27.62462707 50.57463177 28.27862179
 -1.2000  15.53491426 58.93662105 30.93115789
 -1.0000  7.07727733 69.42713830 27.77665474
 -0.8000  2.50153268 80.79539295 20.12719039
 -0.6000  0.67169082 90.73241900 11.32864879
 -0.4000  0.13251695 97.42100021 4.76694021
 -0.2000  0.02019995 100.55953227 1.48997499
  0.0000  0.00358463 101.38974603 0.57034702
  0.2000  0.01161460 100.78064196 1.28133702
  0.4000  0.09764166 98.13977994 4.25130639
  0.6000  0.57814522 91.69627553 10.49687726
  0.8000  2.33353815 81.74016012 19.27782883
  1.0000  6.94029700 70.24474060 27.05041629
  1.2000  15.69886244 59.39342225 30.16600671
  1.4000  28.15805925 50.82005382 27.41369226
  1.6000  42.73800730 44.34996280 20.27685134
  1.8000  57.52543157 37.72611766 12.09149374
  2.0000  71.65797598 28.56329761 5.76046129
  2.2000  83.85570383 17.63431981 2.27978251
  2.4000  92.69520245 8.37618922 0.84883023
  2.6000  97.51584790 2.96093398 0.40194611
  2.8000  99.56937185 0.75679478 0.33024308
  3.0000  100.19169485 0.13777515 0.35785427
  3.2000  100.28399275 0.01725022 0.41817449
  3.4000  100.27090663 0.00121248 0.50422639
  3.6000  100.24016391 0.00006973 0.59696097
  3.8000  100.17349104 0.00000000 0.69969805
  4.0000  100.07579826 0.00000000 0.81040038
  4.2000  100.02291795 0.00000000 0.94842024
  4.4000  99.90968325 0.00000000 1.07657342
  4.6000  99.70798942 0.00000000 1.21438073
  4.8000  99.68141667 0.00000000 1.34874245
  5.0000  99.54695083 0.00000000 1.45856906
  5.2000  99.40083018 0.00000000 1.57765903
  5.4000  99.32715387 0.00000000 1.68067360
  5.6000  99.22026282 0.00000000 1.79263843
  5.8000  99.08890115 0.00000000 1.92098048
  6.0000  98.92752418 0.00000000 2.05990143
  6.2000  98.80883104 0.00000000 2.18897639
  6.4000  98.68658434 0.00000000 2.31867371
  6.6000  98.59348366 0.00000000 2.44191893
  6.8000  98.43191961 0.00000000 2.54951863
  7.0000  98.37180448 0.00000000 2.64663533
  7.2000  98.20276901 0.00000000 2.74420124
  7.4000  98.17621124 0.00000000 2.84057629
  7.6000  98.07138742 0.00000000 2.89331297
  7.8000  98.07073589 0.00000000 2.91418682
  8.0000  98.03587650 0.00000000 2.96969530
  8.2000  97.92799308 0.00000000 3.02902101
  8.4000  97.86550257 0.00000000 3.07598563
  8.6000  97.82502209 0.00000000 3.10831970
  8.8000  97.89026997 0.00000000 3.12245949
  9.0000  97.81035872 0.00000000 3.13780019
  9.2000  97.83192512 0.00000000 3.15113860
  9.4000  97.74700586 0.00000000 3.18930114
  9.6000  97.68900862 0.00000000 3.22179592
  9.8000  97.73540099 0.00000000 3.26111735
 10.0000  97.70355129 0.00000000 3.25177172
 10.2000  97.70087154 0.00000000 3.24851566
 10.4000  97.65723784 0.00000000 3.24268502
 10.6000  97.70447595 0.00000000 3.25007704
 10.8000  97.64806300 0.00000000 3.27330490
 11.0000  97.63822385 0.00000000 3.30706055
 11.2000  97.62824868 0.00000000 3.31691107
 11.4000  97.59399833 0.00000000 3.29828650
 11.6000  97.60115488 0.00000000 3.30964842
 11.8000  97.58847399 0.00000000 3.29662961
 12.0000  97.54883111 0.00000000 3.34349915
 12.2000  97.59373105 0.00000000 3.35305437
 12.4000  97.57203402 0.00000000 3.33464513
 12.6000  97.56820960 0.00000000 3.31390111
 12.8000  97.63397199 0.00000000 3.31570832
 13.0000  97.58522428 0.00000000 3.29010058
 13.2000  97.61170965 0.00000000 3.27375155
 13.4000  97.64273540 0.00000000 3.27789199
 13.6000  97.57442515 0.00000000 3.27182655
 13.8000  97.63970883 0.00000000 3.28902165
 14.0000  97.63055316 0.00000000 3.28726726
 14.2000  97.59083486 0.00000000 3.25654375
 14.4000  97.64882298 0.00000000 3.25168879
 14.6000  97.68382298 0.00000000 3.19995518
 14.8000  97.69880419 0.00000000 3.15664450
 15.0000  97.77725941 0.00000000 3.11189487
 15.2000  97.77236522 0.00000000 3.08667778
 15.4000  97.84268941 0.00000000 3.04972206
 15.6000  97.87672693 0.00000000 2.99311267
 15.8000  97.86459725 0.00000000 2.98151921
 16.0000  97.88512437 0.00000000 2.96938738
 16.2000  97.87677572 0.00000000 3.00014853
 16.4000  97.82089907 0.00000000 3.01399572
 16.6000  97.84786579 0.00000000 3.02496264
 16.8000  97.81156626 0.00000000 3.03473430
 17.0000  97.82306531 0.00000000 3.05439151
 17.2000  97.76674837 0.00000000 3.06268187
 17.4000  97.76185541 0.00000000 3.08827800
 17.6000  97.77465826 0.00000000 3.08717294
 17.8000  97.75723456 0.00000000 3.08881710
 18.0000  97.72704060 0.00000000 3.09976619
 18.2000  97.70133296 0.00000000 3.11768839
 18.4000  97.67065362 0.00000000 3.14265226
 18.6000  97.63426424 0.00000000 3.17564820
 18.8000  97.60631337 0.00000000 3.21449440
 19.0000  97.56006970 0.00000000 3.26106165
 19.2000  97.48028197 0.00000000 3.30870688
 19.4000  97.45811505 0.00000000 3.36325514
 19.6000  97.44175803 0.00000000 3.37780879
 19.8000  97.42694655 0.00000000 3.39207724
 20.0000  97.38003039 0.00000000 3.38328880
 20.2000  97.39221365 0.00000000 3.39051237
 20.4000  97.38376267 0.00000000 3.39698657
 20.6000  97.38124405 0.00000000 3.41845854
 20.8000  97.39064983 0.00000000 3.39894214
 21.0000  97.36180355 0.00000000 3.39834729
 21.2000  97.38638674 0.00000000 3.41230681
 21.4000  97.36787085 0.00000000 3.45190216
 21.6000  97.30093708 0.00000000 3.47424621
 21.8000  97.29772624 0.00000000 3.49849159
 22.0000  97.26057475 0.00000000 3.52182859
 22.2000  97.25314819 0.00000000 3.55702158
 22.4000  97.15981215 0.00000000 3.58220094
 22.6000  97.21098964 0.00000000 3.57429952
 22.8000  97.23128884 0.00000000 3.55523862
 23.0000  97.21345309 0.00000000 3.54403265
 23.2000  97.26403859 0.00000000 3.51893647
 23.4000  97.30332217 0.00000000 3.47380696
 23.6000  97.35472797 0.00000000 3.43022642
 23.8000  97.34957073 0.00000000 3.38259325
 24.0000  97.45081234 0.00000000 3.32401188
 24.2000  97.49338604 0.00000000 3.25573977
 24.4000  97.54109182 0.00000000 3.21566556
 24.6000  97.62069098 0.00000000 3.14322104
 24.8000  97.68537634 0.00000000 3.08217960
 25.0000  97.71847113 0.00000000 3.02921723
 25.2000  97.72515451 0.00000000 3.01352421
 25.4000  97.73316759 0.00000000 3.01248975
 25.6000  97.74178335 0.00000000 3.02135849
 25.8000  97.69882301 0.00000000 3.05530880
 26.0000  97.63957094 0.00000000 3.10988304
 26.2000  97.64859786 0.00000000 3.12934329
 26.4000  97.61756065 0.00000000 3.13963112
 26.6000  97.67254099 0.00000000 3.11995938
 26.8000  97.69101670 0.00000000 3.11055736
 27.0000  97.62322176 0.00000000 3.10219940
 27.2000  97.63347415 0.00000000 3.10217395
 27.4000  97.64795602 0.00000000 3.11986947
 27.6000  97.61401040 0.00000000 3.12096946
 27.8000  97.62042624 0.00000000 3.09505440
 28.0000  97.69118884 0.00000000 3.06302424
 28.2000  97.73864997 0.00000000 3.02507670
 28.4000  97.71856129 0.00000000 3.01136488
 28.6000  97.74436863 0.00000000 3.01917979
 28.8000  97.69888954 0.00000000 3.04275305
 29.0000  97.67598620 0.00000000 3.07252253
 29.2000  97.66328939 0.00000000 3.07795244
 29.4000  97.64802929 0.00000000 3.07275656
 29.6000  97.69346709 0.00000000 3.04002285
 29.8000  97.68075209 0.00000000 3.05374205
