# Density profile calculated from 'TPP_POPC_CHARMM36_298K_140mM_20000waters_paramchem_B3LYP_ESP_charges_ECC_skip5_b1000.xtc'
# Density profile of 'resname TPP'
# Density centered around 'resname POPC'

# Beginning time: 1000.0 ns 
# End time: 2000.0 ns 
# Time Step: 0.5 ns 

# Analyzed by R Nencini, ricky.nencini@helsinki.fi / nencini.ricky@gmail.com 
# Analyzed on '2021-11-29'

 -5.2546  1.31124515
 -5.1338  1.28379443
 -5.0130  1.24664164
 -4.8922  1.19499944
 -4.7714  1.12254991
 -4.6506  1.04285350
 -4.5298  0.98283400
 -4.4090  0.92161987
 -4.2882  0.87511699
 -4.1674  0.80958653
 -4.0466  0.75957308
 -3.9258  0.71678443
 -3.8050  0.66669096
 -3.6842  0.61181417
 -3.5634  0.56726211
 -3.4426  0.51962006
 -3.3218  0.47540558
 -3.2011  0.45252112
 -3.0803  0.43397777
 -2.9595  0.42828782
 -2.8387  0.44109162
 -2.7179  0.49886665
 -2.5971  0.62545017
 -2.4763  0.84835269
 -2.3555  1.23440386
 -2.2347  1.89702822
 -2.1139  2.88521317
 -1.9931  4.34018759
 -1.8723  6.14704083
 -1.7515  8.21806982
 -1.6307  10.20726758
 -1.5099  11.66429152
 -1.3891  12.21236170
 -1.2683  11.58711570
 -1.1475  10.03536953
 -1.0268  7.84331201
 -0.9060  5.60924279
 -0.7852  3.63632478
 -0.6644  2.11006472
 -0.5436  1.10868452
 -0.4228  0.52274900
 -0.3020  0.22035311
 -0.1812  0.07750184
 -0.0604  0.02735163
  0.0604  0.02467387
  0.1812  0.06656270
  0.3020  0.18092103
  0.4228  0.46590062
  0.5436  1.01916939
  0.6644  1.98470948
  0.7852  3.40975722
  0.9060  5.35656908
  1.0268  7.58135420
  1.1475  9.68906396
  1.2683  11.26666792
  1.3891  11.83534588
  1.5099  11.30576984
  1.6307  9.99415360
  1.7515  8.18912736
  1.8723  6.25429178
  1.9931  4.46436061
  2.1139  3.09916830
  2.2347  2.13642265
  2.3555  1.48355095
  2.4763  1.06791544
  2.5971  0.80819115
  2.7179  0.65332616
  2.8387  0.57474677
  2.9595  0.51920964
  3.0803  0.49900183
  3.2011  0.49902628
  3.3218  0.50940780
  3.4426  0.53688155
  3.5634  0.57782290
  3.6842  0.63399987
  3.8050  0.68134623
  3.9258  0.75154814
  4.0466  0.82695748
  4.1674  0.88400237
  4.2882  0.95021436
  4.4090  1.01860329
  4.5298  1.06584756
  4.6506  1.14256475
  4.7714  1.16877616
  4.8922  1.22636188
  5.0130  1.25017098
  5.1338  1.30886064
  5.2546  1.35917574
