# Density profile calculated from 'TPP_POPC_CHARMM36_298K_140mM_20000waters_paramchem_B3LYP_ESP_charges_skip5_b1000.xtc'
# Density profile of 'resname TPP'
# Density centered around 'resname POPC'

# Beginning time: 1000.0 ns 
# End time: 2000.0 ns 
# Time Step: 0.5 ns 

# Analyzed by R Nencini, ricky.nencini@helsinki.fi / nencini.ricky@gmail.com 
# Analyzed on '2021-11-29'

 -5.8297  3.97110341
 -5.6925  3.97274653
 -5.5553  4.00935115
 -5.4182  3.96957098
 -5.2810  3.99039534
 -5.1438  4.01562596
 -5.0067  4.07880069
 -4.8695  4.07996346
 -4.7323  4.12666859
 -4.5952  4.13821411
 -4.4580  4.15899186
 -4.3208  4.11441271
 -4.1837  4.07440031
 -4.0465  4.01098155
 -3.9093  3.96817836
 -3.7721  3.87364800
 -3.6350  3.81819020
 -3.4978  3.67619344
 -3.3606  3.45494320
 -3.2235  3.18356478
 -3.0863  2.81606786
 -2.9491  2.34395656
 -2.8120  1.81109345
 -2.6748  1.29791050
 -2.5376  0.87141456
 -2.4005  0.60761214
 -2.2633  0.51637163
 -2.1261  0.63791260
 -1.9890  0.93870513
 -1.8518  1.39738690
 -1.7146  1.84743449
 -1.5774  2.19699548
 -1.4403  2.31418609
 -1.3031  2.14401994
 -1.1659  1.72600969
 -1.0288  1.19946828
 -0.8916  0.71221615
 -0.7544  0.35790651
 -0.6173  0.15541887
 -0.4801  0.06004231
 -0.3429  0.01827793
 -0.2058  0.00554218
 -0.0686  0.00177446
  0.0686  0.00061674
  0.2058  0.00189462
  0.3429  0.01177174
  0.4801  0.03986686
  0.6173  0.12493204
  0.7544  0.31602314
  0.8916  0.65527259
  1.0288  1.12875937
  1.1659  1.67482135
  1.3031  2.14435559
  1.4403  2.33642369
  1.5774  2.17081691
  1.7146  1.80106485
  1.8518  1.28879760
  1.9890  0.87032522
  2.1261  0.58680989
  2.2633  0.50831636
  2.4005  0.63764334
  2.5376  0.95124012
  2.6748  1.42135084
  2.8120  1.95500449
  2.9491  2.46811429
  3.0863  2.91652052
  3.2235  3.27425404
  3.3606  3.53707875
  3.4978  3.70582703
  3.6350  3.83287293
  3.7721  3.89416198
  3.9093  3.93040790
  4.0465  3.91885654
  4.1837  3.92293331
  4.3208  3.95418412
  4.4580  3.92981039
  4.5952  3.95399491
  4.7323  4.01564290
  4.8695  4.05600433
  5.0067  4.06364602
  5.1438  4.07253483
  5.2810  4.05823529
  5.4182  4.06744896
  5.5553  4.05954105
  5.6925  4.04157891
  5.8297  4.05516279
