-37.9451  97.44932908 0.00000000 3.60137515
-37.7449  97.42748611 0.00000000 3.62922769
-37.5446  97.41170618 0.00000000 3.64726323
-37.3444  97.33335387 0.00000000 3.68643609
-37.1442  97.37273297 0.00000000 3.68951678
-36.9439  97.42494414 0.00000000 3.64509485
-36.7437  97.27313436 0.00000000 3.64950134
-36.5435  97.42969762 0.00000000 3.69388669
-36.3432  97.27106055 0.00000000 3.70031160
-36.1430  97.35632764 0.00000000 3.73390166
-35.9427  97.33918419 0.00000000 3.70414583
-35.7425  97.37847375 0.00000000 3.72505144
-35.5423  97.31025519 0.00000000 3.73218851
-35.3420  97.38448070 0.00000000 3.69623329
-35.1418  97.38977273 0.00000000 3.71061526
-34.9416  97.24240044 0.00000000 3.71070091
-34.7413  97.30988684 0.00000000 3.76990553
-34.5411  97.30857798 0.00000000 3.79095016
-34.3408  97.22919646 0.00000000 3.85528437
-34.1406  97.28511643 0.00000000 3.90158721
-33.9404  97.20851325 0.00000000 3.87630721
-33.7401  97.21708233 0.00000000 3.82802149
-33.5399  97.20301415 0.00000000 3.85089000
-33.3396  97.20787947 0.00000000 3.83885947
-33.1394  97.13485549 0.00000000 3.85743971
-32.9392  97.10341298 0.00000000 3.93733605
-32.7389  97.02224279 0.00000000 4.01885176
-32.5387  96.99333031 0.00000000 4.04472431
-32.3385  96.92403756 0.00000000 4.02611650
-32.1382  97.00018456 0.00000000 4.05014616
-31.9380  97.05058459 0.00000000 4.02454454
-31.7377  97.03594299 0.00000000 4.01615199
-31.5375  97.11855493 0.00000000 3.97354140
-31.3373  97.05776816 0.00000000 3.95958418
-31.1370  97.17710789 0.00000000 3.88155230
-30.9368  97.20044679 0.00000000 3.87090581
-30.7366  97.24745045 0.00000000 3.91338549
-30.5363  97.12742983 0.00000000 3.91001625
-30.3361  97.12312857 0.00000000 3.82505967
-30.1358  97.27565692 0.00000000 3.81608808
-29.9356  97.22819569 0.00000000 3.82197969
-29.7354  97.17885949 0.00000000 3.86782419
-29.5351  97.13785375 0.00000000 3.88291612
-29.3349  97.07459639 0.00000000 3.95346159
-29.1346  97.08978084 0.00000000 4.03974238
-28.9344  96.91958258 0.00000000 4.05670549
-28.7342  97.01819843 0.00000000 4.06751328
-28.5339  97.00649478 0.00000000 4.01185563
-28.3337  97.15396029 0.00000000 3.98799284
-28.1335  96.98167407 0.00000000 4.00054553
-27.9332  97.03791520 0.00000000 4.05478345
-27.7330  97.11236726 0.00000000 3.95119991
-27.5327  96.93840817 0.00000000 3.96623954
-27.3325  97.15058935 0.00000000 3.95215829
-27.1323  97.15721336 0.00000000 3.87250944
-26.9320  97.27024062 0.00000000 3.86226742
-26.7318  97.03639251 0.00000000 3.95449573
-26.5316  97.05536719 0.00000000 4.01811182
-26.3313  97.02893428 0.00000000 4.05129453
-26.1311  97.05420367 0.00000000 4.06741996
-25.9308  97.07092033 0.00000000 4.00259385
-25.7306  97.11782536 0.00000000 3.94313129
-25.5304  97.23096463 0.00000000 3.81048547
-25.3301  97.18522007 0.00000000 3.82557128
-25.1299  97.32426835 0.00000000 3.84811488
-24.9296  97.27630349 0.00000000 3.82539736
-24.7294  97.11808222 0.00000000 3.78781938
-24.5292  97.31474851 0.00000000 3.86259706
-24.3289  97.26351208 0.00000000 3.79849504
-24.1287  97.34592595 0.00000000 3.74645202
-23.9285  97.35980645 0.00000000 3.73617973
-23.7282  97.27937837 0.00000000 3.72022391
-23.5280  97.35463864 0.00000000 3.68128191
-23.3277  97.37609089 0.00000000 3.74894238
-23.1275  97.23160143 0.00000000 3.74052490
-22.9273  97.28622297 0.00000000 3.78450871
-22.7270  97.28118525 0.00000000 3.78130410
-22.5268  97.25291982 0.00000000 3.75437761
-22.3265  97.19531924 0.00000000 3.84278402
-22.1263  97.24337485 0.00000000 3.86665832
-21.9261  97.14157223 0.00000000 3.89260268
-21.7258  97.20219269 0.00000000 3.86331348
-21.5256  97.29170446 0.00000000 3.92216092
-21.3254  97.07556363 0.00000000 3.83393631
-21.1251  97.16740016 0.00000000 3.93991059
-20.9249  97.19808611 0.00000000 3.97679068
-20.7246  97.13232370 0.00000000 3.94546640
-20.5244  97.13524936 0.00000000 3.96183712
-20.3242  96.96731611 0.00000000 3.99596928
-20.1239  97.10499391 0.00000000 3.86614729
-19.9237  97.10343659 0.00000000 3.96008060
-19.7235  97.14249765 0.00000000 3.95766608
-19.5232  97.14886331 0.00000000 3.93320287
-19.3230  97.08072166 0.00000000 3.89411422
-19.1227  97.22113981 0.00000000 3.86680603
-18.9225  97.29905972 0.00000000 3.83517003
-18.7223  97.17019966 0.00000000 3.91969555
-18.5220  97.17933088 0.00000000 3.97926704
-18.3218  97.14957841 0.00000000 3.93688662
-18.1215  97.11527636 0.00000000 3.93759576
-17.9213  97.16779689 0.00000000 3.95980413
-17.7211  97.22575683 0.00000000 4.00533301
-17.5208  96.88274662 0.00000000 4.07011899
-17.3206  97.07498175 0.00000000 4.11694615
-17.1204  96.91452923 0.00000000 4.01586205
-16.9201  97.16857665 0.00000000 4.01421742
-16.7199  96.98657705 0.00000000 4.08210473
-16.5196  96.96896119 0.00000000 4.16212300
-16.3194  96.92652512 0.00000000 4.15903915
-16.1192  96.98456358 0.00000000 4.19339370
-15.9189  97.05218451 0.00000000 4.11859331
-15.7187  97.00000633 0.00000000 4.07694323
-15.5185  97.11780708 0.00000000 4.05137970
-15.3182  96.85717922 0.00000000 4.08221333
-15.1180  97.09936590 0.00000000 4.11070244
-14.9177  96.94864030 0.00000000 4.06840634
-14.7175  97.05658208 0.00000000 4.11598849
-14.5173  97.09973418 0.00000000 4.08210960
-14.3170  97.01807566 0.00000000 4.08277675
-14.1168  96.95949627 0.00000000 4.11563577
-13.9165  96.92172039 0.00000000 4.11232220
-13.7163  97.13329659 0.00000000 4.07337564
-13.5161  97.08820990 0.00000000 4.03790000
-13.3158  96.98168670 0.00000000 4.08401102
-13.1156  97.05689510 0.00000000 4.09894429
-12.9154  97.04961940 0.00000000 3.96542390
-12.7151  97.32101584 0.00000000 3.95857898
-12.5149  97.07439987 0.00000000 3.95723315
-12.3146  97.09949215 0.00000000 4.02435144
-12.1144  97.13259298 0.00000000 4.05632950
-11.9142  97.02198428 0.00000000 4.20005252
-11.7139  96.99744519 0.00000000 4.20716124
-11.5137  96.85867081 0.00000000 4.23899858
-11.3135  96.94759420 0.00000000 4.25648925
-11.1132  96.91853880 0.00000000 4.24453766
-10.9130  96.82014325 0.00000000 4.26539436
-10.7127  96.81876978 0.00000000 4.30063942
-10.5125  96.78901102 0.00000000 4.29488402
-10.3123  96.91968563 0.00000000 4.23819633
-10.1120  97.05094760 0.00000000 4.21018580
 -9.9118  97.06264521 0.00000000 4.16067849
 -9.7115  96.96069397 0.00000000 4.17732665
 -9.5113  97.01574819 0.00000000 4.18925754
 -9.3111  97.21735454 0.00000000 4.10883840
 -9.1108  97.06007912 0.00000000 4.12278381
 -8.9106  97.25966917 0.00000000 3.99704086
 -8.7104  97.06333407 0.00000000 4.02331652
 -8.5101  97.11174249 0.00000000 4.04646532
 -8.3099  97.27075833 0.00000000 4.07166826
 -8.1096  97.09152930 0.00000000 4.06353205
 -7.9094  97.23744290 0.00000000 4.06563073
 -7.7092  97.16401641 0.00000000 4.04860210
 -7.5089  97.09171857 0.00000000 4.11860013
 -7.3087  97.15993243 0.00000000 4.18351880
 -7.1085  97.06842410 0.00000000 4.16197712
 -6.9082  97.20875255 0.00000000 4.11505366
 -6.7080  97.29820510 0.00000000 4.07886873
 -6.5077  97.16996942 0.00000000 4.02670385
 -6.3075  97.23955794 0.00000000 4.01013728
 -6.1073  97.35971860 0.00000000 4.00067599
 -5.9070  97.40582866 0.00000000 3.99309143
 -5.7068  97.20316978 0.00000000 3.99110436
 -5.5065  97.35198821 0.00000000 3.88710486
 -5.3063  97.58884669 0.00000000 3.81876062
 -5.1061  97.46635451 0.00000000 3.69380148
 -4.9058  97.69256560 0.00000000 3.60099712
 -4.7056  97.71097688 0.00000000 3.51326852
 -4.5054  98.02872816 0.00117110 3.39623898
 -4.3051  97.94939310 0.00949439 3.25557240
 -4.1049  98.48206275 0.03872747 2.93497474
 -3.9046  98.48312485 0.13951034 2.60908381
 -3.7044  98.72302105 0.39664624 2.30668977
 -3.5042  98.53440206 1.02839663 1.98715194
 -3.3039  97.62114909 2.55546453 1.75769638
 -3.1037  95.19973707 5.81403515 1.70402001
 -2.9035  90.61186080 11.77015415 1.86253842
 -2.7032  83.12824939 21.08781610 2.32117682
 -2.5030  72.79012996 33.10994266 3.28251313
 -2.3027  60.68008786 45.38543559 4.96241541
 -2.1025  48.14060198 56.05559618 7.03718471
 -1.9023  35.62365341 65.27121989 8.92242504
 -1.7020  23.46408616 74.17949809 9.97207325
 -1.5018  13.06411255 83.48452770 9.43571716
 -1.3015  5.77632775 91.85958528 7.51464256
 -1.1013  1.89161352 97.87188049 4.92927132
 -0.9011  0.48666794 100.97712755 2.58161200
 -0.7008  0.11370671 101.50754188 0.98465395
 -0.5006  0.02300540 100.89673168 0.28465994
 -0.3004  0.01898347 100.06874480 0.15792753
 -0.1001  0.08617420 100.21433606 0.35587352
  0.1001  0.33815470 101.07616375 0.87008883
  0.3004  0.97650510 100.99311790 1.89230305
  0.5006  2.58151203 98.94762192 3.52110533
  0.7008  6.11482521 93.99289502 5.70426323
  0.9011  12.43237683 86.04519352 7.68262192
  1.1013  22.10463070 76.14201516 8.73405067
  1.3015  34.85442749 65.66270947 8.23671683
  1.5018  48.55124512 55.83744230 6.43953313
  1.7020  61.33775951 45.89526001 4.25881813
  1.9023  73.15055535 34.49540170 2.46704030
  2.1025  83.63881715 22.24673216 1.49041495
  2.3027  91.76321558 11.53160310 1.21919507
  2.5030  96.64574501 4.56045395 1.35285835
  2.7032  98.81148900 1.27897424 1.62315815
  2.9035  99.13806919 0.26459177 1.94847934
  3.1037  99.24613946 0.04158022 2.26731130
  3.3039  98.81977605 0.00462248 2.51612726
  3.5042  98.72373204 0.00039298 2.72776308
  3.7044  98.30979551 0.00000000 2.95534719
  3.9046  98.27905032 0.00000000 3.17772230
  4.1049  98.00627342 0.00000000 3.39202477
  4.3051  97.95589389 0.00000000 3.52215478
  4.5054  97.77370212 0.00000000 3.57741914
  4.7056  98.10438379 0.00000000 3.57201495
  4.9058  97.62017969 0.00000000 3.60004952
  5.1061  97.84628310 0.00000000 3.62147029
  5.3063  97.81170731 0.00000000 3.59914705
  5.5065  97.79790897 0.00000000 3.64140484
  5.7068  97.84270067 0.00000000 3.62170639
  5.9070  97.79382110 0.00000000 3.62398422
  6.1073  97.83514910 0.00000000 3.56990649
  6.3075  97.89477912 0.00000000 3.47006068
  6.5077  97.83681686 0.00000000 3.53209997
  6.7080  97.88568626 0.00000000 3.52453942
  6.9082  97.88187461 0.00000000 3.53457143
  7.1085  97.72599749 0.00000000 3.54148625
  7.3087  97.97102019 0.00000000 3.55278601
  7.5089  97.68222676 0.00000000 3.66843511
  7.7092  97.75953969 0.00000000 3.72947826
  7.9094  97.58950243 0.00000000 3.72034709
  8.1096  97.71411136 0.00000000 3.65896732
  8.3099  97.61912169 0.00000000 3.63597612
  8.5101  97.85945348 0.00000000 3.67242933
  8.7104  97.74631165 0.00000000 3.61841555
  8.9106  97.67697430 0.00000000 3.58735702
  9.1108  97.81983435 0.00000000 3.60003431
  9.3111  97.81910543 0.00000000 3.53848476
  9.5113  97.93012144 0.00000000 3.45560031
  9.7115  98.05252148 0.00000000 3.34329315
  9.9118  97.97094351 0.00000000 3.35630814
 10.1120  97.82056720 0.00000000 3.41943170
 10.3123  98.00670021 0.00000000 3.41163271
 10.5125  97.89726406 0.00000000 3.48520985
 10.7127  97.77623258 0.00000000 3.50386930
 10.9130  98.00311889 0.00000000 3.41415740
 11.1132  97.94279190 0.00000000 3.41333922
 11.3135  97.93014467 0.00000000 3.42056568
 11.5137  97.80813961 0.00000000 3.44902123
 11.7139  97.83924462 0.00000000 3.41066481
 11.9142  97.90622891 0.00000000 3.42024553
 12.1144  97.78818532 0.00000000 3.41956075
 12.3146  97.88642344 0.00000000 3.44947172
 12.5149  98.00769314 0.00000000 3.44176585
 12.7151  97.85719448 0.00000000 3.42123306
 12.9154  97.86621918 0.00000000 3.40016637
 13.1156  97.87531832 0.00000000 3.41009009
 13.3158  97.80794884 0.00000000 3.41813345
 13.5161  97.90677936 0.00000000 3.47648166
 13.7163  97.88924415 0.00000000 3.46242155
 13.9165  97.83301289 0.00000000 3.44255174
 14.1168  97.82376971 0.00000000 3.51046711
 14.3170  97.76696091 0.00000000 3.52101054
 14.5173  97.74826104 0.00000000 3.52218759
 14.7175  97.78393637 0.00000000 3.51602024
 14.9177  97.71808712 0.00000000 3.53867326
 15.1180  97.76703080 0.00000000 3.58563772
 15.3182  97.67149933 0.00000000 3.71665626
 15.5185  97.49242108 0.00000000 3.71111734
 15.7187  97.54093966 0.00000000 3.67348102
 15.9189  97.63215991 0.00000000 3.65186668
 16.1192  97.58493757 0.00000000 3.68339702
 16.3194  97.72140209 0.00000000 3.66872283
 16.5196  97.49179398 0.00000000 3.70790199
 16.7199  97.58470160 0.00000000 3.74830840
 16.9201  97.42932768 0.00000000 3.75871924
 17.1204  97.67118972 0.00000000 3.68178704
 17.3206  97.60360460 0.00000000 3.69573883
 17.5208  97.53601193 0.00000000 3.65692005
 17.7211  97.78403034 0.00000000 3.64852381
 17.9213  97.64461533 0.00000000 3.63682362
 18.1215  97.73864402 0.00000000 3.58464833
 18.3218  97.82980679 0.00000000 3.53866438
 18.5220  97.70919505 0.00000000 3.56633704
 18.7223  97.75769264 0.00000000 3.51243059
 18.9225  97.77984633 0.00000000 3.51687475
 19.1227  97.78015334 0.00000000 3.48663592
 19.3230  97.72594982 0.00000000 3.47429100
 19.5232  97.69138911 0.00000000 3.47707064
 19.7235  97.78863833 0.00000000 3.50964757
 19.9237  97.69891615 0.00000000 3.55540720
 20.1239  97.62344662 0.00000000 3.53634052
 20.3242  97.70638966 0.00000000 3.57641459
 20.5244  97.69595869 0.00000000 3.62074855
 20.7246  97.61060381 0.00000000 3.60872460
 20.9249  97.59124271 0.00000000 3.59974656
 21.1251  97.80203140 0.00000000 3.52768626
 21.3254  97.60514139 0.00000000 3.54837535
 21.5256  97.71854710 0.00000000 3.54392546
 21.7258  97.75755805 0.00000000 3.56790609
 21.9261  97.63650837 0.00000000 3.53150953
 22.1263  97.79161347 0.00000000 3.45968176
 22.3265  97.78908772 0.00000000 3.45974030
 22.5268  97.60433565 0.00000000 3.52329937
 22.7270  97.63317978 0.00000000 3.58344495
 22.9273  97.68220408 0.00000000 3.58776641
 23.1275  97.63741476 0.00000000 3.63381355
 23.3277  97.56551598 0.00000000 3.65194989
 23.5280  97.36007843 0.00000000 3.72186373
 23.7282  97.47427365 0.00000000 3.78562392
 23.9285  97.46013755 0.00000000 3.79979868
 24.1287  97.35521601 0.00000000 3.80963831
 24.3289  97.27870320 0.00000000 3.76178811
 24.5292  97.53157001 0.00000000 3.78592952
 24.7294  97.47778139 0.00000000 3.80830786
 24.9296  97.45129938 0.00000000 3.77346200
 25.1299  97.37752656 0.00000000 3.82828797
 25.3301  97.25926756 0.00000000 3.81361325
 25.5304  97.36235507 0.00000000 3.76410857
 25.7306  97.53091811 0.00000000 3.75589201
 25.9308  97.26876371 0.00000000 3.74901825
 26.1311  97.50697608 0.00000000 3.74489366
 26.3313  97.36169157 0.00000000 3.72116181
 26.5316  97.50505826 0.00000000 3.70885551
 26.7318  97.43669756 0.00000000 3.75315759
 26.9320  97.37732835 0.00000000 3.77535216
 27.1323  97.30352291 0.00000000 3.83133596
 27.3325  97.36563574 0.00000000 3.80433115
 27.5327  97.34633138 0.00000000 3.83972907
 27.7330  97.26539897 0.00000000 3.88514334
 27.9332  97.38049713 0.00000000 3.82027182
 28.1335  97.47869978 0.00000000 3.83455906
 28.3337  97.35127533 0.00000000 3.89030618
 28.5339  97.22905460 0.00000000 3.92310512
 28.7342  97.21324718 0.00000000 3.94160331
 28.9344  97.44762900 0.00000000 3.83092659
 29.1346  97.54080659 0.00000000 3.74151302
 29.3349  97.33191853 0.00000000 3.67002914
 29.5351  97.44444254 0.00000000 3.64060712
 29.7354  97.46253498 0.00000000 3.70395557
 29.9356  97.32061469 0.00000000 3.80413770
 30.1358  97.31402814 0.00000000 3.77997014
 30.3361  97.35007823 0.00000000 3.85448435
 30.5363  97.26252294 0.00000000 3.86729520
 30.7366  97.25762435 0.00000000 3.85186145
 30.9368  97.38800430 0.00000000 3.84004609
 31.1370  97.26256315 0.00000000 3.93158599
 31.3373  97.13366485 0.00000000 3.93532437
 31.5375  97.20417562 0.00000000 3.97258243
 31.7377  97.10912713 0.00000000 4.01848672
 31.9380  97.07648579 0.00000000 4.02669906
 32.1382  97.17670721 0.00000000 3.94321359
 32.3385  97.30960757 0.00000000 3.91191541
 32.5387  97.16365829 0.00000000 3.90348590
 32.7389  97.24632465 0.00000000 3.91403627
 32.9392  97.05349423 0.00000000 4.02140037
 33.1394  97.13825027 0.00000000 4.06327243
 33.3396  97.05643036 0.00000000 4.07846083
 33.5399  96.97410269 0.00000000 4.08555223
 33.7401  97.00341412 0.00000000 4.04992648
 33.9404  97.05670261 0.00000000 4.06527366
 34.1406  97.05498715 0.00000000 4.10228056
 34.3408  96.98768324 0.00000000 4.08319442
 34.5411  97.07833782 0.00000000 4.12238091
 34.7413  96.97759436 0.00000000 4.06958036
 34.9416  97.12141193 0.00000000 4.10141068
 35.1418  97.13448236 0.00000000 4.10661868
 35.3420  97.06049819 0.00000000 3.99969722
 35.5423  97.13891117 0.00000000 3.99827866
 35.7425  97.04250236 0.00000000 4.02266430
 35.9427  97.13550197 0.00000000 3.95991717
 36.1430  97.11383770 0.00000000 3.96046153
 36.3432  97.05768792 0.00000000 3.94370677
 36.5435  97.33729601 0.00000000 3.89980813
 36.7437  97.25616339 0.00000000 3.81412434
 36.9439  97.28438454 0.00000000 3.91358597
 37.1442  97.00029542 0.00000000 3.94287963
 37.3444  97.18776688 0.00000000 3.98702306
 37.5446  97.17634300 0.00000000 3.95166329
 37.7449  97.06060658 0.00000000 3.95682362
 37.9451  97.18233982 0.00000000 3.92109292
