# List of simulations for: etidocaine 
# Path: simulations/ 
# Create on: 2022-01-05 
 
#     1 - System 
#     2 - Start time [ns] 
#     3 - End time [ns] 
#     4 - Saving frequency [ps]  
#     5-13 - alpha1 , error alpha1, alpha2 , error alpha2, beta1 , error beta1, beta2 , error beta2,  
#     14-15 - Box - Z,  APL 
etidocaine_POPC_CHARMM_298K_Cl_countra_140mM_5200waters                      Trouble eqil time: 200000, total time: 713000.0 
etidocaine_POPC_CHARMM_298K_Cl_countra_140mM_5200waters                      Trouble eqil time: 200000, total time: 713000.0 
 
etidocaine_POPC_CHARMM_298K_Cl_countra_140mM_5200waters                          200.0      712.9        100  0.01618  0.00095   0.01738  0.00102  -0.06557  0.00084  -0.06423  0.00084  etidocaine_POPC_CHARMM_298K_Cl_countra_140mM_5200waters                      Trouble eqil time: 200000, total time: 713000.0 
etidocaine_POPC_CHARMM_298K_Cl_countra_140mM_5200waters                      Trouble eqil time: 200000, total time: 713000.0 
etidocaine_POPC_CHARMM_298K_Cl_countra_140mM_5200waters                      Trouble eqil time: 200000, total time: 713000.0 
etidocaine_POPC_CHARMM_298K_Cl_countra_140mM_5200waters                      Trouble eqil time: 200000, total time: 713000.0 
 
etidocaine_POPC_CHARMM_298K_Cl_countra_140mM_5200waters                          200.0      712.0        100  0.01613  0.00094   0.01737  0.00101  -0.06547  0.00084  -0.06413  0.00084   
etidocaine_POPC_CHARMM_298K_Cl_countra_140mM_5200waters                          200.0      300.0        100  0.00345  0.00042   0.00370  0.00042  -0.01267  0.00033  -0.01290  0.00033   
etidocaine_POPC_CHARMM_298K_Cl_countra_140mM_5200waters                          200.0      200.1        100  0.00001  0.00001   0.00000  0.00001  -0.00003  0.00001  -0.00002  0.00001   
etidocaine_POPC_CHARMM_298K_Cl_countra_140mM_5200waters                          200.0      200.1        100  0.00001  0.00001   0.00000  0.00001  -0.00003  0.00001  -0.00002  0.00001   
etidocaine_POPC_CHARMM_298K_Cl_countra_140mM_5200waters                          200.0      200.1        100  0.00001  0.00001   0.00000  0.00001  -0.00003  0.00001  -0.00002  0.00001   
etidocaine_POPC_CHARMM_298K_Cl_countra_140mM_5200waters                          200.0      200.1        100  0.00001  0.00001   0.00000  0.00001  -0.00003  0.00001  -0.00002  0.00001   
etidocaine_POPC_CHARMM_298K_Cl_countra_140mM_5200waters                          200.0      200.1        100  0.00001  0.00001   0.00000  0.00001  -0.00003  0.00001  -0.00002  0.00001   
etidocaine_POPC_CHARMM_298K_Cl_countra_140mM_5200waters                          200.0      200.1        100  0.00001  0.00001   0.00000  0.00001  -0.00003  0.00001  -0.00002  0.00001   
etidocaine_POPC_CHARMM_298K_Cl_countra_140mM_5200waters                          200.0      200.1        100  0.04162  0.02538   0.01286  0.02645  -0.09841  0.02328  -0.06640  0.02329   
etidocaine_POPC_CHARMM_298K_Cl_countra_140mM_5200waters                          200.0      712.9        100  0.02248  0.00132   0.02416  0.00141  -0.09114  0.00116  -0.08928  0.00116   
etidocaine_POPC_CHARMM_298K_Cl_countra_140mM_5985waters                          400.0     1123.1        100  0.02068  0.00129   0.02248  0.00113  -0.09096  0.00088  -0.09115  0.00102   
etidocaine_POPC_CHARMM_298K_Cl_countra_140mM_7581waters                          550.0      987.5        100  0.01510  0.00160   0.01982  0.00159  -0.09734  0.00117  -0.09591  0.00133   
etidocaine_POPC_CHARMM_298K_Cl_countra_140mM_9975waters                          200.0     1754.3        100  0.01206  0.00080   0.01548  0.00085  -0.09820  0.00064  -0.09863  0.00066   
etidocaine_POPC_CHARMM_298K_Cl_countra_140mM_20000waters_2746                      0.0     2000.0        100  0.00629  0.00075   0.01240  0.00079  -0.10214  0.00061  -0.10295  0.00059   
etidocaine_POPC_CHARMM_298K_Cl_countra_140mM_177600waters_413                      0.0      363.5        500 -0.00390  0.00205   0.01011  0.00200  -0.10878  0.00149  -0.10630  0.00152   
etidocaine_POPC_CHARMM_298K_Cl_countra_280mM_5200waters                          200.0     1693.4        100  0.00947  0.00080   0.01350  0.00081  -0.09978  0.00065  -0.09868  0.00066   
etidocaine_POPC_CHARMM_298K_Cl_countra_280mM_19900waters_2785                      0.0     2000.0        100 -0.00382  0.00086   0.00186  0.00082  -0.11089  0.00069  -0.11096  0.00067   
etidocaine_POPC_CHARMM_298K_Cl_countra_420mM_5200waters                          200.0      684.1        100 -0.00380  0.00173   0.00441  0.00163  -0.11089  0.00130  -0.10862  0.00133   
etidocaine_POPC_CHARMM_298K_Cl_countra_420mM_19900waters_1212                      0.0     2000.0        100 -0.01582  0.00080  -0.00676  0.00099  -0.11865  0.00073  -0.11699  0.00069  